[0.152s] DEBUG:colcon:Command line arguments: ['/usr/bin/colcon', 'build']
[0.152s] DEBUG:colcon:Parsed command line arguments: Namespace(log_base=None, log_level=None, verb_name='build', build_base='build', install_base='install', merge_install=False, symlink_install=False, test_result_base=None, continue_on_error=False, executor='parallel', parallel_workers=16, event_handlers=None, ignore_user_meta=False, metas=['./colcon.meta'], base_paths=['.'], packages_ignore=None, packages_ignore_regex=None, paths=None, packages_up_to=None, packages_up_to_regex=None, packages_above=None, packages_above_and_dependencies=None, packages_above_depth=None, packages_select_by_dep=None, packages_skip_by_dep=None, packages_skip_up_to=None, packages_select_build_failed=False, packages_skip_build_finished=False, packages_select_test_failures=False, packages_skip_test_passed=False, packages_select=None, packages_skip=None, packages_select_regex=None, packages_skip_regex=None, packages_start=None, packages_end=None, allow_overriding=[], cmake_args=None, cmake_target=None, cmake_target_skip_unavailable=False, cmake_clean_cache=False, cmake_clean_first=False, cmake_force_configure=False, ament_cmake_args=None, catkin_cmake_args=None, catkin_skip_building_tests=False, verb_parser=<colcon_defaults.argument_parser.defaults.DefaultArgumentsDecorator object at 0x7ce74bb49cf0>, verb_extension=<colcon_core.verb.build.BuildVerb object at 0x7ce74bb496f0>, main=<bound method BuildVerb.main of <colcon_core.verb.build.BuildVerb object at 0x7ce74bb496f0>>)
[0.397s] Level 1:colcon.colcon_core.package_discovery:discover_packages(colcon_meta) check parameters
[0.397s] Level 1:colcon.colcon_core.package_discovery:discover_packages(recursive) check parameters
[0.397s] Level 1:colcon.colcon_core.package_discovery:discover_packages(ignore) check parameters
[0.397s] Level 1:colcon.colcon_core.package_discovery:discover_packages(path) check parameters
[0.397s] Level 1:colcon.colcon_core.package_discovery:discover_packages(colcon_meta) discover
[0.397s] Level 1:colcon.colcon_core.package_discovery:discover_packages(recursive) discover
[0.398s] INFO:colcon.colcon_core.package_discovery:Crawling recursively for packages in '/home/jose/microros_ws'
[0.398s] Level 1:colcon.colcon_core.package_identification:_identify(.) by extensions ['ignore', 'ignore_ament_install']
[0.398s] Level 1:colcon.colcon_core.package_identification:_identify(.) by extension 'ignore'
[0.398s] Level 1:colcon.colcon_core.package_identification:_identify(.) by extension 'ignore_ament_install'
[0.398s] Level 1:colcon.colcon_core.package_identification:_identify(.) by extensions ['colcon_pkg']
[0.398s] Level 1:colcon.colcon_core.package_identification:_identify(.) by extension 'colcon_pkg'
[0.398s] Level 1:colcon.colcon_core.package_identification:_identify(.) by extensions ['colcon_meta']
[0.398s] Level 1:colcon.colcon_core.package_identification:_identify(.) by extension 'colcon_meta'
[0.398s] Level 1:colcon.colcon_core.package_identification:_identify(.) by extensions ['ros']
[0.398s] Level 1:colcon.colcon_core.package_identification:_identify(.) by extension 'ros'
[0.413s] Level 1:colcon.colcon_core.package_identification:_identify(.) by extensions ['cmake', 'python']
[0.414s] Level 1:colcon.colcon_core.package_identification:_identify(.) by extension 'cmake'
[0.414s] Level 1:colcon.colcon_core.package_identification:_identify(.) by extension 'python'
[0.414s] Level 1:colcon.colcon_core.package_identification:_identify(.) by extensions ['python_setup_py']
[0.414s] Level 1:colcon.colcon_core.package_identification:_identify(.) by extension 'python_setup_py'
[0.414s] Level 1:colcon.colcon_core.package_identification:_identify(build) by extensions ['ignore', 'ignore_ament_install']
[0.414s] Level 1:colcon.colcon_core.package_identification:_identify(build) by extension 'ignore'
[0.414s] Level 1:colcon.colcon_core.package_identification:_identify(build) ignored
[0.414s] Level 1:colcon.colcon_core.package_identification:_identify(install) by extensions ['ignore', 'ignore_ament_install']
[0.414s] Level 1:colcon.colcon_core.package_identification:_identify(install) by extension 'ignore'
[0.414s] Level 1:colcon.colcon_core.package_identification:_identify(install) ignored
[0.415s] Level 1:colcon.colcon_core.package_identification:_identify(log) by extensions ['ignore', 'ignore_ament_install']
[0.415s] Level 1:colcon.colcon_core.package_identification:_identify(log) by extension 'ignore'
[0.415s] Level 1:colcon.colcon_core.package_identification:_identify(log) ignored
[0.415s] Level 1:colcon.colcon_core.package_identification:_identify(src) by extensions ['ignore', 'ignore_ament_install']
[0.415s] Level 1:colcon.colcon_core.package_identification:_identify(src) by extension 'ignore'
[0.416s] Level 1:colcon.colcon_core.package_identification:_identify(src) by extension 'ignore_ament_install'
[0.416s] Level 1:colcon.colcon_core.package_identification:_identify(src) by extensions ['colcon_pkg']
[0.416s] Level 1:colcon.colcon_core.package_identification:_identify(src) by extension 'colcon_pkg'
[0.416s] Level 1:colcon.colcon_core.package_identification:_identify(src) by extensions ['colcon_meta']
[0.416s] Level 1:colcon.colcon_core.package_identification:_identify(src) by extension 'colcon_meta'
[0.416s] Level 1:colcon.colcon_core.package_identification:_identify(src) by extensions ['ros']
[0.416s] Level 1:colcon.colcon_core.package_identification:_identify(src) by extension 'ros'
[0.416s] Level 1:colcon.colcon_core.package_identification:_identify(src) by extensions ['cmake', 'python']
[0.416s] Level 1:colcon.colcon_core.package_identification:_identify(src) by extension 'cmake'
[0.416s] Level 1:colcon.colcon_core.package_identification:_identify(src) by extension 'python'
[0.416s] Level 1:colcon.colcon_core.package_identification:_identify(src) by extensions ['python_setup_py']
[0.416s] Level 1:colcon.colcon_core.package_identification:_identify(src) by extension 'python_setup_py'
[0.416s] Level 1:colcon.colcon_core.package_identification:_identify(src/description) by extensions ['ignore', 'ignore_ament_install']
[0.417s] Level 1:colcon.colcon_core.package_identification:_identify(src/description) by extension 'ignore'
[0.417s] Level 1:colcon.colcon_core.package_identification:_identify(src/description) by extension 'ignore_ament_install'
[0.417s] Level 1:colcon.colcon_core.package_identification:_identify(src/description) by extensions ['colcon_pkg']
[0.417s] Level 1:colcon.colcon_core.package_identification:_identify(src/description) by extension 'colcon_pkg'
[0.417s] Level 1:colcon.colcon_core.package_identification:_identify(src/description) by extensions ['colcon_meta']
[0.417s] Level 1:colcon.colcon_core.package_identification:_identify(src/description) by extension 'colcon_meta'
[0.417s] Level 1:colcon.colcon_core.package_identification:_identify(src/description) by extensions ['ros']
[0.417s] Level 1:colcon.colcon_core.package_identification:_identify(src/description) by extension 'ros'
[0.417s] Level 1:colcon.colcon_core.package_identification:_identify(src/description) by extensions ['cmake', 'python']
[0.417s] Level 1:colcon.colcon_core.package_identification:_identify(src/description) by extension 'cmake'
[0.417s] Level 1:colcon.colcon_core.package_identification:_identify(src/description) by extension 'python'
[0.417s] Level 1:colcon.colcon_core.package_identification:_identify(src/description) by extensions ['python_setup_py']
[0.417s] Level 1:colcon.colcon_core.package_identification:_identify(src/description) by extension 'python_setup_py'
[0.417s] Level 1:colcon.colcon_core.package_identification:_identify(src/img) by extensions ['ignore', 'ignore_ament_install']
[0.418s] Level 1:colcon.colcon_core.package_identification:_identify(src/img) by extension 'ignore'
[0.418s] Level 1:colcon.colcon_core.package_identification:_identify(src/img) by extension 'ignore_ament_install'
[0.418s] Level 1:colcon.colcon_core.package_identification:_identify(src/img) by extensions ['colcon_pkg']
[0.418s] Level 1:colcon.colcon_core.package_identification:_identify(src/img) by extension 'colcon_pkg'
[0.418s] Level 1:colcon.colcon_core.package_identification:_identify(src/img) by extensions ['colcon_meta']
[0.418s] Level 1:colcon.colcon_core.package_identification:_identify(src/img) by extension 'colcon_meta'
[0.418s] Level 1:colcon.colcon_core.package_identification:_identify(src/img) by extensions ['ros']
[0.418s] Level 1:colcon.colcon_core.package_identification:_identify(src/img) by extension 'ros'
[0.418s] Level 1:colcon.colcon_core.package_identification:_identify(src/img) by extensions ['cmake', 'python']
[0.418s] Level 1:colcon.colcon_core.package_identification:_identify(src/img) by extension 'cmake'
[0.418s] Level 1:colcon.colcon_core.package_identification:_identify(src/img) by extension 'python'
[0.418s] Level 1:colcon.colcon_core.package_identification:_identify(src/img) by extensions ['python_setup_py']
[0.418s] Level 1:colcon.colcon_core.package_identification:_identify(src/img) by extension 'python_setup_py'
[0.418s] Level 1:colcon.colcon_core.package_identification:_identify(src/maps) by extensions ['ignore', 'ignore_ament_install']
[0.419s] Level 1:colcon.colcon_core.package_identification:_identify(src/maps) by extension 'ignore'
[0.419s] Level 1:colcon.colcon_core.package_identification:_identify(src/maps) by extension 'ignore_ament_install'
[0.419s] Level 1:colcon.colcon_core.package_identification:_identify(src/maps) by extensions ['colcon_pkg']
[0.419s] Level 1:colcon.colcon_core.package_identification:_identify(src/maps) by extension 'colcon_pkg'
[0.419s] Level 1:colcon.colcon_core.package_identification:_identify(src/maps) by extensions ['colcon_meta']
[0.419s] Level 1:colcon.colcon_core.package_identification:_identify(src/maps) by extension 'colcon_meta'
[0.419s] Level 1:colcon.colcon_core.package_identification:_identify(src/maps) by extensions ['ros']
[0.419s] Level 1:colcon.colcon_core.package_identification:_identify(src/maps) by extension 'ros'
[0.419s] Level 1:colcon.colcon_core.package_identification:_identify(src/maps) by extensions ['cmake', 'python']
[0.419s] Level 1:colcon.colcon_core.package_identification:_identify(src/maps) by extension 'cmake'
[0.419s] Level 1:colcon.colcon_core.package_identification:_identify(src/maps) by extension 'python'
[0.419s] Level 1:colcon.colcon_core.package_identification:_identify(src/maps) by extensions ['python_setup_py']
[0.419s] Level 1:colcon.colcon_core.package_identification:_identify(src/maps) by extension 'python_setup_py'
[0.419s] Level 1:colcon.colcon_core.package_identification:_identify(src/micro_ros_setup) by extensions ['ignore', 'ignore_ament_install']
[0.420s] Level 1:colcon.colcon_core.package_identification:_identify(src/micro_ros_setup) by extension 'ignore'
[0.420s] Level 1:colcon.colcon_core.package_identification:_identify(src/micro_ros_setup) by extension 'ignore_ament_install'
[0.420s] Level 1:colcon.colcon_core.package_identification:_identify(src/micro_ros_setup) by extensions ['colcon_pkg']
[0.420s] Level 1:colcon.colcon_core.package_identification:_identify(src/micro_ros_setup) by extension 'colcon_pkg'
[0.420s] Level 1:colcon.colcon_core.package_identification:_identify(src/micro_ros_setup) by extensions ['colcon_meta']
[0.420s] Level 1:colcon.colcon_core.package_identification:_identify(src/micro_ros_setup) by extension 'colcon_meta'
[0.420s] Level 1:colcon.colcon_core.package_identification:_identify(src/micro_ros_setup) by extensions ['ros']
[0.420s] Level 1:colcon.colcon_core.package_identification:_identify(src/micro_ros_setup) by extension 'ros'
[0.424s] DEBUG:colcon.colcon_core.package_identification:Package 'src/micro_ros_setup' with type 'ros.ament_cmake' and name 'micro_ros_setup'
[0.424s] Level 1:colcon.colcon_core.package_identification:_identify(src/odin_comms) by extensions ['ignore', 'ignore_ament_install']
[0.424s] Level 1:colcon.colcon_core.package_identification:_identify(src/odin_comms) by extension 'ignore'
[0.424s] Level 1:colcon.colcon_core.package_identification:_identify(src/odin_comms) by extension 'ignore_ament_install'
[0.424s] Level 1:colcon.colcon_core.package_identification:_identify(src/odin_comms) by extensions ['colcon_pkg']
[0.424s] Level 1:colcon.colcon_core.package_identification:_identify(src/odin_comms) by extension 'colcon_pkg'
[0.424s] Level 1:colcon.colcon_core.package_identification:_identify(src/odin_comms) by extensions ['colcon_meta']
[0.424s] Level 1:colcon.colcon_core.package_identification:_identify(src/odin_comms) by extension 'colcon_meta'
[0.424s] Level 1:colcon.colcon_core.package_identification:_identify(src/odin_comms) by extensions ['ros']
[0.424s] Level 1:colcon.colcon_core.package_identification:_identify(src/odin_comms) by extension 'ros'
[0.425s] DEBUG:colcon.colcon_core.package_identification:Package 'src/odin_comms' with type 'ros.ament_python' and name 'odin_comms'
[0.425s] Level 1:colcon.colcon_core.package_identification:_identify(src/odin_nav) by extensions ['ignore', 'ignore_ament_install']
[0.426s] Level 1:colcon.colcon_core.package_identification:_identify(src/odin_nav) by extension 'ignore'
[0.426s] Level 1:colcon.colcon_core.package_identification:_identify(src/odin_nav) by extension 'ignore_ament_install'
[0.426s] Level 1:colcon.colcon_core.package_identification:_identify(src/odin_nav) by extensions ['colcon_pkg']
[0.426s] Level 1:colcon.colcon_core.package_identification:_identify(src/odin_nav) by extension 'colcon_pkg'
[0.426s] Level 1:colcon.colcon_core.package_identification:_identify(src/odin_nav) by extensions ['colcon_meta']
[0.426s] Level 1:colcon.colcon_core.package_identification:_identify(src/odin_nav) by extension 'colcon_meta'
[0.426s] Level 1:colcon.colcon_core.package_identification:_identify(src/odin_nav) by extensions ['ros']
[0.426s] Level 1:colcon.colcon_core.package_identification:_identify(src/odin_nav) by extension 'ros'
[0.427s] DEBUG:colcon.colcon_core.package_identification:Package 'src/odin_nav' with type 'ros.ament_python' and name 'odin_nav'
[0.427s] Level 1:colcon.colcon_core.package_identification:_identify(src/uros) by extensions ['ignore', 'ignore_ament_install']
[0.427s] Level 1:colcon.colcon_core.package_identification:_identify(src/uros) by extension 'ignore'
[0.427s] Level 1:colcon.colcon_core.package_identification:_identify(src/uros) by extension 'ignore_ament_install'
[0.427s] Level 1:colcon.colcon_core.package_identification:_identify(src/uros) by extensions ['colcon_pkg']
[0.427s] Level 1:colcon.colcon_core.package_identification:_identify(src/uros) by extension 'colcon_pkg'
[0.427s] Level 1:colcon.colcon_core.package_identification:_identify(src/uros) by extensions ['colcon_meta']
[0.428s] Level 1:colcon.colcon_core.package_identification:_identify(src/uros) by extension 'colcon_meta'
[0.428s] Level 1:colcon.colcon_core.package_identification:_identify(src/uros) by extensions ['ros']
[0.428s] Level 1:colcon.colcon_core.package_identification:_identify(src/uros) by extension 'ros'
[0.428s] Level 1:colcon.colcon_core.package_identification:_identify(src/uros) by extensions ['cmake', 'python']
[0.428s] Level 1:colcon.colcon_core.package_identification:_identify(src/uros) by extension 'cmake'
[0.428s] Level 1:colcon.colcon_core.package_identification:_identify(src/uros) by extension 'python'
[0.428s] Level 1:colcon.colcon_core.package_identification:_identify(src/uros) by extensions ['python_setup_py']
[0.428s] Level 1:colcon.colcon_core.package_identification:_identify(src/uros) by extension 'python_setup_py'
[0.428s] Level 1:colcon.colcon_core.package_identification:_identify(src/uros/micro-ROS-Agent) by extensions ['ignore', 'ignore_ament_install']
[0.428s] Level 1:colcon.colcon_core.package_identification:_identify(src/uros/micro-ROS-Agent) by extension 'ignore'
[0.428s] Level 1:colcon.colcon_core.package_identification:_identify(src/uros/micro-ROS-Agent) by extension 'ignore_ament_install'
[0.428s] Level 1:colcon.colcon_core.package_identification:_identify(src/uros/micro-ROS-Agent) by extensions ['colcon_pkg']
[0.428s] Level 1:colcon.colcon_core.package_identification:_identify(src/uros/micro-ROS-Agent) by extension 'colcon_pkg'
[0.429s] Level 1:colcon.colcon_core.package_identification:_identify(src/uros/micro-ROS-Agent) by extensions ['colcon_meta']
[0.429s] Level 1:colcon.colcon_core.package_identification:_identify(src/uros/micro-ROS-Agent) by extension 'colcon_meta'
[0.429s] Level 1:colcon.colcon_core.package_identification:_identify(src/uros/micro-ROS-Agent) by extensions ['ros']
[0.429s] Level 1:colcon.colcon_core.package_identification:_identify(src/uros/micro-ROS-Agent) by extension 'ros'
[0.429s] Level 1:colcon.colcon_core.package_identification:_identify(src/uros/micro-ROS-Agent) by extensions ['cmake', 'python']
[0.429s] Level 1:colcon.colcon_core.package_identification:_identify(src/uros/micro-ROS-Agent) by extension 'cmake'
[0.429s] Level 1:colcon.colcon_core.package_identification:_identify(src/uros/micro-ROS-Agent) by extension 'python'
[0.429s] Level 1:colcon.colcon_core.package_identification:_identify(src/uros/micro-ROS-Agent) by extensions ['python_setup_py']
[0.429s] Level 1:colcon.colcon_core.package_identification:_identify(src/uros/micro-ROS-Agent) by extension 'python_setup_py'
[0.429s] Level 1:colcon.colcon_core.package_identification:_identify(src/uros/micro-ROS-Agent/micro_ros_agent) by extensions ['ignore', 'ignore_ament_install']
[0.429s] Level 1:colcon.colcon_core.package_identification:_identify(src/uros/micro-ROS-Agent/micro_ros_agent) by extension 'ignore'
[0.429s] Level 1:colcon.colcon_core.package_identification:_identify(src/uros/micro-ROS-Agent/micro_ros_agent) by extension 'ignore_ament_install'
[0.429s] Level 1:colcon.colcon_core.package_identification:_identify(src/uros/micro-ROS-Agent/micro_ros_agent) by extensions ['colcon_pkg']
[0.430s] Level 1:colcon.colcon_core.package_identification:_identify(src/uros/micro-ROS-Agent/micro_ros_agent) by extension 'colcon_pkg'
[0.430s] Level 1:colcon.colcon_core.package_identification:_identify(src/uros/micro-ROS-Agent/micro_ros_agent) by extensions ['colcon_meta']
[0.430s] Level 1:colcon.colcon_core.package_identification:_identify(src/uros/micro-ROS-Agent/micro_ros_agent) by extension 'colcon_meta'
[0.430s] Level 1:colcon.colcon_core.package_identification:_identify(src/uros/micro-ROS-Agent/micro_ros_agent) by extensions ['ros']
[0.430s] Level 1:colcon.colcon_core.package_identification:_identify(src/uros/micro-ROS-Agent/micro_ros_agent) by extension 'ros'
[0.431s] DEBUG:colcon.colcon_core.package_identification:Package 'src/uros/micro-ROS-Agent/micro_ros_agent' with type 'ros.ament_cmake' and name 'micro_ros_agent'
[0.431s] Level 1:colcon.colcon_core.package_identification:_identify(src/uros/micro-ROS-Agent/snap) by extensions ['ignore', 'ignore_ament_install']
[0.431s] Level 1:colcon.colcon_core.package_identification:_identify(src/uros/micro-ROS-Agent/snap) by extension 'ignore'
[0.431s] Level 1:colcon.colcon_core.package_identification:_identify(src/uros/micro-ROS-Agent/snap) by extension 'ignore_ament_install'
[0.431s] Level 1:colcon.colcon_core.package_identification:_identify(src/uros/micro-ROS-Agent/snap) by extensions ['colcon_pkg']
[0.431s] Level 1:colcon.colcon_core.package_identification:_identify(src/uros/micro-ROS-Agent/snap) by extension 'colcon_pkg'
[0.431s] Level 1:colcon.colcon_core.package_identification:_identify(src/uros/micro-ROS-Agent/snap) by extensions ['colcon_meta']
[0.432s] Level 1:colcon.colcon_core.package_identification:_identify(src/uros/micro-ROS-Agent/snap) by extension 'colcon_meta'
[0.432s] Level 1:colcon.colcon_core.package_identification:_identify(src/uros/micro-ROS-Agent/snap) by extensions ['ros']
[0.432s] Level 1:colcon.colcon_core.package_identification:_identify(src/uros/micro-ROS-Agent/snap) by extension 'ros'
[0.432s] Level 1:colcon.colcon_core.package_identification:_identify(src/uros/micro-ROS-Agent/snap) by extensions ['cmake', 'python']
[0.432s] Level 1:colcon.colcon_core.package_identification:_identify(src/uros/micro-ROS-Agent/snap) by extension 'cmake'
[0.432s] Level 1:colcon.colcon_core.package_identification:_identify(src/uros/micro-ROS-Agent/snap) by extension 'python'
[0.432s] Level 1:colcon.colcon_core.package_identification:_identify(src/uros/micro-ROS-Agent/snap) by extensions ['python_setup_py']
[0.432s] Level 1:colcon.colcon_core.package_identification:_identify(src/uros/micro-ROS-Agent/snap) by extension 'python_setup_py'
[0.432s] Level 1:colcon.colcon_core.package_identification:_identify(src/uros/micro-ROS-Agent/snap/hooks) by extensions ['ignore', 'ignore_ament_install']
[0.432s] Level 1:colcon.colcon_core.package_identification:_identify(src/uros/micro-ROS-Agent/snap/hooks) by extension 'ignore'
[0.432s] Level 1:colcon.colcon_core.package_identification:_identify(src/uros/micro-ROS-Agent/snap/hooks) by extension 'ignore_ament_install'
[0.433s] Level 1:colcon.colcon_core.package_identification:_identify(src/uros/micro-ROS-Agent/snap/hooks) by extensions ['colcon_pkg']
[0.433s] Level 1:colcon.colcon_core.package_identification:_identify(src/uros/micro-ROS-Agent/snap/hooks) by extension 'colcon_pkg'
[0.433s] Level 1:colcon.colcon_core.package_identification:_identify(src/uros/micro-ROS-Agent/snap/hooks) by extensions ['colcon_meta']
[0.433s] Level 1:colcon.colcon_core.package_identification:_identify(src/uros/micro-ROS-Agent/snap/hooks) by extension 'colcon_meta'
[0.433s] Level 1:colcon.colcon_core.package_identification:_identify(src/uros/micro-ROS-Agent/snap/hooks) by extensions ['ros']
[0.433s] Level 1:colcon.colcon_core.package_identification:_identify(src/uros/micro-ROS-Agent/snap/hooks) by extension 'ros'
[0.433s] Level 1:colcon.colcon_core.package_identification:_identify(src/uros/micro-ROS-Agent/snap/hooks) by extensions ['cmake', 'python']
[0.433s] Level 1:colcon.colcon_core.package_identification:_identify(src/uros/micro-ROS-Agent/snap/hooks) by extension 'cmake'
[0.433s] Level 1:colcon.colcon_core.package_identification:_identify(src/uros/micro-ROS-Agent/snap/hooks) by extension 'python'
[0.433s] Level 1:colcon.colcon_core.package_identification:_identify(src/uros/micro-ROS-Agent/snap/hooks) by extensions ['python_setup_py']
[0.433s] Level 1:colcon.colcon_core.package_identification:_identify(src/uros/micro-ROS-Agent/snap/hooks) by extension 'python_setup_py'
[0.433s] Level 1:colcon.colcon_core.package_identification:_identify(src/uros/micro-ROS-Agent/snap/local) by extensions ['ignore', 'ignore_ament_install']
[0.433s] Level 1:colcon.colcon_core.package_identification:_identify(src/uros/micro-ROS-Agent/snap/local) by extension 'ignore'
[0.433s] Level 1:colcon.colcon_core.package_identification:_identify(src/uros/micro-ROS-Agent/snap/local) by extension 'ignore_ament_install'
[0.434s] Level 1:colcon.colcon_core.package_identification:_identify(src/uros/micro-ROS-Agent/snap/local) by extensions ['colcon_pkg']
[0.434s] Level 1:colcon.colcon_core.package_identification:_identify(src/uros/micro-ROS-Agent/snap/local) by extension 'colcon_pkg'
[0.434s] Level 1:colcon.colcon_core.package_identification:_identify(src/uros/micro-ROS-Agent/snap/local) by extensions ['colcon_meta']
[0.434s] Level 1:colcon.colcon_core.package_identification:_identify(src/uros/micro-ROS-Agent/snap/local) by extension 'colcon_meta'
[0.434s] Level 1:colcon.colcon_core.package_identification:_identify(src/uros/micro-ROS-Agent/snap/local) by extensions ['ros']
[0.434s] Level 1:colcon.colcon_core.package_identification:_identify(src/uros/micro-ROS-Agent/snap/local) by extension 'ros'
[0.434s] Level 1:colcon.colcon_core.package_identification:_identify(src/uros/micro-ROS-Agent/snap/local) by extensions ['cmake', 'python']
[0.434s] Level 1:colcon.colcon_core.package_identification:_identify(src/uros/micro-ROS-Agent/snap/local) by extension 'cmake'
[0.434s] Level 1:colcon.colcon_core.package_identification:_identify(src/uros/micro-ROS-Agent/snap/local) by extension 'python'
[0.434s] Level 1:colcon.colcon_core.package_identification:_identify(src/uros/micro-ROS-Agent/snap/local) by extensions ['python_setup_py']
[0.434s] Level 1:colcon.colcon_core.package_identification:_identify(src/uros/micro-ROS-Agent/snap/local) by extension 'python_setup_py'
[0.434s] Level 1:colcon.colcon_core.package_identification:_identify(src/uros/micro_ros_msgs) by extensions ['ignore', 'ignore_ament_install']
[0.434s] Level 1:colcon.colcon_core.package_identification:_identify(src/uros/micro_ros_msgs) by extension 'ignore'
[0.434s] Level 1:colcon.colcon_core.package_identification:_identify(src/uros/micro_ros_msgs) by extension 'ignore_ament_install'
[0.435s] Level 1:colcon.colcon_core.package_identification:_identify(src/uros/micro_ros_msgs) by extensions ['colcon_pkg']
[0.435s] Level 1:colcon.colcon_core.package_identification:_identify(src/uros/micro_ros_msgs) by extension 'colcon_pkg'
[0.435s] Level 1:colcon.colcon_core.package_identification:_identify(src/uros/micro_ros_msgs) by extensions ['colcon_meta']
[0.435s] Level 1:colcon.colcon_core.package_identification:_identify(src/uros/micro_ros_msgs) by extension 'colcon_meta'
[0.435s] Level 1:colcon.colcon_core.package_identification:_identify(src/uros/micro_ros_msgs) by extensions ['ros']
[0.435s] Level 1:colcon.colcon_core.package_identification:_identify(src/uros/micro_ros_msgs) by extension 'ros'
[0.436s] DEBUG:colcon.colcon_core.package_identification:Package 'src/uros/micro_ros_msgs' with type 'ros.ament_cmake' and name 'micro_ros_msgs'
[0.436s] Level 1:colcon.colcon_core.package_identification:_identify(src/utils) by extensions ['ignore', 'ignore_ament_install']
[0.436s] Level 1:colcon.colcon_core.package_identification:_identify(src/utils) by extension 'ignore'
[0.436s] Level 1:colcon.colcon_core.package_identification:_identify(src/utils) by extension 'ignore_ament_install'
[0.436s] Level 1:colcon.colcon_core.package_identification:_identify(src/utils) by extensions ['colcon_pkg']
[0.436s] Level 1:colcon.colcon_core.package_identification:_identify(src/utils) by extension 'colcon_pkg'
[0.436s] Level 1:colcon.colcon_core.package_identification:_identify(src/utils) by extensions ['colcon_meta']
[0.436s] Level 1:colcon.colcon_core.package_identification:_identify(src/utils) by extension 'colcon_meta'
[0.436s] Level 1:colcon.colcon_core.package_identification:_identify(src/utils) by extensions ['ros']
[0.436s] Level 1:colcon.colcon_core.package_identification:_identify(src/utils) by extension 'ros'
[0.436s] Level 1:colcon.colcon_core.package_identification:_identify(src/utils) by extensions ['cmake', 'python']
[0.436s] Level 1:colcon.colcon_core.package_identification:_identify(src/utils) by extension 'cmake'
[0.436s] Level 1:colcon.colcon_core.package_identification:_identify(src/utils) by extension 'python'
[0.437s] Level 1:colcon.colcon_core.package_identification:_identify(src/utils) by extensions ['python_setup_py']
[0.437s] Level 1:colcon.colcon_core.package_identification:_identify(src/utils) by extension 'python_setup_py'
[0.437s] Level 1:colcon.colcon_core.package_identification:_identify(src/worlds) by extensions ['ignore', 'ignore_ament_install']
[0.437s] Level 1:colcon.colcon_core.package_identification:_identify(src/worlds) by extension 'ignore'
[0.437s] Level 1:colcon.colcon_core.package_identification:_identify(src/worlds) by extension 'ignore_ament_install'
[0.437s] Level 1:colcon.colcon_core.package_identification:_identify(src/worlds) by extensions ['colcon_pkg']
[0.437s] Level 1:colcon.colcon_core.package_identification:_identify(src/worlds) by extension 'colcon_pkg'
[0.437s] Level 1:colcon.colcon_core.package_identification:_identify(src/worlds) by extensions ['colcon_meta']
[0.437s] Level 1:colcon.colcon_core.package_identification:_identify(src/worlds) by extension 'colcon_meta'
[0.437s] Level 1:colcon.colcon_core.package_identification:_identify(src/worlds) by extensions ['ros']
[0.437s] Level 1:colcon.colcon_core.package_identification:_identify(src/worlds) by extension 'ros'
[0.437s] Level 1:colcon.colcon_core.package_identification:_identify(src/worlds) by extensions ['cmake', 'python']
[0.437s] Level 1:colcon.colcon_core.package_identification:_identify(src/worlds) by extension 'cmake'
[0.437s] Level 1:colcon.colcon_core.package_identification:_identify(src/worlds) by extension 'python'
[0.438s] Level 1:colcon.colcon_core.package_identification:_identify(src/worlds) by extensions ['python_setup_py']
[0.438s] Level 1:colcon.colcon_core.package_identification:_identify(src/worlds) by extension 'python_setup_py'
[0.438s] Level 1:colcon.colcon_core.package_identification:_identify(urdf) by extensions ['ignore', 'ignore_ament_install']
[0.438s] Level 1:colcon.colcon_core.package_identification:_identify(urdf) by extension 'ignore'
[0.438s] Level 1:colcon.colcon_core.package_identification:_identify(urdf) by extension 'ignore_ament_install'
[0.438s] Level 1:colcon.colcon_core.package_identification:_identify(urdf) by extensions ['colcon_pkg']
[0.438s] Level 1:colcon.colcon_core.package_identification:_identify(urdf) by extension 'colcon_pkg'
[0.438s] Level 1:colcon.colcon_core.package_identification:_identify(urdf) by extensions ['colcon_meta']
[0.438s] Level 1:colcon.colcon_core.package_identification:_identify(urdf) by extension 'colcon_meta'
[0.438s] Level 1:colcon.colcon_core.package_identification:_identify(urdf) by extensions ['ros']
[0.438s] Level 1:colcon.colcon_core.package_identification:_identify(urdf) by extension 'ros'
[0.438s] Level 1:colcon.colcon_core.package_identification:_identify(urdf) by extensions ['cmake', 'python']
[0.438s] Level 1:colcon.colcon_core.package_identification:_identify(urdf) by extension 'cmake'
[0.438s] Level 1:colcon.colcon_core.package_identification:_identify(urdf) by extension 'python'
[0.439s] Level 1:colcon.colcon_core.package_identification:_identify(urdf) by extensions ['python_setup_py']
[0.439s] Level 1:colcon.colcon_core.package_identification:_identify(urdf) by extension 'python_setup_py'
[0.439s] Level 1:colcon.colcon_core.package_discovery:discover_packages(recursive) using defaults
[0.439s] Level 1:colcon.colcon_core.package_discovery:discover_packages(ignore) discover
[0.439s] Level 1:colcon.colcon_core.package_discovery:discover_packages(ignore) using defaults
[0.439s] Level 1:colcon.colcon_core.package_discovery:discover_packages(path) discover
[0.439s] Level 1:colcon.colcon_core.package_discovery:discover_packages(path) using defaults
[0.483s] Level 1:colcon.colcon_core.package_discovery:discover_packages(prefix_path) check parameters
[0.483s] Level 1:colcon.colcon_core.package_discovery:discover_packages(prefix_path) discover
[0.486s] DEBUG:colcon.colcon_installed_package_information.package_discovery:Found 5 installed packages in /home/jose/microros_ws/install
[0.487s] DEBUG:colcon.colcon_installed_package_information.package_discovery:Found 14 installed packages in /home/jose/turtlebot3_ws/install
[0.490s] DEBUG:colcon.colcon_installed_package_information.package_discovery:Found 384 installed packages in /opt/ros/humble
[0.494s] Level 1:colcon.colcon_core.package_discovery:discover_packages(prefix_path) using defaults
[0.561s] Level 5:colcon.colcon_core.verb:set package 'micro_ros_msgs' build argument 'cmake_args' from command line to 'None'
[0.561s] Level 5:colcon.colcon_core.verb:set package 'micro_ros_msgs' build argument 'cmake_target' from command line to 'None'
[0.561s] Level 5:colcon.colcon_core.verb:set package 'micro_ros_msgs' build argument 'cmake_target_skip_unavailable' from command line to 'False'
[0.561s] Level 5:colcon.colcon_core.verb:set package 'micro_ros_msgs' build argument 'cmake_clean_cache' from command line to 'False'
[0.561s] Level 5:colcon.colcon_core.verb:set package 'micro_ros_msgs' build argument 'cmake_clean_first' from command line to 'False'
[0.561s] Level 5:colcon.colcon_core.verb:set package 'micro_ros_msgs' build argument 'cmake_force_configure' from command line to 'False'
[0.561s] Level 5:colcon.colcon_core.verb:set package 'micro_ros_msgs' build argument 'ament_cmake_args' from command line to 'None'
[0.562s] Level 5:colcon.colcon_core.verb:set package 'micro_ros_msgs' build argument 'catkin_cmake_args' from command line to 'None'
[0.562s] Level 5:colcon.colcon_core.verb:set package 'micro_ros_msgs' build argument 'catkin_skip_building_tests' from command line to 'False'
[0.562s] DEBUG:colcon.colcon_core.verb:Building package 'micro_ros_msgs' with the following arguments: {'ament_cmake_args': None, 'build_base': '/home/jose/microros_ws/build/micro_ros_msgs', 'catkin_cmake_args': None, 'catkin_skip_building_tests': False, 'cmake_args': None, 'cmake_clean_cache': False, 'cmake_clean_first': False, 'cmake_force_configure': False, 'cmake_target': None, 'cmake_target_skip_unavailable': False, 'install_base': '/home/jose/microros_ws/install/micro_ros_msgs', 'merge_install': False, 'path': '/home/jose/microros_ws/src/uros/micro_ros_msgs', 'symlink_install': False, 'test_result_base': None}
[0.562s] Level 5:colcon.colcon_core.verb:set package 'micro_ros_setup' build argument 'cmake_args' from command line to 'None'
[0.562s] Level 5:colcon.colcon_core.verb:set package 'micro_ros_setup' build argument 'cmake_target' from command line to 'None'
[0.562s] Level 5:colcon.colcon_core.verb:set package 'micro_ros_setup' build argument 'cmake_target_skip_unavailable' from command line to 'False'
[0.562s] Level 5:colcon.colcon_core.verb:set package 'micro_ros_setup' build argument 'cmake_clean_cache' from command line to 'False'
[0.562s] Level 5:colcon.colcon_core.verb:set package 'micro_ros_setup' build argument 'cmake_clean_first' from command line to 'False'
[0.562s] Level 5:colcon.colcon_core.verb:set package 'micro_ros_setup' build argument 'cmake_force_configure' from command line to 'False'
[0.562s] Level 5:colcon.colcon_core.verb:set package 'micro_ros_setup' build argument 'ament_cmake_args' from command line to 'None'
[0.562s] Level 5:colcon.colcon_core.verb:set package 'micro_ros_setup' build argument 'catkin_cmake_args' from command line to 'None'
[0.562s] Level 5:colcon.colcon_core.verb:set package 'micro_ros_setup' build argument 'catkin_skip_building_tests' from command line to 'False'
[0.563s] DEBUG:colcon.colcon_core.verb:Building package 'micro_ros_setup' with the following arguments: {'ament_cmake_args': None, 'build_base': '/home/jose/microros_ws/build/micro_ros_setup', 'catkin_cmake_args': None, 'catkin_skip_building_tests': False, 'cmake_args': None, 'cmake_clean_cache': False, 'cmake_clean_first': False, 'cmake_force_configure': False, 'cmake_target': None, 'cmake_target_skip_unavailable': False, 'install_base': '/home/jose/microros_ws/install/micro_ros_setup', 'merge_install': False, 'path': '/home/jose/microros_ws/src/micro_ros_setup', 'symlink_install': False, 'test_result_base': None}
[0.563s] Level 5:colcon.colcon_core.verb:set package 'odin_comms' build argument 'cmake_args' from command line to 'None'
[0.563s] Level 5:colcon.colcon_core.verb:set package 'odin_comms' build argument 'cmake_target' from command line to 'None'
[0.563s] Level 5:colcon.colcon_core.verb:set package 'odin_comms' build argument 'cmake_target_skip_unavailable' from command line to 'False'
[0.563s] Level 5:colcon.colcon_core.verb:set package 'odin_comms' build argument 'cmake_clean_cache' from command line to 'False'
[0.563s] Level 5:colcon.colcon_core.verb:set package 'odin_comms' build argument 'cmake_clean_first' from command line to 'False'
[0.563s] Level 5:colcon.colcon_core.verb:set package 'odin_comms' build argument 'cmake_force_configure' from command line to 'False'
[0.563s] Level 5:colcon.colcon_core.verb:set package 'odin_comms' build argument 'ament_cmake_args' from command line to 'None'
[0.563s] Level 5:colcon.colcon_core.verb:set package 'odin_comms' build argument 'catkin_cmake_args' from command line to 'None'
[0.563s] Level 5:colcon.colcon_core.verb:set package 'odin_comms' build argument 'catkin_skip_building_tests' from command line to 'False'
[0.563s] DEBUG:colcon.colcon_core.verb:Building package 'odin_comms' with the following arguments: {'ament_cmake_args': None, 'build_base': '/home/jose/microros_ws/build/odin_comms', 'catkin_cmake_args': None, 'catkin_skip_building_tests': False, 'cmake_args': None, 'cmake_clean_cache': False, 'cmake_clean_first': False, 'cmake_force_configure': False, 'cmake_target': None, 'cmake_target_skip_unavailable': False, 'install_base': '/home/jose/microros_ws/install/odin_comms', 'merge_install': False, 'path': '/home/jose/microros_ws/src/odin_comms', 'symlink_install': False, 'test_result_base': None}
[0.564s] Level 5:colcon.colcon_core.verb:set package 'odin_nav' build argument 'cmake_args' from command line to 'None'
[0.564s] Level 5:colcon.colcon_core.verb:set package 'odin_nav' build argument 'cmake_target' from command line to 'None'
[0.564s] Level 5:colcon.colcon_core.verb:set package 'odin_nav' build argument 'cmake_target_skip_unavailable' from command line to 'False'
[0.564s] Level 5:colcon.colcon_core.verb:set package 'odin_nav' build argument 'cmake_clean_cache' from command line to 'False'
[0.564s] Level 5:colcon.colcon_core.verb:set package 'odin_nav' build argument 'cmake_clean_first' from command line to 'False'
[0.564s] Level 5:colcon.colcon_core.verb:set package 'odin_nav' build argument 'cmake_force_configure' from command line to 'False'
[0.564s] Level 5:colcon.colcon_core.verb:set package 'odin_nav' build argument 'ament_cmake_args' from command line to 'None'
[0.564s] Level 5:colcon.colcon_core.verb:set package 'odin_nav' build argument 'catkin_cmake_args' from command line to 'None'
[0.564s] Level 5:colcon.colcon_core.verb:set package 'odin_nav' build argument 'catkin_skip_building_tests' from command line to 'False'
[0.564s] DEBUG:colcon.colcon_core.verb:Building package 'odin_nav' with the following arguments: {'ament_cmake_args': None, 'build_base': '/home/jose/microros_ws/build/odin_nav', 'catkin_cmake_args': None, 'catkin_skip_building_tests': False, 'cmake_args': None, 'cmake_clean_cache': False, 'cmake_clean_first': False, 'cmake_force_configure': False, 'cmake_target': None, 'cmake_target_skip_unavailable': False, 'install_base': '/home/jose/microros_ws/install/odin_nav', 'merge_install': False, 'path': '/home/jose/microros_ws/src/odin_nav', 'symlink_install': False, 'test_result_base': None}
[0.565s] Level 5:colcon.colcon_core.verb:set package 'micro_ros_agent' build argument 'cmake_args' from command line to 'None'
[0.565s] Level 5:colcon.colcon_core.verb:set package 'micro_ros_agent' build argument 'cmake_target' from command line to 'None'
[0.565s] Level 5:colcon.colcon_core.verb:set package 'micro_ros_agent' build argument 'cmake_target_skip_unavailable' from command line to 'False'
[0.565s] Level 5:colcon.colcon_core.verb:set package 'micro_ros_agent' build argument 'cmake_clean_cache' from command line to 'False'
[0.565s] Level 5:colcon.colcon_core.verb:set package 'micro_ros_agent' build argument 'cmake_clean_first' from command line to 'False'
[0.565s] Level 5:colcon.colcon_core.verb:set package 'micro_ros_agent' build argument 'cmake_force_configure' from command line to 'False'
[0.565s] Level 5:colcon.colcon_core.verb:set package 'micro_ros_agent' build argument 'ament_cmake_args' from command line to 'None'
[0.565s] Level 5:colcon.colcon_core.verb:set package 'micro_ros_agent' build argument 'catkin_cmake_args' from command line to 'None'
[0.565s] Level 5:colcon.colcon_core.verb:set package 'micro_ros_agent' build argument 'catkin_skip_building_tests' from command line to 'False'
[0.565s] DEBUG:colcon.colcon_core.verb:Building package 'micro_ros_agent' with the following arguments: {'ament_cmake_args': None, 'build_base': '/home/jose/microros_ws/build/micro_ros_agent', 'catkin_cmake_args': None, 'catkin_skip_building_tests': False, 'cmake_args': None, 'cmake_clean_cache': False, 'cmake_clean_first': False, 'cmake_force_configure': False, 'cmake_target': None, 'cmake_target_skip_unavailable': False, 'install_base': '/home/jose/microros_ws/install/micro_ros_agent', 'merge_install': False, 'path': '/home/jose/microros_ws/src/uros/micro-ROS-Agent/micro_ros_agent', 'symlink_install': False, 'test_result_base': None}
[0.565s] INFO:colcon.colcon_core.executor:Executing jobs using 'parallel' executor
[0.567s] DEBUG:colcon.colcon_parallel_executor.executor.parallel:run_until_complete
[0.567s] INFO:colcon.colcon_ros.task.ament_cmake.build:Building ROS package in '/home/jose/microros_ws/src/uros/micro_ros_msgs' with build type 'ament_cmake'
[0.567s] INFO:colcon.colcon_cmake.task.cmake.build:Building CMake package in '/home/jose/microros_ws/src/uros/micro_ros_msgs'
[0.571s] INFO:colcon.colcon_core.plugin_system:Skipping extension 'colcon_core.shell.bat': Not used on non-Windows systems
[0.571s] INFO:colcon.colcon_core.shell:Skip shell extension 'powershell' for command environment: Not usable outside of PowerShell
[0.571s] DEBUG:colcon.colcon_core.shell:Skip shell extension 'dsv' for command environment
[0.579s] INFO:colcon.colcon_ros.task.ament_cmake.build:Building ROS package in '/home/jose/microros_ws/src/micro_ros_setup' with build type 'ament_cmake'
[0.579s] INFO:colcon.colcon_cmake.task.cmake.build:Building CMake package in '/home/jose/microros_ws/src/micro_ros_setup'
[0.579s] INFO:colcon.colcon_core.shell:Skip shell extension 'powershell' for command environment: Not usable outside of PowerShell
[0.579s] DEBUG:colcon.colcon_core.shell:Skip shell extension 'dsv' for command environment
[0.587s] INFO:colcon.colcon_ros.task.ament_python.build:Building ROS package in '/home/jose/microros_ws/src/odin_comms' with build type 'ament_python'
[0.587s] Level 1:colcon.colcon_core.shell:create_environment_hook('odin_comms', 'ament_prefix_path')
[0.587s] INFO:colcon.colcon_core.shell:Creating environment hook '/home/jose/microros_ws/install/odin_comms/share/odin_comms/hook/ament_prefix_path.ps1'
[0.589s] INFO:colcon.colcon_core.shell:Creating environment descriptor '/home/jose/microros_ws/install/odin_comms/share/odin_comms/hook/ament_prefix_path.dsv'
[0.589s] INFO:colcon.colcon_core.shell:Creating environment hook '/home/jose/microros_ws/install/odin_comms/share/odin_comms/hook/ament_prefix_path.sh'
[0.590s] INFO:colcon.colcon_core.shell:Skip shell extension 'powershell' for command environment: Not usable outside of PowerShell
[0.590s] DEBUG:colcon.colcon_core.shell:Skip shell extension 'dsv' for command environment
[0.598s] INFO:colcon.colcon_ros.task.ament_python.build:Building ROS package in '/home/jose/microros_ws/src/odin_nav' with build type 'ament_python'
[0.598s] Level 1:colcon.colcon_core.shell:create_environment_hook('odin_nav', 'ament_prefix_path')
[0.599s] INFO:colcon.colcon_core.shell:Creating environment hook '/home/jose/microros_ws/install/odin_nav/share/odin_nav/hook/ament_prefix_path.ps1'
[0.599s] INFO:colcon.colcon_core.shell:Creating environment descriptor '/home/jose/microros_ws/install/odin_nav/share/odin_nav/hook/ament_prefix_path.dsv'
[0.600s] INFO:colcon.colcon_core.shell:Creating environment hook '/home/jose/microros_ws/install/odin_nav/share/odin_nav/hook/ament_prefix_path.sh'
[0.601s] INFO:colcon.colcon_core.shell:Skip shell extension 'powershell' for command environment: Not usable outside of PowerShell
[0.601s] DEBUG:colcon.colcon_core.shell:Skip shell extension 'dsv' for command environment
[0.617s] DEBUG:colcon.colcon_core.event_handler.log_command:Invoking command in '/home/jose/microros_ws/build/micro_ros_msgs': CMAKE_PREFIX_PATH=${CMAKE_PREFIX_PATH}:/home/jose/turtlebot3_ws/install/turtlebot3_teleop:/home/jose/turtlebot3_ws/install/turtlebot3_example:/home/jose/turtlebot3_ws/install/tb3_sim:/home/jose/microros_ws/install/odin_nav:/home/jose/microros_ws/install/odin_comms:/opt/ros/humble /usr/bin/cmake --build /home/jose/microros_ws/build/micro_ros_msgs -- -j16 -l16
[0.622s] DEBUG:colcon.colcon_core.event_handler.log_command:Invoking command in '/home/jose/microros_ws/build/micro_ros_setup': CMAKE_PREFIX_PATH=${CMAKE_PREFIX_PATH}:/home/jose/turtlebot3_ws/install/turtlebot3_teleop:/home/jose/turtlebot3_ws/install/turtlebot3_example:/home/jose/turtlebot3_ws/install/tb3_sim:/home/jose/microros_ws/install/odin_nav:/home/jose/microros_ws/install/odin_comms:/opt/ros/humble /usr/bin/cmake --build /home/jose/microros_ws/build/micro_ros_setup -- -j16 -l16
[1.040s] INFO:colcon.colcon_core.task.python.build:Building Python package in '/home/jose/microros_ws/src/odin_comms'
[1.040s] INFO:colcon.colcon_core.shell:Skip shell extension 'powershell' for command environment: Not usable outside of PowerShell
[1.040s] DEBUG:colcon.colcon_core.shell:Skip shell extension 'dsv' for command environment
[1.237s] INFO:colcon.colcon_core.task.python.build:Building Python package in '/home/jose/microros_ws/src/odin_nav'
[1.237s] INFO:colcon.colcon_core.shell:Skip shell extension 'powershell' for command environment: Not usable outside of PowerShell
[1.237s] DEBUG:colcon.colcon_core.shell:Skip shell extension 'dsv' for command environment
[1.242s] DEBUG:colcon.colcon_core.event_handler.log_command:Invoked command in '/home/jose/microros_ws/build/micro_ros_setup' returned '0': CMAKE_PREFIX_PATH=${CMAKE_PREFIX_PATH}:/home/jose/turtlebot3_ws/install/turtlebot3_teleop:/home/jose/turtlebot3_ws/install/turtlebot3_example:/home/jose/turtlebot3_ws/install/tb3_sim:/home/jose/microros_ws/install/odin_nav:/home/jose/microros_ws/install/odin_comms:/opt/ros/humble /usr/bin/cmake --build /home/jose/microros_ws/build/micro_ros_setup -- -j16 -l16
[1.247s] DEBUG:colcon.colcon_core.event_handler.log_command:Invoked command in '/home/jose/microros_ws/build/micro_ros_msgs' returned '0': CMAKE_PREFIX_PATH=${CMAKE_PREFIX_PATH}:/home/jose/turtlebot3_ws/install/turtlebot3_teleop:/home/jose/turtlebot3_ws/install/turtlebot3_example:/home/jose/turtlebot3_ws/install/tb3_sim:/home/jose/microros_ws/install/odin_nav:/home/jose/microros_ws/install/odin_comms:/opt/ros/humble /usr/bin/cmake --build /home/jose/microros_ws/build/micro_ros_msgs -- -j16 -l16
[1.275s] DEBUG:colcon.colcon_core.event_handler.log_command:Invoking command in '/home/jose/microros_ws/build/micro_ros_setup': CMAKE_PREFIX_PATH=${CMAKE_PREFIX_PATH}:/home/jose/turtlebot3_ws/install/turtlebot3_teleop:/home/jose/turtlebot3_ws/install/turtlebot3_example:/home/jose/turtlebot3_ws/install/tb3_sim:/home/jose/microros_ws/install/odin_nav:/home/jose/microros_ws/install/odin_comms:/opt/ros/humble /usr/bin/cmake --install /home/jose/microros_ws/build/micro_ros_setup
[1.300s] Level 1:colcon.colcon_core.environment:create_environment_scripts_only(micro_ros_setup)
[1.303s] DEBUG:colcon.colcon_core.event_handler.log_command:Invoked command in '/home/jose/microros_ws/build/micro_ros_setup' returned '0': CMAKE_PREFIX_PATH=${CMAKE_PREFIX_PATH}:/home/jose/turtlebot3_ws/install/turtlebot3_teleop:/home/jose/turtlebot3_ws/install/turtlebot3_example:/home/jose/turtlebot3_ws/install/tb3_sim:/home/jose/microros_ws/install/odin_nav:/home/jose/microros_ws/install/odin_comms:/opt/ros/humble /usr/bin/cmake --install /home/jose/microros_ws/build/micro_ros_setup
[1.304s] Level 1:colcon.colcon_core.environment:checking '/home/jose/microros_ws/install/micro_ros_setup' for CMake module files
[1.304s] Level 1:colcon.colcon_core.environment:checking '/home/jose/microros_ws/install/micro_ros_setup' for CMake config files
[1.305s] Level 1:colcon.colcon_core.shell:create_environment_hook('micro_ros_setup', 'cmake_prefix_path')
[1.305s] INFO:colcon.colcon_core.shell:Creating environment hook '/home/jose/microros_ws/install/micro_ros_setup/share/micro_ros_setup/hook/cmake_prefix_path.ps1'
[1.305s] INFO:colcon.colcon_core.shell:Creating environment descriptor '/home/jose/microros_ws/install/micro_ros_setup/share/micro_ros_setup/hook/cmake_prefix_path.dsv'
[1.306s] INFO:colcon.colcon_core.shell:Creating environment hook '/home/jose/microros_ws/install/micro_ros_setup/share/micro_ros_setup/hook/cmake_prefix_path.sh'
[1.306s] Level 1:colcon.colcon_core.environment:checking '/home/jose/microros_ws/install/micro_ros_setup/lib'
[1.306s] Level 1:colcon.colcon_core.environment:checking '/home/jose/microros_ws/install/micro_ros_setup/bin'
[1.306s] Level 1:colcon.colcon_core.environment:checking '/home/jose/microros_ws/install/micro_ros_setup/lib/pkgconfig/micro_ros_setup.pc'
[1.306s] Level 1:colcon.colcon_core.environment:checking '/home/jose/microros_ws/install/micro_ros_setup/lib/python3.10/site-packages'
[1.307s] Level 1:colcon.colcon_core.environment:checking '/home/jose/microros_ws/install/micro_ros_setup/bin'
[1.307s] INFO:colcon.colcon_core.shell:Creating package script '/home/jose/microros_ws/install/micro_ros_setup/share/micro_ros_setup/package.ps1'
[1.308s] INFO:colcon.colcon_core.shell:Creating package descriptor '/home/jose/microros_ws/install/micro_ros_setup/share/micro_ros_setup/package.dsv'
[1.308s] INFO:colcon.colcon_core.shell:Creating package script '/home/jose/microros_ws/install/micro_ros_setup/share/micro_ros_setup/package.sh'
[1.309s] INFO:colcon.colcon_core.shell:Creating package script '/home/jose/microros_ws/install/micro_ros_setup/share/micro_ros_setup/package.bash'
[1.309s] INFO:colcon.colcon_core.shell:Creating package script '/home/jose/microros_ws/install/micro_ros_setup/share/micro_ros_setup/package.zsh'
[1.310s] Level 1:colcon.colcon_core.environment:create_file_with_runtime_dependencies(/home/jose/microros_ws/install/micro_ros_setup/share/colcon-core/packages/micro_ros_setup)
[1.333s] Level 1:colcon.colcon_core.environment:create_environment_scripts_only(micro_ros_setup)
[1.333s] Level 1:colcon.colcon_core.environment:checking '/home/jose/microros_ws/install/micro_ros_setup' for CMake module files
[1.334s] Level 1:colcon.colcon_core.environment:checking '/home/jose/microros_ws/install/micro_ros_setup' for CMake config files
[1.334s] Level 1:colcon.colcon_core.shell:create_environment_hook('micro_ros_setup', 'cmake_prefix_path')
[1.334s] INFO:colcon.colcon_core.shell:Creating environment hook '/home/jose/microros_ws/install/micro_ros_setup/share/micro_ros_setup/hook/cmake_prefix_path.ps1'
[1.335s] INFO:colcon.colcon_core.shell:Creating environment descriptor '/home/jose/microros_ws/install/micro_ros_setup/share/micro_ros_setup/hook/cmake_prefix_path.dsv'
[1.335s] INFO:colcon.colcon_core.shell:Creating environment hook '/home/jose/microros_ws/install/micro_ros_setup/share/micro_ros_setup/hook/cmake_prefix_path.sh'
[1.336s] Level 1:colcon.colcon_core.environment:checking '/home/jose/microros_ws/install/micro_ros_setup/lib'
[1.336s] Level 1:colcon.colcon_core.environment:checking '/home/jose/microros_ws/install/micro_ros_setup/bin'
[1.336s] Level 1:colcon.colcon_core.environment:checking '/home/jose/microros_ws/install/micro_ros_setup/lib/pkgconfig/micro_ros_setup.pc'
[1.336s] Level 1:colcon.colcon_core.environment:checking '/home/jose/microros_ws/install/micro_ros_setup/lib/python3.10/site-packages'
[1.336s] Level 1:colcon.colcon_core.environment:checking '/home/jose/microros_ws/install/micro_ros_setup/bin'
[1.336s] INFO:colcon.colcon_core.shell:Creating package script '/home/jose/microros_ws/install/micro_ros_setup/share/micro_ros_setup/package.ps1'
[1.337s] INFO:colcon.colcon_core.shell:Creating package descriptor '/home/jose/microros_ws/install/micro_ros_setup/share/micro_ros_setup/package.dsv'
[1.337s] INFO:colcon.colcon_core.shell:Creating package script '/home/jose/microros_ws/install/micro_ros_setup/share/micro_ros_setup/package.sh'
[1.337s] INFO:colcon.colcon_core.shell:Creating package script '/home/jose/microros_ws/install/micro_ros_setup/share/micro_ros_setup/package.bash'
[1.338s] INFO:colcon.colcon_core.shell:Creating package script '/home/jose/microros_ws/install/micro_ros_setup/share/micro_ros_setup/package.zsh'
[1.338s] Level 1:colcon.colcon_core.environment:create_file_with_runtime_dependencies(/home/jose/microros_ws/install/micro_ros_setup/share/colcon-core/packages/micro_ros_setup)
[1.354s] DEBUG:colcon.colcon_core.event_handler.log_command:Invoking command in '/home/jose/microros_ws/build/micro_ros_msgs': CMAKE_PREFIX_PATH=${CMAKE_PREFIX_PATH}:/home/jose/turtlebot3_ws/install/turtlebot3_teleop:/home/jose/turtlebot3_ws/install/turtlebot3_example:/home/jose/turtlebot3_ws/install/tb3_sim:/home/jose/microros_ws/install/odin_nav:/home/jose/microros_ws/install/odin_comms:/opt/ros/humble /usr/bin/cmake --install /home/jose/microros_ws/build/micro_ros_msgs
[1.421s] Level 1:colcon.colcon_core.environment:create_environment_scripts_only(micro_ros_msgs)
[1.421s] Level 1:colcon.colcon_core.environment:checking '/home/jose/microros_ws/install/micro_ros_msgs' for CMake module files
[1.421s] DEBUG:colcon.colcon_core.event_handler.log_command:Invoked command in '/home/jose/microros_ws/build/micro_ros_msgs' returned '0': CMAKE_PREFIX_PATH=${CMAKE_PREFIX_PATH}:/home/jose/turtlebot3_ws/install/turtlebot3_teleop:/home/jose/turtlebot3_ws/install/turtlebot3_example:/home/jose/turtlebot3_ws/install/tb3_sim:/home/jose/microros_ws/install/odin_nav:/home/jose/microros_ws/install/odin_comms:/opt/ros/humble /usr/bin/cmake --install /home/jose/microros_ws/build/micro_ros_msgs
[1.422s] Level 1:colcon.colcon_core.environment:checking '/home/jose/microros_ws/install/micro_ros_msgs' for CMake config files
[1.423s] Level 1:colcon.colcon_core.shell:create_environment_hook('micro_ros_msgs', 'cmake_prefix_path')
[1.423s] INFO:colcon.colcon_core.shell:Creating environment hook '/home/jose/microros_ws/install/micro_ros_msgs/share/micro_ros_msgs/hook/cmake_prefix_path.ps1'
[1.423s] INFO:colcon.colcon_core.shell:Creating environment descriptor '/home/jose/microros_ws/install/micro_ros_msgs/share/micro_ros_msgs/hook/cmake_prefix_path.dsv'
[1.424s] INFO:colcon.colcon_core.shell:Creating environment hook '/home/jose/microros_ws/install/micro_ros_msgs/share/micro_ros_msgs/hook/cmake_prefix_path.sh'
[1.424s] Level 1:colcon.colcon_core.environment:checking '/home/jose/microros_ws/install/micro_ros_msgs/lib'
[1.424s] Level 1:colcon.colcon_core.shell:create_environment_hook('micro_ros_msgs', 'ld_library_path_lib')
[1.424s] INFO:colcon.colcon_core.shell:Creating environment hook '/home/jose/microros_ws/install/micro_ros_msgs/share/micro_ros_msgs/hook/ld_library_path_lib.ps1'
[1.425s] INFO:colcon.colcon_core.shell:Creating environment descriptor '/home/jose/microros_ws/install/micro_ros_msgs/share/micro_ros_msgs/hook/ld_library_path_lib.dsv'
[1.425s] INFO:colcon.colcon_core.shell:Creating environment hook '/home/jose/microros_ws/install/micro_ros_msgs/share/micro_ros_msgs/hook/ld_library_path_lib.sh'
[1.425s] Level 1:colcon.colcon_core.environment:checking '/home/jose/microros_ws/install/micro_ros_msgs/bin'
[1.425s] Level 1:colcon.colcon_core.environment:checking '/home/jose/microros_ws/install/micro_ros_msgs/lib/pkgconfig/micro_ros_msgs.pc'
[1.425s] Level 1:colcon.colcon_core.environment:checking '/home/jose/microros_ws/install/micro_ros_msgs/lib/python3.10/site-packages'
[1.426s] Level 1:colcon.colcon_core.environment:checking '/home/jose/microros_ws/install/micro_ros_msgs/bin'
[1.426s] INFO:colcon.colcon_core.shell:Creating package script '/home/jose/microros_ws/install/micro_ros_msgs/share/micro_ros_msgs/package.ps1'
[1.426s] INFO:colcon.colcon_core.shell:Creating package descriptor '/home/jose/microros_ws/install/micro_ros_msgs/share/micro_ros_msgs/package.dsv'
[1.427s] INFO:colcon.colcon_core.shell:Creating package script '/home/jose/microros_ws/install/micro_ros_msgs/share/micro_ros_msgs/package.sh'
[1.427s] INFO:colcon.colcon_core.shell:Creating package script '/home/jose/microros_ws/install/micro_ros_msgs/share/micro_ros_msgs/package.bash'
[1.427s] INFO:colcon.colcon_core.shell:Creating package script '/home/jose/microros_ws/install/micro_ros_msgs/share/micro_ros_msgs/package.zsh'
[1.428s] Level 1:colcon.colcon_core.environment:create_file_with_runtime_dependencies(/home/jose/microros_ws/install/micro_ros_msgs/share/colcon-core/packages/micro_ros_msgs)
[1.539s] DEBUG:colcon.colcon_core.event_handler.log_command:Invoking command in '/home/jose/microros_ws/src/odin_comms': PYTHONPATH=/home/jose/microros_ws/build/odin_comms/prefix_override:/usr/lib/python3/dist-packages/colcon_core/task/python/colcon_distutils_commands:/home/jose/microros_ws/install/odin_comms/lib/python3.10/site-packages:${PYTHONPATH} /usr/bin/python3 -W ignore:setup.py install is deprecated setup.py egg_info --egg-base ../../build/odin_comms build --build-base /home/jose/microros_ws/build/odin_comms/build install --record /home/jose/microros_ws/build/odin_comms/install.log --single-version-externally-managed install_data
[1.545s] Level 1:colcon.colcon_core.environment:create_environment_scripts_only(micro_ros_msgs)
[1.545s] Level 1:colcon.colcon_core.environment:checking '/home/jose/microros_ws/install/micro_ros_msgs' for CMake module files
[1.546s] DEBUG:colcon.colcon_core.event_handler.log_command:Invoking command in '/home/jose/microros_ws/src/odin_nav': PYTHONPATH=/home/jose/microros_ws/build/odin_nav/prefix_override:/usr/lib/python3/dist-packages/colcon_core/task/python/colcon_distutils_commands:/home/jose/microros_ws/install/odin_nav/lib/python3.10/site-packages:${PYTHONPATH} /usr/bin/python3 -W ignore:setup.py install is deprecated setup.py egg_info --egg-base ../../build/odin_nav build --build-base /home/jose/microros_ws/build/odin_nav/build install --record /home/jose/microros_ws/build/odin_nav/install.log --single-version-externally-managed install_data
[1.546s] Level 1:colcon.colcon_core.environment:checking '/home/jose/microros_ws/install/micro_ros_msgs' for CMake config files
[1.547s] Level 1:colcon.colcon_core.shell:create_environment_hook('micro_ros_msgs', 'cmake_prefix_path')
[1.547s] INFO:colcon.colcon_core.shell:Creating environment hook '/home/jose/microros_ws/install/micro_ros_msgs/share/micro_ros_msgs/hook/cmake_prefix_path.ps1'
[1.548s] INFO:colcon.colcon_core.shell:Creating environment descriptor '/home/jose/microros_ws/install/micro_ros_msgs/share/micro_ros_msgs/hook/cmake_prefix_path.dsv'
[1.548s] INFO:colcon.colcon_core.shell:Creating environment hook '/home/jose/microros_ws/install/micro_ros_msgs/share/micro_ros_msgs/hook/cmake_prefix_path.sh'
[1.548s] Level 1:colcon.colcon_core.environment:checking '/home/jose/microros_ws/install/micro_ros_msgs/lib'
[1.549s] Level 1:colcon.colcon_core.shell:create_environment_hook('micro_ros_msgs', 'ld_library_path_lib')
[1.549s] INFO:colcon.colcon_core.shell:Creating environment hook '/home/jose/microros_ws/install/micro_ros_msgs/share/micro_ros_msgs/hook/ld_library_path_lib.ps1'
[1.549s] INFO:colcon.colcon_core.shell:Creating environment descriptor '/home/jose/microros_ws/install/micro_ros_msgs/share/micro_ros_msgs/hook/ld_library_path_lib.dsv'
[1.549s] INFO:colcon.colcon_core.shell:Creating environment hook '/home/jose/microros_ws/install/micro_ros_msgs/share/micro_ros_msgs/hook/ld_library_path_lib.sh'
[1.550s] Level 1:colcon.colcon_core.environment:checking '/home/jose/microros_ws/install/micro_ros_msgs/bin'
[1.550s] Level 1:colcon.colcon_core.environment:checking '/home/jose/microros_ws/install/micro_ros_msgs/lib/pkgconfig/micro_ros_msgs.pc'
[1.550s] Level 1:colcon.colcon_core.environment:checking '/home/jose/microros_ws/install/micro_ros_msgs/lib/python3.10/site-packages'
[1.550s] Level 1:colcon.colcon_core.environment:checking '/home/jose/microros_ws/install/micro_ros_msgs/bin'
[1.550s] INFO:colcon.colcon_core.shell:Creating package script '/home/jose/microros_ws/install/micro_ros_msgs/share/micro_ros_msgs/package.ps1'
[1.551s] INFO:colcon.colcon_core.shell:Creating package descriptor '/home/jose/microros_ws/install/micro_ros_msgs/share/micro_ros_msgs/package.dsv'
[1.551s] INFO:colcon.colcon_core.shell:Creating package script '/home/jose/microros_ws/install/micro_ros_msgs/share/micro_ros_msgs/package.sh'
[1.552s] INFO:colcon.colcon_core.shell:Creating package script '/home/jose/microros_ws/install/micro_ros_msgs/share/micro_ros_msgs/package.bash'
[1.552s] INFO:colcon.colcon_core.shell:Creating package script '/home/jose/microros_ws/install/micro_ros_msgs/share/micro_ros_msgs/package.zsh'
[1.552s] Level 1:colcon.colcon_core.environment:create_file_with_runtime_dependencies(/home/jose/microros_ws/install/micro_ros_msgs/share/colcon-core/packages/micro_ros_msgs)
[1.553s] INFO:colcon.colcon_ros.task.ament_cmake.build:Building ROS package in '/home/jose/microros_ws/src/uros/micro-ROS-Agent/micro_ros_agent' with build type 'ament_cmake'
[1.553s] INFO:colcon.colcon_cmake.task.cmake.build:Building CMake package in '/home/jose/microros_ws/src/uros/micro-ROS-Agent/micro_ros_agent'
[1.553s] INFO:colcon.colcon_core.shell:Skip shell extension 'powershell' for command environment: Not usable outside of PowerShell
[1.553s] DEBUG:colcon.colcon_core.shell:Skip shell extension 'dsv' for command environment
[1.565s] DEBUG:colcon.colcon_core.event_handler.log_command:Invoking command in '/home/jose/microros_ws/build/micro_ros_agent': CMAKE_PREFIX_PATH=/home/jose/microros_ws/install/micro_ros_msgs:/home/jose/turtlebot3_ws/install/turtlebot3:/home/jose/turtlebot3_ws/install/turtlebot3_simulations:/home/jose/turtlebot3_ws/install/turtlebot3_bringup:/home/jose/turtlebot3_ws/install/turtlebot3_node:/home/jose/turtlebot3_ws/install/turtlebot3_navigation2:/home/jose/turtlebot3_ws/install/turtlebot3_fake_node:/home/jose/turtlebot3_ws/install/turtlebot3_msgs:/home/jose/turtlebot3_ws/install/turtlebot3_gazebo:/home/jose/turtlebot3_ws/install/turtlebot3_description:/home/jose/turtlebot3_ws/install/turtlebot3_cartographer:/home/jose/turtlebot3_ws/install/tb3_autonomy:/home/jose/microros_ws/install/micro_ros_setup:/home/jose/microros_ws/install/micro_ros_agent:/home/jose/turtlebot3_ws/install/turtlebot3_teleop:/home/jose/turtlebot3_ws/install/turtlebot3_example:/home/jose/turtlebot3_ws/install/tb3_sim:/home/jose/microros_ws/install/odin_nav:/home/jose/microros_ws/install/odin_comms:/opt/ros/humble LD_LIBRARY_PATH=/home/jose/microros_ws/install/micro_ros_msgs/lib:/home/jose/turtlebot3_ws/install/turtlebot3_msgs/lib:/home/jose/microros_ws/install/micro_ros_agent/lib:/usr/lib/x86_64-linux-gnu/gazebo-11/plugins:/opt/ros/humble/opt/rviz_ogre_vendor/lib:/opt/ros/humble/lib/x86_64-linux-gnu:/opt/ros/humble/lib /usr/bin/cmake --build /home/jose/microros_ws/build/micro_ros_agent -- -j16 -l16
[1.637s] DEBUG:colcon.colcon_core.event_handler.log_command:Invoked command in '/home/jose/microros_ws/build/micro_ros_agent' returned '0': CMAKE_PREFIX_PATH=/home/jose/microros_ws/install/micro_ros_msgs:/home/jose/turtlebot3_ws/install/turtlebot3:/home/jose/turtlebot3_ws/install/turtlebot3_simulations:/home/jose/turtlebot3_ws/install/turtlebot3_bringup:/home/jose/turtlebot3_ws/install/turtlebot3_node:/home/jose/turtlebot3_ws/install/turtlebot3_navigation2:/home/jose/turtlebot3_ws/install/turtlebot3_fake_node:/home/jose/turtlebot3_ws/install/turtlebot3_msgs:/home/jose/turtlebot3_ws/install/turtlebot3_gazebo:/home/jose/turtlebot3_ws/install/turtlebot3_description:/home/jose/turtlebot3_ws/install/turtlebot3_cartographer:/home/jose/turtlebot3_ws/install/tb3_autonomy:/home/jose/microros_ws/install/micro_ros_setup:/home/jose/microros_ws/install/micro_ros_agent:/home/jose/turtlebot3_ws/install/turtlebot3_teleop:/home/jose/turtlebot3_ws/install/turtlebot3_example:/home/jose/turtlebot3_ws/install/tb3_sim:/home/jose/microros_ws/install/odin_nav:/home/jose/microros_ws/install/odin_comms:/opt/ros/humble LD_LIBRARY_PATH=/home/jose/microros_ws/install/micro_ros_msgs/lib:/home/jose/turtlebot3_ws/install/turtlebot3_msgs/lib:/home/jose/microros_ws/install/micro_ros_agent/lib:/usr/lib/x86_64-linux-gnu/gazebo-11/plugins:/opt/ros/humble/opt/rviz_ogre_vendor/lib:/opt/ros/humble/lib/x86_64-linux-gnu:/opt/ros/humble/lib /usr/bin/cmake --build /home/jose/microros_ws/build/micro_ros_agent -- -j16 -l16
[1.676s] DEBUG:colcon.colcon_core.event_handler.log_command:Invoking command in '/home/jose/microros_ws/build/micro_ros_agent': CMAKE_PREFIX_PATH=/home/jose/microros_ws/install/micro_ros_msgs:/home/jose/turtlebot3_ws/install/turtlebot3:/home/jose/turtlebot3_ws/install/turtlebot3_simulations:/home/jose/turtlebot3_ws/install/turtlebot3_bringup:/home/jose/turtlebot3_ws/install/turtlebot3_node:/home/jose/turtlebot3_ws/install/turtlebot3_navigation2:/home/jose/turtlebot3_ws/install/turtlebot3_fake_node:/home/jose/turtlebot3_ws/install/turtlebot3_msgs:/home/jose/turtlebot3_ws/install/turtlebot3_gazebo:/home/jose/turtlebot3_ws/install/turtlebot3_description:/home/jose/turtlebot3_ws/install/turtlebot3_cartographer:/home/jose/turtlebot3_ws/install/tb3_autonomy:/home/jose/microros_ws/install/micro_ros_setup:/home/jose/microros_ws/install/micro_ros_agent:/home/jose/turtlebot3_ws/install/turtlebot3_teleop:/home/jose/turtlebot3_ws/install/turtlebot3_example:/home/jose/turtlebot3_ws/install/tb3_sim:/home/jose/microros_ws/install/odin_nav:/home/jose/microros_ws/install/odin_comms:/opt/ros/humble LD_LIBRARY_PATH=/home/jose/microros_ws/install/micro_ros_msgs/lib:/home/jose/turtlebot3_ws/install/turtlebot3_msgs/lib:/home/jose/microros_ws/install/micro_ros_agent/lib:/usr/lib/x86_64-linux-gnu/gazebo-11/plugins:/opt/ros/humble/opt/rviz_ogre_vendor/lib:/opt/ros/humble/lib/x86_64-linux-gnu:/opt/ros/humble/lib /usr/bin/cmake --install /home/jose/microros_ws/build/micro_ros_agent
[1.687s] Level 1:colcon.colcon_core.environment:create_environment_scripts_only(micro_ros_agent)
[1.688s] Level 1:colcon.colcon_core.environment:checking '/home/jose/microros_ws/install/micro_ros_agent' for CMake module files
[1.688s] DEBUG:colcon.colcon_core.event_handler.log_command:Invoked command in '/home/jose/microros_ws/build/micro_ros_agent' returned '0': CMAKE_PREFIX_PATH=/home/jose/microros_ws/install/micro_ros_msgs:/home/jose/turtlebot3_ws/install/turtlebot3:/home/jose/turtlebot3_ws/install/turtlebot3_simulations:/home/jose/turtlebot3_ws/install/turtlebot3_bringup:/home/jose/turtlebot3_ws/install/turtlebot3_node:/home/jose/turtlebot3_ws/install/turtlebot3_navigation2:/home/jose/turtlebot3_ws/install/turtlebot3_fake_node:/home/jose/turtlebot3_ws/install/turtlebot3_msgs:/home/jose/turtlebot3_ws/install/turtlebot3_gazebo:/home/jose/turtlebot3_ws/install/turtlebot3_description:/home/jose/turtlebot3_ws/install/turtlebot3_cartographer:/home/jose/turtlebot3_ws/install/tb3_autonomy:/home/jose/microros_ws/install/micro_ros_setup:/home/jose/microros_ws/install/micro_ros_agent:/home/jose/turtlebot3_ws/install/turtlebot3_teleop:/home/jose/turtlebot3_ws/install/turtlebot3_example:/home/jose/turtlebot3_ws/install/tb3_sim:/home/jose/microros_ws/install/odin_nav:/home/jose/microros_ws/install/odin_comms:/opt/ros/humble LD_LIBRARY_PATH=/home/jose/microros_ws/install/micro_ros_msgs/lib:/home/jose/turtlebot3_ws/install/turtlebot3_msgs/lib:/home/jose/microros_ws/install/micro_ros_agent/lib:/usr/lib/x86_64-linux-gnu/gazebo-11/plugins:/opt/ros/humble/opt/rviz_ogre_vendor/lib:/opt/ros/humble/lib/x86_64-linux-gnu:/opt/ros/humble/lib /usr/bin/cmake --install /home/jose/microros_ws/build/micro_ros_agent
[1.688s] Level 1:colcon.colcon_core.environment:checking '/home/jose/microros_ws/install/micro_ros_agent' for CMake config files
[1.689s] Level 1:colcon.colcon_core.shell:create_environment_hook('micro_ros_agent', 'cmake_prefix_path')
[1.689s] INFO:colcon.colcon_core.shell:Creating environment hook '/home/jose/microros_ws/install/micro_ros_agent/share/micro_ros_agent/hook/cmake_prefix_path.ps1'
[1.690s] INFO:colcon.colcon_core.shell:Creating environment descriptor '/home/jose/microros_ws/install/micro_ros_agent/share/micro_ros_agent/hook/cmake_prefix_path.dsv'
[1.690s] INFO:colcon.colcon_core.shell:Creating environment hook '/home/jose/microros_ws/install/micro_ros_agent/share/micro_ros_agent/hook/cmake_prefix_path.sh'
[1.691s] Level 1:colcon.colcon_core.environment:checking '/home/jose/microros_ws/install/micro_ros_agent/lib'
[1.691s] Level 1:colcon.colcon_core.shell:create_environment_hook('micro_ros_agent', 'ld_library_path_lib')
[1.691s] INFO:colcon.colcon_core.shell:Creating environment hook '/home/jose/microros_ws/install/micro_ros_agent/share/micro_ros_agent/hook/ld_library_path_lib.ps1'
[1.691s] INFO:colcon.colcon_core.shell:Creating environment descriptor '/home/jose/microros_ws/install/micro_ros_agent/share/micro_ros_agent/hook/ld_library_path_lib.dsv'
[1.691s] INFO:colcon.colcon_core.shell:Creating environment hook '/home/jose/microros_ws/install/micro_ros_agent/share/micro_ros_agent/hook/ld_library_path_lib.sh'
[1.692s] Level 1:colcon.colcon_core.environment:checking '/home/jose/microros_ws/install/micro_ros_agent/bin'
[1.692s] Level 1:colcon.colcon_core.environment:checking '/home/jose/microros_ws/install/micro_ros_agent/lib/pkgconfig/micro_ros_agent.pc'
[1.692s] Level 1:colcon.colcon_core.environment:checking '/home/jose/microros_ws/install/micro_ros_agent/lib/python3.10/site-packages'
[1.692s] Level 1:colcon.colcon_core.environment:checking '/home/jose/microros_ws/install/micro_ros_agent/bin'
[1.692s] INFO:colcon.colcon_core.shell:Creating package script '/home/jose/microros_ws/install/micro_ros_agent/share/micro_ros_agent/package.ps1'
[1.693s] INFO:colcon.colcon_core.shell:Creating package descriptor '/home/jose/microros_ws/install/micro_ros_agent/share/micro_ros_agent/package.dsv'
[1.693s] INFO:colcon.colcon_core.shell:Creating package script '/home/jose/microros_ws/install/micro_ros_agent/share/micro_ros_agent/package.sh'
[1.693s] INFO:colcon.colcon_core.shell:Creating package script '/home/jose/microros_ws/install/micro_ros_agent/share/micro_ros_agent/package.bash'
[1.694s] INFO:colcon.colcon_core.shell:Creating package script '/home/jose/microros_ws/install/micro_ros_agent/share/micro_ros_agent/package.zsh'
[1.694s] Level 1:colcon.colcon_core.environment:create_file_with_runtime_dependencies(/home/jose/microros_ws/install/micro_ros_agent/share/colcon-core/packages/micro_ros_agent)
[1.732s] Level 1:colcon.colcon_core.environment:create_environment_scripts_only(micro_ros_agent)
[1.733s] Level 1:colcon.colcon_core.environment:checking '/home/jose/microros_ws/install/micro_ros_agent' for CMake module files
[1.733s] Level 1:colcon.colcon_core.environment:checking '/home/jose/microros_ws/install/micro_ros_agent' for CMake config files
[1.734s] Level 1:colcon.colcon_core.shell:create_environment_hook('micro_ros_agent', 'cmake_prefix_path')
[1.734s] INFO:colcon.colcon_core.shell:Creating environment hook '/home/jose/microros_ws/install/micro_ros_agent/share/micro_ros_agent/hook/cmake_prefix_path.ps1'
[1.734s] INFO:colcon.colcon_core.shell:Creating environment descriptor '/home/jose/microros_ws/install/micro_ros_agent/share/micro_ros_agent/hook/cmake_prefix_path.dsv'
[1.735s] INFO:colcon.colcon_core.shell:Creating environment hook '/home/jose/microros_ws/install/micro_ros_agent/share/micro_ros_agent/hook/cmake_prefix_path.sh'
[1.735s] Level 1:colcon.colcon_core.environment:checking '/home/jose/microros_ws/install/micro_ros_agent/lib'
[1.735s] Level 1:colcon.colcon_core.shell:create_environment_hook('micro_ros_agent', 'ld_library_path_lib')
[1.735s] INFO:colcon.colcon_core.shell:Creating environment hook '/home/jose/microros_ws/install/micro_ros_agent/share/micro_ros_agent/hook/ld_library_path_lib.ps1'
[1.736s] INFO:colcon.colcon_core.shell:Creating environment descriptor '/home/jose/microros_ws/install/micro_ros_agent/share/micro_ros_agent/hook/ld_library_path_lib.dsv'
[1.736s] INFO:colcon.colcon_core.shell:Creating environment hook '/home/jose/microros_ws/install/micro_ros_agent/share/micro_ros_agent/hook/ld_library_path_lib.sh'
[1.736s] Level 1:colcon.colcon_core.environment:checking '/home/jose/microros_ws/install/micro_ros_agent/bin'
[1.737s] Level 1:colcon.colcon_core.environment:checking '/home/jose/microros_ws/install/micro_ros_agent/lib/pkgconfig/micro_ros_agent.pc'
[1.737s] Level 1:colcon.colcon_core.environment:checking '/home/jose/microros_ws/install/micro_ros_agent/lib/python3.10/site-packages'
[1.737s] Level 1:colcon.colcon_core.environment:checking '/home/jose/microros_ws/install/micro_ros_agent/bin'
[1.737s] INFO:colcon.colcon_core.shell:Creating package script '/home/jose/microros_ws/install/micro_ros_agent/share/micro_ros_agent/package.ps1'
[1.738s] INFO:colcon.colcon_core.shell:Creating package descriptor '/home/jose/microros_ws/install/micro_ros_agent/share/micro_ros_agent/package.dsv'
[1.739s] INFO:colcon.colcon_core.shell:Creating package script '/home/jose/microros_ws/install/micro_ros_agent/share/micro_ros_agent/package.sh'
[1.739s] INFO:colcon.colcon_core.shell:Creating package script '/home/jose/microros_ws/install/micro_ros_agent/share/micro_ros_agent/package.bash'
[1.739s] INFO:colcon.colcon_core.shell:Creating package script '/home/jose/microros_ws/install/micro_ros_agent/share/micro_ros_agent/package.zsh'
[1.740s] Level 1:colcon.colcon_core.environment:create_file_with_runtime_dependencies(/home/jose/microros_ws/install/micro_ros_agent/share/colcon-core/packages/micro_ros_agent)
[1.804s] Level 1:colcon.colcon_core.environment:checking '/home/jose/microros_ws/install/odin_nav' for CMake module files
[1.805s] DEBUG:colcon.colcon_core.event_handler.log_command:Invoked command in '/home/jose/microros_ws/src/odin_nav' returned '0': PYTHONPATH=/home/jose/microros_ws/build/odin_nav/prefix_override:/usr/lib/python3/dist-packages/colcon_core/task/python/colcon_distutils_commands:/home/jose/microros_ws/install/odin_nav/lib/python3.10/site-packages:${PYTHONPATH} /usr/bin/python3 -W ignore:setup.py install is deprecated setup.py egg_info --egg-base ../../build/odin_nav build --build-base /home/jose/microros_ws/build/odin_nav/build install --record /home/jose/microros_ws/build/odin_nav/install.log --single-version-externally-managed install_data
[1.805s] Level 1:colcon.colcon_core.environment:checking '/home/jose/microros_ws/install/odin_nav' for CMake config files
[1.806s] Level 1:colcon.colcon_core.environment:checking '/home/jose/microros_ws/install/odin_nav/lib'
[1.806s] Level 1:colcon.colcon_core.environment:checking '/home/jose/microros_ws/install/odin_nav/bin'
[1.806s] Level 1:colcon.colcon_core.environment:checking '/home/jose/microros_ws/install/odin_nav/lib/pkgconfig/odin_nav.pc'
[1.806s] Level 1:colcon.colcon_core.environment:checking '/home/jose/microros_ws/install/odin_nav/lib/python3.10/site-packages'
[1.806s] Level 1:colcon.colcon_core.shell:create_environment_hook('odin_nav', 'pythonpath')
[1.807s] INFO:colcon.colcon_core.shell:Creating environment hook '/home/jose/microros_ws/install/odin_nav/share/odin_nav/hook/pythonpath.ps1'
[1.807s] INFO:colcon.colcon_core.shell:Creating environment descriptor '/home/jose/microros_ws/install/odin_nav/share/odin_nav/hook/pythonpath.dsv'
[1.807s] INFO:colcon.colcon_core.shell:Creating environment hook '/home/jose/microros_ws/install/odin_nav/share/odin_nav/hook/pythonpath.sh'
[1.808s] Level 1:colcon.colcon_core.environment:checking '/home/jose/microros_ws/install/odin_nav/bin'
[1.808s] Level 1:colcon.colcon_core.environment:create_environment_scripts_only(odin_nav)
[1.808s] INFO:colcon.colcon_core.shell:Creating package script '/home/jose/microros_ws/install/odin_nav/share/odin_nav/package.ps1'
[1.809s] INFO:colcon.colcon_core.shell:Creating package descriptor '/home/jose/microros_ws/install/odin_nav/share/odin_nav/package.dsv'
[1.809s] INFO:colcon.colcon_core.shell:Creating package script '/home/jose/microros_ws/install/odin_nav/share/odin_nav/package.sh'
[1.810s] INFO:colcon.colcon_core.shell:Creating package script '/home/jose/microros_ws/install/odin_nav/share/odin_nav/package.bash'
[1.810s] INFO:colcon.colcon_core.shell:Creating package script '/home/jose/microros_ws/install/odin_nav/share/odin_nav/package.zsh'
[1.810s] Level 1:colcon.colcon_core.environment:create_file_with_runtime_dependencies(/home/jose/microros_ws/install/odin_nav/share/colcon-core/packages/odin_nav)
[1.812s] Level 1:colcon.colcon_core.environment:checking '/home/jose/microros_ws/install/odin_comms' for CMake module files
[1.812s] DEBUG:colcon.colcon_core.event_handler.log_command:Invoked command in '/home/jose/microros_ws/src/odin_comms' returned '0': PYTHONPATH=/home/jose/microros_ws/build/odin_comms/prefix_override:/usr/lib/python3/dist-packages/colcon_core/task/python/colcon_distutils_commands:/home/jose/microros_ws/install/odin_comms/lib/python3.10/site-packages:${PYTHONPATH} /usr/bin/python3 -W ignore:setup.py install is deprecated setup.py egg_info --egg-base ../../build/odin_comms build --build-base /home/jose/microros_ws/build/odin_comms/build install --record /home/jose/microros_ws/build/odin_comms/install.log --single-version-externally-managed install_data
[1.813s] Level 1:colcon.colcon_core.environment:checking '/home/jose/microros_ws/install/odin_comms' for CMake config files
[1.813s] Level 1:colcon.colcon_core.environment:checking '/home/jose/microros_ws/install/odin_comms/lib'
[1.813s] Level 1:colcon.colcon_core.environment:checking '/home/jose/microros_ws/install/odin_comms/bin'
[1.813s] Level 1:colcon.colcon_core.environment:checking '/home/jose/microros_ws/install/odin_comms/lib/pkgconfig/odin_comms.pc'
[1.813s] Level 1:colcon.colcon_core.environment:checking '/home/jose/microros_ws/install/odin_comms/lib/python3.10/site-packages'
[1.813s] Level 1:colcon.colcon_core.shell:create_environment_hook('odin_comms', 'pythonpath')
[1.814s] INFO:colcon.colcon_core.shell:Creating environment hook '/home/jose/microros_ws/install/odin_comms/share/odin_comms/hook/pythonpath.ps1'
[1.814s] INFO:colcon.colcon_core.shell:Creating environment descriptor '/home/jose/microros_ws/install/odin_comms/share/odin_comms/hook/pythonpath.dsv'
[1.814s] INFO:colcon.colcon_core.shell:Creating environment hook '/home/jose/microros_ws/install/odin_comms/share/odin_comms/hook/pythonpath.sh'
[1.815s] Level 1:colcon.colcon_core.environment:checking '/home/jose/microros_ws/install/odin_comms/bin'
[1.815s] Level 1:colcon.colcon_core.environment:create_environment_scripts_only(odin_comms)
[1.815s] INFO:colcon.colcon_core.shell:Creating package script '/home/jose/microros_ws/install/odin_comms/share/odin_comms/package.ps1'
[1.815s] INFO:colcon.colcon_core.shell:Creating package descriptor '/home/jose/microros_ws/install/odin_comms/share/odin_comms/package.dsv'
[1.816s] INFO:colcon.colcon_core.shell:Creating package script '/home/jose/microros_ws/install/odin_comms/share/odin_comms/package.sh'
[1.816s] INFO:colcon.colcon_core.shell:Creating package script '/home/jose/microros_ws/install/odin_comms/share/odin_comms/package.bash'
[1.816s] INFO:colcon.colcon_core.shell:Creating package script '/home/jose/microros_ws/install/odin_comms/share/odin_comms/package.zsh'
[1.817s] Level 1:colcon.colcon_core.environment:create_file_with_runtime_dependencies(/home/jose/microros_ws/install/odin_comms/share/colcon-core/packages/odin_comms)
[1.817s] DEBUG:colcon.colcon_parallel_executor.executor.parallel:closing loop
[1.817s] DEBUG:colcon.colcon_parallel_executor.executor.parallel:loop closed
[1.817s] DEBUG:colcon.colcon_parallel_executor.executor.parallel:run_until_complete finished with '0'
[1.817s] DEBUG:colcon.colcon_core.event_reactor:joining thread
[1.822s] INFO:colcon.colcon_core.plugin_system:Skipping extension 'colcon_notification.desktop_notification.terminal_notifier': Not used on non-Darwin systems
[1.822s] INFO:colcon.colcon_core.plugin_system:Skipping extension 'colcon_notification.desktop_notification.win32': Not used on non-Windows systems
[1.822s] INFO:colcon.colcon_notification.desktop_notification:Sending desktop notification using 'notify2'
[1.833s] DEBUG:colcon.colcon_core.event_reactor:joined thread
[1.833s] INFO:colcon.colcon_core.shell:Creating prefix script '/home/jose/microros_ws/install/local_setup.ps1'
[1.834s] INFO:colcon.colcon_core.shell:Creating prefix util module '/home/jose/microros_ws/install/_local_setup_util_ps1.py'
[1.835s] INFO:colcon.colcon_core.shell:Creating prefix chain script '/home/jose/microros_ws/install/setup.ps1'
[1.837s] INFO:colcon.colcon_core.shell:Creating prefix script '/home/jose/microros_ws/install/local_setup.sh'
[1.837s] INFO:colcon.colcon_core.shell:Creating prefix util module '/home/jose/microros_ws/install/_local_setup_util_sh.py'
[1.838s] INFO:colcon.colcon_core.shell:Creating prefix chain script '/home/jose/microros_ws/install/setup.sh'
[1.839s] INFO:colcon.colcon_core.shell:Creating prefix script '/home/jose/microros_ws/install/local_setup.bash'
[1.839s] INFO:colcon.colcon_core.shell:Creating prefix chain script '/home/jose/microros_ws/install/setup.bash'
[1.841s] INFO:colcon.colcon_core.shell:Creating prefix script '/home/jose/microros_ws/install/local_setup.zsh'
[1.841s] INFO:colcon.colcon_core.shell:Creating prefix chain script '/home/jose/microros_ws/install/setup.zsh'
