[0.029s] Invoking command in '/home/jose/microros_ws/build/navigation_bot_06': CMAKE_PREFIX_PATH=${CMAKE_PREFIX_PATH}:/home/jose/microros_ws/install/odin_nav:/home/jose/microros_ws/install/odin_comms:/opt/ros/humble /usr/bin/cmake --build /home/jose/microros_ws/build/navigation_bot_06 -- -j16 -l16
[0.462s] Invoked command in '/home/jose/microros_ws/build/navigation_bot_06' returned '0': CMAKE_PREFIX_PATH=${CMAKE_PREFIX_PATH}:/home/jose/microros_ws/install/odin_nav:/home/jose/microros_ws/install/odin_comms:/opt/ros/humble /usr/bin/cmake --build /home/jose/microros_ws/build/navigation_bot_06 -- -j16 -l16
[0.490s] Invoking command in '/home/jose/microros_ws/build/navigation_bot_06': CMAKE_PREFIX_PATH=${CMAKE_PREFIX_PATH}:/home/jose/microros_ws/install/odin_nav:/home/jose/microros_ws/install/odin_comms:/opt/ros/humble /usr/bin/cmake --install /home/jose/microros_ws/build/navigation_bot_06
[0.496s] -- Install configuration: ""
[0.496s] -- Up-to-date: /home/jose/microros_ws/install/navigation_bot_06/share/navigation_bot_06/..
[0.497s] -- Up-to-date: /home/jose/microros_ws/install/navigation_bot_06/share/navigation_bot_06/../odin_nav
[0.497s] -- Up-to-date: /home/jose/microros_ws/install/navigation_bot_06/share/navigation_bot_06/../odin_nav/odin_nav
[0.497s] -- Up-to-date: /home/jose/microros_ws/install/navigation_bot_06/share/navigation_bot_06/../odin_nav/odin_nav/__init__.py
[0.497s] -- Up-to-date: /home/jose/microros_ws/install/navigation_bot_06/share/navigation_bot_06/../odin_nav/odin_nav/map_pub.py
[0.498s] -- Up-to-date: /home/jose/microros_ws/install/navigation_bot_06/share/navigation_bot_06/../odin_nav/setup.py
[0.498s] -- Up-to-date: /home/jose/microros_ws/install/navigation_bot_06/share/navigation_bot_06/../odin_nav/config
[0.498s] -- Installing: /home/jose/microros_ws/install/navigation_bot_06/share/navigation_bot_06/../odin_nav/config/nav2_params.yaml
[0.498s] -- Up-to-date: /home/jose/microros_ws/install/navigation_bot_06/share/navigation_bot_06/../odin_nav/config/ekf.yaml
[0.498s] -- Up-to-date: /home/jose/microros_ws/install/navigation_bot_06/share/navigation_bot_06/../odin_nav/rviz
[0.498s] -- Up-to-date: /home/jose/microros_ws/install/navigation_bot_06/share/navigation_bot_06/../odin_nav/rviz/urdf_config.rviz
[0.498s] -- Up-to-date: /home/jose/microros_ws/install/navigation_bot_06/share/navigation_bot_06/../odin_nav/test
[0.498s] -- Up-to-date: /home/jose/microros_ws/install/navigation_bot_06/share/navigation_bot_06/../odin_nav/test/test_flake8.py
[0.498s] -- Up-to-date: /home/jose/microros_ws/install/navigation_bot_06/share/navigation_bot_06/../odin_nav/test/test_pep257.py
[0.498s] -- Up-to-date: /home/jose/microros_ws/install/navigation_bot_06/share/navigation_bot_06/../odin_nav/test/test_copyright.py
[0.498s] -- Up-to-date: /home/jose/microros_ws/install/navigation_bot_06/share/navigation_bot_06/../odin_nav/share
[0.498s] -- Up-to-date: /home/jose/microros_ws/install/navigation_bot_06/share/navigation_bot_06/../odin_nav/setup.cfg
[0.498s] -- Up-to-date: /home/jose/microros_ws/install/navigation_bot_06/share/navigation_bot_06/../odin_nav/resource
[0.498s] -- Up-to-date: /home/jose/microros_ws/install/navigation_bot_06/share/navigation_bot_06/../odin_nav/resource/odin_nav
[0.499s] -- Up-to-date: /home/jose/microros_ws/install/navigation_bot_06/share/navigation_bot_06/../odin_nav/launch
[0.499s] -- Installing: /home/jose/microros_ws/install/navigation_bot_06/share/navigation_bot_06/../odin_nav/launch/display.launch.py
[0.499s] -- Up-to-date: /home/jose/microros_ws/install/navigation_bot_06/share/navigation_bot_06/../odin_nav/package.xml
[0.499s] -- Up-to-date: /home/jose/microros_ws/install/navigation_bot_06/share/navigation_bot_06/../uros
[0.499s] -- Up-to-date: /home/jose/microros_ws/install/navigation_bot_06/share/navigation_bot_06/../uros/micro-ROS-Agent
[0.499s] -- Up-to-date: /home/jose/microros_ws/install/navigation_bot_06/share/navigation_bot_06/../uros/micro-ROS-Agent/3rd-party-licenses.txt
[0.499s] -- Up-to-date: /home/jose/microros_ws/install/navigation_bot_06/share/navigation_bot_06/../uros/micro-ROS-Agent/.github
[0.499s] -- Up-to-date: /home/jose/microros_ws/install/navigation_bot_06/share/navigation_bot_06/../uros/micro-ROS-Agent/.github/ISSUE_TEMPLATE
[0.499s] -- Up-to-date: /home/jose/microros_ws/install/navigation_bot_06/share/navigation_bot_06/../uros/micro-ROS-Agent/.github/ISSUE_TEMPLATE/bug_report.md
[0.499s] -- Up-to-date: /home/jose/microros_ws/install/navigation_bot_06/share/navigation_bot_06/../uros/micro-ROS-Agent/.github/ISSUE_TEMPLATE/general-issue.md
[0.499s] -- Up-to-date: /home/jose/microros_ws/install/navigation_bot_06/share/navigation_bot_06/../uros/micro-ROS-Agent/.github/workflows
[0.500s] -- Up-to-date: /home/jose/microros_ws/install/navigation_bot_06/share/navigation_bot_06/../uros/micro-ROS-Agent/.github/workflows/ci.yml
[0.500s] -- Up-to-date: /home/jose/microros_ws/install/navigation_bot_06/share/navigation_bot_06/../uros/micro-ROS-Agent/NOTICE
[0.500s] -- Up-to-date: /home/jose/microros_ws/install/navigation_bot_06/share/navigation_bot_06/../uros/micro-ROS-Agent/snap
[0.500s] -- Up-to-date: /home/jose/microros_ws/install/navigation_bot_06/share/navigation_bot_06/../uros/micro-ROS-Agent/snap/snapcraft.yaml
[0.500s] -- Up-to-date: /home/jose/microros_ws/install/navigation_bot_06/share/navigation_bot_06/../uros/micro-ROS-Agent/snap/local
[0.500s] -- Up-to-date: /home/jose/microros_ws/install/navigation_bot_06/share/navigation_bot_06/../uros/micro-ROS-Agent/snap/local/fastdds_no_shared_memory.xml
[0.500s] -- Up-to-date: /home/jose/microros_ws/install/navigation_bot_06/share/navigation_bot_06/../uros/micro-ROS-Agent/snap/local/micro-ros-agent-daemon
[0.500s] -- Up-to-date: /home/jose/microros_ws/install/navigation_bot_06/share/navigation_bot_06/../uros/micro-ROS-Agent/snap/hooks
[0.500s] -- Up-to-date: /home/jose/microros_ws/install/navigation_bot_06/share/navigation_bot_06/../uros/micro-ROS-Agent/snap/hooks/configure
[0.500s] -- Up-to-date: /home/jose/microros_ws/install/navigation_bot_06/share/navigation_bot_06/../uros/micro-ROS-Agent/snap/hooks/install
[0.501s] -- Up-to-date: /home/jose/microros_ws/install/navigation_bot_06/share/navigation_bot_06/../uros/micro-ROS-Agent/.git
[0.501s] -- Up-to-date: /home/jose/microros_ws/install/navigation_bot_06/share/navigation_bot_06/../uros/micro-ROS-Agent/.git/description
[0.501s] -- Up-to-date: /home/jose/microros_ws/install/navigation_bot_06/share/navigation_bot_06/../uros/micro-ROS-Agent/.git/logs
[0.501s] -- Up-to-date: /home/jose/microros_ws/install/navigation_bot_06/share/navigation_bot_06/../uros/micro-ROS-Agent/.git/logs/refs
[0.501s] -- Up-to-date: /home/jose/microros_ws/install/navigation_bot_06/share/navigation_bot_06/../uros/micro-ROS-Agent/.git/logs/refs/heads
[0.501s] -- Up-to-date: /home/jose/microros_ws/install/navigation_bot_06/share/navigation_bot_06/../uros/micro-ROS-Agent/.git/logs/refs/heads/humble
[0.501s] -- Up-to-date: /home/jose/microros_ws/install/navigation_bot_06/share/navigation_bot_06/../uros/micro-ROS-Agent/.git/logs/refs/remotes
[0.501s] -- Up-to-date: /home/jose/microros_ws/install/navigation_bot_06/share/navigation_bot_06/../uros/micro-ROS-Agent/.git/logs/refs/remotes/origin
[0.502s] -- Up-to-date: /home/jose/microros_ws/install/navigation_bot_06/share/navigation_bot_06/../uros/micro-ROS-Agent/.git/logs/refs/remotes/origin/HEAD
[0.502s] -- Up-to-date: /home/jose/microros_ws/install/navigation_bot_06/share/navigation_bot_06/../uros/micro-ROS-Agent/.git/logs/HEAD
[0.502s] -- Up-to-date: /home/jose/microros_ws/install/navigation_bot_06/share/navigation_bot_06/../uros/micro-ROS-Agent/.git/config
[0.502s] -- Up-to-date: /home/jose/microros_ws/install/navigation_bot_06/share/navigation_bot_06/../uros/micro-ROS-Agent/.git/refs
[0.502s] -- Up-to-date: /home/jose/microros_ws/install/navigation_bot_06/share/navigation_bot_06/../uros/micro-ROS-Agent/.git/refs/tags
[0.502s] -- Up-to-date: /home/jose/microros_ws/install/navigation_bot_06/share/navigation_bot_06/../uros/micro-ROS-Agent/.git/refs/heads
[0.502s] -- Up-to-date: /home/jose/microros_ws/install/navigation_bot_06/share/navigation_bot_06/../uros/micro-ROS-Agent/.git/refs/heads/humble
[0.503s] -- Up-to-date: /home/jose/microros_ws/install/navigation_bot_06/share/navigation_bot_06/../uros/micro-ROS-Agent/.git/refs/remotes
[0.503s] -- Up-to-date: /home/jose/microros_ws/install/navigation_bot_06/share/navigation_bot_06/../uros/micro-ROS-Agent/.git/refs/remotes/origin
[0.503s] -- Up-to-date: /home/jose/microros_ws/install/navigation_bot_06/share/navigation_bot_06/../uros/micro-ROS-Agent/.git/refs/remotes/origin/HEAD
[0.503s] -- Up-to-date: /home/jose/microros_ws/install/navigation_bot_06/share/navigation_bot_06/../uros/micro-ROS-Agent/.git/branches
[0.503s] -- Up-to-date: /home/jose/microros_ws/install/navigation_bot_06/share/navigation_bot_06/../uros/micro-ROS-Agent/.git/objects
[0.503s] -- Up-to-date: /home/jose/microros_ws/install/navigation_bot_06/share/navigation_bot_06/../uros/micro-ROS-Agent/.git/objects/pack
[0.503s] -- Up-to-date: /home/jose/microros_ws/install/navigation_bot_06/share/navigation_bot_06/../uros/micro-ROS-Agent/.git/objects/pack/pack-ee8a8fa19d25baa759ae22fdeb7ad4e178df3e32.pack
[0.503s] -- Up-to-date: /home/jose/microros_ws/install/navigation_bot_06/share/navigation_bot_06/../uros/micro-ROS-Agent/.git/objects/pack/pack-ee8a8fa19d25baa759ae22fdeb7ad4e178df3e32.idx
[0.503s] -- Up-to-date: /home/jose/microros_ws/install/navigation_bot_06/share/navigation_bot_06/../uros/micro-ROS-Agent/.git/objects/info
[0.503s] -- Up-to-date: /home/jose/microros_ws/install/navigation_bot_06/share/navigation_bot_06/../uros/micro-ROS-Agent/.git/packed-refs
[0.504s] -- Up-to-date: /home/jose/microros_ws/install/navigation_bot_06/share/navigation_bot_06/../uros/micro-ROS-Agent/.git/info
[0.504s] -- Up-to-date: /home/jose/microros_ws/install/navigation_bot_06/share/navigation_bot_06/../uros/micro-ROS-Agent/.git/info/exclude
[0.504s] -- Up-to-date: /home/jose/microros_ws/install/navigation_bot_06/share/navigation_bot_06/../uros/micro-ROS-Agent/.git/hooks
[0.504s] -- Up-to-date: /home/jose/microros_ws/install/navigation_bot_06/share/navigation_bot_06/../uros/micro-ROS-Agent/.git/hooks/prepare-commit-msg.sample
[0.504s] -- Up-to-date: /home/jose/microros_ws/install/navigation_bot_06/share/navigation_bot_06/../uros/micro-ROS-Agent/.git/hooks/pre-push.sample
[0.504s] -- Up-to-date: /home/jose/microros_ws/install/navigation_bot_06/share/navigation_bot_06/../uros/micro-ROS-Agent/.git/hooks/pre-receive.sample
[0.504s] -- Up-to-date: /home/jose/microros_ws/install/navigation_bot_06/share/navigation_bot_06/../uros/micro-ROS-Agent/.git/hooks/pre-merge-commit.sample
[0.504s] -- Up-to-date: /home/jose/microros_ws/install/navigation_bot_06/share/navigation_bot_06/../uros/micro-ROS-Agent/.git/hooks/fsmonitor-watchman.sample
[0.504s] -- Up-to-date: /home/jose/microros_ws/install/navigation_bot_06/share/navigation_bot_06/../uros/micro-ROS-Agent/.git/hooks/applypatch-msg.sample
[0.504s] -- Up-to-date: /home/jose/microros_ws/install/navigation_bot_06/share/navigation_bot_06/../uros/micro-ROS-Agent/.git/hooks/pre-commit.sample
[0.504s] -- Up-to-date: /home/jose/microros_ws/install/navigation_bot_06/share/navigation_bot_06/../uros/micro-ROS-Agent/.git/hooks/update.sample
[0.504s] -- Up-to-date: /home/jose/microros_ws/install/navigation_bot_06/share/navigation_bot_06/../uros/micro-ROS-Agent/.git/hooks/commit-msg.sample
[0.504s] -- Up-to-date: /home/jose/microros_ws/install/navigation_bot_06/share/navigation_bot_06/../uros/micro-ROS-Agent/.git/hooks/push-to-checkout.sample
[0.504s] -- Up-to-date: /home/jose/microros_ws/install/navigation_bot_06/share/navigation_bot_06/../uros/micro-ROS-Agent/.git/hooks/pre-rebase.sample
[0.504s] -- Up-to-date: /home/jose/microros_ws/install/navigation_bot_06/share/navigation_bot_06/../uros/micro-ROS-Agent/.git/hooks/post-update.sample
[0.504s] -- Up-to-date: /home/jose/microros_ws/install/navigation_bot_06/share/navigation_bot_06/../uros/micro-ROS-Agent/.git/hooks/pre-applypatch.sample
[0.504s] -- Up-to-date: /home/jose/microros_ws/install/navigation_bot_06/share/navigation_bot_06/../uros/micro-ROS-Agent/.git/HEAD
[0.504s] -- Up-to-date: /home/jose/microros_ws/install/navigation_bot_06/share/navigation_bot_06/../uros/micro-ROS-Agent/.git/index
[0.505s] -- Up-to-date: /home/jose/microros_ws/install/navigation_bot_06/share/navigation_bot_06/../uros/micro-ROS-Agent/LICENSE
[0.505s] -- Up-to-date: /home/jose/microros_ws/install/navigation_bot_06/share/navigation_bot_06/../uros/micro-ROS-Agent/CONTRIBUTING.md
[0.505s] -- Up-to-date: /home/jose/microros_ws/install/navigation_bot_06/share/navigation_bot_06/../uros/micro-ROS-Agent/micro_ros_agent
[0.505s] -- Up-to-date: /home/jose/microros_ws/install/navigation_bot_06/share/navigation_bot_06/../uros/micro-ROS-Agent/micro_ros_agent/include
[0.505s] -- Up-to-date: /home/jose/microros_ws/install/navigation_bot_06/share/navigation_bot_06/../uros/micro-ROS-Agent/micro_ros_agent/include/agent
[0.505s] -- Up-to-date: /home/jose/microros_ws/install/navigation_bot_06/share/navigation_bot_06/../uros/micro-ROS-Agent/micro_ros_agent/include/agent/graph_manager
[0.505s] -- Up-to-date: /home/jose/microros_ws/install/navigation_bot_06/share/navigation_bot_06/../uros/micro-ROS-Agent/micro_ros_agent/include/agent/graph_manager/graph_typesupport.hpp
[0.505s] -- Up-to-date: /home/jose/microros_ws/install/navigation_bot_06/share/navigation_bot_06/../uros/micro-ROS-Agent/micro_ros_agent/include/agent/graph_manager/graph_manager.hpp
[0.505s] -- Up-to-date: /home/jose/microros_ws/install/navigation_bot_06/share/navigation_bot_06/../uros/micro-ROS-Agent/micro_ros_agent/include/agent/Agent.hpp
[0.505s] -- Up-to-date: /home/jose/microros_ws/install/navigation_bot_06/share/navigation_bot_06/../uros/micro-ROS-Agent/micro_ros_agent/include/agent/utils
[0.505s] -- Up-to-date: /home/jose/microros_ws/install/navigation_bot_06/share/navigation_bot_06/../uros/micro-ROS-Agent/micro_ros_agent/include/agent/utils/demangle.hpp
[0.506s] -- Up-to-date: /home/jose/microros_ws/install/navigation_bot_06/share/navigation_bot_06/../uros/micro-ROS-Agent/micro_ros_agent/cmake
[0.506s] -- Up-to-date: /home/jose/microros_ws/install/navigation_bot_06/share/navigation_bot_06/../uros/micro-ROS-Agent/micro_ros_agent/cmake/SuperBuild.cmake
[0.506s] -- Up-to-date: /home/jose/microros_ws/install/navigation_bot_06/share/navigation_bot_06/../uros/micro-ROS-Agent/micro_ros_agent/CMakeLists.txt
[0.506s] -- Up-to-date: /home/jose/microros_ws/install/navigation_bot_06/share/navigation_bot_06/../uros/micro-ROS-Agent/micro_ros_agent/bin
[0.506s] -- Up-to-date: /home/jose/microros_ws/install/navigation_bot_06/share/navigation_bot_06/../uros/micro-ROS-Agent/micro_ros_agent/bin/Xml_read_default_profiles.py
[0.506s] -- Up-to-date: /home/jose/microros_ws/install/navigation_bot_06/share/navigation_bot_06/../uros/micro-ROS-Agent/micro_ros_agent/bin/Xml_interface_gen.py
[0.506s] -- Up-to-date: /home/jose/microros_ws/install/navigation_bot_06/share/navigation_bot_06/../uros/micro-ROS-Agent/micro_ros_agent/resource
[0.506s] -- Up-to-date: /home/jose/microros_ws/install/navigation_bot_06/share/navigation_bot_06/../uros/micro-ROS-Agent/micro_ros_agent/resource/rclcpp.xml
[0.506s] -- Up-to-date: /home/jose/microros_ws/install/navigation_bot_06/share/navigation_bot_06/../uros/micro-ROS-Agent/micro_ros_agent/resource/StaticValues.xml
[0.506s] -- Up-to-date: /home/jose/microros_ws/install/navigation_bot_06/share/navigation_bot_06/../uros/micro-ROS-Agent/micro_ros_agent/utils
[0.506s] -- Up-to-date: /home/jose/microros_ws/install/navigation_bot_06/share/navigation_bot_06/../uros/micro-ROS-Agent/micro_ros_agent/utils/__init__.py
[0.506s] -- Up-to-date: /home/jose/microros_ws/install/navigation_bot_06/share/navigation_bot_06/../uros/micro-ROS-Agent/micro_ros_agent/README.md
[0.506s] -- Up-to-date: /home/jose/microros_ws/install/navigation_bot_06/share/navigation_bot_06/../uros/micro-ROS-Agent/micro_ros_agent/launch
[0.506s] -- Up-to-date: /home/jose/microros_ws/install/navigation_bot_06/share/navigation_bot_06/../uros/micro-ROS-Agent/micro_ros_agent/launch/micro_ros_agent_launch.py
[0.506s] -- Up-to-date: /home/jose/microros_ws/install/navigation_bot_06/share/navigation_bot_06/../uros/micro-ROS-Agent/micro_ros_agent/CHANGELOG.rst
[0.506s] -- Up-to-date: /home/jose/microros_ws/install/navigation_bot_06/share/navigation_bot_06/../uros/micro-ROS-Agent/micro_ros_agent/src
[0.507s] -- Up-to-date: /home/jose/microros_ws/install/navigation_bot_06/share/navigation_bot_06/../uros/micro-ROS-Agent/micro_ros_agent/src/agent
[0.507s] -- Up-to-date: /home/jose/microros_ws/install/navigation_bot_06/share/navigation_bot_06/../uros/micro-ROS-Agent/micro_ros_agent/src/agent/graph_manager
[0.507s] -- Up-to-date: /home/jose/microros_ws/install/navigation_bot_06/share/navigation_bot_06/../uros/micro-ROS-Agent/micro_ros_agent/src/agent/graph_manager/graph_typesupport.cpp
[0.507s] -- Up-to-date: /home/jose/microros_ws/install/navigation_bot_06/share/navigation_bot_06/../uros/micro-ROS-Agent/micro_ros_agent/src/agent/graph_manager/graph_manager.cpp
[0.507s] -- Up-to-date: /home/jose/microros_ws/install/navigation_bot_06/share/navigation_bot_06/../uros/micro-ROS-Agent/micro_ros_agent/src/agent/utils
[0.507s] -- Up-to-date: /home/jose/microros_ws/install/navigation_bot_06/share/navigation_bot_06/../uros/micro-ROS-Agent/micro_ros_agent/src/agent/utils/demangle.cpp
[0.507s] -- Up-to-date: /home/jose/microros_ws/install/navigation_bot_06/share/navigation_bot_06/../uros/micro-ROS-Agent/micro_ros_agent/src/agent/Agent.cpp
[0.507s] -- Up-to-date: /home/jose/microros_ws/install/navigation_bot_06/share/navigation_bot_06/../uros/micro-ROS-Agent/micro_ros_agent/src/main.cpp
[0.507s] -- Up-to-date: /home/jose/microros_ws/install/navigation_bot_06/share/navigation_bot_06/../uros/micro-ROS-Agent/micro_ros_agent/package.xml
[0.507s] -- Up-to-date: /home/jose/microros_ws/install/navigation_bot_06/share/navigation_bot_06/../uros/micro-ROS-Agent/README.md
[0.507s] -- Up-to-date: /home/jose/microros_ws/install/navigation_bot_06/share/navigation_bot_06/../uros/micro-ROS-Agent/.gitignore
[0.507s] -- Up-to-date: /home/jose/microros_ws/install/navigation_bot_06/share/navigation_bot_06/../uros/micro_ros_msgs
[0.507s] -- Up-to-date: /home/jose/microros_ws/install/navigation_bot_06/share/navigation_bot_06/../uros/micro_ros_msgs/.github
[0.507s] -- Up-to-date: /home/jose/microros_ws/install/navigation_bot_06/share/navigation_bot_06/../uros/micro_ros_msgs/.github/ISSUE_TEMPLATE
[0.507s] -- Up-to-date: /home/jose/microros_ws/install/navigation_bot_06/share/navigation_bot_06/../uros/micro_ros_msgs/.github/ISSUE_TEMPLATE/general-issue.md
[0.508s] -- Up-to-date: /home/jose/microros_ws/install/navigation_bot_06/share/navigation_bot_06/../uros/micro_ros_msgs/CMakeLists.txt
[0.508s] -- Up-to-date: /home/jose/microros_ws/install/navigation_bot_06/share/navigation_bot_06/../uros/micro_ros_msgs/.git
[0.508s] -- Up-to-date: /home/jose/microros_ws/install/navigation_bot_06/share/navigation_bot_06/../uros/micro_ros_msgs/.git/description
[0.508s] -- Up-to-date: /home/jose/microros_ws/install/navigation_bot_06/share/navigation_bot_06/../uros/micro_ros_msgs/.git/logs
[0.508s] -- Up-to-date: /home/jose/microros_ws/install/navigation_bot_06/share/navigation_bot_06/../uros/micro_ros_msgs/.git/logs/refs
[0.508s] -- Up-to-date: /home/jose/microros_ws/install/navigation_bot_06/share/navigation_bot_06/../uros/micro_ros_msgs/.git/logs/refs/heads
[0.508s] -- Up-to-date: /home/jose/microros_ws/install/navigation_bot_06/share/navigation_bot_06/../uros/micro_ros_msgs/.git/logs/refs/heads/humble
[0.508s] -- Up-to-date: /home/jose/microros_ws/install/navigation_bot_06/share/navigation_bot_06/../uros/micro_ros_msgs/.git/logs/refs/remotes
[0.508s] -- Up-to-date: /home/jose/microros_ws/install/navigation_bot_06/share/navigation_bot_06/../uros/micro_ros_msgs/.git/logs/refs/remotes/origin
[0.508s] -- Up-to-date: /home/jose/microros_ws/install/navigation_bot_06/share/navigation_bot_06/../uros/micro_ros_msgs/.git/logs/refs/remotes/origin/HEAD
[0.508s] -- Up-to-date: /home/jose/microros_ws/install/navigation_bot_06/share/navigation_bot_06/../uros/micro_ros_msgs/.git/logs/HEAD
[0.508s] -- Up-to-date: /home/jose/microros_ws/install/navigation_bot_06/share/navigation_bot_06/../uros/micro_ros_msgs/.git/config
[0.508s] -- Up-to-date: /home/jose/microros_ws/install/navigation_bot_06/share/navigation_bot_06/../uros/micro_ros_msgs/.git/refs
[0.508s] -- Up-to-date: /home/jose/microros_ws/install/navigation_bot_06/share/navigation_bot_06/../uros/micro_ros_msgs/.git/refs/tags
[0.509s] -- Up-to-date: /home/jose/microros_ws/install/navigation_bot_06/share/navigation_bot_06/../uros/micro_ros_msgs/.git/refs/heads
[0.509s] -- Up-to-date: /home/jose/microros_ws/install/navigation_bot_06/share/navigation_bot_06/../uros/micro_ros_msgs/.git/refs/heads/humble
[0.509s] -- Up-to-date: /home/jose/microros_ws/install/navigation_bot_06/share/navigation_bot_06/../uros/micro_ros_msgs/.git/refs/remotes
[0.509s] -- Up-to-date: /home/jose/microros_ws/install/navigation_bot_06/share/navigation_bot_06/../uros/micro_ros_msgs/.git/refs/remotes/origin
[0.509s] -- Up-to-date: /home/jose/microros_ws/install/navigation_bot_06/share/navigation_bot_06/../uros/micro_ros_msgs/.git/refs/remotes/origin/HEAD
[0.509s] -- Up-to-date: /home/jose/microros_ws/install/navigation_bot_06/share/navigation_bot_06/../uros/micro_ros_msgs/.git/branches
[0.509s] -- Up-to-date: /home/jose/microros_ws/install/navigation_bot_06/share/navigation_bot_06/../uros/micro_ros_msgs/.git/objects
[0.509s] -- Up-to-date: /home/jose/microros_ws/install/navigation_bot_06/share/navigation_bot_06/../uros/micro_ros_msgs/.git/objects/pack
[0.509s] -- Up-to-date: /home/jose/microros_ws/install/navigation_bot_06/share/navigation_bot_06/../uros/micro_ros_msgs/.git/objects/pack/pack-ea92f76aeb073444a767e7581e2fc4c9a0120dd1.pack
[0.509s] -- Up-to-date: /home/jose/microros_ws/install/navigation_bot_06/share/navigation_bot_06/../uros/micro_ros_msgs/.git/objects/pack/pack-ea92f76aeb073444a767e7581e2fc4c9a0120dd1.idx
[0.509s] -- Up-to-date: /home/jose/microros_ws/install/navigation_bot_06/share/navigation_bot_06/../uros/micro_ros_msgs/.git/objects/info
[0.509s] -- Up-to-date: /home/jose/microros_ws/install/navigation_bot_06/share/navigation_bot_06/../uros/micro_ros_msgs/.git/packed-refs
[0.510s] -- Up-to-date: /home/jose/microros_ws/install/navigation_bot_06/share/navigation_bot_06/../uros/micro_ros_msgs/.git/info
[0.510s] -- Up-to-date: /home/jose/microros_ws/install/navigation_bot_06/share/navigation_bot_06/../uros/micro_ros_msgs/.git/info/exclude
[0.510s] -- Up-to-date: /home/jose/microros_ws/install/navigation_bot_06/share/navigation_bot_06/../uros/micro_ros_msgs/.git/hooks
[0.510s] -- Up-to-date: /home/jose/microros_ws/install/navigation_bot_06/share/navigation_bot_06/../uros/micro_ros_msgs/.git/hooks/prepare-commit-msg.sample
[0.510s] -- Up-to-date: /home/jose/microros_ws/install/navigation_bot_06/share/navigation_bot_06/../uros/micro_ros_msgs/.git/hooks/pre-push.sample
[0.510s] -- Up-to-date: /home/jose/microros_ws/install/navigation_bot_06/share/navigation_bot_06/../uros/micro_ros_msgs/.git/hooks/pre-receive.sample
[0.510s] -- Up-to-date: /home/jose/microros_ws/install/navigation_bot_06/share/navigation_bot_06/../uros/micro_ros_msgs/.git/hooks/pre-merge-commit.sample
[0.510s] -- Up-to-date: /home/jose/microros_ws/install/navigation_bot_06/share/navigation_bot_06/../uros/micro_ros_msgs/.git/hooks/fsmonitor-watchman.sample
[0.511s] -- Up-to-date: /home/jose/microros_ws/install/navigation_bot_06/share/navigation_bot_06/../uros/micro_ros_msgs/.git/hooks/applypatch-msg.sample
[0.511s] -- Up-to-date: /home/jose/microros_ws/install/navigation_bot_06/share/navigation_bot_06/../uros/micro_ros_msgs/.git/hooks/pre-commit.sample
[0.511s] -- Up-to-date: /home/jose/microros_ws/install/navigation_bot_06/share/navigation_bot_06/../uros/micro_ros_msgs/.git/hooks/update.sample
[0.511s] -- Up-to-date: /home/jose/microros_ws/install/navigation_bot_06/share/navigation_bot_06/../uros/micro_ros_msgs/.git/hooks/commit-msg.sample
[0.511s] -- Up-to-date: /home/jose/microros_ws/install/navigation_bot_06/share/navigation_bot_06/../uros/micro_ros_msgs/.git/hooks/push-to-checkout.sample
[0.511s] -- Up-to-date: /home/jose/microros_ws/install/navigation_bot_06/share/navigation_bot_06/../uros/micro_ros_msgs/.git/hooks/pre-rebase.sample
[0.511s] -- Up-to-date: /home/jose/microros_ws/install/navigation_bot_06/share/navigation_bot_06/../uros/micro_ros_msgs/.git/hooks/post-update.sample
[0.511s] -- Up-to-date: /home/jose/microros_ws/install/navigation_bot_06/share/navigation_bot_06/../uros/micro_ros_msgs/.git/hooks/pre-applypatch.sample
[0.511s] -- Up-to-date: /home/jose/microros_ws/install/navigation_bot_06/share/navigation_bot_06/../uros/micro_ros_msgs/.git/HEAD
[0.511s] -- Up-to-date: /home/jose/microros_ws/install/navigation_bot_06/share/navigation_bot_06/../uros/micro_ros_msgs/.git/index
[0.512s] -- Up-to-date: /home/jose/microros_ws/install/navigation_bot_06/share/navigation_bot_06/../uros/micro_ros_msgs/LICENSE
[0.512s] -- Up-to-date: /home/jose/microros_ws/install/navigation_bot_06/share/navigation_bot_06/../uros/micro_ros_msgs/CONTRIBUTING.md
[0.512s] -- Up-to-date: /home/jose/microros_ws/install/navigation_bot_06/share/navigation_bot_06/../uros/micro_ros_msgs/msg
[0.512s] -- Up-to-date: /home/jose/microros_ws/install/navigation_bot_06/share/navigation_bot_06/../uros/micro_ros_msgs/msg/Graph.msg
[0.512s] -- Up-to-date: /home/jose/microros_ws/install/navigation_bot_06/share/navigation_bot_06/../uros/micro_ros_msgs/msg/Entity.msg
[0.512s] -- Up-to-date: /home/jose/microros_ws/install/navigation_bot_06/share/navigation_bot_06/../uros/micro_ros_msgs/msg/Node.msg
[0.512s] -- Up-to-date: /home/jose/microros_ws/install/navigation_bot_06/share/navigation_bot_06/../uros/micro_ros_msgs/README.md
[0.512s] -- Up-to-date: /home/jose/microros_ws/install/navigation_bot_06/share/navigation_bot_06/../uros/micro_ros_msgs/CHANGELOG.rst
[0.512s] -- Up-to-date: /home/jose/microros_ws/install/navigation_bot_06/share/navigation_bot_06/../uros/micro_ros_msgs/.gitignore
[0.512s] -- Up-to-date: /home/jose/microros_ws/install/navigation_bot_06/share/navigation_bot_06/../uros/micro_ros_msgs/package.xml
[0.512s] -- Up-to-date: /home/jose/microros_ws/install/navigation_bot_06/share/navigation_bot_06/../description
[0.512s] -- Up-to-date: /home/jose/microros_ws/install/navigation_bot_06/share/navigation_bot_06/../description/odin_description.urdf
[0.512s] -- Up-to-date: /home/jose/microros_ws/install/navigation_bot_06/share/navigation_bot_06/../maps
[0.512s] -- Installing: /home/jose/microros_ws/install/navigation_bot_06/share/navigation_bot_06/../maps/maze_01_binary.png
[0.512s] -- Up-to-date: /home/jose/microros_ws/install/navigation_bot_06/share/navigation_bot_06/../maps/maze_01.png
[0.512s] -- Installing: /home/jose/microros_ws/install/navigation_bot_06/share/navigation_bot_06/../maps/maze_01_binary.yaml
[0.513s] -- Installing: /home/jose/microros_ws/install/navigation_bot_06/share/navigation_bot_06/../maps/maze_01_binary.pgm
[0.513s] -- Up-to-date: /home/jose/microros_ws/install/navigation_bot_06/share/navigation_bot_06/../odin_comms
[0.513s] -- Up-to-date: /home/jose/microros_ws/install/navigation_bot_06/share/navigation_bot_06/../odin_comms/setup.py
[0.513s] -- Up-to-date: /home/jose/microros_ws/install/navigation_bot_06/share/navigation_bot_06/../odin_comms/odin_comms
[0.513s] -- Up-to-date: /home/jose/microros_ws/install/navigation_bot_06/share/navigation_bot_06/../odin_comms/odin_comms/data_subscriber.py
[0.514s] -- Up-to-date: /home/jose/microros_ws/install/navigation_bot_06/share/navigation_bot_06/../odin_comms/odin_comms/control_motor1.py
[0.514s] -- Up-to-date: /home/jose/microros_ws/install/navigation_bot_06/share/navigation_bot_06/../odin_comms/odin_comms/control_motor2.py
[0.514s] -- Up-to-date: /home/jose/microros_ws/install/navigation_bot_06/share/navigation_bot_06/../odin_comms/odin_comms/__init__.py
[0.514s] -- Up-to-date: /home/jose/microros_ws/install/navigation_bot_06/share/navigation_bot_06/../odin_comms/odin_comms/control_PID.py
[0.514s] -- Up-to-date: /home/jose/microros_ws/install/navigation_bot_06/share/navigation_bot_06/../odin_comms/odin_comms/control_twist.py
[0.514s] -- Up-to-date: /home/jose/microros_ws/install/navigation_bot_06/share/navigation_bot_06/../odin_comms/test
[0.514s] -- Up-to-date: /home/jose/microros_ws/install/navigation_bot_06/share/navigation_bot_06/../odin_comms/test/test_flake8.py
[0.514s] -- Up-to-date: /home/jose/microros_ws/install/navigation_bot_06/share/navigation_bot_06/../odin_comms/test/test_pep257.py
[0.514s] -- Up-to-date: /home/jose/microros_ws/install/navigation_bot_06/share/navigation_bot_06/../odin_comms/test/test_copyright.py
[0.514s] -- Up-to-date: /home/jose/microros_ws/install/navigation_bot_06/share/navigation_bot_06/../odin_comms/setup.cfg
[0.514s] -- Up-to-date: /home/jose/microros_ws/install/navigation_bot_06/share/navigation_bot_06/../odin_comms/resource
[0.515s] -- Up-to-date: /home/jose/microros_ws/install/navigation_bot_06/share/navigation_bot_06/../odin_comms/resource/odin_comms
[0.515s] -- Up-to-date: /home/jose/microros_ws/install/navigation_bot_06/share/navigation_bot_06/../odin_comms/package.xml
[0.515s] -- Up-to-date: /home/jose/microros_ws/install/navigation_bot_06/share/navigation_bot_06/../navigation_bot_06
[0.515s] -- Up-to-date: /home/jose/microros_ws/install/navigation_bot_06/share/navigation_bot_06/../navigation_bot_06/description
[0.515s] -- Up-to-date: /home/jose/microros_ws/install/navigation_bot_06/share/navigation_bot_06/../navigation_bot_06/description/colors.xacro
[0.515s] -- Up-to-date: /home/jose/microros_ws/install/navigation_bot_06/share/navigation_bot_06/../navigation_bot_06/description/robot_core.xacro
[0.515s] -- Up-to-date: /home/jose/microros_ws/install/navigation_bot_06/share/navigation_bot_06/../navigation_bot_06/description/robot.urdf.xacro
[0.515s] -- Up-to-date: /home/jose/microros_ws/install/navigation_bot_06/share/navigation_bot_06/../navigation_bot_06/description/gazebo_control.xacro
[0.515s] -- Up-to-date: /home/jose/microros_ws/install/navigation_bot_06/share/navigation_bot_06/../navigation_bot_06/description/camera.xacro
[0.515s] -- Up-to-date: /home/jose/microros_ws/install/navigation_bot_06/share/navigation_bot_06/../navigation_bot_06/description/lidar.xacro
[0.516s] -- Up-to-date: /home/jose/microros_ws/install/navigation_bot_06/share/navigation_bot_06/../navigation_bot_06/description/inertial_macros.xacro
[0.516s] -- Up-to-date: /home/jose/microros_ws/install/navigation_bot_06/share/navigation_bot_06/../navigation_bot_06/description/depth_camera.xacro
[0.516s] -- Up-to-date: /home/jose/microros_ws/install/navigation_bot_06/share/navigation_bot_06/../navigation_bot_06/description/imu_sensor.xacro
[0.516s] -- Installing: /home/jose/microros_ws/install/navigation_bot_06/share/navigation_bot_06/../navigation_bot_06/.vscode
[0.516s] -- Installing: /home/jose/microros_ws/install/navigation_bot_06/share/navigation_bot_06/../navigation_bot_06/.vscode/settings.json
[0.516s] -- Installing: /home/jose/microros_ws/install/navigation_bot_06/share/navigation_bot_06/../navigation_bot_06/.vscode/c_cpp_properties.json
[0.516s] -- Up-to-date: /home/jose/microros_ws/install/navigation_bot_06/share/navigation_bot_06/../navigation_bot_06/config
[0.516s] -- Up-to-date: /home/jose/microros_ws/install/navigation_bot_06/share/navigation_bot_06/../navigation_bot_06/config/nav2_params.yaml
[0.516s] -- Up-to-date: /home/jose/microros_ws/install/navigation_bot_06/share/navigation_bot_06/../navigation_bot_06/config/ekf.yaml
[0.516s] -- Up-to-date: /home/jose/microros_ws/install/navigation_bot_06/share/navigation_bot_06/../navigation_bot_06/rviz
[0.516s] -- Up-to-date: /home/jose/microros_ws/install/navigation_bot_06/share/navigation_bot_06/../navigation_bot_06/rviz/robot.rviz
[0.516s] -- Up-to-date: /home/jose/microros_ws/install/navigation_bot_06/share/navigation_bot_06/../navigation_bot_06/rviz/robot_old.rviz
[0.516s] -- Up-to-date: /home/jose/microros_ws/install/navigation_bot_06/share/navigation_bot_06/../navigation_bot_06/rviz/robot_new.rviz
[0.516s] -- Up-to-date: /home/jose/microros_ws/install/navigation_bot_06/share/navigation_bot_06/../navigation_bot_06/CMakeLists.txt
[0.516s] -- Up-to-date: /home/jose/microros_ws/install/navigation_bot_06/share/navigation_bot_06/../navigation_bot_06/scripts
[0.516s] -- Up-to-date: /home/jose/microros_ws/install/navigation_bot_06/share/navigation_bot_06/../navigation_bot_06/scripts/waypoint_follower.py
[0.516s] -- Up-to-date: /home/jose/microros_ws/install/navigation_bot_06/share/navigation_bot_06/../navigation_bot_06/scripts/set_entity_state_request.txt
[0.517s] -- Up-to-date: /home/jose/microros_ws/install/navigation_bot_06/share/navigation_bot_06/../navigation_bot_06/scripts/robot_navigator.py
[0.517s] -- Up-to-date: /home/jose/microros_ws/install/navigation_bot_06/share/navigation_bot_06/../navigation_bot_06/scripts/__pycache__
[0.517s] -- Up-to-date: /home/jose/microros_ws/install/navigation_bot_06/share/navigation_bot_06/../navigation_bot_06/scripts/__pycache__/robot_navigator.cpython-38.pyc
[0.517s] -- Up-to-date: /home/jose/microros_ws/install/navigation_bot_06/share/navigation_bot_06/../navigation_bot_06/launch
[0.517s] -- Up-to-date: /home/jose/microros_ws/install/navigation_bot_06/share/navigation_bot_06/../navigation_bot_06/launch/main_simulation_launch.py
[0.517s] -- Up-to-date: /home/jose/microros_ws/install/navigation_bot_06/share/navigation_bot_06/../navigation_bot_06/launch/globals.py
[0.517s] -- Up-to-date: /home/jose/microros_ws/install/navigation_bot_06/share/navigation_bot_06/../navigation_bot_06/launch/spawn_launch.py
[0.517s] -- Up-to-date: /home/jose/microros_ws/install/navigation_bot_06/share/navigation_bot_06/../navigation_bot_06/launch/slam_launch.py
[0.517s] -- Up-to-date: /home/jose/microros_ws/install/navigation_bot_06/share/navigation_bot_06/../navigation_bot_06/launch/bringup_launch.py
[0.517s] -- Up-to-date: /home/jose/microros_ws/install/navigation_bot_06/share/navigation_bot_06/../navigation_bot_06/launch/multi_tb3_simulation_launch.py
[0.518s] -- Up-to-date: /home/jose/microros_ws/install/navigation_bot_06/share/navigation_bot_06/../navigation_bot_06/launch/localization_launch.py
[0.518s] -- Up-to-date: /home/jose/microros_ws/install/navigation_bot_06/share/navigation_bot_06/../navigation_bot_06/launch/navigation_launch.py
[0.518s] -- Up-to-date: /home/jose/microros_ws/install/navigation_bot_06/share/navigation_bot_06/../navigation_bot_06/launch/rviz_launch.py
[0.518s] -- Up-to-date: /home/jose/microros_ws/install/navigation_bot_06/share/navigation_bot_06/../navigation_bot_06/launch/__pycache__
[0.518s] -- Up-to-date: /home/jose/microros_ws/install/navigation_bot_06/share/navigation_bot_06/../navigation_bot_06/launch/__pycache__/globals.cpython-38.pyc
[0.518s] -- Up-to-date: /home/jose/microros_ws/install/navigation_bot_06/share/navigation_bot_06/../navigation_bot_06/launch/__pycache__/globals.cpython-310.pyc
[0.518s] -- Up-to-date: /home/jose/microros_ws/install/navigation_bot_06/share/navigation_bot_06/../navigation_bot_06/package.xml
[0.518s] -- Up-to-date: /home/jose/microros_ws/install/navigation_bot_06/share/navigation_bot_06/../utils
[0.518s] -- Installing: /home/jose/microros_ws/install/navigation_bot_06/share/navigation_bot_06/../utils/convert_png_to_binary.py
[0.518s] -- Installing: /home/jose/microros_ws/install/navigation_bot_06/share/navigation_bot_06/../utils/convert_png_to_map.py
[0.518s] -- Up-to-date: /home/jose/microros_ws/install/navigation_bot_06/share/navigation_bot_06/../micro_ros_setup
[0.518s] -- Up-to-date: /home/jose/microros_ws/install/navigation_bot_06/share/navigation_bot_06/../micro_ros_setup/3rd-party-licenses.txt
[0.518s] -- Up-to-date: /home/jose/microros_ws/install/navigation_bot_06/share/navigation_bot_06/../micro_ros_setup/.github
[0.518s] -- Up-to-date: /home/jose/microros_ws/install/navigation_bot_06/share/navigation_bot_06/../micro_ros_setup/.github/ISSUE_TEMPLATE
[0.518s] -- Up-to-date: /home/jose/microros_ws/install/navigation_bot_06/share/navigation_bot_06/../micro_ros_setup/.github/ISSUE_TEMPLATE/general-issue.md
[0.518s] -- Up-to-date: /home/jose/microros_ws/install/navigation_bot_06/share/navigation_bot_06/../micro_ros_setup/.github/workflows
[0.518s] -- Up-to-date: /home/jose/microros_ws/install/navigation_bot_06/share/navigation_bot_06/../micro_ros_setup/.github/workflows/ci.yml
[0.518s] -- Up-to-date: /home/jose/microros_ws/install/navigation_bot_06/share/navigation_bot_06/../micro_ros_setup/.github/workflows/pr.yml
[0.519s] -- Up-to-date: /home/jose/microros_ws/install/navigation_bot_06/share/navigation_bot_06/../micro_ros_setup/.github/workflows/nightly.yml
[0.519s] -- Up-to-date: /home/jose/microros_ws/install/navigation_bot_06/share/navigation_bot_06/../micro_ros_setup/.github/CODEOWNERS
[0.519s] -- Up-to-date: /home/jose/microros_ws/install/navigation_bot_06/share/navigation_bot_06/../micro_ros_setup/NOTICE
[0.519s] -- Up-to-date: /home/jose/microros_ws/install/navigation_bot_06/share/navigation_bot_06/../micro_ros_setup/config
[0.519s] -- Up-to-date: /home/jose/microros_ws/install/navigation_bot_06/share/navigation_bot_06/../micro_ros_setup/config/utils.sh
[0.519s] -- Up-to-date: /home/jose/microros_ws/install/navigation_bot_06/share/navigation_bot_06/../micro_ros_setup/config/client_ros2_packages.txt
[0.519s] -- Up-to-date: /home/jose/microros_ws/install/navigation_bot_06/share/navigation_bot_06/../micro_ros_setup/config/raspbian
[0.519s] -- Up-to-date: /home/jose/microros_ws/install/navigation_bot_06/share/navigation_bot_06/../micro_ros_setup/config/raspbian/dev_uros_packages.repos
[0.519s] -- Up-to-date: /home/jose/microros_ws/install/navigation_bot_06/share/navigation_bot_06/../micro_ros_setup/config/raspbian/dev_ros2_packages.txt
[0.519s] -- Up-to-date: /home/jose/microros_ws/install/navigation_bot_06/share/navigation_bot_06/../micro_ros_setup/config/raspbian/generic
[0.519s] -- Up-to-date: /home/jose/microros_ws/install/navigation_bot_06/share/navigation_bot_06/../micro_ros_setup/config/raspbian/generic/client_uros_packages.repos
[0.519s] -- Up-to-date: /home/jose/microros_ws/install/navigation_bot_06/share/navigation_bot_06/../micro_ros_setup/config/raspbian/generic/supported_platforms
[0.519s] -- Up-to-date: /home/jose/microros_ws/install/navigation_bot_06/share/navigation_bot_06/../micro_ros_setup/config/raspbian/generic/flash.sh
[0.519s] -- Up-to-date: /home/jose/microros_ws/install/navigation_bot_06/share/navigation_bot_06/../micro_ros_setup/config/raspbian/generic/create.sh
[0.519s] -- Up-to-date: /home/jose/microros_ws/install/navigation_bot_06/share/navigation_bot_06/../micro_ros_setup/config/raspbian/generic/client-colcon.meta
[0.519s] -- Up-to-date: /home/jose/microros_ws/install/navigation_bot_06/share/navigation_bot_06/../micro_ros_setup/config/raspbian/generic/build.sh
[0.519s] -- Up-to-date: /home/jose/microros_ws/install/navigation_bot_06/share/navigation_bot_06/../micro_ros_setup/config/raspbian/generic/configure.sh
[0.519s] -- Up-to-date: /home/jose/microros_ws/install/navigation_bot_06/share/navigation_bot_06/../micro_ros_setup/config/agent_uros_packages.repos
[0.519s] -- Up-to-date: /home/jose/microros_ws/install/navigation_bot_06/share/navigation_bot_06/../micro_ros_setup/config/client_uros_packages.repos
[0.519s] -- Up-to-date: /home/jose/microros_ws/install/navigation_bot_06/share/navigation_bot_06/../micro_ros_setup/config/android
[0.520s] -- Up-to-date: /home/jose/microros_ws/install/navigation_bot_06/share/navigation_bot_06/../micro_ros_setup/config/android/dev_uros_packages.repos
[0.520s] -- Up-to-date: /home/jose/microros_ws/install/navigation_bot_06/share/navigation_bot_06/../micro_ros_setup/config/android/dev_ros2_packages.txt
[0.520s] -- Up-to-date: /home/jose/microros_ws/install/navigation_bot_06/share/navigation_bot_06/../micro_ros_setup/config/android/generic
[0.520s] -- Up-to-date: /home/jose/microros_ws/install/navigation_bot_06/share/navigation_bot_06/../micro_ros_setup/config/android/generic/client_uros_packages.repos
[0.520s] -- Up-to-date: /home/jose/microros_ws/install/navigation_bot_06/share/navigation_bot_06/../micro_ros_setup/config/android/generic/flash.sh
[0.520s] -- Up-to-date: /home/jose/microros_ws/install/navigation_bot_06/share/navigation_bot_06/../micro_ros_setup/config/android/generic/create.sh
[0.520s] -- Up-to-date: /home/jose/microros_ws/install/navigation_bot_06/share/navigation_bot_06/../micro_ros_setup/config/android/generic/client-colcon.meta
[0.520s] -- Up-to-date: /home/jose/microros_ws/install/navigation_bot_06/share/navigation_bot_06/../micro_ros_setup/config/android/generic/build.sh
[0.520s] -- Up-to-date: /home/jose/microros_ws/install/navigation_bot_06/share/navigation_bot_06/../micro_ros_setup/config/android/generic/package.xml
[0.520s] -- Up-to-date: /home/jose/microros_ws/install/navigation_bot_06/share/navigation_bot_06/../micro_ros_setup/config/zephyr
[0.520s] -- Up-to-date: /home/jose/microros_ws/install/navigation_bot_06/share/navigation_bot_06/../micro_ros_setup/config/zephyr/dev_uros_packages.repos
[0.520s] -- Up-to-date: /home/jose/microros_ws/install/navigation_bot_06/share/navigation_bot_06/../micro_ros_setup/config/zephyr/list_apps.sh
[0.520s] -- Up-to-date: /home/jose/microros_ws/install/navigation_bot_06/share/navigation_bot_06/../micro_ros_setup/config/zephyr/dev_ros2_packages.txt
[0.520s] -- Up-to-date: /home/jose/microros_ws/install/navigation_bot_06/share/navigation_bot_06/../micro_ros_setup/config/zephyr/generic
[0.520s] -- Up-to-date: /home/jose/microros_ws/install/navigation_bot_06/share/navigation_bot_06/../micro_ros_setup/config/zephyr/generic/board.repos
[0.520s] -- Up-to-date: /home/jose/microros_ws/install/navigation_bot_06/share/navigation_bot_06/../micro_ros_setup/config/zephyr/generic/client_uros_packages.repos
[0.520s] -- Up-to-date: /home/jose/microros_ws/install/navigation_bot_06/share/navigation_bot_06/../micro_ros_setup/config/zephyr/generic/supported_platforms
[0.520s] -- Up-to-date: /home/jose/microros_ws/install/navigation_bot_06/share/navigation_bot_06/../micro_ros_setup/config/zephyr/generic/flash.sh
[0.520s] -- Up-to-date: /home/jose/microros_ws/install/navigation_bot_06/share/navigation_bot_06/../micro_ros_setup/config/zephyr/generic/create.sh
[0.520s] -- Up-to-date: /home/jose/microros_ws/install/navigation_bot_06/share/navigation_bot_06/../micro_ros_setup/config/zephyr/generic/client-colcon.meta
[0.521s] -- Up-to-date: /home/jose/microros_ws/install/navigation_bot_06/share/navigation_bot_06/../micro_ros_setup/config/zephyr/generic/build.sh
[0.521s] -- Up-to-date: /home/jose/microros_ws/install/navigation_bot_06/share/navigation_bot_06/../micro_ros_setup/config/zephyr/generic/package.xml
[0.521s] -- Up-to-date: /home/jose/microros_ws/install/navigation_bot_06/share/navigation_bot_06/../micro_ros_setup/config/zephyr/generic/configure.sh
[0.521s] -- Up-to-date: /home/jose/microros_ws/install/navigation_bot_06/share/navigation_bot_06/../micro_ros_setup/config/freertos
[0.521s] -- Up-to-date: /home/jose/microros_ws/install/navigation_bot_06/share/navigation_bot_06/../micro_ros_setup/config/freertos/nucleo_f446ze
[0.521s] -- Up-to-date: /home/jose/microros_ws/install/navigation_bot_06/share/navigation_bot_06/../micro_ros_setup/config/freertos/nucleo_f446ze/board.repos
[0.521s] -- Up-to-date: /home/jose/microros_ws/install/navigation_bot_06/share/navigation_bot_06/../micro_ros_setup/config/freertos/nucleo_f446ze/client_uros_packages.repos
[0.521s] -- Up-to-date: /home/jose/microros_ws/install/navigation_bot_06/share/navigation_bot_06/../micro_ros_setup/config/freertos/nucleo_f446ze/flash.sh
[0.521s] -- Up-to-date: /home/jose/microros_ws/install/navigation_bot_06/share/navigation_bot_06/../micro_ros_setup/config/freertos/nucleo_f446ze/create.sh
[0.521s] -- Up-to-date: /home/jose/microros_ws/install/navigation_bot_06/share/navigation_bot_06/../micro_ros_setup/config/freertos/nucleo_f446ze/client-colcon.meta
[0.521s] -- Up-to-date: /home/jose/microros_ws/install/navigation_bot_06/share/navigation_bot_06/../micro_ros_setup/config/freertos/nucleo_f446ze/build.sh
[0.521s] -- Up-to-date: /home/jose/microros_ws/install/navigation_bot_06/share/navigation_bot_06/../micro_ros_setup/config/freertos/nucleo_f446ze/package.xml
[0.521s] -- Up-to-date: /home/jose/microros_ws/install/navigation_bot_06/share/navigation_bot_06/../micro_ros_setup/config/freertos/nucleo_f446ze/configure.sh
[0.521s] -- Up-to-date: /home/jose/microros_ws/install/navigation_bot_06/share/navigation_bot_06/../micro_ros_setup/config/freertos/crazyflie21
[0.521s] -- Up-to-date: /home/jose/microros_ws/install/navigation_bot_06/share/navigation_bot_06/../micro_ros_setup/config/freertos/crazyflie21/board.repos
[0.522s] -- Up-to-date: /home/jose/microros_ws/install/navigation_bot_06/share/navigation_bot_06/../micro_ros_setup/config/freertos/crazyflie21/client_uros_packages.repos
[0.522s] -- Up-to-date: /home/jose/microros_ws/install/navigation_bot_06/share/navigation_bot_06/../micro_ros_setup/config/freertos/crazyflie21/flash.sh
[0.522s] -- Up-to-date: /home/jose/microros_ws/install/navigation_bot_06/share/navigation_bot_06/../micro_ros_setup/config/freertos/crazyflie21/create.sh
[0.522s] -- Up-to-date: /home/jose/microros_ws/install/navigation_bot_06/share/navigation_bot_06/../micro_ros_setup/config/freertos/crazyflie21/client-colcon.meta
[0.522s] -- Up-to-date: /home/jose/microros_ws/install/navigation_bot_06/share/navigation_bot_06/../micro_ros_setup/config/freertos/crazyflie21/build.sh
[0.522s] -- Up-to-date: /home/jose/microros_ws/install/navigation_bot_06/share/navigation_bot_06/../micro_ros_setup/config/freertos/crazyflie21/package.xml
[0.522s] -- Up-to-date: /home/jose/microros_ws/install/navigation_bot_06/share/navigation_bot_06/../micro_ros_setup/config/freertos/crazyflie21/configure.sh
[0.522s] -- Up-to-date: /home/jose/microros_ws/install/navigation_bot_06/share/navigation_bot_06/../micro_ros_setup/config/freertos/dev_uros_packages.repos
[0.522s] -- Up-to-date: /home/jose/microros_ws/install/navigation_bot_06/share/navigation_bot_06/../micro_ros_setup/config/freertos/nucleo_f746zg
[0.522s] -- Up-to-date: /home/jose/microros_ws/install/navigation_bot_06/share/navigation_bot_06/../micro_ros_setup/config/freertos/nucleo_f746zg/board.repos
[0.522s] -- Up-to-date: /home/jose/microros_ws/install/navigation_bot_06/share/navigation_bot_06/../micro_ros_setup/config/freertos/nucleo_f746zg/client_uros_packages.repos
[0.522s] -- Up-to-date: /home/jose/microros_ws/install/navigation_bot_06/share/navigation_bot_06/../micro_ros_setup/config/freertos/nucleo_f746zg/flash.sh
[0.522s] -- Up-to-date: /home/jose/microros_ws/install/navigation_bot_06/share/navigation_bot_06/../micro_ros_setup/config/freertos/nucleo_f746zg/create.sh
[0.522s] -- Up-to-date: /home/jose/microros_ws/install/navigation_bot_06/share/navigation_bot_06/../micro_ros_setup/config/freertos/nucleo_f746zg/client-colcon.meta
[0.522s] -- Up-to-date: /home/jose/microros_ws/install/navigation_bot_06/share/navigation_bot_06/../micro_ros_setup/config/freertos/nucleo_f746zg/build.sh
[0.522s] -- Up-to-date: /home/jose/microros_ws/install/navigation_bot_06/share/navigation_bot_06/../micro_ros_setup/config/freertos/nucleo_f746zg/package.xml
[0.522s] -- Up-to-date: /home/jose/microros_ws/install/navigation_bot_06/share/navigation_bot_06/../micro_ros_setup/config/freertos/nucleo_f746zg/configure.sh
[0.522s] -- Up-to-date: /home/jose/microros_ws/install/navigation_bot_06/share/navigation_bot_06/../micro_ros_setup/config/freertos/list_apps.sh
[0.522s] -- Up-to-date: /home/jose/microros_ws/install/navigation_bot_06/share/navigation_bot_06/../micro_ros_setup/config/freertos/olimex-stm32-e407
[0.523s] -- Up-to-date: /home/jose/microros_ws/install/navigation_bot_06/share/navigation_bot_06/../micro_ros_setup/config/freertos/olimex-stm32-e407/board.repos
[0.523s] -- Up-to-date: /home/jose/microros_ws/install/navigation_bot_06/share/navigation_bot_06/../micro_ros_setup/config/freertos/olimex-stm32-e407/client_uros_packages.repos
[0.523s] -- Up-to-date: /home/jose/microros_ws/install/navigation_bot_06/share/navigation_bot_06/../micro_ros_setup/config/freertos/olimex-stm32-e407/flash.sh
[0.523s] -- Up-to-date: /home/jose/microros_ws/install/navigation_bot_06/share/navigation_bot_06/../micro_ros_setup/config/freertos/olimex-stm32-e407/create.sh
[0.523s] -- Up-to-date: /home/jose/microros_ws/install/navigation_bot_06/share/navigation_bot_06/../micro_ros_setup/config/freertos/olimex-stm32-e407/client-colcon.meta
[0.523s] -- Up-to-date: /home/jose/microros_ws/install/navigation_bot_06/share/navigation_bot_06/../micro_ros_setup/config/freertos/olimex-stm32-e407/build.sh
[0.523s] -- Up-to-date: /home/jose/microros_ws/install/navigation_bot_06/share/navigation_bot_06/../micro_ros_setup/config/freertos/olimex-stm32-e407/package.xml
[0.523s] -- Up-to-date: /home/jose/microros_ws/install/navigation_bot_06/share/navigation_bot_06/../micro_ros_setup/config/freertos/olimex-stm32-e407/configure.sh
[0.523s] -- Up-to-date: /home/jose/microros_ws/install/navigation_bot_06/share/navigation_bot_06/../micro_ros_setup/config/freertos/nucleo_f446re
[0.523s] -- Up-to-date: /home/jose/microros_ws/install/navigation_bot_06/share/navigation_bot_06/../micro_ros_setup/config/freertos/nucleo_f446re/board.repos
[0.523s] -- Up-to-date: /home/jose/microros_ws/install/navigation_bot_06/share/navigation_bot_06/../micro_ros_setup/config/freertos/nucleo_f446re/client_uros_packages.repos
[0.523s] -- Up-to-date: /home/jose/microros_ws/install/navigation_bot_06/share/navigation_bot_06/../micro_ros_setup/config/freertos/nucleo_f446re/flash.sh
[0.523s] -- Up-to-date: /home/jose/microros_ws/install/navigation_bot_06/share/navigation_bot_06/../micro_ros_setup/config/freertos/nucleo_f446re/create.sh
[0.523s] -- Up-to-date: /home/jose/microros_ws/install/navigation_bot_06/share/navigation_bot_06/../micro_ros_setup/config/freertos/nucleo_f446re/client-colcon.meta
[0.523s] -- Up-to-date: /home/jose/microros_ws/install/navigation_bot_06/share/navigation_bot_06/../micro_ros_setup/config/freertos/nucleo_f446re/build.sh
[0.523s] -- Up-to-date: /home/jose/microros_ws/install/navigation_bot_06/share/navigation_bot_06/../micro_ros_setup/config/freertos/nucleo_f446re/package.xml
[0.524s] -- Up-to-date: /home/jose/microros_ws/install/navigation_bot_06/share/navigation_bot_06/../micro_ros_setup/config/freertos/nucleo_f446re/configure.sh
[0.524s] -- Up-to-date: /home/jose/microros_ws/install/navigation_bot_06/share/navigation_bot_06/../micro_ros_setup/config/freertos/dev_ros2_packages.txt
[0.524s] -- Up-to-date: /home/jose/microros_ws/install/navigation_bot_06/share/navigation_bot_06/../micro_ros_setup/config/freertos/esp32
[0.524s] -- Up-to-date: /home/jose/microros_ws/install/navigation_bot_06/share/navigation_bot_06/../micro_ros_setup/config/freertos/esp32/board.repos
[0.524s] -- Up-to-date: /home/jose/microros_ws/install/navigation_bot_06/share/navigation_bot_06/../micro_ros_setup/config/freertos/esp32/client_uros_packages.repos
[0.524s] -- Up-to-date: /home/jose/microros_ws/install/navigation_bot_06/share/navigation_bot_06/../micro_ros_setup/config/freertos/esp32/flash.sh
[0.524s] -- Up-to-date: /home/jose/microros_ws/install/navigation_bot_06/share/navigation_bot_06/../micro_ros_setup/config/freertos/esp32/create.sh
[0.524s] -- Up-to-date: /home/jose/microros_ws/install/navigation_bot_06/share/navigation_bot_06/../micro_ros_setup/config/freertos/esp32/README.md
[0.524s] -- Up-to-date: /home/jose/microros_ws/install/navigation_bot_06/share/navigation_bot_06/../micro_ros_setup/config/freertos/esp32/client-colcon.meta
[0.524s] -- Up-to-date: /home/jose/microros_ws/install/navigation_bot_06/share/navigation_bot_06/../micro_ros_setup/config/freertos/esp32/build.sh
[0.524s] -- Up-to-date: /home/jose/microros_ws/install/navigation_bot_06/share/navigation_bot_06/../micro_ros_setup/config/freertos/esp32/package.xml
[0.524s] -- Up-to-date: /home/jose/microros_ws/install/navigation_bot_06/share/navigation_bot_06/../micro_ros_setup/config/freertos/esp32/configure.sh
[0.524s] -- Up-to-date: /home/jose/microros_ws/install/navigation_bot_06/share/navigation_bot_06/../micro_ros_setup/config/freertos/nucleo_f767zi
[0.524s] -- Up-to-date: /home/jose/microros_ws/install/navigation_bot_06/share/navigation_bot_06/../micro_ros_setup/config/freertos/nucleo_f767zi/board.repos
[0.524s] -- Up-to-date: /home/jose/microros_ws/install/navigation_bot_06/share/navigation_bot_06/../micro_ros_setup/config/freertos/nucleo_f767zi/client_uros_packages.repos
[0.524s] -- Up-to-date: /home/jose/microros_ws/install/navigation_bot_06/share/navigation_bot_06/../micro_ros_setup/config/freertos/nucleo_f767zi/flash.sh
[0.524s] -- Up-to-date: /home/jose/microros_ws/install/navigation_bot_06/share/navigation_bot_06/../micro_ros_setup/config/freertos/nucleo_f767zi/create.sh
[0.525s] -- Up-to-date: /home/jose/microros_ws/install/navigation_bot_06/share/navigation_bot_06/../micro_ros_setup/config/freertos/nucleo_f767zi/client-colcon.meta
[0.525s] -- Up-to-date: /home/jose/microros_ws/install/navigation_bot_06/share/navigation_bot_06/../micro_ros_setup/config/freertos/nucleo_f767zi/build.sh
[0.525s] -- Up-to-date: /home/jose/microros_ws/install/navigation_bot_06/share/navigation_bot_06/../micro_ros_setup/config/freertos/nucleo_f767zi/package.xml
[0.525s] -- Up-to-date: /home/jose/microros_ws/install/navigation_bot_06/share/navigation_bot_06/../micro_ros_setup/config/freertos/nucleo_f767zi/configure.sh
[0.525s] -- Up-to-date: /home/jose/microros_ws/install/navigation_bot_06/share/navigation_bot_06/../micro_ros_setup/config/mbed
[0.525s] -- Up-to-date: /home/jose/microros_ws/install/navigation_bot_06/share/navigation_bot_06/../micro_ros_setup/config/mbed/dev_uros_packages.repos
[0.525s] -- Up-to-date: /home/jose/microros_ws/install/navigation_bot_06/share/navigation_bot_06/../micro_ros_setup/config/mbed/list_apps.sh
[0.525s] -- Up-to-date: /home/jose/microros_ws/install/navigation_bot_06/share/navigation_bot_06/../micro_ros_setup/config/mbed/dev_ros2_packages.txt
[0.525s] -- Up-to-date: /home/jose/microros_ws/install/navigation_bot_06/share/navigation_bot_06/../micro_ros_setup/config/mbed/generic
[0.525s] -- Up-to-date: /home/jose/microros_ws/install/navigation_bot_06/share/navigation_bot_06/../micro_ros_setup/config/mbed/generic/board.repos
[0.525s] -- Up-to-date: /home/jose/microros_ws/install/navigation_bot_06/share/navigation_bot_06/../micro_ros_setup/config/mbed/generic/client_uros_packages.repos
[0.525s] -- Up-to-date: /home/jose/microros_ws/install/navigation_bot_06/share/navigation_bot_06/../micro_ros_setup/config/mbed/generic/supported_platforms
[0.525s] -- Up-to-date: /home/jose/microros_ws/install/navigation_bot_06/share/navigation_bot_06/../micro_ros_setup/config/mbed/generic/flash.sh
[0.525s] -- Up-to-date: /home/jose/microros_ws/install/navigation_bot_06/share/navigation_bot_06/../micro_ros_setup/config/mbed/generic/create.sh
[0.525s] -- Up-to-date: /home/jose/microros_ws/install/navigation_bot_06/share/navigation_bot_06/../micro_ros_setup/config/mbed/generic/build.sh
[0.525s] -- Up-to-date: /home/jose/microros_ws/install/navigation_bot_06/share/navigation_bot_06/../micro_ros_setup/config/mbed/generic/package.xml
[0.525s] -- Up-to-date: /home/jose/microros_ws/install/navigation_bot_06/share/navigation_bot_06/../micro_ros_setup/config/generate_lib
[0.525s] -- Up-to-date: /home/jose/microros_ws/install/navigation_bot_06/share/navigation_bot_06/../micro_ros_setup/config/generate_lib/dev_uros_packages.repos
[0.525s] -- Up-to-date: /home/jose/microros_ws/install/navigation_bot_06/share/navigation_bot_06/../micro_ros_setup/config/generate_lib/dev_ros2_packages.txt
[0.526s] -- Up-to-date: /home/jose/microros_ws/install/navigation_bot_06/share/navigation_bot_06/../micro_ros_setup/config/generate_lib/generic
[0.526s] -- Up-to-date: /home/jose/microros_ws/install/navigation_bot_06/share/navigation_bot_06/../micro_ros_setup/config/generate_lib/generic/client_uros_packages.repos
[0.526s] -- Up-to-date: /home/jose/microros_ws/install/navigation_bot_06/share/navigation_bot_06/../micro_ros_setup/config/generate_lib/generic/demo_toolchain.cmake
[0.526s] -- Up-to-date: /home/jose/microros_ws/install/navigation_bot_06/share/navigation_bot_06/../micro_ros_setup/config/generate_lib/generic/flash.sh
[0.526s] -- Up-to-date: /home/jose/microros_ws/install/navigation_bot_06/share/navigation_bot_06/../micro_ros_setup/config/generate_lib/generic/create.sh
[0.526s] -- Up-to-date: /home/jose/microros_ws/install/navigation_bot_06/share/navigation_bot_06/../micro_ros_setup/config/generate_lib/generic/client-colcon.meta
[0.526s] -- Up-to-date: /home/jose/microros_ws/install/navigation_bot_06/share/navigation_bot_06/../micro_ros_setup/config/generate_lib/generic/build.sh
[0.526s] -- Up-to-date: /home/jose/microros_ws/install/navigation_bot_06/share/navigation_bot_06/../micro_ros_setup/config/generate_lib/generic/package.xml
[0.526s] -- Up-to-date: /home/jose/microros_ws/install/navigation_bot_06/share/navigation_bot_06/../micro_ros_setup/config/host
[0.526s] -- Up-to-date: /home/jose/microros_ws/install/navigation_bot_06/share/navigation_bot_06/../micro_ros_setup/config/host/dev_uros_packages.repos
[0.526s] -- Up-to-date: /home/jose/microros_ws/install/navigation_bot_06/share/navigation_bot_06/../micro_ros_setup/config/host/client_ros2_packages.txt
[0.526s] -- Up-to-date: /home/jose/microros_ws/install/navigation_bot_06/share/navigation_bot_06/../micro_ros_setup/config/host/dev_ros2_packages.txt
[0.526s] -- Up-to-date: /home/jose/microros_ws/install/navigation_bot_06/share/navigation_bot_06/../micro_ros_setup/config/host/generic
[0.526s] -- Up-to-date: /home/jose/microros_ws/install/navigation_bot_06/share/navigation_bot_06/../micro_ros_setup/config/host/generic/client_host_packages.repos
[0.526s] -- Up-to-date: /home/jose/microros_ws/install/navigation_bot_06/share/navigation_bot_06/../micro_ros_setup/config/host/generic/client-host-colcon.meta
[0.527s] -- Up-to-date: /home/jose/microros_ws/install/navigation_bot_06/share/navigation_bot_06/../micro_ros_setup/config/host/generic/flash.sh
[0.527s] -- Up-to-date: /home/jose/microros_ws/install/navigation_bot_06/share/navigation_bot_06/../micro_ros_setup/config/host/generic/create.sh
[0.527s] -- Up-to-date: /home/jose/microros_ws/install/navigation_bot_06/share/navigation_bot_06/../micro_ros_setup/config/host/generic/build.sh
[0.527s] -- Up-to-date: /home/jose/microros_ws/install/navigation_bot_06/share/navigation_bot_06/../micro_ros_setup/config/host/generic/package.xml
[0.527s] -- Up-to-date: /home/jose/microros_ws/install/navigation_bot_06/share/navigation_bot_06/../micro_ros_setup/config/renesas_ra
[0.527s] -- Up-to-date: /home/jose/microros_ws/install/navigation_bot_06/share/navigation_bot_06/../micro_ros_setup/config/renesas_ra/dev_uros_packages.repos
[0.527s] -- Up-to-date: /home/jose/microros_ws/install/navigation_bot_06/share/navigation_bot_06/../micro_ros_setup/config/renesas_ra/list_apps.sh
[0.527s] -- Up-to-date: /home/jose/microros_ws/install/navigation_bot_06/share/navigation_bot_06/../micro_ros_setup/config/renesas_ra/ra6m5
[0.527s] -- Up-to-date: /home/jose/microros_ws/install/navigation_bot_06/share/navigation_bot_06/../micro_ros_setup/config/renesas_ra/ra6m5/board.repos
[0.527s] -- Up-to-date: /home/jose/microros_ws/install/navigation_bot_06/share/navigation_bot_06/../micro_ros_setup/config/renesas_ra/ra6m5/client_uros_packages.repos
[0.527s] -- Up-to-date: /home/jose/microros_ws/install/navigation_bot_06/share/navigation_bot_06/../micro_ros_setup/config/renesas_ra/ra6m5/flash.sh
[0.527s] -- Up-to-date: /home/jose/microros_ws/install/navigation_bot_06/share/navigation_bot_06/../micro_ros_setup/config/renesas_ra/ra6m5/create.sh
[0.527s] -- Up-to-date: /home/jose/microros_ws/install/navigation_bot_06/share/navigation_bot_06/../micro_ros_setup/config/renesas_ra/ra6m5/client-colcon.meta
[0.527s] -- Up-to-date: /home/jose/microros_ws/install/navigation_bot_06/share/navigation_bot_06/../micro_ros_setup/config/renesas_ra/ra6m5/build.sh
[0.527s] -- Up-to-date: /home/jose/microros_ws/install/navigation_bot_06/share/navigation_bot_06/../micro_ros_setup/config/renesas_ra/ra6m5/configure.sh
[0.528s] -- Up-to-date: /home/jose/microros_ws/install/navigation_bot_06/share/navigation_bot_06/../micro_ros_setup/config/renesas_ra/dev_ros2_packages.txt
[0.528s] -- Up-to-date: /home/jose/microros_ws/install/navigation_bot_06/share/navigation_bot_06/../micro_ros_setup/config/agent_ros2_packages.txt
[0.528s] -- Up-to-date: /home/jose/microros_ws/install/navigation_bot_06/share/navigation_bot_06/../micro_ros_setup/CMakeLists.txt
[0.528s] -- Up-to-date: /home/jose/microros_ws/install/navigation_bot_06/share/navigation_bot_06/../micro_ros_setup/scripts
[0.528s] -- Up-to-date: /home/jose/microros_ws/install/navigation_bot_06/share/navigation_bot_06/../micro_ros_setup/scripts/component
[0.528s] -- Up-to-date: /home/jose/microros_ws/install/navigation_bot_06/share/navigation_bot_06/../micro_ros_setup/scripts/flash_firmware.sh
[0.528s] -- Up-to-date: /home/jose/microros_ws/install/navigation_bot_06/share/navigation_bot_06/../micro_ros_setup/scripts/create_agent_ws.sh
[0.528s] -- Up-to-date: /home/jose/microros_ws/install/navigation_bot_06/share/navigation_bot_06/../micro_ros_setup/scripts/clean_env.sh
[0.528s] -- Up-to-date: /home/jose/microros_ws/install/navigation_bot_06/share/navigation_bot_06/../micro_ros_setup/scripts/create_ws.sh
[0.528s] -- Up-to-date: /home/jose/microros_ws/install/navigation_bot_06/share/navigation_bot_06/../micro_ros_setup/scripts/create_firmware_ws.sh
[0.528s] -- Up-to-date: /home/jose/microros_ws/install/navigation_bot_06/share/navigation_bot_06/../micro_ros_setup/scripts/configure_firmware.sh
[0.528s] -- Up-to-date: /home/jose/microros_ws/install/navigation_bot_06/share/navigation_bot_06/../micro_ros_setup/scripts/build_firmware.sh
[0.528s] -- Up-to-date: /home/jose/microros_ws/install/navigation_bot_06/share/navigation_bot_06/../micro_ros_setup/scripts/yaml_filter.py
[0.528s] -- Up-to-date: /home/jose/microros_ws/install/navigation_bot_06/share/navigation_bot_06/../micro_ros_setup/scripts/build_agent.sh
[0.528s] -- Up-to-date: /home/jose/microros_ws/install/navigation_bot_06/share/navigation_bot_06/../micro_ros_setup/.git
[0.528s] -- Up-to-date: /home/jose/microros_ws/install/navigation_bot_06/share/navigation_bot_06/../micro_ros_setup/.git/description
[0.529s] -- Up-to-date: /home/jose/microros_ws/install/navigation_bot_06/share/navigation_bot_06/../micro_ros_setup/.git/logs
[0.529s] -- Up-to-date: /home/jose/microros_ws/install/navigation_bot_06/share/navigation_bot_06/../micro_ros_setup/.git/logs/refs
[0.529s] -- Up-to-date: /home/jose/microros_ws/install/navigation_bot_06/share/navigation_bot_06/../micro_ros_setup/.git/logs/refs/heads
[0.529s] -- Up-to-date: /home/jose/microros_ws/install/navigation_bot_06/share/navigation_bot_06/../micro_ros_setup/.git/logs/refs/heads/humble
[0.529s] -- Up-to-date: /home/jose/microros_ws/install/navigation_bot_06/share/navigation_bot_06/../micro_ros_setup/.git/logs/refs/remotes
[0.529s] -- Up-to-date: /home/jose/microros_ws/install/navigation_bot_06/share/navigation_bot_06/../micro_ros_setup/.git/logs/refs/remotes/origin
[0.529s] -- Up-to-date: /home/jose/microros_ws/install/navigation_bot_06/share/navigation_bot_06/../micro_ros_setup/.git/logs/refs/remotes/origin/HEAD
[0.529s] -- Up-to-date: /home/jose/microros_ws/install/navigation_bot_06/share/navigation_bot_06/../micro_ros_setup/.git/logs/HEAD
[0.529s] -- Up-to-date: /home/jose/microros_ws/install/navigation_bot_06/share/navigation_bot_06/../micro_ros_setup/.git/config
[0.529s] -- Up-to-date: /home/jose/microros_ws/install/navigation_bot_06/share/navigation_bot_06/../micro_ros_setup/.git/refs
[0.529s] -- Up-to-date: /home/jose/microros_ws/install/navigation_bot_06/share/navigation_bot_06/../micro_ros_setup/.git/refs/tags
[0.529s] -- Up-to-date: /home/jose/microros_ws/install/navigation_bot_06/share/navigation_bot_06/../micro_ros_setup/.git/refs/heads
[0.529s] -- Up-to-date: /home/jose/microros_ws/install/navigation_bot_06/share/navigation_bot_06/../micro_ros_setup/.git/refs/heads/humble
[0.529s] -- Up-to-date: /home/jose/microros_ws/install/navigation_bot_06/share/navigation_bot_06/../micro_ros_setup/.git/refs/remotes
[0.530s] -- Up-to-date: /home/jose/microros_ws/install/navigation_bot_06/share/navigation_bot_06/../micro_ros_setup/.git/refs/remotes/origin
[0.530s] -- Up-to-date: /home/jose/microros_ws/install/navigation_bot_06/share/navigation_bot_06/../micro_ros_setup/.git/refs/remotes/origin/HEAD
[0.530s] -- Up-to-date: /home/jose/microros_ws/install/navigation_bot_06/share/navigation_bot_06/../micro_ros_setup/.git/branches
[0.530s] -- Up-to-date: /home/jose/microros_ws/install/navigation_bot_06/share/navigation_bot_06/../micro_ros_setup/.git/objects
[0.530s] -- Up-to-date: /home/jose/microros_ws/install/navigation_bot_06/share/navigation_bot_06/../micro_ros_setup/.git/objects/pack
[0.530s] -- Up-to-date: /home/jose/microros_ws/install/navigation_bot_06/share/navigation_bot_06/../micro_ros_setup/.git/objects/pack/pack-70177c6f9e165dca3b55c3b466526cf025d6aab4.pack
[0.530s] -- Up-to-date: /home/jose/microros_ws/install/navigation_bot_06/share/navigation_bot_06/../micro_ros_setup/.git/objects/pack/pack-70177c6f9e165dca3b55c3b466526cf025d6aab4.idx
[0.530s] -- Up-to-date: /home/jose/microros_ws/install/navigation_bot_06/share/navigation_bot_06/../micro_ros_setup/.git/objects/info
[0.530s] -- Up-to-date: /home/jose/microros_ws/install/navigation_bot_06/share/navigation_bot_06/../micro_ros_setup/.git/packed-refs
[0.530s] -- Up-to-date: /home/jose/microros_ws/install/navigation_bot_06/share/navigation_bot_06/../micro_ros_setup/.git/info
[0.530s] -- Up-to-date: /home/jose/microros_ws/install/navigation_bot_06/share/navigation_bot_06/../micro_ros_setup/.git/info/exclude
[0.530s] -- Up-to-date: /home/jose/microros_ws/install/navigation_bot_06/share/navigation_bot_06/../micro_ros_setup/.git/hooks
[0.530s] -- Up-to-date: /home/jose/microros_ws/install/navigation_bot_06/share/navigation_bot_06/../micro_ros_setup/.git/hooks/prepare-commit-msg.sample
[0.530s] -- Up-to-date: /home/jose/microros_ws/install/navigation_bot_06/share/navigation_bot_06/../micro_ros_setup/.git/hooks/pre-push.sample
[0.531s] -- Up-to-date: /home/jose/microros_ws/install/navigation_bot_06/share/navigation_bot_06/../micro_ros_setup/.git/hooks/pre-receive.sample
[0.531s] -- Up-to-date: /home/jose/microros_ws/install/navigation_bot_06/share/navigation_bot_06/../micro_ros_setup/.git/hooks/pre-merge-commit.sample
[0.531s] -- Up-to-date: /home/jose/microros_ws/install/navigation_bot_06/share/navigation_bot_06/../micro_ros_setup/.git/hooks/fsmonitor-watchman.sample
[0.531s] -- Up-to-date: /home/jose/microros_ws/install/navigation_bot_06/share/navigation_bot_06/../micro_ros_setup/.git/hooks/applypatch-msg.sample
[0.531s] -- Up-to-date: /home/jose/microros_ws/install/navigation_bot_06/share/navigation_bot_06/../micro_ros_setup/.git/hooks/pre-commit.sample
[0.531s] -- Up-to-date: /home/jose/microros_ws/install/navigation_bot_06/share/navigation_bot_06/../micro_ros_setup/.git/hooks/update.sample
[0.531s] -- Up-to-date: /home/jose/microros_ws/install/navigation_bot_06/share/navigation_bot_06/../micro_ros_setup/.git/hooks/commit-msg.sample
[0.531s] -- Up-to-date: /home/jose/microros_ws/install/navigation_bot_06/share/navigation_bot_06/../micro_ros_setup/.git/hooks/push-to-checkout.sample
[0.531s] -- Up-to-date: /home/jose/microros_ws/install/navigation_bot_06/share/navigation_bot_06/../micro_ros_setup/.git/hooks/pre-rebase.sample
[0.531s] -- Up-to-date: /home/jose/microros_ws/install/navigation_bot_06/share/navigation_bot_06/../micro_ros_setup/.git/hooks/post-update.sample
[0.531s] -- Up-to-date: /home/jose/microros_ws/install/navigation_bot_06/share/navigation_bot_06/../micro_ros_setup/.git/hooks/pre-applypatch.sample
[0.531s] -- Up-to-date: /home/jose/microros_ws/install/navigation_bot_06/share/navigation_bot_06/../micro_ros_setup/.git/HEAD
[0.531s] -- Up-to-date: /home/jose/microros_ws/install/navigation_bot_06/share/navigation_bot_06/../micro_ros_setup/.git/index
[0.531s] -- Up-to-date: /home/jose/microros_ws/install/navigation_bot_06/share/navigation_bot_06/../micro_ros_setup/.images
[0.531s] -- Up-to-date: /home/jose/microros_ws/install/navigation_bot_06/share/navigation_bot_06/../micro_ros_setup/.images/microros_logo.png
[0.531s] -- Up-to-date: /home/jose/microros_ws/install/navigation_bot_06/share/navigation_bot_06/../micro_ros_setup/LICENSE
[0.531s] -- Up-to-date: /home/jose/microros_ws/install/navigation_bot_06/share/navigation_bot_06/../micro_ros_setup/CONTRIBUTING.md
[0.531s] -- Up-to-date: /home/jose/microros_ws/install/navigation_bot_06/share/navigation_bot_06/../micro_ros_setup/README.md
[0.532s] -- Up-to-date: /home/jose/microros_ws/install/navigation_bot_06/share/navigation_bot_06/../micro_ros_setup/CHANGELOG.rst
[0.532s] -- Up-to-date: /home/jose/microros_ws/install/navigation_bot_06/share/navigation_bot_06/../micro_ros_setup/.gitignore
[0.532s] -- Up-to-date: /home/jose/microros_ws/install/navigation_bot_06/share/navigation_bot_06/../micro_ros_setup/package.xml
[0.532s] -- Up-to-date: /home/jose/microros_ws/install/navigation_bot_06/share/navigation_bot_06/../ros2.repos
[0.532s] -- Up-to-date: /home/jose/microros_ws/install/navigation_bot_06/share/navigation_bot_06/../worlds
[0.532s] -- Up-to-date: /home/jose/microros_ws/install/navigation_bot_06/share/navigation_bot_06/../worlds/maze_with_charger_and_obstacle.sdf
[0.532s] -- Up-to-date: /home/jose/microros_ws/install/navigation_bot_06/share/navigation_bot_06/../worlds/perfect_world.sdf
[0.532s] -- Up-to-date: /home/jose/microros_ws/install/navigation_bot_06/share/navigation_bot_06/../worlds/slip.sdf
[0.532s] -- Up-to-date: /home/jose/microros_ws/install/navigation_bot_06/share/navigation_bot_06/../worlds/gripper_bench.sdf
[0.532s] -- Up-to-date: /home/jose/microros_ws/install/navigation_bot_06/share/navigation_bot_06/../worlds/empty.world
[0.532s] -- Up-to-date: /home/jose/microros_ws/install/navigation_bot_06/share/navigation_bot_06/../worlds/maze.sdf
[0.532s] -- Up-to-date: /home/jose/microros_ws/install/navigation_bot_06/share/navigation_bot_06/../worlds/world_01.sdf
[0.533s] -- Up-to-date: /home/jose/microros_ws/install/navigation_bot_06/share/navigation_bot_06/../worlds/world_25d_05.sdf
[0.533s] -- Up-to-date: /home/jose/microros_ws/install/navigation_bot_06/share/navigation_bot_06/../worlds/shapes.sdf
[0.533s] -- Up-to-date: /home/jose/microros_ws/install/navigation_bot_06/share/navigation_bot_06/../worlds/empty.sdf
[0.533s] -- Up-to-date: /home/jose/microros_ws/install/navigation_bot_06/share/navigation_bot_06/../worlds/world_25d.sdf
[0.533s] -- Up-to-date: /home/jose/microros_ws/install/navigation_bot_06/share/navigation_bot_06/../worlds/maze_with_charger.sdf
[0.533s] -- Up-to-date: /home/jose/microros_ws/install/navigation_bot_06/share/navigation_bot_06/launch
[0.533s] -- Up-to-date: /home/jose/microros_ws/install/navigation_bot_06/share/navigation_bot_06/launch/main_simulation_launch.py
[0.533s] -- Up-to-date: /home/jose/microros_ws/install/navigation_bot_06/share/navigation_bot_06/launch/globals.py
[0.533s] -- Up-to-date: /home/jose/microros_ws/install/navigation_bot_06/share/navigation_bot_06/launch/spawn_launch.py
[0.533s] -- Up-to-date: /home/jose/microros_ws/install/navigation_bot_06/share/navigation_bot_06/launch/slam_launch.py
[0.533s] -- Up-to-date: /home/jose/microros_ws/install/navigation_bot_06/share/navigation_bot_06/launch/bringup_launch.py
[0.533s] -- Up-to-date: /home/jose/microros_ws/install/navigation_bot_06/share/navigation_bot_06/launch/multi_tb3_simulation_launch.py
[0.533s] -- Up-to-date: /home/jose/microros_ws/install/navigation_bot_06/share/navigation_bot_06/launch/localization_launch.py
[0.533s] -- Up-to-date: /home/jose/microros_ws/install/navigation_bot_06/share/navigation_bot_06/launch/navigation_launch.py
[0.533s] -- Up-to-date: /home/jose/microros_ws/install/navigation_bot_06/share/navigation_bot_06/launch/rviz_launch.py
[0.534s] -- Up-to-date: /home/jose/microros_ws/install/navigation_bot_06/share/navigation_bot_06/launch/__pycache__
[0.534s] -- Up-to-date: /home/jose/microros_ws/install/navigation_bot_06/share/navigation_bot_06/launch/__pycache__/globals.cpython-38.pyc
[0.534s] -- Up-to-date: /home/jose/microros_ws/install/navigation_bot_06/share/navigation_bot_06/launch/__pycache__/globals.cpython-310.pyc
[0.534s] -- Up-to-date: /home/jose/microros_ws/install/navigation_bot_06/share/navigation_bot_06/rviz
[0.534s] -- Up-to-date: /home/jose/microros_ws/install/navigation_bot_06/share/navigation_bot_06/rviz/robot.rviz
[0.534s] -- Up-to-date: /home/jose/microros_ws/install/navigation_bot_06/share/navigation_bot_06/rviz/robot_old.rviz
[0.534s] -- Up-to-date: /home/jose/microros_ws/install/navigation_bot_06/share/navigation_bot_06/rviz/robot_new.rviz
[0.534s] -- Up-to-date: /home/jose/microros_ws/install/navigation_bot_06/share/navigation_bot_06/config
[0.535s] -- Up-to-date: /home/jose/microros_ws/install/navigation_bot_06/share/navigation_bot_06/config/nav2_params.yaml
[0.535s] -- Up-to-date: /home/jose/microros_ws/install/navigation_bot_06/share/navigation_bot_06/config/ekf.yaml
[0.535s] -- Up-to-date: /home/jose/microros_ws/install/navigation_bot_06/share/navigation_bot_06/description
[0.535s] -- Up-to-date: /home/jose/microros_ws/install/navigation_bot_06/share/navigation_bot_06/description/colors.xacro
[0.535s] -- Up-to-date: /home/jose/microros_ws/install/navigation_bot_06/share/navigation_bot_06/description/robot_core.xacro
[0.535s] -- Up-to-date: /home/jose/microros_ws/install/navigation_bot_06/share/navigation_bot_06/description/robot.urdf.xacro
[0.535s] -- Up-to-date: /home/jose/microros_ws/install/navigation_bot_06/share/navigation_bot_06/description/gazebo_control.xacro
[0.535s] -- Up-to-date: /home/jose/microros_ws/install/navigation_bot_06/share/navigation_bot_06/description/camera.xacro
[0.535s] -- Up-to-date: /home/jose/microros_ws/install/navigation_bot_06/share/navigation_bot_06/description/lidar.xacro
[0.535s] -- Up-to-date: /home/jose/microros_ws/install/navigation_bot_06/share/navigation_bot_06/description/inertial_macros.xacro
[0.535s] -- Up-to-date: /home/jose/microros_ws/install/navigation_bot_06/share/navigation_bot_06/description/depth_camera.xacro
[0.535s] -- Up-to-date: /home/jose/microros_ws/install/navigation_bot_06/share/navigation_bot_06/description/imu_sensor.xacro
[0.535s] -- Up-to-date: /home/jose/microros_ws/install/navigation_bot_06/share/navigation_bot_06/scripts
[0.536s] -- Up-to-date: /home/jose/microros_ws/install/navigation_bot_06/share/navigation_bot_06/scripts/waypoint_follower.py
[0.536s] -- Up-to-date: /home/jose/microros_ws/install/navigation_bot_06/share/navigation_bot_06/scripts/set_entity_state_request.txt
[0.536s] -- Up-to-date: /home/jose/microros_ws/install/navigation_bot_06/share/navigation_bot_06/scripts/robot_navigator.py
[0.536s] -- Up-to-date: /home/jose/microros_ws/install/navigation_bot_06/share/navigation_bot_06/scripts/__pycache__
[0.536s] -- Up-to-date: /home/jose/microros_ws/install/navigation_bot_06/share/navigation_bot_06/scripts/__pycache__/robot_navigator.cpython-38.pyc
[0.536s] -- Up-to-date: /home/jose/microros_ws/install/navigation_bot_06/lib/navigation_bot_06/robot_navigator.py
[0.536s] -- Up-to-date: /home/jose/microros_ws/install/navigation_bot_06/lib/navigation_bot_06/waypoint_follower.py
[0.536s] -- Up-to-date: /home/jose/microros_ws/install/navigation_bot_06/share/ament_index/resource_index/package_run_dependencies/navigation_bot_06
[0.536s] -- Up-to-date: /home/jose/microros_ws/install/navigation_bot_06/share/ament_index/resource_index/parent_prefix_path/navigation_bot_06
[0.536s] -- Up-to-date: /home/jose/microros_ws/install/navigation_bot_06/share/navigation_bot_06/environment/ament_prefix_path.sh
[0.537s] -- Up-to-date: /home/jose/microros_ws/install/navigation_bot_06/share/navigation_bot_06/environment/ament_prefix_path.dsv
[0.537s] -- Up-to-date: /home/jose/microros_ws/install/navigation_bot_06/share/navigation_bot_06/environment/path.sh
[0.538s] -- Up-to-date: /home/jose/microros_ws/install/navigation_bot_06/share/navigation_bot_06/environment/path.dsv
[0.538s] -- Up-to-date: /home/jose/microros_ws/install/navigation_bot_06/share/navigation_bot_06/local_setup.bash
[0.538s] -- Up-to-date: /home/jose/microros_ws/install/navigation_bot_06/share/navigation_bot_06/local_setup.sh
[0.538s] -- Up-to-date: /home/jose/microros_ws/install/navigation_bot_06/share/navigation_bot_06/local_setup.zsh
[0.538s] -- Up-to-date: /home/jose/microros_ws/install/navigation_bot_06/share/navigation_bot_06/local_setup.dsv
[0.540s] -- Installing: /home/jose/microros_ws/install/navigation_bot_06/share/navigation_bot_06/package.dsv
[0.540s] -- Up-to-date: /home/jose/microros_ws/install/navigation_bot_06/share/ament_index/resource_index/packages/navigation_bot_06
[0.540s] -- Up-to-date: /home/jose/microros_ws/install/navigation_bot_06/share/navigation_bot_06/cmake/navigation_bot_06Config.cmake
[0.540s] -- Up-to-date: /home/jose/microros_ws/install/navigation_bot_06/share/navigation_bot_06/cmake/navigation_bot_06Config-version.cmake
[0.540s] -- Up-to-date: /home/jose/microros_ws/install/navigation_bot_06/share/navigation_bot_06/package.xml
[0.543s] Invoked command in '/home/jose/microros_ws/build/navigation_bot_06' returned '0': CMAKE_PREFIX_PATH=${CMAKE_PREFIX_PATH}:/home/jose/microros_ws/install/odin_nav:/home/jose/microros_ws/install/odin_comms:/opt/ros/humble /usr/bin/cmake --install /home/jose/microros_ws/build/navigation_bot_06
