[0.760s] Invoking command in '/home/jose/microros_ws/src/odin_nav': PYTHONPATH=/home/jose/microros_ws/build/odin_nav/prefix_override:/usr/lib/python3/dist-packages/colcon_core/task/python/colcon_distutils_commands:/home/jose/microros_ws/install/odin_nav/lib/python3.10/site-packages:${PYTHONPATH} /usr/bin/python3 -W ignore:setup.py install is deprecated setup.py egg_info --egg-base ../../build/odin_nav build --build-base /home/jose/microros_ws/build/odin_nav/build install --record /home/jose/microros_ws/build/odin_nav/install.log --single-version-externally-managed install_data
[0.952s] running egg_info
[0.953s] writing ../../build/odin_nav/odin_nav.egg-info/PKG-INFO
[0.955s] writing dependency_links to ../../build/odin_nav/odin_nav.egg-info/dependency_links.txt
[0.959s] writing entry points to ../../build/odin_nav/odin_nav.egg-info/entry_points.txt
[0.959s] writing requirements to ../../build/odin_nav/odin_nav.egg-info/requires.txt
[0.982s] writing top-level names to ../../build/odin_nav/odin_nav.egg-info/top_level.txt
[0.985s] reading manifest file '../../build/odin_nav/odin_nav.egg-info/SOURCES.txt'
[0.986s] writing manifest file '../../build/odin_nav/odin_nav.egg-info/SOURCES.txt'
[0.989s] running build
[0.990s] running build_py
[0.990s] running install
[0.991s] running install_lib
[0.991s] running install_data
[0.992s] copying launch/display.launch.py -> /home/jose/microros_ws/install/odin_nav/share/odin_nav/launch
[0.992s] copying package.xml -> /home/jose/microros_ws/install/odin_nav/share/odin_nav
[0.992s] running install_egg_info
[0.995s] removing '/home/jose/microros_ws/install/odin_nav/lib/python3.10/site-packages/odin_nav-0.0.0-py3.10.egg-info' (and everything under it)
[0.995s] Copying ../../build/odin_nav/odin_nav.egg-info to /home/jose/microros_ws/install/odin_nav/lib/python3.10/site-packages/odin_nav-0.0.0-py3.10.egg-info
[0.996s] running install_scripts
[1.016s] Installing map_pub script to /home/jose/microros_ws/install/odin_nav/lib/odin_nav
[1.016s] Installing odom_pub script to /home/jose/microros_ws/install/odin_nav/lib/odin_nav
[1.016s] writing list of installed files to '/home/jose/microros_ws/build/odin_nav/install.log'
[1.045s] Invoked command in '/home/jose/microros_ws/src/odin_nav' returned '0': PYTHONPATH=/home/jose/microros_ws/build/odin_nav/prefix_override:/usr/lib/python3/dist-packages/colcon_core/task/python/colcon_distutils_commands:/home/jose/microros_ws/install/odin_nav/lib/python3.10/site-packages:${PYTHONPATH} /usr/bin/python3 -W ignore:setup.py install is deprecated setup.py egg_info --egg-base ../../build/odin_nav build --build-base /home/jose/microros_ws/build/odin_nav/build install --record /home/jose/microros_ws/build/odin_nav/install.log --single-version-externally-managed install_data
