[0.106s] DEBUG:colcon:Command line arguments: ['/usr/bin/colcon', 'build']
[0.106s] DEBUG:colcon:Parsed command line arguments: Namespace(log_base=None, log_level=None, verb_name='build', build_base='build', install_base='install', merge_install=False, symlink_install=False, test_result_base=None, continue_on_error=False, executor='parallel', parallel_workers=16, event_handlers=None, ignore_user_meta=False, metas=['./colcon.meta'], base_paths=['.'], packages_ignore=None, packages_ignore_regex=None, paths=None, packages_up_to=None, packages_up_to_regex=None, packages_above=None, packages_above_and_dependencies=None, packages_above_depth=None, packages_select_by_dep=None, packages_skip_by_dep=None, packages_skip_up_to=None, packages_select_build_failed=False, packages_skip_build_finished=False, packages_select_test_failures=False, packages_skip_test_passed=False, packages_select=None, packages_skip=None, packages_select_regex=None, packages_skip_regex=None, packages_start=None, packages_end=None, allow_overriding=[], cmake_args=None, cmake_target=None, cmake_target_skip_unavailable=False, cmake_clean_cache=False, cmake_clean_first=False, cmake_force_configure=False, ament_cmake_args=None, catkin_cmake_args=None, catkin_skip_building_tests=False, verb_parser=<colcon_defaults.argument_parser.defaults.DefaultArgumentsDecorator object at 0x7b480e955270>, verb_extension=<colcon_core.verb.build.BuildVerb object at 0x7b480ea3dd20>, main=<bound method BuildVerb.main of <colcon_core.verb.build.BuildVerb object at 0x7b480ea3dd20>>)
[0.277s] Level 1:colcon.colcon_core.package_discovery:discover_packages(colcon_meta) check parameters
[0.277s] Level 1:colcon.colcon_core.package_discovery:discover_packages(recursive) check parameters
[0.277s] Level 1:colcon.colcon_core.package_discovery:discover_packages(ignore) check parameters
[0.277s] Level 1:colcon.colcon_core.package_discovery:discover_packages(path) check parameters
[0.277s] Level 1:colcon.colcon_core.package_discovery:discover_packages(colcon_meta) discover
[0.277s] Level 1:colcon.colcon_core.package_discovery:discover_packages(recursive) discover
[0.277s] INFO:colcon.colcon_core.package_discovery:Crawling recursively for packages in '/home/jose/microros_ws'
[0.277s] Level 1:colcon.colcon_core.package_identification:_identify(.) by extensions ['ignore', 'ignore_ament_install']
[0.277s] Level 1:colcon.colcon_core.package_identification:_identify(.) by extension 'ignore'
[0.277s] Level 1:colcon.colcon_core.package_identification:_identify(.) by extension 'ignore_ament_install'
[0.277s] Level 1:colcon.colcon_core.package_identification:_identify(.) by extensions ['colcon_pkg']
[0.277s] Level 1:colcon.colcon_core.package_identification:_identify(.) by extension 'colcon_pkg'
[0.277s] Level 1:colcon.colcon_core.package_identification:_identify(.) by extensions ['colcon_meta']
[0.278s] Level 1:colcon.colcon_core.package_identification:_identify(.) by extension 'colcon_meta'
[0.278s] Level 1:colcon.colcon_core.package_identification:_identify(.) by extensions ['ros']
[0.278s] Level 1:colcon.colcon_core.package_identification:_identify(.) by extension 'ros'
[0.289s] Level 1:colcon.colcon_core.package_identification:_identify(.) by extensions ['cmake', 'python']
[0.289s] Level 1:colcon.colcon_core.package_identification:_identify(.) by extension 'cmake'
[0.289s] Level 1:colcon.colcon_core.package_identification:_identify(.) by extension 'python'
[0.289s] Level 1:colcon.colcon_core.package_identification:_identify(.) by extensions ['python_setup_py']
[0.289s] Level 1:colcon.colcon_core.package_identification:_identify(.) by extension 'python_setup_py'
[0.289s] Level 1:colcon.colcon_core.package_identification:_identify(build) by extensions ['ignore', 'ignore_ament_install']
[0.289s] Level 1:colcon.colcon_core.package_identification:_identify(build) by extension 'ignore'
[0.289s] Level 1:colcon.colcon_core.package_identification:_identify(build) ignored
[0.289s] Level 1:colcon.colcon_core.package_identification:_identify(install) by extensions ['ignore', 'ignore_ament_install']
[0.289s] Level 1:colcon.colcon_core.package_identification:_identify(install) by extension 'ignore'
[0.289s] Level 1:colcon.colcon_core.package_identification:_identify(install) ignored
[0.290s] Level 1:colcon.colcon_core.package_identification:_identify(log) by extensions ['ignore', 'ignore_ament_install']
[0.290s] Level 1:colcon.colcon_core.package_identification:_identify(log) by extension 'ignore'
[0.290s] Level 1:colcon.colcon_core.package_identification:_identify(log) ignored
[0.290s] Level 1:colcon.colcon_core.package_identification:_identify(src) by extensions ['ignore', 'ignore_ament_install']
[0.290s] Level 1:colcon.colcon_core.package_identification:_identify(src) by extension 'ignore'
[0.290s] Level 1:colcon.colcon_core.package_identification:_identify(src) by extension 'ignore_ament_install'
[0.290s] Level 1:colcon.colcon_core.package_identification:_identify(src) by extensions ['colcon_pkg']
[0.290s] Level 1:colcon.colcon_core.package_identification:_identify(src) by extension 'colcon_pkg'
[0.290s] Level 1:colcon.colcon_core.package_identification:_identify(src) by extensions ['colcon_meta']
[0.290s] Level 1:colcon.colcon_core.package_identification:_identify(src) by extension 'colcon_meta'
[0.290s] Level 1:colcon.colcon_core.package_identification:_identify(src) by extensions ['ros']
[0.290s] Level 1:colcon.colcon_core.package_identification:_identify(src) by extension 'ros'
[0.290s] Level 1:colcon.colcon_core.package_identification:_identify(src) by extensions ['cmake', 'python']
[0.290s] Level 1:colcon.colcon_core.package_identification:_identify(src) by extension 'cmake'
[0.290s] Level 1:colcon.colcon_core.package_identification:_identify(src) by extension 'python'
[0.290s] Level 1:colcon.colcon_core.package_identification:_identify(src) by extensions ['python_setup_py']
[0.290s] Level 1:colcon.colcon_core.package_identification:_identify(src) by extension 'python_setup_py'
[0.291s] Level 1:colcon.colcon_core.package_identification:_identify(src/description) by extensions ['ignore', 'ignore_ament_install']
[0.291s] Level 1:colcon.colcon_core.package_identification:_identify(src/description) by extension 'ignore'
[0.291s] Level 1:colcon.colcon_core.package_identification:_identify(src/description) by extension 'ignore_ament_install'
[0.291s] Level 1:colcon.colcon_core.package_identification:_identify(src/description) by extensions ['colcon_pkg']
[0.291s] Level 1:colcon.colcon_core.package_identification:_identify(src/description) by extension 'colcon_pkg'
[0.291s] Level 1:colcon.colcon_core.package_identification:_identify(src/description) by extensions ['colcon_meta']
[0.291s] Level 1:colcon.colcon_core.package_identification:_identify(src/description) by extension 'colcon_meta'
[0.291s] Level 1:colcon.colcon_core.package_identification:_identify(src/description) by extensions ['ros']
[0.291s] Level 1:colcon.colcon_core.package_identification:_identify(src/description) by extension 'ros'
[0.291s] Level 1:colcon.colcon_core.package_identification:_identify(src/description) by extensions ['cmake', 'python']
[0.291s] Level 1:colcon.colcon_core.package_identification:_identify(src/description) by extension 'cmake'
[0.291s] Level 1:colcon.colcon_core.package_identification:_identify(src/description) by extension 'python'
[0.291s] Level 1:colcon.colcon_core.package_identification:_identify(src/description) by extensions ['python_setup_py']
[0.291s] Level 1:colcon.colcon_core.package_identification:_identify(src/description) by extension 'python_setup_py'
[0.291s] Level 1:colcon.colcon_core.package_identification:_identify(src/maps) by extensions ['ignore', 'ignore_ament_install']
[0.291s] Level 1:colcon.colcon_core.package_identification:_identify(src/maps) by extension 'ignore'
[0.291s] Level 1:colcon.colcon_core.package_identification:_identify(src/maps) by extension 'ignore_ament_install'
[0.292s] Level 1:colcon.colcon_core.package_identification:_identify(src/maps) by extensions ['colcon_pkg']
[0.292s] Level 1:colcon.colcon_core.package_identification:_identify(src/maps) by extension 'colcon_pkg'
[0.292s] Level 1:colcon.colcon_core.package_identification:_identify(src/maps) by extensions ['colcon_meta']
[0.292s] Level 1:colcon.colcon_core.package_identification:_identify(src/maps) by extension 'colcon_meta'
[0.292s] Level 1:colcon.colcon_core.package_identification:_identify(src/maps) by extensions ['ros']
[0.292s] Level 1:colcon.colcon_core.package_identification:_identify(src/maps) by extension 'ros'
[0.292s] Level 1:colcon.colcon_core.package_identification:_identify(src/maps) by extensions ['cmake', 'python']
[0.292s] Level 1:colcon.colcon_core.package_identification:_identify(src/maps) by extension 'cmake'
[0.292s] Level 1:colcon.colcon_core.package_identification:_identify(src/maps) by extension 'python'
[0.292s] Level 1:colcon.colcon_core.package_identification:_identify(src/maps) by extensions ['python_setup_py']
[0.292s] Level 1:colcon.colcon_core.package_identification:_identify(src/maps) by extension 'python_setup_py'
[0.292s] Level 1:colcon.colcon_core.package_identification:_identify(src/micro_ros_setup) by extensions ['ignore', 'ignore_ament_install']
[0.292s] Level 1:colcon.colcon_core.package_identification:_identify(src/micro_ros_setup) by extension 'ignore'
[0.292s] Level 1:colcon.colcon_core.package_identification:_identify(src/micro_ros_setup) by extension 'ignore_ament_install'
[0.292s] Level 1:colcon.colcon_core.package_identification:_identify(src/micro_ros_setup) by extensions ['colcon_pkg']
[0.292s] Level 1:colcon.colcon_core.package_identification:_identify(src/micro_ros_setup) by extension 'colcon_pkg'
[0.292s] Level 1:colcon.colcon_core.package_identification:_identify(src/micro_ros_setup) by extensions ['colcon_meta']
[0.292s] Level 1:colcon.colcon_core.package_identification:_identify(src/micro_ros_setup) by extension 'colcon_meta'
[0.292s] Level 1:colcon.colcon_core.package_identification:_identify(src/micro_ros_setup) by extensions ['ros']
[0.293s] Level 1:colcon.colcon_core.package_identification:_identify(src/micro_ros_setup) by extension 'ros'
[0.295s] DEBUG:colcon.colcon_core.package_identification:Package 'src/micro_ros_setup' with type 'ros.ament_cmake' and name 'micro_ros_setup'
[0.295s] Level 1:colcon.colcon_core.package_identification:_identify(src/odin_comms) by extensions ['ignore', 'ignore_ament_install']
[0.295s] Level 1:colcon.colcon_core.package_identification:_identify(src/odin_comms) by extension 'ignore'
[0.296s] Level 1:colcon.colcon_core.package_identification:_identify(src/odin_comms) by extension 'ignore_ament_install'
[0.296s] Level 1:colcon.colcon_core.package_identification:_identify(src/odin_comms) by extensions ['colcon_pkg']
[0.296s] Level 1:colcon.colcon_core.package_identification:_identify(src/odin_comms) by extension 'colcon_pkg'
[0.296s] Level 1:colcon.colcon_core.package_identification:_identify(src/odin_comms) by extensions ['colcon_meta']
[0.296s] Level 1:colcon.colcon_core.package_identification:_identify(src/odin_comms) by extension 'colcon_meta'
[0.296s] Level 1:colcon.colcon_core.package_identification:_identify(src/odin_comms) by extensions ['ros']
[0.296s] Level 1:colcon.colcon_core.package_identification:_identify(src/odin_comms) by extension 'ros'
[0.296s] DEBUG:colcon.colcon_core.package_identification:Package 'src/odin_comms' with type 'ros.ament_python' and name 'odin_comms'
[0.297s] Level 1:colcon.colcon_core.package_identification:_identify(src/odin_nav) by extensions ['ignore', 'ignore_ament_install']
[0.297s] Level 1:colcon.colcon_core.package_identification:_identify(src/odin_nav) by extension 'ignore'
[0.297s] Level 1:colcon.colcon_core.package_identification:_identify(src/odin_nav) by extension 'ignore_ament_install'
[0.297s] Level 1:colcon.colcon_core.package_identification:_identify(src/odin_nav) by extensions ['colcon_pkg']
[0.297s] Level 1:colcon.colcon_core.package_identification:_identify(src/odin_nav) by extension 'colcon_pkg'
[0.297s] Level 1:colcon.colcon_core.package_identification:_identify(src/odin_nav) by extensions ['colcon_meta']
[0.297s] Level 1:colcon.colcon_core.package_identification:_identify(src/odin_nav) by extension 'colcon_meta'
[0.297s] Level 1:colcon.colcon_core.package_identification:_identify(src/odin_nav) by extensions ['ros']
[0.297s] Level 1:colcon.colcon_core.package_identification:_identify(src/odin_nav) by extension 'ros'
[0.298s] DEBUG:colcon.colcon_core.package_identification:Package 'src/odin_nav' with type 'ros.ament_python' and name 'odin_nav'
[0.298s] Level 1:colcon.colcon_core.package_identification:_identify(src/odin_nav2) by extensions ['ignore', 'ignore_ament_install']
[0.298s] Level 1:colcon.colcon_core.package_identification:_identify(src/odin_nav2) by extension 'ignore'
[0.298s] Level 1:colcon.colcon_core.package_identification:_identify(src/odin_nav2) by extension 'ignore_ament_install'
[0.298s] Level 1:colcon.colcon_core.package_identification:_identify(src/odin_nav2) by extensions ['colcon_pkg']
[0.298s] Level 1:colcon.colcon_core.package_identification:_identify(src/odin_nav2) by extension 'colcon_pkg'
[0.298s] Level 1:colcon.colcon_core.package_identification:_identify(src/odin_nav2) by extensions ['colcon_meta']
[0.298s] Level 1:colcon.colcon_core.package_identification:_identify(src/odin_nav2) by extension 'colcon_meta'
[0.298s] Level 1:colcon.colcon_core.package_identification:_identify(src/odin_nav2) by extensions ['ros']
[0.298s] Level 1:colcon.colcon_core.package_identification:_identify(src/odin_nav2) by extension 'ros'
[0.299s] DEBUG:colcon.colcon_core.package_identification:Package 'src/odin_nav2' with type 'ros.ament_python' and name 'odin_nav2'
[0.299s] Level 1:colcon.colcon_core.package_identification:_identify(src/uros) by extensions ['ignore', 'ignore_ament_install']
[0.299s] Level 1:colcon.colcon_core.package_identification:_identify(src/uros) by extension 'ignore'
[0.299s] Level 1:colcon.colcon_core.package_identification:_identify(src/uros) by extension 'ignore_ament_install'
[0.299s] Level 1:colcon.colcon_core.package_identification:_identify(src/uros) by extensions ['colcon_pkg']
[0.299s] Level 1:colcon.colcon_core.package_identification:_identify(src/uros) by extension 'colcon_pkg'
[0.299s] Level 1:colcon.colcon_core.package_identification:_identify(src/uros) by extensions ['colcon_meta']
[0.299s] Level 1:colcon.colcon_core.package_identification:_identify(src/uros) by extension 'colcon_meta'
[0.299s] Level 1:colcon.colcon_core.package_identification:_identify(src/uros) by extensions ['ros']
[0.299s] Level 1:colcon.colcon_core.package_identification:_identify(src/uros) by extension 'ros'
[0.299s] Level 1:colcon.colcon_core.package_identification:_identify(src/uros) by extensions ['cmake', 'python']
[0.300s] Level 1:colcon.colcon_core.package_identification:_identify(src/uros) by extension 'cmake'
[0.300s] Level 1:colcon.colcon_core.package_identification:_identify(src/uros) by extension 'python'
[0.300s] Level 1:colcon.colcon_core.package_identification:_identify(src/uros) by extensions ['python_setup_py']
[0.300s] Level 1:colcon.colcon_core.package_identification:_identify(src/uros) by extension 'python_setup_py'
[0.300s] Level 1:colcon.colcon_core.package_identification:_identify(src/uros/micro-ROS-Agent) by extensions ['ignore', 'ignore_ament_install']
[0.300s] Level 1:colcon.colcon_core.package_identification:_identify(src/uros/micro-ROS-Agent) by extension 'ignore'
[0.300s] Level 1:colcon.colcon_core.package_identification:_identify(src/uros/micro-ROS-Agent) by extension 'ignore_ament_install'
[0.300s] Level 1:colcon.colcon_core.package_identification:_identify(src/uros/micro-ROS-Agent) by extensions ['colcon_pkg']
[0.300s] Level 1:colcon.colcon_core.package_identification:_identify(src/uros/micro-ROS-Agent) by extension 'colcon_pkg'
[0.300s] Level 1:colcon.colcon_core.package_identification:_identify(src/uros/micro-ROS-Agent) by extensions ['colcon_meta']
[0.300s] Level 1:colcon.colcon_core.package_identification:_identify(src/uros/micro-ROS-Agent) by extension 'colcon_meta'
[0.300s] Level 1:colcon.colcon_core.package_identification:_identify(src/uros/micro-ROS-Agent) by extensions ['ros']
[0.300s] Level 1:colcon.colcon_core.package_identification:_identify(src/uros/micro-ROS-Agent) by extension 'ros'
[0.300s] Level 1:colcon.colcon_core.package_identification:_identify(src/uros/micro-ROS-Agent) by extensions ['cmake', 'python']
[0.300s] Level 1:colcon.colcon_core.package_identification:_identify(src/uros/micro-ROS-Agent) by extension 'cmake'
[0.300s] Level 1:colcon.colcon_core.package_identification:_identify(src/uros/micro-ROS-Agent) by extension 'python'
[0.300s] Level 1:colcon.colcon_core.package_identification:_identify(src/uros/micro-ROS-Agent) by extensions ['python_setup_py']
[0.300s] Level 1:colcon.colcon_core.package_identification:_identify(src/uros/micro-ROS-Agent) by extension 'python_setup_py'
[0.301s] Level 1:colcon.colcon_core.package_identification:_identify(src/uros/micro-ROS-Agent/micro_ros_agent) by extensions ['ignore', 'ignore_ament_install']
[0.301s] Level 1:colcon.colcon_core.package_identification:_identify(src/uros/micro-ROS-Agent/micro_ros_agent) by extension 'ignore'
[0.301s] Level 1:colcon.colcon_core.package_identification:_identify(src/uros/micro-ROS-Agent/micro_ros_agent) by extension 'ignore_ament_install'
[0.301s] Level 1:colcon.colcon_core.package_identification:_identify(src/uros/micro-ROS-Agent/micro_ros_agent) by extensions ['colcon_pkg']
[0.301s] Level 1:colcon.colcon_core.package_identification:_identify(src/uros/micro-ROS-Agent/micro_ros_agent) by extension 'colcon_pkg'
[0.301s] Level 1:colcon.colcon_core.package_identification:_identify(src/uros/micro-ROS-Agent/micro_ros_agent) by extensions ['colcon_meta']
[0.301s] Level 1:colcon.colcon_core.package_identification:_identify(src/uros/micro-ROS-Agent/micro_ros_agent) by extension 'colcon_meta'
[0.301s] Level 1:colcon.colcon_core.package_identification:_identify(src/uros/micro-ROS-Agent/micro_ros_agent) by extensions ['ros']
[0.301s] Level 1:colcon.colcon_core.package_identification:_identify(src/uros/micro-ROS-Agent/micro_ros_agent) by extension 'ros'
[0.302s] DEBUG:colcon.colcon_core.package_identification:Package 'src/uros/micro-ROS-Agent/micro_ros_agent' with type 'ros.ament_cmake' and name 'micro_ros_agent'
[0.302s] Level 1:colcon.colcon_core.package_identification:_identify(src/uros/micro-ROS-Agent/snap) by extensions ['ignore', 'ignore_ament_install']
[0.302s] Level 1:colcon.colcon_core.package_identification:_identify(src/uros/micro-ROS-Agent/snap) by extension 'ignore'
[0.302s] Level 1:colcon.colcon_core.package_identification:_identify(src/uros/micro-ROS-Agent/snap) by extension 'ignore_ament_install'
[0.302s] Level 1:colcon.colcon_core.package_identification:_identify(src/uros/micro-ROS-Agent/snap) by extensions ['colcon_pkg']
[0.302s] Level 1:colcon.colcon_core.package_identification:_identify(src/uros/micro-ROS-Agent/snap) by extension 'colcon_pkg'
[0.302s] Level 1:colcon.colcon_core.package_identification:_identify(src/uros/micro-ROS-Agent/snap) by extensions ['colcon_meta']
[0.302s] Level 1:colcon.colcon_core.package_identification:_identify(src/uros/micro-ROS-Agent/snap) by extension 'colcon_meta'
[0.302s] Level 1:colcon.colcon_core.package_identification:_identify(src/uros/micro-ROS-Agent/snap) by extensions ['ros']
[0.302s] Level 1:colcon.colcon_core.package_identification:_identify(src/uros/micro-ROS-Agent/snap) by extension 'ros'
[0.302s] Level 1:colcon.colcon_core.package_identification:_identify(src/uros/micro-ROS-Agent/snap) by extensions ['cmake', 'python']
[0.302s] Level 1:colcon.colcon_core.package_identification:_identify(src/uros/micro-ROS-Agent/snap) by extension 'cmake'
[0.302s] Level 1:colcon.colcon_core.package_identification:_identify(src/uros/micro-ROS-Agent/snap) by extension 'python'
[0.302s] Level 1:colcon.colcon_core.package_identification:_identify(src/uros/micro-ROS-Agent/snap) by extensions ['python_setup_py']
[0.302s] Level 1:colcon.colcon_core.package_identification:_identify(src/uros/micro-ROS-Agent/snap) by extension 'python_setup_py'
[0.303s] Level 1:colcon.colcon_core.package_identification:_identify(src/uros/micro-ROS-Agent/snap/hooks) by extensions ['ignore', 'ignore_ament_install']
[0.303s] Level 1:colcon.colcon_core.package_identification:_identify(src/uros/micro-ROS-Agent/snap/hooks) by extension 'ignore'
[0.303s] Level 1:colcon.colcon_core.package_identification:_identify(src/uros/micro-ROS-Agent/snap/hooks) by extension 'ignore_ament_install'
[0.303s] Level 1:colcon.colcon_core.package_identification:_identify(src/uros/micro-ROS-Agent/snap/hooks) by extensions ['colcon_pkg']
[0.303s] Level 1:colcon.colcon_core.package_identification:_identify(src/uros/micro-ROS-Agent/snap/hooks) by extension 'colcon_pkg'
[0.303s] Level 1:colcon.colcon_core.package_identification:_identify(src/uros/micro-ROS-Agent/snap/hooks) by extensions ['colcon_meta']
[0.303s] Level 1:colcon.colcon_core.package_identification:_identify(src/uros/micro-ROS-Agent/snap/hooks) by extension 'colcon_meta'
[0.303s] Level 1:colcon.colcon_core.package_identification:_identify(src/uros/micro-ROS-Agent/snap/hooks) by extensions ['ros']
[0.303s] Level 1:colcon.colcon_core.package_identification:_identify(src/uros/micro-ROS-Agent/snap/hooks) by extension 'ros'
[0.303s] Level 1:colcon.colcon_core.package_identification:_identify(src/uros/micro-ROS-Agent/snap/hooks) by extensions ['cmake', 'python']
[0.303s] Level 1:colcon.colcon_core.package_identification:_identify(src/uros/micro-ROS-Agent/snap/hooks) by extension 'cmake'
[0.303s] Level 1:colcon.colcon_core.package_identification:_identify(src/uros/micro-ROS-Agent/snap/hooks) by extension 'python'
[0.303s] Level 1:colcon.colcon_core.package_identification:_identify(src/uros/micro-ROS-Agent/snap/hooks) by extensions ['python_setup_py']
[0.303s] Level 1:colcon.colcon_core.package_identification:_identify(src/uros/micro-ROS-Agent/snap/hooks) by extension 'python_setup_py'
[0.303s] Level 1:colcon.colcon_core.package_identification:_identify(src/uros/micro-ROS-Agent/snap/local) by extensions ['ignore', 'ignore_ament_install']
[0.303s] Level 1:colcon.colcon_core.package_identification:_identify(src/uros/micro-ROS-Agent/snap/local) by extension 'ignore'
[0.303s] Level 1:colcon.colcon_core.package_identification:_identify(src/uros/micro-ROS-Agent/snap/local) by extension 'ignore_ament_install'
[0.304s] Level 1:colcon.colcon_core.package_identification:_identify(src/uros/micro-ROS-Agent/snap/local) by extensions ['colcon_pkg']
[0.304s] Level 1:colcon.colcon_core.package_identification:_identify(src/uros/micro-ROS-Agent/snap/local) by extension 'colcon_pkg'
[0.304s] Level 1:colcon.colcon_core.package_identification:_identify(src/uros/micro-ROS-Agent/snap/local) by extensions ['colcon_meta']
[0.304s] Level 1:colcon.colcon_core.package_identification:_identify(src/uros/micro-ROS-Agent/snap/local) by extension 'colcon_meta'
[0.304s] Level 1:colcon.colcon_core.package_identification:_identify(src/uros/micro-ROS-Agent/snap/local) by extensions ['ros']
[0.304s] Level 1:colcon.colcon_core.package_identification:_identify(src/uros/micro-ROS-Agent/snap/local) by extension 'ros'
[0.304s] Level 1:colcon.colcon_core.package_identification:_identify(src/uros/micro-ROS-Agent/snap/local) by extensions ['cmake', 'python']
[0.304s] Level 1:colcon.colcon_core.package_identification:_identify(src/uros/micro-ROS-Agent/snap/local) by extension 'cmake'
[0.304s] Level 1:colcon.colcon_core.package_identification:_identify(src/uros/micro-ROS-Agent/snap/local) by extension 'python'
[0.304s] Level 1:colcon.colcon_core.package_identification:_identify(src/uros/micro-ROS-Agent/snap/local) by extensions ['python_setup_py']
[0.304s] Level 1:colcon.colcon_core.package_identification:_identify(src/uros/micro-ROS-Agent/snap/local) by extension 'python_setup_py'
[0.304s] Level 1:colcon.colcon_core.package_identification:_identify(src/uros/micro_ros_msgs) by extensions ['ignore', 'ignore_ament_install']
[0.304s] Level 1:colcon.colcon_core.package_identification:_identify(src/uros/micro_ros_msgs) by extension 'ignore'
[0.304s] Level 1:colcon.colcon_core.package_identification:_identify(src/uros/micro_ros_msgs) by extension 'ignore_ament_install'
[0.304s] Level 1:colcon.colcon_core.package_identification:_identify(src/uros/micro_ros_msgs) by extensions ['colcon_pkg']
[0.304s] Level 1:colcon.colcon_core.package_identification:_identify(src/uros/micro_ros_msgs) by extension 'colcon_pkg'
[0.304s] Level 1:colcon.colcon_core.package_identification:_identify(src/uros/micro_ros_msgs) by extensions ['colcon_meta']
[0.304s] Level 1:colcon.colcon_core.package_identification:_identify(src/uros/micro_ros_msgs) by extension 'colcon_meta'
[0.304s] Level 1:colcon.colcon_core.package_identification:_identify(src/uros/micro_ros_msgs) by extensions ['ros']
[0.304s] Level 1:colcon.colcon_core.package_identification:_identify(src/uros/micro_ros_msgs) by extension 'ros'
[0.305s] DEBUG:colcon.colcon_core.package_identification:Package 'src/uros/micro_ros_msgs' with type 'ros.ament_cmake' and name 'micro_ros_msgs'
[0.305s] Level 1:colcon.colcon_core.package_identification:_identify(src/utils) by extensions ['ignore', 'ignore_ament_install']
[0.305s] Level 1:colcon.colcon_core.package_identification:_identify(src/utils) by extension 'ignore'
[0.305s] Level 1:colcon.colcon_core.package_identification:_identify(src/utils) by extension 'ignore_ament_install'
[0.305s] Level 1:colcon.colcon_core.package_identification:_identify(src/utils) by extensions ['colcon_pkg']
[0.305s] Level 1:colcon.colcon_core.package_identification:_identify(src/utils) by extension 'colcon_pkg'
[0.305s] Level 1:colcon.colcon_core.package_identification:_identify(src/utils) by extensions ['colcon_meta']
[0.305s] Level 1:colcon.colcon_core.package_identification:_identify(src/utils) by extension 'colcon_meta'
[0.305s] Level 1:colcon.colcon_core.package_identification:_identify(src/utils) by extensions ['ros']
[0.306s] Level 1:colcon.colcon_core.package_identification:_identify(src/utils) by extension 'ros'
[0.306s] Level 1:colcon.colcon_core.package_identification:_identify(src/utils) by extensions ['cmake', 'python']
[0.306s] Level 1:colcon.colcon_core.package_identification:_identify(src/utils) by extension 'cmake'
[0.306s] Level 1:colcon.colcon_core.package_identification:_identify(src/utils) by extension 'python'
[0.306s] Level 1:colcon.colcon_core.package_identification:_identify(src/utils) by extensions ['python_setup_py']
[0.306s] Level 1:colcon.colcon_core.package_identification:_identify(src/utils) by extension 'python_setup_py'
[0.306s] Level 1:colcon.colcon_core.package_identification:_identify(src/worlds) by extensions ['ignore', 'ignore_ament_install']
[0.306s] Level 1:colcon.colcon_core.package_identification:_identify(src/worlds) by extension 'ignore'
[0.306s] Level 1:colcon.colcon_core.package_identification:_identify(src/worlds) by extension 'ignore_ament_install'
[0.306s] Level 1:colcon.colcon_core.package_identification:_identify(src/worlds) by extensions ['colcon_pkg']
[0.306s] Level 1:colcon.colcon_core.package_identification:_identify(src/worlds) by extension 'colcon_pkg'
[0.306s] Level 1:colcon.colcon_core.package_identification:_identify(src/worlds) by extensions ['colcon_meta']
[0.306s] Level 1:colcon.colcon_core.package_identification:_identify(src/worlds) by extension 'colcon_meta'
[0.306s] Level 1:colcon.colcon_core.package_identification:_identify(src/worlds) by extensions ['ros']
[0.306s] Level 1:colcon.colcon_core.package_identification:_identify(src/worlds) by extension 'ros'
[0.306s] Level 1:colcon.colcon_core.package_identification:_identify(src/worlds) by extensions ['cmake', 'python']
[0.306s] Level 1:colcon.colcon_core.package_identification:_identify(src/worlds) by extension 'cmake'
[0.306s] Level 1:colcon.colcon_core.package_identification:_identify(src/worlds) by extension 'python'
[0.306s] Level 1:colcon.colcon_core.package_identification:_identify(src/worlds) by extensions ['python_setup_py']
[0.306s] Level 1:colcon.colcon_core.package_identification:_identify(src/worlds) by extension 'python_setup_py'
[0.307s] Level 1:colcon.colcon_core.package_identification:_identify(urdf) by extensions ['ignore', 'ignore_ament_install']
[0.307s] Level 1:colcon.colcon_core.package_identification:_identify(urdf) by extension 'ignore'
[0.307s] Level 1:colcon.colcon_core.package_identification:_identify(urdf) by extension 'ignore_ament_install'
[0.307s] Level 1:colcon.colcon_core.package_identification:_identify(urdf) by extensions ['colcon_pkg']
[0.307s] Level 1:colcon.colcon_core.package_identification:_identify(urdf) by extension 'colcon_pkg'
[0.307s] Level 1:colcon.colcon_core.package_identification:_identify(urdf) by extensions ['colcon_meta']
[0.307s] Level 1:colcon.colcon_core.package_identification:_identify(urdf) by extension 'colcon_meta'
[0.307s] Level 1:colcon.colcon_core.package_identification:_identify(urdf) by extensions ['ros']
[0.307s] Level 1:colcon.colcon_core.package_identification:_identify(urdf) by extension 'ros'
[0.307s] Level 1:colcon.colcon_core.package_identification:_identify(urdf) by extensions ['cmake', 'python']
[0.307s] Level 1:colcon.colcon_core.package_identification:_identify(urdf) by extension 'cmake'
[0.307s] Level 1:colcon.colcon_core.package_identification:_identify(urdf) by extension 'python'
[0.307s] Level 1:colcon.colcon_core.package_identification:_identify(urdf) by extensions ['python_setup_py']
[0.307s] Level 1:colcon.colcon_core.package_identification:_identify(urdf) by extension 'python_setup_py'
[0.307s] Level 1:colcon.colcon_core.package_discovery:discover_packages(recursive) using defaults
[0.307s] Level 1:colcon.colcon_core.package_discovery:discover_packages(ignore) discover
[0.307s] Level 1:colcon.colcon_core.package_discovery:discover_packages(ignore) using defaults
[0.307s] Level 1:colcon.colcon_core.package_discovery:discover_packages(path) discover
[0.307s] Level 1:colcon.colcon_core.package_discovery:discover_packages(path) using defaults
[0.339s] Level 1:colcon.colcon_core.package_discovery:discover_packages(prefix_path) check parameters
[0.339s] Level 1:colcon.colcon_core.package_discovery:discover_packages(prefix_path) discover
[0.341s] DEBUG:colcon.colcon_installed_package_information.package_discovery:Found 6 installed packages in /home/jose/microros_ws/install
[0.343s] DEBUG:colcon.colcon_installed_package_information.package_discovery:Found 385 installed packages in /opt/ros/humble
[0.344s] Level 1:colcon.colcon_core.package_discovery:discover_packages(prefix_path) using defaults
[0.391s] Level 5:colcon.colcon_core.verb:set package 'micro_ros_msgs' build argument 'cmake_args' from command line to 'None'
[0.392s] Level 5:colcon.colcon_core.verb:set package 'micro_ros_msgs' build argument 'cmake_target' from command line to 'None'
[0.392s] Level 5:colcon.colcon_core.verb:set package 'micro_ros_msgs' build argument 'cmake_target_skip_unavailable' from command line to 'False'
[0.392s] Level 5:colcon.colcon_core.verb:set package 'micro_ros_msgs' build argument 'cmake_clean_cache' from command line to 'False'
[0.392s] Level 5:colcon.colcon_core.verb:set package 'micro_ros_msgs' build argument 'cmake_clean_first' from command line to 'False'
[0.392s] Level 5:colcon.colcon_core.verb:set package 'micro_ros_msgs' build argument 'cmake_force_configure' from command line to 'False'
[0.392s] Level 5:colcon.colcon_core.verb:set package 'micro_ros_msgs' build argument 'ament_cmake_args' from command line to 'None'
[0.392s] Level 5:colcon.colcon_core.verb:set package 'micro_ros_msgs' build argument 'catkin_cmake_args' from command line to 'None'
[0.392s] Level 5:colcon.colcon_core.verb:set package 'micro_ros_msgs' build argument 'catkin_skip_building_tests' from command line to 'False'
[0.392s] DEBUG:colcon.colcon_core.verb:Building package 'micro_ros_msgs' with the following arguments: {'ament_cmake_args': None, 'build_base': '/home/jose/microros_ws/build/micro_ros_msgs', 'catkin_cmake_args': None, 'catkin_skip_building_tests': False, 'cmake_args': None, 'cmake_clean_cache': False, 'cmake_clean_first': False, 'cmake_force_configure': False, 'cmake_target': None, 'cmake_target_skip_unavailable': False, 'install_base': '/home/jose/microros_ws/install/micro_ros_msgs', 'merge_install': False, 'path': '/home/jose/microros_ws/src/uros/micro_ros_msgs', 'symlink_install': False, 'test_result_base': None}
[0.392s] Level 5:colcon.colcon_core.verb:set package 'micro_ros_setup' build argument 'cmake_args' from command line to 'None'
[0.392s] Level 5:colcon.colcon_core.verb:set package 'micro_ros_setup' build argument 'cmake_target' from command line to 'None'
[0.392s] Level 5:colcon.colcon_core.verb:set package 'micro_ros_setup' build argument 'cmake_target_skip_unavailable' from command line to 'False'
[0.392s] Level 5:colcon.colcon_core.verb:set package 'micro_ros_setup' build argument 'cmake_clean_cache' from command line to 'False'
[0.392s] Level 5:colcon.colcon_core.verb:set package 'micro_ros_setup' build argument 'cmake_clean_first' from command line to 'False'
[0.392s] Level 5:colcon.colcon_core.verb:set package 'micro_ros_setup' build argument 'cmake_force_configure' from command line to 'False'
[0.392s] Level 5:colcon.colcon_core.verb:set package 'micro_ros_setup' build argument 'ament_cmake_args' from command line to 'None'
[0.392s] Level 5:colcon.colcon_core.verb:set package 'micro_ros_setup' build argument 'catkin_cmake_args' from command line to 'None'
[0.392s] Level 5:colcon.colcon_core.verb:set package 'micro_ros_setup' build argument 'catkin_skip_building_tests' from command line to 'False'
[0.392s] DEBUG:colcon.colcon_core.verb:Building package 'micro_ros_setup' with the following arguments: {'ament_cmake_args': None, 'build_base': '/home/jose/microros_ws/build/micro_ros_setup', 'catkin_cmake_args': None, 'catkin_skip_building_tests': False, 'cmake_args': None, 'cmake_clean_cache': False, 'cmake_clean_first': False, 'cmake_force_configure': False, 'cmake_target': None, 'cmake_target_skip_unavailable': False, 'install_base': '/home/jose/microros_ws/install/micro_ros_setup', 'merge_install': False, 'path': '/home/jose/microros_ws/src/micro_ros_setup', 'symlink_install': False, 'test_result_base': None}
[0.393s] Level 5:colcon.colcon_core.verb:set package 'odin_comms' build argument 'cmake_args' from command line to 'None'
[0.393s] Level 5:colcon.colcon_core.verb:set package 'odin_comms' build argument 'cmake_target' from command line to 'None'
[0.393s] Level 5:colcon.colcon_core.verb:set package 'odin_comms' build argument 'cmake_target_skip_unavailable' from command line to 'False'
[0.393s] Level 5:colcon.colcon_core.verb:set package 'odin_comms' build argument 'cmake_clean_cache' from command line to 'False'
[0.393s] Level 5:colcon.colcon_core.verb:set package 'odin_comms' build argument 'cmake_clean_first' from command line to 'False'
[0.393s] Level 5:colcon.colcon_core.verb:set package 'odin_comms' build argument 'cmake_force_configure' from command line to 'False'
[0.393s] Level 5:colcon.colcon_core.verb:set package 'odin_comms' build argument 'ament_cmake_args' from command line to 'None'
[0.393s] Level 5:colcon.colcon_core.verb:set package 'odin_comms' build argument 'catkin_cmake_args' from command line to 'None'
[0.393s] Level 5:colcon.colcon_core.verb:set package 'odin_comms' build argument 'catkin_skip_building_tests' from command line to 'False'
[0.393s] DEBUG:colcon.colcon_core.verb:Building package 'odin_comms' with the following arguments: {'ament_cmake_args': None, 'build_base': '/home/jose/microros_ws/build/odin_comms', 'catkin_cmake_args': None, 'catkin_skip_building_tests': False, 'cmake_args': None, 'cmake_clean_cache': False, 'cmake_clean_first': False, 'cmake_force_configure': False, 'cmake_target': None, 'cmake_target_skip_unavailable': False, 'install_base': '/home/jose/microros_ws/install/odin_comms', 'merge_install': False, 'path': '/home/jose/microros_ws/src/odin_comms', 'symlink_install': False, 'test_result_base': None}
[0.393s] Level 5:colcon.colcon_core.verb:set package 'odin_nav' build argument 'cmake_args' from command line to 'None'
[0.393s] Level 5:colcon.colcon_core.verb:set package 'odin_nav' build argument 'cmake_target' from command line to 'None'
[0.393s] Level 5:colcon.colcon_core.verb:set package 'odin_nav' build argument 'cmake_target_skip_unavailable' from command line to 'False'
[0.393s] Level 5:colcon.colcon_core.verb:set package 'odin_nav' build argument 'cmake_clean_cache' from command line to 'False'
[0.393s] Level 5:colcon.colcon_core.verb:set package 'odin_nav' build argument 'cmake_clean_first' from command line to 'False'
[0.393s] Level 5:colcon.colcon_core.verb:set package 'odin_nav' build argument 'cmake_force_configure' from command line to 'False'
[0.393s] Level 5:colcon.colcon_core.verb:set package 'odin_nav' build argument 'ament_cmake_args' from command line to 'None'
[0.393s] Level 5:colcon.colcon_core.verb:set package 'odin_nav' build argument 'catkin_cmake_args' from command line to 'None'
[0.393s] Level 5:colcon.colcon_core.verb:set package 'odin_nav' build argument 'catkin_skip_building_tests' from command line to 'False'
[0.394s] DEBUG:colcon.colcon_core.verb:Building package 'odin_nav' with the following arguments: {'ament_cmake_args': None, 'build_base': '/home/jose/microros_ws/build/odin_nav', 'catkin_cmake_args': None, 'catkin_skip_building_tests': False, 'cmake_args': None, 'cmake_clean_cache': False, 'cmake_clean_first': False, 'cmake_force_configure': False, 'cmake_target': None, 'cmake_target_skip_unavailable': False, 'install_base': '/home/jose/microros_ws/install/odin_nav', 'merge_install': False, 'path': '/home/jose/microros_ws/src/odin_nav', 'symlink_install': False, 'test_result_base': None}
[0.394s] Level 5:colcon.colcon_core.verb:set package 'odin_nav2' build argument 'cmake_args' from command line to 'None'
[0.394s] Level 5:colcon.colcon_core.verb:set package 'odin_nav2' build argument 'cmake_target' from command line to 'None'
[0.394s] Level 5:colcon.colcon_core.verb:set package 'odin_nav2' build argument 'cmake_target_skip_unavailable' from command line to 'False'
[0.394s] Level 5:colcon.colcon_core.verb:set package 'odin_nav2' build argument 'cmake_clean_cache' from command line to 'False'
[0.394s] Level 5:colcon.colcon_core.verb:set package 'odin_nav2' build argument 'cmake_clean_first' from command line to 'False'
[0.394s] Level 5:colcon.colcon_core.verb:set package 'odin_nav2' build argument 'cmake_force_configure' from command line to 'False'
[0.394s] Level 5:colcon.colcon_core.verb:set package 'odin_nav2' build argument 'ament_cmake_args' from command line to 'None'
[0.394s] Level 5:colcon.colcon_core.verb:set package 'odin_nav2' build argument 'catkin_cmake_args' from command line to 'None'
[0.394s] Level 5:colcon.colcon_core.verb:set package 'odin_nav2' build argument 'catkin_skip_building_tests' from command line to 'False'
[0.394s] DEBUG:colcon.colcon_core.verb:Building package 'odin_nav2' with the following arguments: {'ament_cmake_args': None, 'build_base': '/home/jose/microros_ws/build/odin_nav2', 'catkin_cmake_args': None, 'catkin_skip_building_tests': False, 'cmake_args': None, 'cmake_clean_cache': False, 'cmake_clean_first': False, 'cmake_force_configure': False, 'cmake_target': None, 'cmake_target_skip_unavailable': False, 'install_base': '/home/jose/microros_ws/install/odin_nav2', 'merge_install': False, 'path': '/home/jose/microros_ws/src/odin_nav2', 'symlink_install': False, 'test_result_base': None}
[0.394s] Level 5:colcon.colcon_core.verb:set package 'micro_ros_agent' build argument 'cmake_args' from command line to 'None'
[0.394s] Level 5:colcon.colcon_core.verb:set package 'micro_ros_agent' build argument 'cmake_target' from command line to 'None'
[0.394s] Level 5:colcon.colcon_core.verb:set package 'micro_ros_agent' build argument 'cmake_target_skip_unavailable' from command line to 'False'
[0.394s] Level 5:colcon.colcon_core.verb:set package 'micro_ros_agent' build argument 'cmake_clean_cache' from command line to 'False'
[0.394s] Level 5:colcon.colcon_core.verb:set package 'micro_ros_agent' build argument 'cmake_clean_first' from command line to 'False'
[0.394s] Level 5:colcon.colcon_core.verb:set package 'micro_ros_agent' build argument 'cmake_force_configure' from command line to 'False'
[0.395s] Level 5:colcon.colcon_core.verb:set package 'micro_ros_agent' build argument 'ament_cmake_args' from command line to 'None'
[0.395s] Level 5:colcon.colcon_core.verb:set package 'micro_ros_agent' build argument 'catkin_cmake_args' from command line to 'None'
[0.395s] Level 5:colcon.colcon_core.verb:set package 'micro_ros_agent' build argument 'catkin_skip_building_tests' from command line to 'False'
[0.395s] DEBUG:colcon.colcon_core.verb:Building package 'micro_ros_agent' with the following arguments: {'ament_cmake_args': None, 'build_base': '/home/jose/microros_ws/build/micro_ros_agent', 'catkin_cmake_args': None, 'catkin_skip_building_tests': False, 'cmake_args': None, 'cmake_clean_cache': False, 'cmake_clean_first': False, 'cmake_force_configure': False, 'cmake_target': None, 'cmake_target_skip_unavailable': False, 'install_base': '/home/jose/microros_ws/install/micro_ros_agent', 'merge_install': False, 'path': '/home/jose/microros_ws/src/uros/micro-ROS-Agent/micro_ros_agent', 'symlink_install': False, 'test_result_base': None}
[0.395s] INFO:colcon.colcon_core.executor:Executing jobs using 'parallel' executor
[0.396s] DEBUG:colcon.colcon_parallel_executor.executor.parallel:run_until_complete
[0.396s] INFO:colcon.colcon_ros.task.ament_cmake.build:Building ROS package in '/home/jose/microros_ws/src/uros/micro_ros_msgs' with build type 'ament_cmake'
[0.396s] INFO:colcon.colcon_cmake.task.cmake.build:Building CMake package in '/home/jose/microros_ws/src/uros/micro_ros_msgs'
[0.398s] INFO:colcon.colcon_core.plugin_system:Skipping extension 'colcon_core.shell.bat': Not used on non-Windows systems
[0.399s] INFO:colcon.colcon_core.shell:Skip shell extension 'powershell' for command environment: Not usable outside of PowerShell
[0.399s] DEBUG:colcon.colcon_core.shell:Skip shell extension 'dsv' for command environment
[0.403s] INFO:colcon.colcon_ros.task.ament_cmake.build:Building ROS package in '/home/jose/microros_ws/src/micro_ros_setup' with build type 'ament_cmake'
[0.403s] INFO:colcon.colcon_cmake.task.cmake.build:Building CMake package in '/home/jose/microros_ws/src/micro_ros_setup'
[0.403s] INFO:colcon.colcon_core.shell:Skip shell extension 'powershell' for command environment: Not usable outside of PowerShell
[0.403s] DEBUG:colcon.colcon_core.shell:Skip shell extension 'dsv' for command environment
[0.407s] INFO:colcon.colcon_ros.task.ament_python.build:Building ROS package in '/home/jose/microros_ws/src/odin_comms' with build type 'ament_python'
[0.407s] Level 1:colcon.colcon_core.shell:create_environment_hook('odin_comms', 'ament_prefix_path')
[0.408s] INFO:colcon.colcon_core.shell:Creating environment hook '/home/jose/microros_ws/install/odin_comms/share/odin_comms/hook/ament_prefix_path.ps1'
[0.408s] INFO:colcon.colcon_core.shell:Creating environment descriptor '/home/jose/microros_ws/install/odin_comms/share/odin_comms/hook/ament_prefix_path.dsv'
[0.409s] INFO:colcon.colcon_core.shell:Creating environment hook '/home/jose/microros_ws/install/odin_comms/share/odin_comms/hook/ament_prefix_path.sh'
[0.410s] INFO:colcon.colcon_core.shell:Skip shell extension 'powershell' for command environment: Not usable outside of PowerShell
[0.410s] DEBUG:colcon.colcon_core.shell:Skip shell extension 'dsv' for command environment
[0.414s] INFO:colcon.colcon_ros.task.ament_python.build:Building ROS package in '/home/jose/microros_ws/src/odin_nav' with build type 'ament_python'
[0.414s] Level 1:colcon.colcon_core.shell:create_environment_hook('odin_nav', 'ament_prefix_path')
[0.414s] INFO:colcon.colcon_core.shell:Creating environment hook '/home/jose/microros_ws/install/odin_nav/share/odin_nav/hook/ament_prefix_path.ps1'
[0.414s] INFO:colcon.colcon_core.shell:Creating environment descriptor '/home/jose/microros_ws/install/odin_nav/share/odin_nav/hook/ament_prefix_path.dsv'
[0.415s] INFO:colcon.colcon_core.shell:Creating environment hook '/home/jose/microros_ws/install/odin_nav/share/odin_nav/hook/ament_prefix_path.sh'
[0.415s] INFO:colcon.colcon_core.shell:Skip shell extension 'powershell' for command environment: Not usable outside of PowerShell
[0.415s] DEBUG:colcon.colcon_core.shell:Skip shell extension 'dsv' for command environment
[0.419s] INFO:colcon.colcon_ros.task.ament_python.build:Building ROS package in '/home/jose/microros_ws/src/odin_nav2' with build type 'ament_python'
[0.419s] Level 1:colcon.colcon_core.shell:create_environment_hook('odin_nav2', 'ament_prefix_path')
[0.420s] INFO:colcon.colcon_core.shell:Creating environment hook '/home/jose/microros_ws/install/odin_nav2/share/odin_nav2/hook/ament_prefix_path.ps1'
[0.420s] INFO:colcon.colcon_core.shell:Creating environment descriptor '/home/jose/microros_ws/install/odin_nav2/share/odin_nav2/hook/ament_prefix_path.dsv'
[0.421s] INFO:colcon.colcon_core.shell:Creating environment hook '/home/jose/microros_ws/install/odin_nav2/share/odin_nav2/hook/ament_prefix_path.sh'
[0.421s] INFO:colcon.colcon_core.shell:Skip shell extension 'powershell' for command environment: Not usable outside of PowerShell
[0.421s] DEBUG:colcon.colcon_core.shell:Skip shell extension 'dsv' for command environment
[0.431s] DEBUG:colcon.colcon_core.event_handler.log_command:Invoking command in '/home/jose/microros_ws/build/micro_ros_msgs': CMAKE_PREFIX_PATH=${CMAKE_PREFIX_PATH}:/home/jose/microros_ws/install/odin_nav2:/home/jose/microros_ws/install/odin_nav:/home/jose/microros_ws/install/odin_comms:/opt/ros/humble /usr/bin/cmake --build /home/jose/microros_ws/build/micro_ros_msgs -- -j16 -l16
[0.435s] DEBUG:colcon.colcon_core.event_handler.log_command:Invoking command in '/home/jose/microros_ws/build/micro_ros_setup': CMAKE_PREFIX_PATH=${CMAKE_PREFIX_PATH}:/home/jose/microros_ws/install/odin_nav2:/home/jose/microros_ws/install/odin_nav:/home/jose/microros_ws/install/odin_comms:/opt/ros/humble /usr/bin/cmake --build /home/jose/microros_ws/build/micro_ros_setup -- -j16 -l16
[0.637s] INFO:colcon.colcon_core.task.python.build:Building Python package in '/home/jose/microros_ws/src/odin_comms'
[0.637s] INFO:colcon.colcon_core.shell:Skip shell extension 'powershell' for command environment: Not usable outside of PowerShell
[0.638s] DEBUG:colcon.colcon_core.shell:Skip shell extension 'dsv' for command environment
[0.823s] INFO:colcon.colcon_core.task.python.build:Building Python package in '/home/jose/microros_ws/src/odin_nav'
[0.823s] INFO:colcon.colcon_core.shell:Skip shell extension 'powershell' for command environment: Not usable outside of PowerShell
[0.823s] DEBUG:colcon.colcon_core.shell:Skip shell extension 'dsv' for command environment
[1.004s] INFO:colcon.colcon_core.task.python.build:Building Python package in '/home/jose/microros_ws/src/odin_nav2'
[1.004s] INFO:colcon.colcon_core.shell:Skip shell extension 'powershell' for command environment: Not usable outside of PowerShell
[1.004s] DEBUG:colcon.colcon_core.shell:Skip shell extension 'dsv' for command environment
[1.009s] DEBUG:colcon.colcon_core.event_handler.log_command:Invoked command in '/home/jose/microros_ws/build/micro_ros_setup' returned '0': CMAKE_PREFIX_PATH=${CMAKE_PREFIX_PATH}:/home/jose/microros_ws/install/odin_nav2:/home/jose/microros_ws/install/odin_nav:/home/jose/microros_ws/install/odin_comms:/opt/ros/humble /usr/bin/cmake --build /home/jose/microros_ws/build/micro_ros_setup -- -j16 -l16
[1.011s] DEBUG:colcon.colcon_core.event_handler.log_command:Invoked command in '/home/jose/microros_ws/build/micro_ros_msgs' returned '0': CMAKE_PREFIX_PATH=${CMAKE_PREFIX_PATH}:/home/jose/microros_ws/install/odin_nav2:/home/jose/microros_ws/install/odin_nav:/home/jose/microros_ws/install/odin_comms:/opt/ros/humble /usr/bin/cmake --build /home/jose/microros_ws/build/micro_ros_msgs -- -j16 -l16
[1.039s] DEBUG:colcon.colcon_core.event_handler.log_command:Invoking command in '/home/jose/microros_ws/build/micro_ros_setup': CMAKE_PREFIX_PATH=${CMAKE_PREFIX_PATH}:/home/jose/microros_ws/install/odin_nav2:/home/jose/microros_ws/install/odin_nav:/home/jose/microros_ws/install/odin_comms:/opt/ros/humble /usr/bin/cmake --install /home/jose/microros_ws/build/micro_ros_setup
[1.063s] Level 1:colcon.colcon_core.environment:create_environment_scripts_only(micro_ros_setup)
[1.070s] DEBUG:colcon.colcon_core.event_handler.log_command:Invoked command in '/home/jose/microros_ws/build/micro_ros_setup' returned '0': CMAKE_PREFIX_PATH=${CMAKE_PREFIX_PATH}:/home/jose/microros_ws/install/odin_nav2:/home/jose/microros_ws/install/odin_nav:/home/jose/microros_ws/install/odin_comms:/opt/ros/humble /usr/bin/cmake --install /home/jose/microros_ws/build/micro_ros_setup
[1.070s] Level 1:colcon.colcon_core.environment:checking '/home/jose/microros_ws/install/micro_ros_setup' for CMake module files
[1.071s] Level 1:colcon.colcon_core.environment:checking '/home/jose/microros_ws/install/micro_ros_setup' for CMake config files
[1.071s] Level 1:colcon.colcon_core.shell:create_environment_hook('micro_ros_setup', 'cmake_prefix_path')
[1.071s] INFO:colcon.colcon_core.shell:Creating environment hook '/home/jose/microros_ws/install/micro_ros_setup/share/micro_ros_setup/hook/cmake_prefix_path.ps1'
[1.072s] INFO:colcon.colcon_core.shell:Creating environment descriptor '/home/jose/microros_ws/install/micro_ros_setup/share/micro_ros_setup/hook/cmake_prefix_path.dsv'
[1.072s] INFO:colcon.colcon_core.shell:Creating environment hook '/home/jose/microros_ws/install/micro_ros_setup/share/micro_ros_setup/hook/cmake_prefix_path.sh'
[1.073s] Level 1:colcon.colcon_core.environment:checking '/home/jose/microros_ws/install/micro_ros_setup/lib'
[1.073s] Level 1:colcon.colcon_core.environment:checking '/home/jose/microros_ws/install/micro_ros_setup/bin'
[1.073s] Level 1:colcon.colcon_core.environment:checking '/home/jose/microros_ws/install/micro_ros_setup/lib/pkgconfig/micro_ros_setup.pc'
[1.073s] Level 1:colcon.colcon_core.environment:checking '/home/jose/microros_ws/install/micro_ros_setup/lib/python3.10/site-packages'
[1.073s] Level 1:colcon.colcon_core.environment:checking '/home/jose/microros_ws/install/micro_ros_setup/bin'
[1.073s] INFO:colcon.colcon_core.shell:Creating package script '/home/jose/microros_ws/install/micro_ros_setup/share/micro_ros_setup/package.ps1'
[1.074s] INFO:colcon.colcon_core.shell:Creating package descriptor '/home/jose/microros_ws/install/micro_ros_setup/share/micro_ros_setup/package.dsv'
[1.074s] INFO:colcon.colcon_core.shell:Creating package script '/home/jose/microros_ws/install/micro_ros_setup/share/micro_ros_setup/package.sh'
[1.075s] INFO:colcon.colcon_core.shell:Creating package script '/home/jose/microros_ws/install/micro_ros_setup/share/micro_ros_setup/package.bash'
[1.075s] INFO:colcon.colcon_core.shell:Creating package script '/home/jose/microros_ws/install/micro_ros_setup/share/micro_ros_setup/package.zsh'
[1.076s] Level 1:colcon.colcon_core.environment:create_file_with_runtime_dependencies(/home/jose/microros_ws/install/micro_ros_setup/share/colcon-core/packages/micro_ros_setup)
[1.095s] Level 1:colcon.colcon_core.environment:create_environment_scripts_only(micro_ros_setup)
[1.096s] Level 1:colcon.colcon_core.environment:checking '/home/jose/microros_ws/install/micro_ros_setup' for CMake module files
[1.096s] Level 1:colcon.colcon_core.environment:checking '/home/jose/microros_ws/install/micro_ros_setup' for CMake config files
[1.097s] Level 1:colcon.colcon_core.shell:create_environment_hook('micro_ros_setup', 'cmake_prefix_path')
[1.097s] INFO:colcon.colcon_core.shell:Creating environment hook '/home/jose/microros_ws/install/micro_ros_setup/share/micro_ros_setup/hook/cmake_prefix_path.ps1'
[1.097s] INFO:colcon.colcon_core.shell:Creating environment descriptor '/home/jose/microros_ws/install/micro_ros_setup/share/micro_ros_setup/hook/cmake_prefix_path.dsv'
[1.098s] INFO:colcon.colcon_core.shell:Creating environment hook '/home/jose/microros_ws/install/micro_ros_setup/share/micro_ros_setup/hook/cmake_prefix_path.sh'
[1.098s] Level 1:colcon.colcon_core.environment:checking '/home/jose/microros_ws/install/micro_ros_setup/lib'
[1.098s] Level 1:colcon.colcon_core.environment:checking '/home/jose/microros_ws/install/micro_ros_setup/bin'
[1.098s] Level 1:colcon.colcon_core.environment:checking '/home/jose/microros_ws/install/micro_ros_setup/lib/pkgconfig/micro_ros_setup.pc'
[1.098s] Level 1:colcon.colcon_core.environment:checking '/home/jose/microros_ws/install/micro_ros_setup/lib/python3.10/site-packages'
[1.098s] Level 1:colcon.colcon_core.environment:checking '/home/jose/microros_ws/install/micro_ros_setup/bin'
[1.099s] INFO:colcon.colcon_core.shell:Creating package script '/home/jose/microros_ws/install/micro_ros_setup/share/micro_ros_setup/package.ps1'
[1.099s] INFO:colcon.colcon_core.shell:Creating package descriptor '/home/jose/microros_ws/install/micro_ros_setup/share/micro_ros_setup/package.dsv'
[1.099s] INFO:colcon.colcon_core.shell:Creating package script '/home/jose/microros_ws/install/micro_ros_setup/share/micro_ros_setup/package.sh'
[1.100s] INFO:colcon.colcon_core.shell:Creating package script '/home/jose/microros_ws/install/micro_ros_setup/share/micro_ros_setup/package.bash'
[1.100s] INFO:colcon.colcon_core.shell:Creating package script '/home/jose/microros_ws/install/micro_ros_setup/share/micro_ros_setup/package.zsh'
[1.100s] Level 1:colcon.colcon_core.environment:create_file_with_runtime_dependencies(/home/jose/microros_ws/install/micro_ros_setup/share/colcon-core/packages/micro_ros_setup)
[1.102s] DEBUG:colcon.colcon_core.event_handler.log_command:Invoking command in '/home/jose/microros_ws/build/micro_ros_msgs': CMAKE_PREFIX_PATH=${CMAKE_PREFIX_PATH}:/home/jose/microros_ws/install/odin_nav2:/home/jose/microros_ws/install/odin_nav:/home/jose/microros_ws/install/odin_comms:/opt/ros/humble /usr/bin/cmake --install /home/jose/microros_ws/build/micro_ros_msgs
[1.163s] Level 1:colcon.colcon_core.environment:create_environment_scripts_only(micro_ros_msgs)
[1.164s] DEBUG:colcon.colcon_core.event_handler.log_command:Invoked command in '/home/jose/microros_ws/build/micro_ros_msgs' returned '0': CMAKE_PREFIX_PATH=${CMAKE_PREFIX_PATH}:/home/jose/microros_ws/install/odin_nav2:/home/jose/microros_ws/install/odin_nav:/home/jose/microros_ws/install/odin_comms:/opt/ros/humble /usr/bin/cmake --install /home/jose/microros_ws/build/micro_ros_msgs
[1.164s] Level 1:colcon.colcon_core.environment:checking '/home/jose/microros_ws/install/micro_ros_msgs' for CMake module files
[1.165s] Level 1:colcon.colcon_core.environment:checking '/home/jose/microros_ws/install/micro_ros_msgs' for CMake config files
[1.165s] Level 1:colcon.colcon_core.shell:create_environment_hook('micro_ros_msgs', 'cmake_prefix_path')
[1.165s] INFO:colcon.colcon_core.shell:Creating environment hook '/home/jose/microros_ws/install/micro_ros_msgs/share/micro_ros_msgs/hook/cmake_prefix_path.ps1'
[1.166s] INFO:colcon.colcon_core.shell:Creating environment descriptor '/home/jose/microros_ws/install/micro_ros_msgs/share/micro_ros_msgs/hook/cmake_prefix_path.dsv'
[1.166s] INFO:colcon.colcon_core.shell:Creating environment hook '/home/jose/microros_ws/install/micro_ros_msgs/share/micro_ros_msgs/hook/cmake_prefix_path.sh'
[1.167s] Level 1:colcon.colcon_core.environment:checking '/home/jose/microros_ws/install/micro_ros_msgs/lib'
[1.167s] Level 1:colcon.colcon_core.shell:create_environment_hook('micro_ros_msgs', 'ld_library_path_lib')
[1.167s] INFO:colcon.colcon_core.shell:Creating environment hook '/home/jose/microros_ws/install/micro_ros_msgs/share/micro_ros_msgs/hook/ld_library_path_lib.ps1'
[1.167s] INFO:colcon.colcon_core.shell:Creating environment descriptor '/home/jose/microros_ws/install/micro_ros_msgs/share/micro_ros_msgs/hook/ld_library_path_lib.dsv'
[1.167s] INFO:colcon.colcon_core.shell:Creating environment hook '/home/jose/microros_ws/install/micro_ros_msgs/share/micro_ros_msgs/hook/ld_library_path_lib.sh'
[1.168s] Level 1:colcon.colcon_core.environment:checking '/home/jose/microros_ws/install/micro_ros_msgs/bin'
[1.168s] Level 1:colcon.colcon_core.environment:checking '/home/jose/microros_ws/install/micro_ros_msgs/lib/pkgconfig/micro_ros_msgs.pc'
[1.168s] Level 1:colcon.colcon_core.environment:checking '/home/jose/microros_ws/install/micro_ros_msgs/lib/python3.10/site-packages'
[1.168s] Level 1:colcon.colcon_core.environment:checking '/home/jose/microros_ws/install/micro_ros_msgs/bin'
[1.168s] INFO:colcon.colcon_core.shell:Creating package script '/home/jose/microros_ws/install/micro_ros_msgs/share/micro_ros_msgs/package.ps1'
[1.169s] INFO:colcon.colcon_core.shell:Creating package descriptor '/home/jose/microros_ws/install/micro_ros_msgs/share/micro_ros_msgs/package.dsv'
[1.169s] INFO:colcon.colcon_core.shell:Creating package script '/home/jose/microros_ws/install/micro_ros_msgs/share/micro_ros_msgs/package.sh'
[1.169s] INFO:colcon.colcon_core.shell:Creating package script '/home/jose/microros_ws/install/micro_ros_msgs/share/micro_ros_msgs/package.bash'
[1.169s] INFO:colcon.colcon_core.shell:Creating package script '/home/jose/microros_ws/install/micro_ros_msgs/share/micro_ros_msgs/package.zsh'
[1.170s] Level 1:colcon.colcon_core.environment:create_file_with_runtime_dependencies(/home/jose/microros_ws/install/micro_ros_msgs/share/colcon-core/packages/micro_ros_msgs)
[1.267s] Level 1:colcon.colcon_core.environment:create_environment_scripts_only(micro_ros_msgs)
[1.267s] Level 1:colcon.colcon_core.environment:checking '/home/jose/microros_ws/install/micro_ros_msgs' for CMake module files
[1.268s] Level 1:colcon.colcon_core.environment:checking '/home/jose/microros_ws/install/micro_ros_msgs' for CMake config files
[1.268s] Level 1:colcon.colcon_core.shell:create_environment_hook('micro_ros_msgs', 'cmake_prefix_path')
[1.269s] INFO:colcon.colcon_core.shell:Creating environment hook '/home/jose/microros_ws/install/micro_ros_msgs/share/micro_ros_msgs/hook/cmake_prefix_path.ps1'
[1.269s] INFO:colcon.colcon_core.shell:Creating environment descriptor '/home/jose/microros_ws/install/micro_ros_msgs/share/micro_ros_msgs/hook/cmake_prefix_path.dsv'
[1.269s] INFO:colcon.colcon_core.shell:Creating environment hook '/home/jose/microros_ws/install/micro_ros_msgs/share/micro_ros_msgs/hook/cmake_prefix_path.sh'
[1.270s] Level 1:colcon.colcon_core.environment:checking '/home/jose/microros_ws/install/micro_ros_msgs/lib'
[1.270s] Level 1:colcon.colcon_core.shell:create_environment_hook('micro_ros_msgs', 'ld_library_path_lib')
[1.270s] INFO:colcon.colcon_core.shell:Creating environment hook '/home/jose/microros_ws/install/micro_ros_msgs/share/micro_ros_msgs/hook/ld_library_path_lib.ps1'
[1.270s] INFO:colcon.colcon_core.shell:Creating environment descriptor '/home/jose/microros_ws/install/micro_ros_msgs/share/micro_ros_msgs/hook/ld_library_path_lib.dsv'
[1.271s] INFO:colcon.colcon_core.shell:Creating environment hook '/home/jose/microros_ws/install/micro_ros_msgs/share/micro_ros_msgs/hook/ld_library_path_lib.sh'
[1.271s] Level 1:colcon.colcon_core.environment:checking '/home/jose/microros_ws/install/micro_ros_msgs/bin'
[1.272s] Level 1:colcon.colcon_core.environment:checking '/home/jose/microros_ws/install/micro_ros_msgs/lib/pkgconfig/micro_ros_msgs.pc'
[1.272s] Level 1:colcon.colcon_core.environment:checking '/home/jose/microros_ws/install/micro_ros_msgs/lib/python3.10/site-packages'
[1.272s] Level 1:colcon.colcon_core.environment:checking '/home/jose/microros_ws/install/micro_ros_msgs/bin'
[1.272s] INFO:colcon.colcon_core.shell:Creating package script '/home/jose/microros_ws/install/micro_ros_msgs/share/micro_ros_msgs/package.ps1'
[1.273s] INFO:colcon.colcon_core.shell:Creating package descriptor '/home/jose/microros_ws/install/micro_ros_msgs/share/micro_ros_msgs/package.dsv'
[1.273s] INFO:colcon.colcon_core.shell:Creating package script '/home/jose/microros_ws/install/micro_ros_msgs/share/micro_ros_msgs/package.sh'
[1.273s] INFO:colcon.colcon_core.shell:Creating package script '/home/jose/microros_ws/install/micro_ros_msgs/share/micro_ros_msgs/package.bash'
[1.274s] INFO:colcon.colcon_core.shell:Creating package script '/home/jose/microros_ws/install/micro_ros_msgs/share/micro_ros_msgs/package.zsh'
[1.274s] Level 1:colcon.colcon_core.environment:create_file_with_runtime_dependencies(/home/jose/microros_ws/install/micro_ros_msgs/share/colcon-core/packages/micro_ros_msgs)
[1.274s] INFO:colcon.colcon_ros.task.ament_cmake.build:Building ROS package in '/home/jose/microros_ws/src/uros/micro-ROS-Agent/micro_ros_agent' with build type 'ament_cmake'
[1.274s] INFO:colcon.colcon_cmake.task.cmake.build:Building CMake package in '/home/jose/microros_ws/src/uros/micro-ROS-Agent/micro_ros_agent'
[1.275s] INFO:colcon.colcon_core.shell:Skip shell extension 'powershell' for command environment: Not usable outside of PowerShell
[1.275s] DEBUG:colcon.colcon_core.shell:Skip shell extension 'dsv' for command environment
[1.286s] DEBUG:colcon.colcon_core.event_handler.log_command:Invoking command in '/home/jose/microros_ws/build/micro_ros_agent': CMAKE_PREFIX_PATH=/home/jose/microros_ws/install/micro_ros_msgs:/home/jose/microros_ws/install/micro_ros_setup:/home/jose/microros_ws/install/micro_ros_agent:/home/jose/microros_ws/install/odin_nav2:/home/jose/microros_ws/install/odin_nav:/home/jose/microros_ws/install/odin_comms:/opt/ros/humble LD_LIBRARY_PATH=/home/jose/microros_ws/install/micro_ros_msgs/lib:/home/jose/microros_ws/install/micro_ros_agent/lib:/usr/lib/x86_64-linux-gnu/gazebo-11/plugins:/opt/ros/humble/opt/rviz_ogre_vendor/lib:/opt/ros/humble/lib/x86_64-linux-gnu:/opt/ros/humble/lib /usr/bin/cmake --build /home/jose/microros_ws/build/micro_ros_agent -- -j16 -l16
[1.292s] DEBUG:colcon.colcon_core.event_handler.log_command:Invoking command in '/home/jose/microros_ws/src/odin_nav2': PYTHONPATH=/home/jose/microros_ws/build/odin_nav2/prefix_override:/usr/lib/python3/dist-packages/colcon_core/task/python/colcon_distutils_commands:/home/jose/microros_ws/install/odin_nav2/lib/python3.10/site-packages:${PYTHONPATH} /usr/bin/python3 -W ignore:setup.py install is deprecated setup.py egg_info --egg-base ../../build/odin_nav2 build --build-base /home/jose/microros_ws/build/odin_nav2/build install --record /home/jose/microros_ws/build/odin_nav2/install.log --single-version-externally-managed install_data
[1.293s] DEBUG:colcon.colcon_core.event_handler.log_command:Invoking command in '/home/jose/microros_ws/src/odin_nav': PYTHONPATH=/home/jose/microros_ws/build/odin_nav/prefix_override:/usr/lib/python3/dist-packages/colcon_core/task/python/colcon_distutils_commands:/home/jose/microros_ws/install/odin_nav/lib/python3.10/site-packages:${PYTHONPATH} /usr/bin/python3 -W ignore:setup.py install is deprecated setup.py egg_info --egg-base ../../build/odin_nav build --build-base /home/jose/microros_ws/build/odin_nav/build install --record /home/jose/microros_ws/build/odin_nav/install.log --single-version-externally-managed install_data
[1.307s] DEBUG:colcon.colcon_core.event_handler.log_command:Invoking command in '/home/jose/microros_ws/src/odin_comms': PYTHONPATH=/home/jose/microros_ws/build/odin_comms/prefix_override:/usr/lib/python3/dist-packages/colcon_core/task/python/colcon_distutils_commands:/home/jose/microros_ws/install/odin_comms/lib/python3.10/site-packages:${PYTHONPATH} /usr/bin/python3 -W ignore:setup.py install is deprecated setup.py egg_info --egg-base ../../build/odin_comms build --build-base /home/jose/microros_ws/build/odin_comms/build install --record /home/jose/microros_ws/build/odin_comms/install.log --single-version-externally-managed install_data
[1.355s] DEBUG:colcon.colcon_core.event_handler.log_command:Invoked command in '/home/jose/microros_ws/build/micro_ros_agent' returned '0': CMAKE_PREFIX_PATH=/home/jose/microros_ws/install/micro_ros_msgs:/home/jose/microros_ws/install/micro_ros_setup:/home/jose/microros_ws/install/micro_ros_agent:/home/jose/microros_ws/install/odin_nav2:/home/jose/microros_ws/install/odin_nav:/home/jose/microros_ws/install/odin_comms:/opt/ros/humble LD_LIBRARY_PATH=/home/jose/microros_ws/install/micro_ros_msgs/lib:/home/jose/microros_ws/install/micro_ros_agent/lib:/usr/lib/x86_64-linux-gnu/gazebo-11/plugins:/opt/ros/humble/opt/rviz_ogre_vendor/lib:/opt/ros/humble/lib/x86_64-linux-gnu:/opt/ros/humble/lib /usr/bin/cmake --build /home/jose/microros_ws/build/micro_ros_agent -- -j16 -l16
[1.389s] DEBUG:colcon.colcon_core.event_handler.log_command:Invoking command in '/home/jose/microros_ws/build/micro_ros_agent': CMAKE_PREFIX_PATH=/home/jose/microros_ws/install/micro_ros_msgs:/home/jose/microros_ws/install/micro_ros_setup:/home/jose/microros_ws/install/micro_ros_agent:/home/jose/microros_ws/install/odin_nav2:/home/jose/microros_ws/install/odin_nav:/home/jose/microros_ws/install/odin_comms:/opt/ros/humble LD_LIBRARY_PATH=/home/jose/microros_ws/install/micro_ros_msgs/lib:/home/jose/microros_ws/install/micro_ros_agent/lib:/usr/lib/x86_64-linux-gnu/gazebo-11/plugins:/opt/ros/humble/opt/rviz_ogre_vendor/lib:/opt/ros/humble/lib/x86_64-linux-gnu:/opt/ros/humble/lib /usr/bin/cmake --install /home/jose/microros_ws/build/micro_ros_agent
[1.399s] Level 1:colcon.colcon_core.environment:create_environment_scripts_only(micro_ros_agent)
[1.399s] Level 1:colcon.colcon_core.environment:checking '/home/jose/microros_ws/install/micro_ros_agent' for CMake module files
[1.400s] DEBUG:colcon.colcon_core.event_handler.log_command:Invoked command in '/home/jose/microros_ws/build/micro_ros_agent' returned '0': CMAKE_PREFIX_PATH=/home/jose/microros_ws/install/micro_ros_msgs:/home/jose/microros_ws/install/micro_ros_setup:/home/jose/microros_ws/install/micro_ros_agent:/home/jose/microros_ws/install/odin_nav2:/home/jose/microros_ws/install/odin_nav:/home/jose/microros_ws/install/odin_comms:/opt/ros/humble LD_LIBRARY_PATH=/home/jose/microros_ws/install/micro_ros_msgs/lib:/home/jose/microros_ws/install/micro_ros_agent/lib:/usr/lib/x86_64-linux-gnu/gazebo-11/plugins:/opt/ros/humble/opt/rviz_ogre_vendor/lib:/opt/ros/humble/lib/x86_64-linux-gnu:/opt/ros/humble/lib /usr/bin/cmake --install /home/jose/microros_ws/build/micro_ros_agent
[1.400s] Level 1:colcon.colcon_core.environment:checking '/home/jose/microros_ws/install/micro_ros_agent' for CMake config files
[1.401s] Level 1:colcon.colcon_core.shell:create_environment_hook('micro_ros_agent', 'cmake_prefix_path')
[1.401s] INFO:colcon.colcon_core.shell:Creating environment hook '/home/jose/microros_ws/install/micro_ros_agent/share/micro_ros_agent/hook/cmake_prefix_path.ps1'
[1.402s] INFO:colcon.colcon_core.shell:Creating environment descriptor '/home/jose/microros_ws/install/micro_ros_agent/share/micro_ros_agent/hook/cmake_prefix_path.dsv'
[1.402s] INFO:colcon.colcon_core.shell:Creating environment hook '/home/jose/microros_ws/install/micro_ros_agent/share/micro_ros_agent/hook/cmake_prefix_path.sh'
[1.402s] Level 1:colcon.colcon_core.environment:checking '/home/jose/microros_ws/install/micro_ros_agent/lib'
[1.402s] Level 1:colcon.colcon_core.shell:create_environment_hook('micro_ros_agent', 'ld_library_path_lib')
[1.403s] INFO:colcon.colcon_core.shell:Creating environment hook '/home/jose/microros_ws/install/micro_ros_agent/share/micro_ros_agent/hook/ld_library_path_lib.ps1'
[1.403s] INFO:colcon.colcon_core.shell:Creating environment descriptor '/home/jose/microros_ws/install/micro_ros_agent/share/micro_ros_agent/hook/ld_library_path_lib.dsv'
[1.403s] INFO:colcon.colcon_core.shell:Creating environment hook '/home/jose/microros_ws/install/micro_ros_agent/share/micro_ros_agent/hook/ld_library_path_lib.sh'
[1.403s] Level 1:colcon.colcon_core.environment:checking '/home/jose/microros_ws/install/micro_ros_agent/bin'
[1.404s] Level 1:colcon.colcon_core.environment:checking '/home/jose/microros_ws/install/micro_ros_agent/lib/pkgconfig/micro_ros_agent.pc'
[1.404s] Level 1:colcon.colcon_core.environment:checking '/home/jose/microros_ws/install/micro_ros_agent/lib/python3.10/site-packages'
[1.404s] Level 1:colcon.colcon_core.environment:checking '/home/jose/microros_ws/install/micro_ros_agent/bin'
[1.404s] INFO:colcon.colcon_core.shell:Creating package script '/home/jose/microros_ws/install/micro_ros_agent/share/micro_ros_agent/package.ps1'
[1.405s] INFO:colcon.colcon_core.shell:Creating package descriptor '/home/jose/microros_ws/install/micro_ros_agent/share/micro_ros_agent/package.dsv'
[1.405s] INFO:colcon.colcon_core.shell:Creating package script '/home/jose/microros_ws/install/micro_ros_agent/share/micro_ros_agent/package.sh'
[1.405s] INFO:colcon.colcon_core.shell:Creating package script '/home/jose/microros_ws/install/micro_ros_agent/share/micro_ros_agent/package.bash'
[1.405s] INFO:colcon.colcon_core.shell:Creating package script '/home/jose/microros_ws/install/micro_ros_agent/share/micro_ros_agent/package.zsh'
[1.406s] Level 1:colcon.colcon_core.environment:create_file_with_runtime_dependencies(/home/jose/microros_ws/install/micro_ros_agent/share/colcon-core/packages/micro_ros_agent)
[1.439s] Level 1:colcon.colcon_core.environment:create_environment_scripts_only(micro_ros_agent)
[1.439s] Level 1:colcon.colcon_core.environment:checking '/home/jose/microros_ws/install/micro_ros_agent' for CMake module files
[1.440s] Level 1:colcon.colcon_core.environment:checking '/home/jose/microros_ws/install/micro_ros_agent' for CMake config files
[1.441s] Level 1:colcon.colcon_core.shell:create_environment_hook('micro_ros_agent', 'cmake_prefix_path')
[1.441s] INFO:colcon.colcon_core.shell:Creating environment hook '/home/jose/microros_ws/install/micro_ros_agent/share/micro_ros_agent/hook/cmake_prefix_path.ps1'
[1.442s] INFO:colcon.colcon_core.shell:Creating environment descriptor '/home/jose/microros_ws/install/micro_ros_agent/share/micro_ros_agent/hook/cmake_prefix_path.dsv'
[1.442s] INFO:colcon.colcon_core.shell:Creating environment hook '/home/jose/microros_ws/install/micro_ros_agent/share/micro_ros_agent/hook/cmake_prefix_path.sh'
[1.443s] Level 1:colcon.colcon_core.environment:checking '/home/jose/microros_ws/install/micro_ros_agent/lib'
[1.443s] Level 1:colcon.colcon_core.shell:create_environment_hook('micro_ros_agent', 'ld_library_path_lib')
[1.443s] INFO:colcon.colcon_core.shell:Creating environment hook '/home/jose/microros_ws/install/micro_ros_agent/share/micro_ros_agent/hook/ld_library_path_lib.ps1'
[1.444s] INFO:colcon.colcon_core.shell:Creating environment descriptor '/home/jose/microros_ws/install/micro_ros_agent/share/micro_ros_agent/hook/ld_library_path_lib.dsv'
[1.444s] INFO:colcon.colcon_core.shell:Creating environment hook '/home/jose/microros_ws/install/micro_ros_agent/share/micro_ros_agent/hook/ld_library_path_lib.sh'
[1.444s] Level 1:colcon.colcon_core.environment:checking '/home/jose/microros_ws/install/micro_ros_agent/bin'
[1.445s] Level 1:colcon.colcon_core.environment:checking '/home/jose/microros_ws/install/micro_ros_agent/lib/pkgconfig/micro_ros_agent.pc'
[1.445s] Level 1:colcon.colcon_core.environment:checking '/home/jose/microros_ws/install/micro_ros_agent/lib/python3.10/site-packages'
[1.445s] Level 1:colcon.colcon_core.environment:checking '/home/jose/microros_ws/install/micro_ros_agent/bin'
[1.445s] INFO:colcon.colcon_core.shell:Creating package script '/home/jose/microros_ws/install/micro_ros_agent/share/micro_ros_agent/package.ps1'
[1.446s] INFO:colcon.colcon_core.shell:Creating package descriptor '/home/jose/microros_ws/install/micro_ros_agent/share/micro_ros_agent/package.dsv'
[1.447s] INFO:colcon.colcon_core.shell:Creating package script '/home/jose/microros_ws/install/micro_ros_agent/share/micro_ros_agent/package.sh'
[1.447s] INFO:colcon.colcon_core.shell:Creating package script '/home/jose/microros_ws/install/micro_ros_agent/share/micro_ros_agent/package.bash'
[1.448s] INFO:colcon.colcon_core.shell:Creating package script '/home/jose/microros_ws/install/micro_ros_agent/share/micro_ros_agent/package.zsh'
[1.448s] Level 1:colcon.colcon_core.environment:create_file_with_runtime_dependencies(/home/jose/microros_ws/install/micro_ros_agent/share/colcon-core/packages/micro_ros_agent)
[1.530s] Level 1:colcon.colcon_core.environment:checking '/home/jose/microros_ws/install/odin_nav' for CMake module files
[1.530s] DEBUG:colcon.colcon_core.event_handler.log_command:Invoked command in '/home/jose/microros_ws/src/odin_nav' returned '0': PYTHONPATH=/home/jose/microros_ws/build/odin_nav/prefix_override:/usr/lib/python3/dist-packages/colcon_core/task/python/colcon_distutils_commands:/home/jose/microros_ws/install/odin_nav/lib/python3.10/site-packages:${PYTHONPATH} /usr/bin/python3 -W ignore:setup.py install is deprecated setup.py egg_info --egg-base ../../build/odin_nav build --build-base /home/jose/microros_ws/build/odin_nav/build install --record /home/jose/microros_ws/build/odin_nav/install.log --single-version-externally-managed install_data
[1.531s] Level 1:colcon.colcon_core.environment:checking '/home/jose/microros_ws/install/odin_nav' for CMake config files
[1.531s] Level 1:colcon.colcon_core.environment:checking '/home/jose/microros_ws/install/odin_nav/lib'
[1.531s] Level 1:colcon.colcon_core.environment:checking '/home/jose/microros_ws/install/odin_nav/bin'
[1.531s] Level 1:colcon.colcon_core.environment:checking '/home/jose/microros_ws/install/odin_nav/lib/pkgconfig/odin_nav.pc'
[1.531s] Level 1:colcon.colcon_core.environment:checking '/home/jose/microros_ws/install/odin_nav/lib/python3.10/site-packages'
[1.532s] Level 1:colcon.colcon_core.shell:create_environment_hook('odin_nav', 'pythonpath')
[1.532s] INFO:colcon.colcon_core.shell:Creating environment hook '/home/jose/microros_ws/install/odin_nav/share/odin_nav/hook/pythonpath.ps1'
[1.532s] INFO:colcon.colcon_core.shell:Creating environment descriptor '/home/jose/microros_ws/install/odin_nav/share/odin_nav/hook/pythonpath.dsv'
[1.532s] INFO:colcon.colcon_core.shell:Creating environment hook '/home/jose/microros_ws/install/odin_nav/share/odin_nav/hook/pythonpath.sh'
[1.533s] Level 1:colcon.colcon_core.environment:checking '/home/jose/microros_ws/install/odin_nav/bin'
[1.533s] Level 1:colcon.colcon_core.environment:create_environment_scripts_only(odin_nav)
[1.533s] INFO:colcon.colcon_core.shell:Creating package script '/home/jose/microros_ws/install/odin_nav/share/odin_nav/package.ps1'
[1.534s] INFO:colcon.colcon_core.shell:Creating package descriptor '/home/jose/microros_ws/install/odin_nav/share/odin_nav/package.dsv'
[1.534s] INFO:colcon.colcon_core.shell:Creating package script '/home/jose/microros_ws/install/odin_nav/share/odin_nav/package.sh'
[1.534s] INFO:colcon.colcon_core.shell:Creating package script '/home/jose/microros_ws/install/odin_nav/share/odin_nav/package.bash'
[1.535s] INFO:colcon.colcon_core.shell:Creating package script '/home/jose/microros_ws/install/odin_nav/share/odin_nav/package.zsh'
[1.535s] Level 1:colcon.colcon_core.environment:create_file_with_runtime_dependencies(/home/jose/microros_ws/install/odin_nav/share/colcon-core/packages/odin_nav)
[1.551s] Level 1:colcon.colcon_core.environment:checking '/home/jose/microros_ws/install/odin_nav2' for CMake module files
[1.552s] DEBUG:colcon.colcon_core.event_handler.log_command:Invoked command in '/home/jose/microros_ws/src/odin_nav2' returned '0': PYTHONPATH=/home/jose/microros_ws/build/odin_nav2/prefix_override:/usr/lib/python3/dist-packages/colcon_core/task/python/colcon_distutils_commands:/home/jose/microros_ws/install/odin_nav2/lib/python3.10/site-packages:${PYTHONPATH} /usr/bin/python3 -W ignore:setup.py install is deprecated setup.py egg_info --egg-base ../../build/odin_nav2 build --build-base /home/jose/microros_ws/build/odin_nav2/build install --record /home/jose/microros_ws/build/odin_nav2/install.log --single-version-externally-managed install_data
[1.552s] Level 1:colcon.colcon_core.environment:checking '/home/jose/microros_ws/install/odin_nav2' for CMake config files
[1.552s] Level 1:colcon.colcon_core.environment:checking '/home/jose/microros_ws/install/odin_nav2/lib'
[1.552s] Level 1:colcon.colcon_core.environment:checking '/home/jose/microros_ws/install/odin_nav2/bin'
[1.553s] Level 1:colcon.colcon_core.environment:checking '/home/jose/microros_ws/install/odin_nav2/lib/pkgconfig/odin_nav2.pc'
[1.553s] Level 1:colcon.colcon_core.environment:checking '/home/jose/microros_ws/install/odin_nav2/lib/python3.10/site-packages'
[1.553s] Level 1:colcon.colcon_core.shell:create_environment_hook('odin_nav2', 'pythonpath')
[1.553s] INFO:colcon.colcon_core.shell:Creating environment hook '/home/jose/microros_ws/install/odin_nav2/share/odin_nav2/hook/pythonpath.ps1'
[1.553s] INFO:colcon.colcon_core.shell:Creating environment descriptor '/home/jose/microros_ws/install/odin_nav2/share/odin_nav2/hook/pythonpath.dsv'
[1.554s] INFO:colcon.colcon_core.shell:Creating environment hook '/home/jose/microros_ws/install/odin_nav2/share/odin_nav2/hook/pythonpath.sh'
[1.554s] Level 1:colcon.colcon_core.environment:checking '/home/jose/microros_ws/install/odin_nav2/bin'
[1.554s] Level 1:colcon.colcon_core.environment:create_environment_scripts_only(odin_nav2)
[1.554s] INFO:colcon.colcon_core.shell:Creating package script '/home/jose/microros_ws/install/odin_nav2/share/odin_nav2/package.ps1'
[1.555s] INFO:colcon.colcon_core.shell:Creating package descriptor '/home/jose/microros_ws/install/odin_nav2/share/odin_nav2/package.dsv'
[1.555s] INFO:colcon.colcon_core.shell:Creating package script '/home/jose/microros_ws/install/odin_nav2/share/odin_nav2/package.sh'
[1.555s] INFO:colcon.colcon_core.shell:Creating package script '/home/jose/microros_ws/install/odin_nav2/share/odin_nav2/package.bash'
[1.556s] INFO:colcon.colcon_core.shell:Creating package script '/home/jose/microros_ws/install/odin_nav2/share/odin_nav2/package.zsh'
[1.556s] Level 1:colcon.colcon_core.environment:create_file_with_runtime_dependencies(/home/jose/microros_ws/install/odin_nav2/share/colcon-core/packages/odin_nav2)
[1.567s] Level 1:colcon.colcon_core.environment:checking '/home/jose/microros_ws/install/odin_comms' for CMake module files
[1.568s] DEBUG:colcon.colcon_core.event_handler.log_command:Invoked command in '/home/jose/microros_ws/src/odin_comms' returned '0': PYTHONPATH=/home/jose/microros_ws/build/odin_comms/prefix_override:/usr/lib/python3/dist-packages/colcon_core/task/python/colcon_distutils_commands:/home/jose/microros_ws/install/odin_comms/lib/python3.10/site-packages:${PYTHONPATH} /usr/bin/python3 -W ignore:setup.py install is deprecated setup.py egg_info --egg-base ../../build/odin_comms build --build-base /home/jose/microros_ws/build/odin_comms/build install --record /home/jose/microros_ws/build/odin_comms/install.log --single-version-externally-managed install_data
[1.568s] Level 1:colcon.colcon_core.environment:checking '/home/jose/microros_ws/install/odin_comms' for CMake config files
[1.569s] Level 1:colcon.colcon_core.environment:checking '/home/jose/microros_ws/install/odin_comms/lib'
[1.569s] Level 1:colcon.colcon_core.environment:checking '/home/jose/microros_ws/install/odin_comms/bin'
[1.569s] Level 1:colcon.colcon_core.environment:checking '/home/jose/microros_ws/install/odin_comms/lib/pkgconfig/odin_comms.pc'
[1.569s] Level 1:colcon.colcon_core.environment:checking '/home/jose/microros_ws/install/odin_comms/lib/python3.10/site-packages'
[1.569s] Level 1:colcon.colcon_core.shell:create_environment_hook('odin_comms', 'pythonpath')
[1.569s] INFO:colcon.colcon_core.shell:Creating environment hook '/home/jose/microros_ws/install/odin_comms/share/odin_comms/hook/pythonpath.ps1'
[1.570s] INFO:colcon.colcon_core.shell:Creating environment descriptor '/home/jose/microros_ws/install/odin_comms/share/odin_comms/hook/pythonpath.dsv'
[1.570s] INFO:colcon.colcon_core.shell:Creating environment hook '/home/jose/microros_ws/install/odin_comms/share/odin_comms/hook/pythonpath.sh'
[1.570s] Level 1:colcon.colcon_core.environment:checking '/home/jose/microros_ws/install/odin_comms/bin'
[1.570s] Level 1:colcon.colcon_core.environment:create_environment_scripts_only(odin_comms)
[1.571s] INFO:colcon.colcon_core.shell:Creating package script '/home/jose/microros_ws/install/odin_comms/share/odin_comms/package.ps1'
[1.571s] INFO:colcon.colcon_core.shell:Creating package descriptor '/home/jose/microros_ws/install/odin_comms/share/odin_comms/package.dsv'
[1.571s] INFO:colcon.colcon_core.shell:Creating package script '/home/jose/microros_ws/install/odin_comms/share/odin_comms/package.sh'
[1.572s] INFO:colcon.colcon_core.shell:Creating package script '/home/jose/microros_ws/install/odin_comms/share/odin_comms/package.bash'
[1.572s] INFO:colcon.colcon_core.shell:Creating package script '/home/jose/microros_ws/install/odin_comms/share/odin_comms/package.zsh'
[1.572s] Level 1:colcon.colcon_core.environment:create_file_with_runtime_dependencies(/home/jose/microros_ws/install/odin_comms/share/colcon-core/packages/odin_comms)
[1.572s] DEBUG:colcon.colcon_parallel_executor.executor.parallel:closing loop
[1.573s] DEBUG:colcon.colcon_parallel_executor.executor.parallel:loop closed
[1.573s] DEBUG:colcon.colcon_parallel_executor.executor.parallel:run_until_complete finished with '0'
[1.573s] DEBUG:colcon.colcon_core.event_reactor:joining thread
[1.578s] INFO:colcon.colcon_core.plugin_system:Skipping extension 'colcon_notification.desktop_notification.terminal_notifier': Not used on non-Darwin systems
[1.578s] INFO:colcon.colcon_core.plugin_system:Skipping extension 'colcon_notification.desktop_notification.win32': Not used on non-Windows systems
[1.578s] INFO:colcon.colcon_notification.desktop_notification:Sending desktop notification using 'notify2'
[1.589s] DEBUG:colcon.colcon_core.event_reactor:joined thread
[1.589s] INFO:colcon.colcon_core.shell:Creating prefix script '/home/jose/microros_ws/install/local_setup.ps1'
[1.590s] INFO:colcon.colcon_core.shell:Creating prefix util module '/home/jose/microros_ws/install/_local_setup_util_ps1.py'
[1.592s] INFO:colcon.colcon_core.shell:Creating prefix chain script '/home/jose/microros_ws/install/setup.ps1'
[1.593s] INFO:colcon.colcon_core.shell:Creating prefix script '/home/jose/microros_ws/install/local_setup.sh'
[1.593s] INFO:colcon.colcon_core.shell:Creating prefix util module '/home/jose/microros_ws/install/_local_setup_util_sh.py'
[1.594s] INFO:colcon.colcon_core.shell:Creating prefix chain script '/home/jose/microros_ws/install/setup.sh'
[1.595s] INFO:colcon.colcon_core.shell:Creating prefix script '/home/jose/microros_ws/install/local_setup.bash'
[1.595s] INFO:colcon.colcon_core.shell:Creating prefix chain script '/home/jose/microros_ws/install/setup.bash'
[1.596s] INFO:colcon.colcon_core.shell:Creating prefix script '/home/jose/microros_ws/install/local_setup.zsh'
[1.596s] INFO:colcon.colcon_core.shell:Creating prefix chain script '/home/jose/microros_ws/install/setup.zsh'
