[1.056s] Invoking command in '/home/jose/microros_ws/src/odin_nav': PYTHONPATH=/home/jose/microros_ws/build/odin_nav/prefix_override:/usr/lib/python3/dist-packages/colcon_core/task/python/colcon_distutils_commands:/home/jose/microros_ws/install/odin_nav/lib/python3.10/site-packages:${PYTHONPATH} /usr/bin/python3 -W ignore:setup.py install is deprecated setup.py egg_info --egg-base ../../build/odin_nav build --build-base /home/jose/microros_ws/build/odin_nav/build install --record /home/jose/microros_ws/build/odin_nav/install.log --single-version-externally-managed install_data
[1.249s] running egg_info
[1.249s] writing ../../build/odin_nav/odin_nav.egg-info/PKG-INFO
[1.249s] writing dependency_links to ../../build/odin_nav/odin_nav.egg-info/dependency_links.txt
[1.250s] writing entry points to ../../build/odin_nav/odin_nav.egg-info/entry_points.txt
[1.250s] writing requirements to ../../build/odin_nav/odin_nav.egg-info/requires.txt
[1.250s] writing top-level names to ../../build/odin_nav/odin_nav.egg-info/top_level.txt
[1.251s] reading manifest file '../../build/odin_nav/odin_nav.egg-info/SOURCES.txt'
[1.252s] writing manifest file '../../build/odin_nav/odin_nav.egg-info/SOURCES.txt'
[1.252s] running build
[1.252s] running build_py
[1.252s] running install
[1.253s] running install_lib
[1.254s] running install_data
[1.254s] copying launch/display.launch.py -> /home/jose/microros_ws/install/odin_nav/share/odin_nav/launch
[1.254s] running install_egg_info
[1.257s] removing '/home/jose/microros_ws/install/odin_nav/lib/python3.10/site-packages/odin_nav-0.0.0-py3.10.egg-info' (and everything under it)
[1.257s] Copying ../../build/odin_nav/odin_nav.egg-info to /home/jose/microros_ws/install/odin_nav/lib/python3.10/site-packages/odin_nav-0.0.0-py3.10.egg-info
[1.258s] running install_scripts
[1.276s] Installing goal_pub script to /home/jose/microros_ws/install/odin_nav/lib/odin_nav
[1.276s] Installing map_gen script to /home/jose/microros_ws/install/odin_nav/lib/odin_nav
[1.276s] Installing map_pub script to /home/jose/microros_ws/install/odin_nav/lib/odin_nav
[1.276s] Installing odom_node script to /home/jose/microros_ws/install/odin_nav/lib/odin_nav
[1.276s] writing list of installed files to '/home/jose/microros_ws/build/odin_nav/install.log'
[1.309s] Invoked command in '/home/jose/microros_ws/src/odin_nav' returned '0': PYTHONPATH=/home/jose/microros_ws/build/odin_nav/prefix_override:/usr/lib/python3/dist-packages/colcon_core/task/python/colcon_distutils_commands:/home/jose/microros_ws/install/odin_nav/lib/python3.10/site-packages:${PYTHONPATH} /usr/bin/python3 -W ignore:setup.py install is deprecated setup.py egg_info --egg-base ../../build/odin_nav build --build-base /home/jose/microros_ws/build/odin_nav/build install --record /home/jose/microros_ws/build/odin_nav/install.log --single-version-externally-managed install_data
