[0.049s] Invoking command in '/home/jose/microros_ws/build/micro_ros_msgs': CMAKE_PREFIX_PATH=${CMAKE_PREFIX_PATH}:/home/jose/turtlebot3_ws/install/turtlebot3_teleop:/home/jose/turtlebot3_ws/install/turtlebot3_example:/home/jose/turtlebot3_ws/install/tb3_sim:/home/jose/microros_ws/install/odin_nav:/home/jose/microros_ws/install/odin_comms:/opt/ros/humble /usr/bin/cmake --build /home/jose/microros_ws/build/micro_ros_msgs -- -j16 -l16
[0.458s] [  2%] Built target micro_ros_msgs__cpp
[0.459s] [ 12%] Built target micro_ros_msgs__rosidl_generator_c
[0.459s] [ 12%] Built target ament_cmake_python_symlink_micro_ros_msgs
[0.459s] [ 34%] Built target micro_ros_msgs__rosidl_typesupport_fastrtps_cpp
[0.459s] [ 34%] Built target micro_ros_msgs__rosidl_typesupport_introspection_c
[0.459s] [ 57%] Built target micro_ros_msgs__rosidl_typesupport_c
[0.460s] [ 57%] Built target micro_ros_msgs__rosidl_typesupport_cpp
[0.460s] [ 65%] Built target micro_ros_msgs__rosidl_typesupport_fastrtps_c
[0.460s] [ 76%] Built target micro_ros_msgs__rosidl_typesupport_introspection_cpp
[0.461s] [ 76%] Built target micro_ros_msgs
[0.461s] [ 78%] Built target micro_ros_msgs__py
[0.461s] [ 87%] Built target micro_ros_msgs__rosidl_generator_py
[0.461s] [ 95%] Built target micro_ros_msgs__rosidl_typesupport_fastrtps_c__pyext
[0.461s] [ 95%] Built target micro_ros_msgs__rosidl_typesupport_c__pyext
[0.462s] [100%] Built target micro_ros_msgs__rosidl_typesupport_introspection_c__pyext
[0.535s] running egg_info
[0.536s] writing micro_ros_msgs.egg-info/PKG-INFO
[0.536s] writing dependency_links to micro_ros_msgs.egg-info/dependency_links.txt
[0.536s] writing top-level names to micro_ros_msgs.egg-info/top_level.txt
[0.540s] reading manifest file 'micro_ros_msgs.egg-info/SOURCES.txt'
[0.540s] writing manifest file 'micro_ros_msgs.egg-info/SOURCES.txt'
[0.578s] [100%] Built target ament_cmake_python_build_micro_ros_msgs_egg
[0.815s] Invoked command in '/home/jose/microros_ws/build/micro_ros_msgs' returned '0': CMAKE_PREFIX_PATH=${CMAKE_PREFIX_PATH}:/home/jose/turtlebot3_ws/install/turtlebot3_teleop:/home/jose/turtlebot3_ws/install/turtlebot3_example:/home/jose/turtlebot3_ws/install/tb3_sim:/home/jose/microros_ws/install/odin_nav:/home/jose/microros_ws/install/odin_comms:/opt/ros/humble /usr/bin/cmake --build /home/jose/microros_ws/build/micro_ros_msgs -- -j16 -l16
[0.928s] Invoking command in '/home/jose/microros_ws/build/micro_ros_msgs': CMAKE_PREFIX_PATH=${CMAKE_PREFIX_PATH}:/home/jose/turtlebot3_ws/install/turtlebot3_teleop:/home/jose/turtlebot3_ws/install/turtlebot3_example:/home/jose/turtlebot3_ws/install/tb3_sim:/home/jose/microros_ws/install/odin_nav:/home/jose/microros_ws/install/odin_comms:/opt/ros/humble /usr/bin/cmake --install /home/jose/microros_ws/build/micro_ros_msgs
[0.937s] -- Install configuration: ""
[0.937s] -- Execute custom install script
[0.937s] -- Up-to-date symlink: /home/jose/microros_ws/install/micro_ros_msgs/share/ament_index/resource_index/rosidl_interfaces/micro_ros_msgs
[0.938s] -- Up-to-date symlink: /home/jose/microros_ws/install/micro_ros_msgs/include/micro_ros_msgs/micro_ros_msgs/msg/detail/entity__functions.h
[0.938s] -- Up-to-date symlink: /home/jose/microros_ws/install/micro_ros_msgs/include/micro_ros_msgs/micro_ros_msgs/msg/detail/entity__struct.h
[0.938s] -- Up-to-date symlink: /home/jose/microros_ws/install/micro_ros_msgs/include/micro_ros_msgs/micro_ros_msgs/msg/detail/entity__type_support.h
[0.938s] -- Up-to-date symlink: /home/jose/microros_ws/install/micro_ros_msgs/include/micro_ros_msgs/micro_ros_msgs/msg/detail/graph__functions.h
[0.938s] -- Up-to-date symlink: /home/jose/microros_ws/install/micro_ros_msgs/include/micro_ros_msgs/micro_ros_msgs/msg/detail/graph__struct.h
[0.938s] -- Up-to-date symlink: /home/jose/microros_ws/install/micro_ros_msgs/include/micro_ros_msgs/micro_ros_msgs/msg/detail/graph__type_support.h
[0.938s] -- Up-to-date symlink: /home/jose/microros_ws/install/micro_ros_msgs/include/micro_ros_msgs/micro_ros_msgs/msg/detail/node__functions.h
[0.938s] -- Up-to-date symlink: /home/jose/microros_ws/install/micro_ros_msgs/include/micro_ros_msgs/micro_ros_msgs/msg/detail/node__struct.h
[0.938s] -- Up-to-date symlink: /home/jose/microros_ws/install/micro_ros_msgs/include/micro_ros_msgs/micro_ros_msgs/msg/detail/node__type_support.h
[0.938s] -- Up-to-date symlink: /home/jose/microros_ws/install/micro_ros_msgs/include/micro_ros_msgs/micro_ros_msgs/msg/entity.h
[0.938s] -- Up-to-date symlink: /home/jose/microros_ws/install/micro_ros_msgs/include/micro_ros_msgs/micro_ros_msgs/msg/graph.h
[0.939s] -- Up-to-date symlink: /home/jose/microros_ws/install/micro_ros_msgs/include/micro_ros_msgs/micro_ros_msgs/msg/node.h
[0.939s] -- Up-to-date symlink: /home/jose/microros_ws/install/micro_ros_msgs/include/micro_ros_msgs/micro_ros_msgs/msg/rosidl_generator_c__visibility_control.h
[0.939s] -- Up-to-date symlink: /home/jose/microros_ws/install/micro_ros_msgs/share/micro_ros_msgs/environment/library_path.sh
[0.939s] -- Up-to-date symlink: /home/jose/microros_ws/install/micro_ros_msgs/share/micro_ros_msgs/environment/library_path.dsv
[0.939s] -- Up-to-date symlink: /home/jose/microros_ws/install/micro_ros_msgs/include/micro_ros_msgs/micro_ros_msgs/msg/detail/entity__rosidl_typesupport_fastrtps_c.h
[0.939s] -- Up-to-date symlink: /home/jose/microros_ws/install/micro_ros_msgs/include/micro_ros_msgs/micro_ros_msgs/msg/detail/graph__rosidl_typesupport_fastrtps_c.h
[0.939s] -- Up-to-date symlink: /home/jose/microros_ws/install/micro_ros_msgs/include/micro_ros_msgs/micro_ros_msgs/msg/detail/node__rosidl_typesupport_fastrtps_c.h
[0.939s] -- Up-to-date symlink: /home/jose/microros_ws/install/micro_ros_msgs/include/micro_ros_msgs/micro_ros_msgs/msg/rosidl_typesupport_fastrtps_c__visibility_control.h
[0.940s] -- Up-to-date symlink: /home/jose/microros_ws/install/micro_ros_msgs/include/micro_ros_msgs/micro_ros_msgs/msg/detail/entity__rosidl_typesupport_introspection_c.h
[0.940s] -- Up-to-date symlink: /home/jose/microros_ws/install/micro_ros_msgs/include/micro_ros_msgs/micro_ros_msgs/msg/detail/graph__rosidl_typesupport_introspection_c.h
[0.940s] -- Up-to-date symlink: /home/jose/microros_ws/install/micro_ros_msgs/include/micro_ros_msgs/micro_ros_msgs/msg/detail/node__rosidl_typesupport_introspection_c.h
[0.940s] -- Up-to-date symlink: /home/jose/microros_ws/install/micro_ros_msgs/include/micro_ros_msgs/micro_ros_msgs/msg/rosidl_typesupport_introspection_c__visibility_control.h
[0.940s] -- Up-to-date symlink: /home/jose/microros_ws/install/micro_ros_msgs/include/micro_ros_msgs/micro_ros_msgs/msg/detail/entity__builder.hpp
[0.941s] -- Up-to-date symlink: /home/jose/microros_ws/install/micro_ros_msgs/include/micro_ros_msgs/micro_ros_msgs/msg/detail/entity__struct.hpp
[0.941s] -- Up-to-date symlink: /home/jose/microros_ws/install/micro_ros_msgs/include/micro_ros_msgs/micro_ros_msgs/msg/detail/entity__traits.hpp
[0.941s] -- Up-to-date symlink: /home/jose/microros_ws/install/micro_ros_msgs/include/micro_ros_msgs/micro_ros_msgs/msg/detail/graph__builder.hpp
[0.941s] -- Up-to-date symlink: /home/jose/microros_ws/install/micro_ros_msgs/include/micro_ros_msgs/micro_ros_msgs/msg/detail/graph__struct.hpp
[0.941s] -- Up-to-date symlink: /home/jose/microros_ws/install/micro_ros_msgs/include/micro_ros_msgs/micro_ros_msgs/msg/detail/graph__traits.hpp
[0.941s] -- Up-to-date symlink: /home/jose/microros_ws/install/micro_ros_msgs/include/micro_ros_msgs/micro_ros_msgs/msg/detail/node__builder.hpp
[0.941s] -- Up-to-date symlink: /home/jose/microros_ws/install/micro_ros_msgs/include/micro_ros_msgs/micro_ros_msgs/msg/detail/node__struct.hpp
[0.941s] -- Up-to-date symlink: /home/jose/microros_ws/install/micro_ros_msgs/include/micro_ros_msgs/micro_ros_msgs/msg/detail/node__traits.hpp
[0.941s] -- Up-to-date symlink: /home/jose/microros_ws/install/micro_ros_msgs/include/micro_ros_msgs/micro_ros_msgs/msg/entity.hpp
[0.941s] -- Up-to-date symlink: /home/jose/microros_ws/install/micro_ros_msgs/include/micro_ros_msgs/micro_ros_msgs/msg/graph.hpp
[0.941s] -- Up-to-date symlink: /home/jose/microros_ws/install/micro_ros_msgs/include/micro_ros_msgs/micro_ros_msgs/msg/node.hpp
[0.942s] -- Up-to-date symlink: /home/jose/microros_ws/install/micro_ros_msgs/include/micro_ros_msgs/micro_ros_msgs/msg/detail/entity__rosidl_typesupport_fastrtps_cpp.hpp
[0.942s] -- Up-to-date symlink: /home/jose/microros_ws/install/micro_ros_msgs/include/micro_ros_msgs/micro_ros_msgs/msg/detail/graph__rosidl_typesupport_fastrtps_cpp.hpp
[0.942s] -- Up-to-date symlink: /home/jose/microros_ws/install/micro_ros_msgs/include/micro_ros_msgs/micro_ros_msgs/msg/detail/node__rosidl_typesupport_fastrtps_cpp.hpp
[0.942s] -- Up-to-date symlink: /home/jose/microros_ws/install/micro_ros_msgs/include/micro_ros_msgs/micro_ros_msgs/msg/rosidl_typesupport_fastrtps_cpp__visibility_control.h
[0.942s] -- Up-to-date symlink: /home/jose/microros_ws/install/micro_ros_msgs/include/micro_ros_msgs/micro_ros_msgs/msg/detail/entity__rosidl_typesupport_introspection_cpp.hpp
[0.943s] -- Up-to-date symlink: /home/jose/microros_ws/install/micro_ros_msgs/include/micro_ros_msgs/micro_ros_msgs/msg/detail/graph__rosidl_typesupport_introspection_cpp.hpp
[0.943s] -- Up-to-date symlink: /home/jose/microros_ws/install/micro_ros_msgs/include/micro_ros_msgs/micro_ros_msgs/msg/detail/node__rosidl_typesupport_introspection_cpp.hpp
[0.943s] -- Up-to-date symlink: /home/jose/microros_ws/install/micro_ros_msgs/share/micro_ros_msgs/environment/pythonpath.sh
[0.943s] -- Up-to-date symlink: /home/jose/microros_ws/install/micro_ros_msgs/share/micro_ros_msgs/environment/pythonpath.dsv
[0.943s] -- Up-to-date symlink: /home/jose/microros_ws/install/micro_ros_msgs/local/lib/python3.10/dist-packages/micro_ros_msgs-3.0.1-py3.10.egg-info/PKG-INFO
[0.943s] -- Up-to-date symlink: /home/jose/microros_ws/install/micro_ros_msgs/local/lib/python3.10/dist-packages/micro_ros_msgs-3.0.1-py3.10.egg-info/SOURCES.txt
[0.943s] -- Up-to-date symlink: /home/jose/microros_ws/install/micro_ros_msgs/local/lib/python3.10/dist-packages/micro_ros_msgs-3.0.1-py3.10.egg-info/dependency_links.txt
[0.943s] -- Up-to-date symlink: /home/jose/microros_ws/install/micro_ros_msgs/local/lib/python3.10/dist-packages/micro_ros_msgs-3.0.1-py3.10.egg-info/top_level.txt
[0.944s] -- Up-to-date symlink: /home/jose/microros_ws/install/micro_ros_msgs/local/lib/python3.10/dist-packages/micro_ros_msgs/__init__.py
[0.944s] -- Up-to-date symlink: /home/jose/microros_ws/install/micro_ros_msgs/local/lib/python3.10/dist-packages/micro_ros_msgs/_micro_ros_msgs_s.ep.rosidl_typesupport_c.c
[0.944s] -- Up-to-date symlink: /home/jose/microros_ws/install/micro_ros_msgs/local/lib/python3.10/dist-packages/micro_ros_msgs/_micro_ros_msgs_s.ep.rosidl_typesupport_fastrtps_c.c
[0.944s] -- Up-to-date symlink: /home/jose/microros_ws/install/micro_ros_msgs/local/lib/python3.10/dist-packages/micro_ros_msgs/_micro_ros_msgs_s.ep.rosidl_typesupport_introspection_c.c
[0.944s] -- Up-to-date symlink: /home/jose/microros_ws/install/micro_ros_msgs/local/lib/python3.10/dist-packages/micro_ros_msgs/libmicro_ros_msgs__rosidl_generator_py.so
[0.944s] -- Up-to-date symlink: /home/jose/microros_ws/install/micro_ros_msgs/local/lib/python3.10/dist-packages/micro_ros_msgs/micro_ros_msgs_s__rosidl_typesupport_c.cpython-310-x86_64-linux-gnu.so
[0.944s] -- Up-to-date symlink: /home/jose/microros_ws/install/micro_ros_msgs/local/lib/python3.10/dist-packages/micro_ros_msgs/micro_ros_msgs_s__rosidl_typesupport_fastrtps_c.cpython-310-x86_64-linux-gnu.so
[0.945s] -- Up-to-date symlink: /home/jose/microros_ws/install/micro_ros_msgs/local/lib/python3.10/dist-packages/micro_ros_msgs/micro_ros_msgs_s__rosidl_typesupport_introspection_c.cpython-310-x86_64-linux-gnu.so
[0.945s] -- Up-to-date symlink: /home/jose/microros_ws/install/micro_ros_msgs/local/lib/python3.10/dist-packages/micro_ros_msgs/msg/__init__.py
[0.945s] -- Up-to-date symlink: /home/jose/microros_ws/install/micro_ros_msgs/local/lib/python3.10/dist-packages/micro_ros_msgs/msg/_entity.py
[0.945s] -- Up-to-date symlink: /home/jose/microros_ws/install/micro_ros_msgs/local/lib/python3.10/dist-packages/micro_ros_msgs/msg/_entity_s.c
[0.945s] -- Up-to-date symlink: /home/jose/microros_ws/install/micro_ros_msgs/local/lib/python3.10/dist-packages/micro_ros_msgs/msg/_graph.py
[0.945s] -- Up-to-date symlink: /home/jose/microros_ws/install/micro_ros_msgs/local/lib/python3.10/dist-packages/micro_ros_msgs/msg/_graph_s.c
[0.945s] -- Up-to-date symlink: /home/jose/microros_ws/install/micro_ros_msgs/local/lib/python3.10/dist-packages/micro_ros_msgs/msg/_node.py
[0.945s] -- Up-to-date symlink: /home/jose/microros_ws/install/micro_ros_msgs/local/lib/python3.10/dist-packages/micro_ros_msgs/msg/_node_s.c
[0.945s] -- Up-to-date symlink: /home/jose/microros_ws/install/micro_ros_msgs/local/lib/python3.10/dist-packages/micro_ros_msgs/micro_ros_msgs_s__rosidl_typesupport_fastrtps_c.cpython-310-x86_64-linux-gnu.so
[0.946s] -- Up-to-date symlink: /home/jose/microros_ws/install/micro_ros_msgs/local/lib/python3.10/dist-packages/micro_ros_msgs/micro_ros_msgs_s__rosidl_typesupport_introspection_c.cpython-310-x86_64-linux-gnu.so
[0.946s] -- Up-to-date symlink: /home/jose/microros_ws/install/micro_ros_msgs/local/lib/python3.10/dist-packages/micro_ros_msgs/micro_ros_msgs_s__rosidl_typesupport_c.cpython-310-x86_64-linux-gnu.so
[0.946s] -- Up-to-date symlink: /home/jose/microros_ws/install/micro_ros_msgs/share/micro_ros_msgs/msg/Graph.idl
[0.946s] -- Up-to-date symlink: /home/jose/microros_ws/install/micro_ros_msgs/share/micro_ros_msgs/msg/Node.idl
[0.946s] -- Up-to-date symlink: /home/jose/microros_ws/install/micro_ros_msgs/share/micro_ros_msgs/msg/Entity.idl
[0.946s] -- Up-to-date symlink: /home/jose/microros_ws/install/micro_ros_msgs/share/micro_ros_msgs/msg/Graph.msg
[0.946s] -- Up-to-date symlink: /home/jose/microros_ws/install/micro_ros_msgs/share/micro_ros_msgs/msg/Node.msg
[0.946s] -- Up-to-date symlink: /home/jose/microros_ws/install/micro_ros_msgs/share/micro_ros_msgs/msg/Entity.msg
[0.947s] -- Up-to-date symlink: /home/jose/microros_ws/install/micro_ros_msgs/share/ament_index/resource_index/package_run_dependencies/micro_ros_msgs
[0.947s] -- Up-to-date symlink: /home/jose/microros_ws/install/micro_ros_msgs/share/ament_index/resource_index/parent_prefix_path/micro_ros_msgs
[0.947s] -- Up-to-date symlink: /home/jose/microros_ws/install/micro_ros_msgs/share/micro_ros_msgs/environment/ament_prefix_path.sh
[0.947s] -- Up-to-date symlink: /home/jose/microros_ws/install/micro_ros_msgs/share/micro_ros_msgs/environment/ament_prefix_path.dsv
[0.947s] -- Up-to-date symlink: /home/jose/microros_ws/install/micro_ros_msgs/share/micro_ros_msgs/environment/path.sh
[0.947s] -- Up-to-date symlink: /home/jose/microros_ws/install/micro_ros_msgs/share/micro_ros_msgs/environment/path.dsv
[0.947s] -- Up-to-date symlink: /home/jose/microros_ws/install/micro_ros_msgs/share/micro_ros_msgs/local_setup.bash
[0.947s] -- Up-to-date symlink: /home/jose/microros_ws/install/micro_ros_msgs/share/micro_ros_msgs/local_setup.sh
[0.948s] -- Up-to-date symlink: /home/jose/microros_ws/install/micro_ros_msgs/share/micro_ros_msgs/local_setup.zsh
[0.948s] -- Up-to-date symlink: /home/jose/microros_ws/install/micro_ros_msgs/share/micro_ros_msgs/local_setup.dsv
[0.948s] -- Symlinking: /home/jose/microros_ws/install/micro_ros_msgs/share/micro_ros_msgs/package.dsv
[0.957s] -- Up-to-date symlink: /home/jose/microros_ws/install/micro_ros_msgs/share/ament_index/resource_index/packages/micro_ros_msgs
[0.958s] -- Up-to-date symlink: /home/jose/microros_ws/install/micro_ros_msgs/share/micro_ros_msgs/cmake/rosidl_cmake-extras.cmake
[0.958s] -- Up-to-date symlink: /home/jose/microros_ws/install/micro_ros_msgs/share/micro_ros_msgs/cmake/ament_cmake_export_include_directories-extras.cmake
[0.958s] -- Up-to-date symlink: /home/jose/microros_ws/install/micro_ros_msgs/share/micro_ros_msgs/cmake/ament_cmake_export_libraries-extras.cmake
[0.958s] -- Up-to-date symlink: /home/jose/microros_ws/install/micro_ros_msgs/share/micro_ros_msgs/cmake/ament_cmake_export_targets-extras.cmake
[0.958s] -- Up-to-date symlink: /home/jose/microros_ws/install/micro_ros_msgs/share/micro_ros_msgs/cmake/rosidl_cmake_export_typesupport_targets-extras.cmake
[0.958s] -- Up-to-date symlink: /home/jose/microros_ws/install/micro_ros_msgs/share/micro_ros_msgs/cmake/ament_cmake_export_dependencies-extras.cmake
[0.958s] -- Up-to-date symlink: /home/jose/microros_ws/install/micro_ros_msgs/share/micro_ros_msgs/cmake/rosidl_cmake_export_typesupport_libraries-extras.cmake
[0.958s] -- Up-to-date symlink: /home/jose/microros_ws/install/micro_ros_msgs/share/micro_ros_msgs/cmake/micro_ros_msgsConfig.cmake
[0.959s] -- Up-to-date symlink: /home/jose/microros_ws/install/micro_ros_msgs/share/micro_ros_msgs/cmake/micro_ros_msgsConfig-version.cmake
[0.959s] -- Up-to-date symlink: /home/jose/microros_ws/install/micro_ros_msgs/share/micro_ros_msgs/package.xml
[0.959s] -- Up-to-date: /home/jose/microros_ws/install/micro_ros_msgs/lib/libmicro_ros_msgs__rosidl_generator_c.so
[0.959s] -- Up-to-date: /home/jose/microros_ws/install/micro_ros_msgs/lib/libmicro_ros_msgs__rosidl_typesupport_fastrtps_c.so
[0.959s] -- Up-to-date: /home/jose/microros_ws/install/micro_ros_msgs/lib/libmicro_ros_msgs__rosidl_typesupport_introspection_c.so
[0.959s] -- Up-to-date: /home/jose/microros_ws/install/micro_ros_msgs/lib/libmicro_ros_msgs__rosidl_typesupport_c.so
[0.960s] -- Up-to-date: /home/jose/microros_ws/install/micro_ros_msgs/lib/libmicro_ros_msgs__rosidl_typesupport_fastrtps_cpp.so
[0.960s] -- Up-to-date: /home/jose/microros_ws/install/micro_ros_msgs/lib/libmicro_ros_msgs__rosidl_typesupport_introspection_cpp.so
[0.960s] -- Up-to-date: /home/jose/microros_ws/install/micro_ros_msgs/lib/libmicro_ros_msgs__rosidl_typesupport_cpp.so
[0.988s] Listing '/home/jose/microros_ws/install/micro_ros_msgs/local/lib/python3.10/dist-packages/micro_ros_msgs'...
[0.988s] Listing '/home/jose/microros_ws/install/micro_ros_msgs/local/lib/python3.10/dist-packages/micro_ros_msgs/msg'...
[0.992s] -- Up-to-date: /home/jose/microros_ws/install/micro_ros_msgs/lib/libmicro_ros_msgs__rosidl_generator_py.so
[0.992s] -- Up-to-date: /home/jose/microros_ws/install/micro_ros_msgs/share/micro_ros_msgs/cmake/export_micro_ros_msgs__rosidl_generator_cExport.cmake
[0.992s] -- Up-to-date: /home/jose/microros_ws/install/micro_ros_msgs/share/micro_ros_msgs/cmake/export_micro_ros_msgs__rosidl_generator_cExport-noconfig.cmake
[0.992s] -- Up-to-date: /home/jose/microros_ws/install/micro_ros_msgs/share/micro_ros_msgs/cmake/export_micro_ros_msgs__rosidl_typesupport_fastrtps_cExport.cmake
[0.992s] -- Up-to-date: /home/jose/microros_ws/install/micro_ros_msgs/share/micro_ros_msgs/cmake/export_micro_ros_msgs__rosidl_typesupport_fastrtps_cExport-noconfig.cmake
[0.992s] -- Up-to-date: /home/jose/microros_ws/install/micro_ros_msgs/share/micro_ros_msgs/cmake/micro_ros_msgs__rosidl_typesupport_introspection_cExport.cmake
[0.992s] -- Up-to-date: /home/jose/microros_ws/install/micro_ros_msgs/share/micro_ros_msgs/cmake/micro_ros_msgs__rosidl_typesupport_introspection_cExport-noconfig.cmake
[0.992s] -- Up-to-date: /home/jose/microros_ws/install/micro_ros_msgs/share/micro_ros_msgs/cmake/micro_ros_msgs__rosidl_typesupport_cExport.cmake
[0.992s] -- Up-to-date: /home/jose/microros_ws/install/micro_ros_msgs/share/micro_ros_msgs/cmake/micro_ros_msgs__rosidl_typesupport_cExport-noconfig.cmake
[0.992s] -- Up-to-date: /home/jose/microros_ws/install/micro_ros_msgs/share/micro_ros_msgs/cmake/export_micro_ros_msgs__rosidl_generator_cppExport.cmake
[0.993s] -- Up-to-date: /home/jose/microros_ws/install/micro_ros_msgs/share/micro_ros_msgs/cmake/export_micro_ros_msgs__rosidl_typesupport_fastrtps_cppExport.cmake
[0.993s] -- Up-to-date: /home/jose/microros_ws/install/micro_ros_msgs/share/micro_ros_msgs/cmake/export_micro_ros_msgs__rosidl_typesupport_fastrtps_cppExport-noconfig.cmake
[0.993s] -- Up-to-date: /home/jose/microros_ws/install/micro_ros_msgs/share/micro_ros_msgs/cmake/micro_ros_msgs__rosidl_typesupport_introspection_cppExport.cmake
[0.993s] -- Up-to-date: /home/jose/microros_ws/install/micro_ros_msgs/share/micro_ros_msgs/cmake/micro_ros_msgs__rosidl_typesupport_introspection_cppExport-noconfig.cmake
[0.993s] -- Up-to-date: /home/jose/microros_ws/install/micro_ros_msgs/share/micro_ros_msgs/cmake/micro_ros_msgs__rosidl_typesupport_cppExport.cmake
[0.993s] -- Up-to-date: /home/jose/microros_ws/install/micro_ros_msgs/share/micro_ros_msgs/cmake/micro_ros_msgs__rosidl_typesupport_cppExport-noconfig.cmake
[0.993s] -- Up-to-date: /home/jose/microros_ws/install/micro_ros_msgs/share/micro_ros_msgs/cmake/export_micro_ros_msgs__rosidl_generator_pyExport.cmake
[0.993s] -- Up-to-date: /home/jose/microros_ws/install/micro_ros_msgs/share/micro_ros_msgs/cmake/export_micro_ros_msgs__rosidl_generator_pyExport-noconfig.cmake
[0.995s] Invoked command in '/home/jose/microros_ws/build/micro_ros_msgs' returned '0': CMAKE_PREFIX_PATH=${CMAKE_PREFIX_PATH}:/home/jose/turtlebot3_ws/install/turtlebot3_teleop:/home/jose/turtlebot3_ws/install/turtlebot3_example:/home/jose/turtlebot3_ws/install/tb3_sim:/home/jose/microros_ws/install/odin_nav:/home/jose/microros_ws/install/odin_comms:/opt/ros/humble /usr/bin/cmake --install /home/jose/microros_ws/build/micro_ros_msgs
