[1.003s] Invoking command in '/home/jose/microros_ws/src/odin_nav2': PYTHONPATH=/home/jose/microros_ws/build/odin_nav2/prefix_override:/usr/lib/python3/dist-packages/colcon_core/task/python/colcon_distutils_commands:/home/jose/microros_ws/install/odin_nav2/lib/python3.10/site-packages:${PYTHONPATH} /usr/bin/python3 -W ignore:setup.py install is deprecated setup.py egg_info --egg-base ../../build/odin_nav2 build --build-base /home/jose/microros_ws/build/odin_nav2/build install --record /home/jose/microros_ws/build/odin_nav2/install.log --single-version-externally-managed install_data
[1.189s] running egg_info
[1.190s] writing ../../build/odin_nav2/odin_nav2.egg-info/PKG-INFO
[1.190s] writing dependency_links to ../../build/odin_nav2/odin_nav2.egg-info/dependency_links.txt
[1.190s] writing entry points to ../../build/odin_nav2/odin_nav2.egg-info/entry_points.txt
[1.190s] writing requirements to ../../build/odin_nav2/odin_nav2.egg-info/requires.txt
[1.190s] writing top-level names to ../../build/odin_nav2/odin_nav2.egg-info/top_level.txt
[1.192s] reading manifest file '../../build/odin_nav2/odin_nav2.egg-info/SOURCES.txt'
[1.193s] writing manifest file '../../build/odin_nav2/odin_nav2.egg-info/SOURCES.txt'
[1.193s] running build
[1.193s] running build_py
[1.193s] running install
[1.194s] running install_lib
[1.195s] running install_data
[1.195s] running install_egg_info
[1.198s] removing '/home/jose/microros_ws/install/odin_nav2/lib/python3.10/site-packages/odin_nav2-0.0.0-py3.10.egg-info' (and everything under it)
[1.199s] Copying ../../build/odin_nav2/odin_nav2.egg-info to /home/jose/microros_ws/install/odin_nav2/lib/python3.10/site-packages/odin_nav2-0.0.0-py3.10.egg-info
[1.199s] running install_scripts
[1.216s] Installing simple_navigator script to /home/jose/microros_ws/install/odin_nav2/lib/odin_nav2
[1.216s] writing list of installed files to '/home/jose/microros_ws/build/odin_nav2/install.log'
[1.251s] Invoked command in '/home/jose/microros_ws/src/odin_nav2' returned '0': PYTHONPATH=/home/jose/microros_ws/build/odin_nav2/prefix_override:/usr/lib/python3/dist-packages/colcon_core/task/python/colcon_distutils_commands:/home/jose/microros_ws/install/odin_nav2/lib/python3.10/site-packages:${PYTHONPATH} /usr/bin/python3 -W ignore:setup.py install is deprecated setup.py egg_info --egg-base ../../build/odin_nav2 build --build-base /home/jose/microros_ws/build/odin_nav2/build install --record /home/jose/microros_ws/build/odin_nav2/install.log --single-version-externally-managed install_data
