[0.774s] Invoking command in '/home/jose/microros_ws/src/odin_nav': PYTHONPATH=/home/jose/microros_ws/build/odin_nav/prefix_override:/usr/lib/python3/dist-packages/colcon_core/task/python/colcon_distutils_commands:/home/jose/microros_ws/install/odin_nav/lib/python3.10/site-packages:${PYTHONPATH} /usr/bin/python3 -W ignore:setup.py install is deprecated -W ignore:easy_install command is deprecated setup.py egg_info --egg-base ../../build/odin_nav build --build-base /home/jose/microros_ws/build/odin_nav/build install --record /home/jose/microros_ws/build/odin_nav/install.log --single-version-externally-managed install_data
[0.997s] running egg_info
[0.997s] writing ../../build/odin_nav/odin_nav.egg-info/PKG-INFO
[0.998s] writing dependency_links to ../../build/odin_nav/odin_nav.egg-info/dependency_links.txt
[0.998s] writing entry points to ../../build/odin_nav/odin_nav.egg-info/entry_points.txt
[0.998s] writing requirements to ../../build/odin_nav/odin_nav.egg-info/requires.txt
[0.998s] writing top-level names to ../../build/odin_nav/odin_nav.egg-info/top_level.txt
[1.001s] reading manifest file '../../build/odin_nav/odin_nav.egg-info/SOURCES.txt'
[1.001s] writing manifest file '../../build/odin_nav/odin_nav.egg-info/SOURCES.txt'
[1.001s] running build
[1.002s] running build_py
[1.002s] copying odin_nav/convert_to_map.py -> /home/jose/microros_ws/build/odin_nav/build/lib/odin_nav
[1.002s] copying odin_nav/tf_node.py -> /home/jose/microros_ws/build/odin_nav/build/lib/odin_nav
[1.003s] running install
[1.003s] running install_lib
[1.004s] copying /home/jose/microros_ws/build/odin_nav/build/lib/odin_nav/convert_to_map.py -> /home/jose/microros_ws/install/odin_nav/lib/python3.10/site-packages/odin_nav
[1.004s] copying /home/jose/microros_ws/build/odin_nav/build/lib/odin_nav/tf_node.py -> /home/jose/microros_ws/install/odin_nav/lib/python3.10/site-packages/odin_nav
[1.005s] byte-compiling /home/jose/microros_ws/install/odin_nav/lib/python3.10/site-packages/odin_nav/convert_to_map.py to convert_to_map.cpython-310.pyc
[1.006s] byte-compiling /home/jose/microros_ws/install/odin_nav/lib/python3.10/site-packages/odin_nav/tf_node.py to tf_node.cpython-310.pyc
[1.007s] running install_data
[1.007s] copying launch/display.launch.py -> /home/jose/microros_ws/install/odin_nav/share/odin_nav/launch
[1.007s] running install_egg_info
[1.011s] removing '/home/jose/microros_ws/install/odin_nav/lib/python3.10/site-packages/odin_nav-0.0.0-py3.10.egg-info' (and everything under it)
[1.011s] Copying ../../build/odin_nav/odin_nav.egg-info to /home/jose/microros_ws/install/odin_nav/lib/python3.10/site-packages/odin_nav-0.0.0-py3.10.egg-info
[1.013s] running install_scripts
[1.034s] Installing goal_pub script to /home/jose/microros_ws/install/odin_nav/lib/odin_nav
[1.034s] Installing map_gen script to /home/jose/microros_ws/install/odin_nav/lib/odin_nav
[1.035s] Installing map_pub script to /home/jose/microros_ws/install/odin_nav/lib/odin_nav
[1.035s] Installing odom_node script to /home/jose/microros_ws/install/odin_nav/lib/odin_nav
[1.035s] Installing tarea2 = odin_nav.tarea2:maintf2_node script to /home/jose/microros_ws/install/odin_nav/lib/odin_nav
[1.035s] writing list of installed files to '/home/jose/microros_ws/build/odin_nav/install.log'
[1.069s] Invoked command in '/home/jose/microros_ws/src/odin_nav' returned '0': PYTHONPATH=/home/jose/microros_ws/build/odin_nav/prefix_override:/usr/lib/python3/dist-packages/colcon_core/task/python/colcon_distutils_commands:/home/jose/microros_ws/install/odin_nav/lib/python3.10/site-packages:${PYTHONPATH} /usr/bin/python3 -W ignore:setup.py install is deprecated -W ignore:easy_install command is deprecated setup.py egg_info --egg-base ../../build/odin_nav build --build-base /home/jose/microros_ws/build/odin_nav/build install --record /home/jose/microros_ws/build/odin_nav/install.log --single-version-externally-managed install_data
