[0.029s] Invoking command in '/home/jose/microros_ws/build/micro_ros_setup': CMAKE_PREFIX_PATH=${CMAKE_PREFIX_PATH}:/home/jose/microros_ws/install/odin_comms:/opt/ros/humble /usr/bin/cmake /home/jose/microros_ws/src/micro_ros_setup -DAMENT_CMAKE_SYMLINK_INSTALL=1 -DCMAKE_INSTALL_PREFIX=/home/jose/microros_ws/install/micro_ros_setup
[0.046s] -- Found ament_cmake: 1.3.10 (/opt/ros/humble/share/ament_cmake/cmake)
[0.321s] -- Override CMake install command with custom implementation using symlinks instead of copying resources
[0.339s] -- Found ament_lint_auto: 0.12.11 (/opt/ros/humble/share/ament_lint_auto/cmake)
[0.512s] -- Added test 'copyright' to check source files copyright and LICENSE
[0.555s] -- Added test 'flake8' to check Python code syntax and style conventions
[0.560s] -- Added test 'lint_cmake' to check CMake code style
[0.563s] -- Added test 'pep257' to check Python code against some of the docstring style conventions in PEP 257
[0.582s] -- Added test 'xmllint' to check XML markup files
[0.584s] -- Configuring done
[0.592s] -- Generating done
[0.593s] -- Build files have been written to: /home/jose/microros_ws/build/micro_ros_setup
[0.601s] Invoked command in '/home/jose/microros_ws/build/micro_ros_setup' returned '0': CMAKE_PREFIX_PATH=${CMAKE_PREFIX_PATH}:/home/jose/microros_ws/install/odin_comms:/opt/ros/humble /usr/bin/cmake /home/jose/microros_ws/src/micro_ros_setup -DAMENT_CMAKE_SYMLINK_INSTALL=1 -DCMAKE_INSTALL_PREFIX=/home/jose/microros_ws/install/micro_ros_setup
[0.602s] Invoking command in '/home/jose/microros_ws/build/micro_ros_setup': CMAKE_PREFIX_PATH=${CMAKE_PREFIX_PATH}:/home/jose/microros_ws/install/odin_comms:/opt/ros/humble /usr/bin/cmake --build /home/jose/microros_ws/build/micro_ros_setup -- -j4 -l4
[0.658s] Invoked command in '/home/jose/microros_ws/build/micro_ros_setup' returned '0': CMAKE_PREFIX_PATH=${CMAKE_PREFIX_PATH}:/home/jose/microros_ws/install/odin_comms:/opt/ros/humble /usr/bin/cmake --build /home/jose/microros_ws/build/micro_ros_setup -- -j4 -l4
[0.700s] Invoking command in '/home/jose/microros_ws/build/micro_ros_setup': CMAKE_PREFIX_PATH=${CMAKE_PREFIX_PATH}:/home/jose/microros_ws/install/odin_comms:/opt/ros/humble /usr/bin/cmake --install /home/jose/microros_ws/build/micro_ros_setup
[0.710s] -- Install configuration: ""
[0.711s] -- Execute custom install script
[0.713s] -- Symlinking: /home/jose/microros_ws/install/micro_ros_setup/share/ament_index/resource_index/package_run_dependencies/micro_ros_setup
[0.724s] -- Symlinking: /home/jose/microros_ws/install/micro_ros_setup/share/ament_index/resource_index/parent_prefix_path/micro_ros_setup
[0.737s] -- Symlinking: /home/jose/microros_ws/install/micro_ros_setup/share/micro_ros_setup/environment/ament_prefix_path.sh
[0.749s] -- Symlinking: /home/jose/microros_ws/install/micro_ros_setup/share/micro_ros_setup/environment/ament_prefix_path.dsv
[0.763s] -- Symlinking: /home/jose/microros_ws/install/micro_ros_setup/share/micro_ros_setup/environment/path.sh
[0.779s] -- Symlinking: /home/jose/microros_ws/install/micro_ros_setup/share/micro_ros_setup/environment/path.dsv
[0.793s] -- Symlinking: /home/jose/microros_ws/install/micro_ros_setup/share/micro_ros_setup/local_setup.bash
[0.810s] -- Symlinking: /home/jose/microros_ws/install/micro_ros_setup/share/micro_ros_setup/local_setup.sh
[0.824s] -- Symlinking: /home/jose/microros_ws/install/micro_ros_setup/share/micro_ros_setup/local_setup.zsh
[0.836s] -- Symlinking: /home/jose/microros_ws/install/micro_ros_setup/share/micro_ros_setup/local_setup.dsv
[0.847s] -- Symlinking: /home/jose/microros_ws/install/micro_ros_setup/share/micro_ros_setup/package.dsv
[0.861s] -- Symlinking: /home/jose/microros_ws/install/micro_ros_setup/share/ament_index/resource_index/packages/micro_ros_setup
[0.879s] -- Symlinking: /home/jose/microros_ws/install/micro_ros_setup/share/micro_ros_setup/cmake/micro_ros_setupConfig.cmake
[0.896s] -- Symlinking: /home/jose/microros_ws/install/micro_ros_setup/share/micro_ros_setup/cmake/micro_ros_setupConfig-version.cmake
[0.916s] -- Symlinking: /home/jose/microros_ws/install/micro_ros_setup/share/micro_ros_setup/package.xml
[0.933s] -- Symlinking: /home/jose/microros_ws/install/micro_ros_setup/lib/micro_ros_setup/create_ws.sh
[0.952s] -- Symlinking: /home/jose/microros_ws/install/micro_ros_setup/lib/micro_ros_setup/create_agent_ws.sh
[0.971s] -- Symlinking: /home/jose/microros_ws/install/micro_ros_setup/lib/micro_ros_setup/create_firmware_ws.sh
[0.986s] -- Symlinking: /home/jose/microros_ws/install/micro_ros_setup/lib/micro_ros_setup/configure_firmware.sh
[1.004s] -- Symlinking: /home/jose/microros_ws/install/micro_ros_setup/lib/micro_ros_setup/flash_firmware.sh
[1.022s] -- Symlinking: /home/jose/microros_ws/install/micro_ros_setup/lib/micro_ros_setup/build_firmware.sh
[1.043s] -- Symlinking: /home/jose/microros_ws/install/micro_ros_setup/lib/micro_ros_setup/build_agent.sh
[1.057s] -- Symlinking: /home/jose/microros_ws/install/micro_ros_setup/lib/micro_ros_setup/yaml_filter.py
[1.070s] -- Symlinking: /home/jose/microros_ws/install/micro_ros_setup/lib/micro_ros_setup/clean_env.sh
[1.083s] -- Symlinking: /home/jose/microros_ws/install/micro_ros_setup/lib/micro_ros_setup/component
[1.097s] -- Up-to-date: /home/jose/microros_ws/install/micro_ros_setup/./config
[1.097s] -- Up-to-date: /home/jose/microros_ws/install/micro_ros_setup/./config/utils.sh
[1.097s] -- Up-to-date: /home/jose/microros_ws/install/micro_ros_setup/./config/client_ros2_packages.txt
[1.098s] -- Up-to-date: /home/jose/microros_ws/install/micro_ros_setup/./config/raspbian
[1.098s] -- Up-to-date: /home/jose/microros_ws/install/micro_ros_setup/./config/raspbian/dev_uros_packages.repos
[1.098s] -- Up-to-date: /home/jose/microros_ws/install/micro_ros_setup/./config/raspbian/dev_ros2_packages.txt
[1.098s] -- Up-to-date: /home/jose/microros_ws/install/micro_ros_setup/./config/raspbian/generic
[1.098s] -- Up-to-date: /home/jose/microros_ws/install/micro_ros_setup/./config/raspbian/generic/client_uros_packages.repos
[1.098s] -- Up-to-date: /home/jose/microros_ws/install/micro_ros_setup/./config/raspbian/generic/supported_platforms
[1.098s] -- Up-to-date: /home/jose/microros_ws/install/micro_ros_setup/./config/raspbian/generic/flash.sh
[1.099s] -- Up-to-date: /home/jose/microros_ws/install/micro_ros_setup/./config/raspbian/generic/create.sh
[1.099s] -- Up-to-date: /home/jose/microros_ws/install/micro_ros_setup/./config/raspbian/generic/client-colcon.meta
[1.100s] -- Up-to-date: /home/jose/microros_ws/install/micro_ros_setup/./config/raspbian/generic/build.sh
[1.100s] -- Up-to-date: /home/jose/microros_ws/install/micro_ros_setup/./config/raspbian/generic/configure.sh
[1.100s] -- Up-to-date: /home/jose/microros_ws/install/micro_ros_setup/./config/agent_uros_packages.repos
[1.100s] -- Up-to-date: /home/jose/microros_ws/install/micro_ros_setup/./config/client_uros_packages.repos
[1.101s] -- Up-to-date: /home/jose/microros_ws/install/micro_ros_setup/./config/android
[1.101s] -- Up-to-date: /home/jose/microros_ws/install/micro_ros_setup/./config/android/dev_uros_packages.repos
[1.101s] -- Up-to-date: /home/jose/microros_ws/install/micro_ros_setup/./config/android/dev_ros2_packages.txt
[1.101s] -- Up-to-date: /home/jose/microros_ws/install/micro_ros_setup/./config/android/generic
[1.101s] -- Up-to-date: /home/jose/microros_ws/install/micro_ros_setup/./config/android/generic/client_uros_packages.repos
[1.102s] -- Up-to-date: /home/jose/microros_ws/install/micro_ros_setup/./config/android/generic/flash.sh
[1.102s] -- Up-to-date: /home/jose/microros_ws/install/micro_ros_setup/./config/android/generic/create.sh
[1.102s] -- Up-to-date: /home/jose/microros_ws/install/micro_ros_setup/./config/android/generic/client-colcon.meta
[1.102s] -- Up-to-date: /home/jose/microros_ws/install/micro_ros_setup/./config/android/generic/build.sh
[1.102s] -- Up-to-date: /home/jose/microros_ws/install/micro_ros_setup/./config/android/generic/package.xml
[1.102s] -- Up-to-date: /home/jose/microros_ws/install/micro_ros_setup/./config/zephyr
[1.103s] -- Up-to-date: /home/jose/microros_ws/install/micro_ros_setup/./config/zephyr/dev_uros_packages.repos
[1.104s] -- Up-to-date: /home/jose/microros_ws/install/micro_ros_setup/./config/zephyr/list_apps.sh
[1.104s] -- Up-to-date: /home/jose/microros_ws/install/micro_ros_setup/./config/zephyr/dev_ros2_packages.txt
[1.104s] -- Up-to-date: /home/jose/microros_ws/install/micro_ros_setup/./config/zephyr/generic
[1.104s] -- Up-to-date: /home/jose/microros_ws/install/micro_ros_setup/./config/zephyr/generic/board.repos
[1.105s] -- Up-to-date: /home/jose/microros_ws/install/micro_ros_setup/./config/zephyr/generic/client_uros_packages.repos
[1.105s] -- Up-to-date: /home/jose/microros_ws/install/micro_ros_setup/./config/zephyr/generic/supported_platforms
[1.105s] -- Up-to-date: /home/jose/microros_ws/install/micro_ros_setup/./config/zephyr/generic/flash.sh
[1.105s] -- Up-to-date: /home/jose/microros_ws/install/micro_ros_setup/./config/zephyr/generic/create.sh
[1.106s] -- Up-to-date: /home/jose/microros_ws/install/micro_ros_setup/./config/zephyr/generic/client-colcon.meta
[1.106s] -- Up-to-date: /home/jose/microros_ws/install/micro_ros_setup/./config/zephyr/generic/build.sh
[1.106s] -- Up-to-date: /home/jose/microros_ws/install/micro_ros_setup/./config/zephyr/generic/package.xml
[1.107s] -- Up-to-date: /home/jose/microros_ws/install/micro_ros_setup/./config/zephyr/generic/configure.sh
[1.107s] -- Up-to-date: /home/jose/microros_ws/install/micro_ros_setup/./config/freertos
[1.107s] -- Up-to-date: /home/jose/microros_ws/install/micro_ros_setup/./config/freertos/nucleo_f446ze
[1.107s] -- Up-to-date: /home/jose/microros_ws/install/micro_ros_setup/./config/freertos/nucleo_f446ze/board.repos
[1.108s] -- Up-to-date: /home/jose/microros_ws/install/micro_ros_setup/./config/freertos/nucleo_f446ze/client_uros_packages.repos
[1.108s] -- Up-to-date: /home/jose/microros_ws/install/micro_ros_setup/./config/freertos/nucleo_f446ze/flash.sh
[1.110s] -- Up-to-date: /home/jose/microros_ws/install/micro_ros_setup/./config/freertos/nucleo_f446ze/create.sh
[1.110s] -- Up-to-date: /home/jose/microros_ws/install/micro_ros_setup/./config/freertos/nucleo_f446ze/client-colcon.meta
[1.111s] -- Up-to-date: /home/jose/microros_ws/install/micro_ros_setup/./config/freertos/nucleo_f446ze/build.sh
[1.111s] -- Up-to-date: /home/jose/microros_ws/install/micro_ros_setup/./config/freertos/nucleo_f446ze/package.xml
[1.111s] -- Up-to-date: /home/jose/microros_ws/install/micro_ros_setup/./config/freertos/nucleo_f446ze/configure.sh
[1.112s] -- Up-to-date: /home/jose/microros_ws/install/micro_ros_setup/./config/freertos/crazyflie21
[1.112s] -- Up-to-date: /home/jose/microros_ws/install/micro_ros_setup/./config/freertos/crazyflie21/board.repos
[1.112s] -- Up-to-date: /home/jose/microros_ws/install/micro_ros_setup/./config/freertos/crazyflie21/client_uros_packages.repos
[1.115s] -- Up-to-date: /home/jose/microros_ws/install/micro_ros_setup/./config/freertos/crazyflie21/flash.sh
[1.115s] -- Up-to-date: /home/jose/microros_ws/install/micro_ros_setup/./config/freertos/crazyflie21/create.sh
[1.115s] -- Up-to-date: /home/jose/microros_ws/install/micro_ros_setup/./config/freertos/crazyflie21/client-colcon.meta
[1.115s] -- Up-to-date: /home/jose/microros_ws/install/micro_ros_setup/./config/freertos/crazyflie21/build.sh
[1.116s] -- Up-to-date: /home/jose/microros_ws/install/micro_ros_setup/./config/freertos/crazyflie21/package.xml
[1.116s] -- Up-to-date: /home/jose/microros_ws/install/micro_ros_setup/./config/freertos/crazyflie21/configure.sh
[1.116s] -- Up-to-date: /home/jose/microros_ws/install/micro_ros_setup/./config/freertos/dev_uros_packages.repos
[1.117s] -- Up-to-date: /home/jose/microros_ws/install/micro_ros_setup/./config/freertos/nucleo_f746zg
[1.118s] -- Up-to-date: /home/jose/microros_ws/install/micro_ros_setup/./config/freertos/nucleo_f746zg/board.repos
[1.118s] -- Up-to-date: /home/jose/microros_ws/install/micro_ros_setup/./config/freertos/nucleo_f746zg/client_uros_packages.repos
[1.118s] -- Up-to-date: /home/jose/microros_ws/install/micro_ros_setup/./config/freertos/nucleo_f746zg/flash.sh
[1.118s] -- Up-to-date: /home/jose/microros_ws/install/micro_ros_setup/./config/freertos/nucleo_f746zg/create.sh
[1.119s] -- Up-to-date: /home/jose/microros_ws/install/micro_ros_setup/./config/freertos/nucleo_f746zg/client-colcon.meta
[1.119s] -- Up-to-date: /home/jose/microros_ws/install/micro_ros_setup/./config/freertos/nucleo_f746zg/build.sh
[1.119s] -- Up-to-date: /home/jose/microros_ws/install/micro_ros_setup/./config/freertos/nucleo_f746zg/package.xml
[1.119s] -- Up-to-date: /home/jose/microros_ws/install/micro_ros_setup/./config/freertos/nucleo_f746zg/configure.sh
[1.119s] -- Up-to-date: /home/jose/microros_ws/install/micro_ros_setup/./config/freertos/list_apps.sh
[1.119s] -- Up-to-date: /home/jose/microros_ws/install/micro_ros_setup/./config/freertos/olimex-stm32-e407
[1.119s] -- Up-to-date: /home/jose/microros_ws/install/micro_ros_setup/./config/freertos/olimex-stm32-e407/board.repos
[1.120s] -- Up-to-date: /home/jose/microros_ws/install/micro_ros_setup/./config/freertos/olimex-stm32-e407/client_uros_packages.repos
[1.120s] -- Up-to-date: /home/jose/microros_ws/install/micro_ros_setup/./config/freertos/olimex-stm32-e407/flash.sh
[1.120s] -- Up-to-date: /home/jose/microros_ws/install/micro_ros_setup/./config/freertos/olimex-stm32-e407/create.sh
[1.122s] -- Up-to-date: /home/jose/microros_ws/install/micro_ros_setup/./config/freertos/olimex-stm32-e407/client-colcon.meta
[1.122s] -- Up-to-date: /home/jose/microros_ws/install/micro_ros_setup/./config/freertos/olimex-stm32-e407/build.sh
[1.122s] -- Up-to-date: /home/jose/microros_ws/install/micro_ros_setup/./config/freertos/olimex-stm32-e407/package.xml
[1.122s] -- Up-to-date: /home/jose/microros_ws/install/micro_ros_setup/./config/freertos/olimex-stm32-e407/configure.sh
[1.122s] -- Up-to-date: /home/jose/microros_ws/install/micro_ros_setup/./config/freertos/nucleo_f446re
[1.125s] -- Up-to-date: /home/jose/microros_ws/install/micro_ros_setup/./config/freertos/nucleo_f446re/board.repos
[1.125s] -- Up-to-date: /home/jose/microros_ws/install/micro_ros_setup/./config/freertos/nucleo_f446re/client_uros_packages.repos
[1.125s] -- Up-to-date: /home/jose/microros_ws/install/micro_ros_setup/./config/freertos/nucleo_f446re/flash.sh
[1.126s] -- Up-to-date: /home/jose/microros_ws/install/micro_ros_setup/./config/freertos/nucleo_f446re/create.sh
[1.126s] -- Up-to-date: /home/jose/microros_ws/install/micro_ros_setup/./config/freertos/nucleo_f446re/client-colcon.meta
[1.126s] -- Up-to-date: /home/jose/microros_ws/install/micro_ros_setup/./config/freertos/nucleo_f446re/build.sh
[1.126s] -- Up-to-date: /home/jose/microros_ws/install/micro_ros_setup/./config/freertos/nucleo_f446re/package.xml
[1.126s] -- Up-to-date: /home/jose/microros_ws/install/micro_ros_setup/./config/freertos/nucleo_f446re/configure.sh
[1.126s] -- Up-to-date: /home/jose/microros_ws/install/micro_ros_setup/./config/freertos/dev_ros2_packages.txt
[1.126s] -- Up-to-date: /home/jose/microros_ws/install/micro_ros_setup/./config/freertos/esp32
[1.127s] -- Up-to-date: /home/jose/microros_ws/install/micro_ros_setup/./config/freertos/esp32/board.repos
[1.127s] -- Up-to-date: /home/jose/microros_ws/install/micro_ros_setup/./config/freertos/esp32/client_uros_packages.repos
[1.127s] -- Up-to-date: /home/jose/microros_ws/install/micro_ros_setup/./config/freertos/esp32/flash.sh
[1.127s] -- Up-to-date: /home/jose/microros_ws/install/micro_ros_setup/./config/freertos/esp32/create.sh
[1.127s] -- Up-to-date: /home/jose/microros_ws/install/micro_ros_setup/./config/freertos/esp32/README.md
[1.127s] -- Up-to-date: /home/jose/microros_ws/install/micro_ros_setup/./config/freertos/esp32/client-colcon.meta
[1.127s] -- Up-to-date: /home/jose/microros_ws/install/micro_ros_setup/./config/freertos/esp32/build.sh
[1.128s] -- Up-to-date: /home/jose/microros_ws/install/micro_ros_setup/./config/freertos/esp32/package.xml
[1.128s] -- Up-to-date: /home/jose/microros_ws/install/micro_ros_setup/./config/freertos/esp32/configure.sh
[1.128s] -- Up-to-date: /home/jose/microros_ws/install/micro_ros_setup/./config/freertos/nucleo_f767zi
[1.129s] -- Up-to-date: /home/jose/microros_ws/install/micro_ros_setup/./config/freertos/nucleo_f767zi/board.repos
[1.129s] -- Up-to-date: /home/jose/microros_ws/install/micro_ros_setup/./config/freertos/nucleo_f767zi/client_uros_packages.repos
[1.132s] -- Up-to-date: /home/jose/microros_ws/install/micro_ros_setup/./config/freertos/nucleo_f767zi/flash.sh
[1.132s] -- Up-to-date: /home/jose/microros_ws/install/micro_ros_setup/./config/freertos/nucleo_f767zi/create.sh
[1.133s] -- Up-to-date: /home/jose/microros_ws/install/micro_ros_setup/./config/freertos/nucleo_f767zi/client-colcon.meta
[1.133s] -- Up-to-date: /home/jose/microros_ws/install/micro_ros_setup/./config/freertos/nucleo_f767zi/build.sh
[1.133s] -- Up-to-date: /home/jose/microros_ws/install/micro_ros_setup/./config/freertos/nucleo_f767zi/package.xml
[1.133s] -- Up-to-date: /home/jose/microros_ws/install/micro_ros_setup/./config/freertos/nucleo_f767zi/configure.sh
[1.133s] -- Up-to-date: /home/jose/microros_ws/install/micro_ros_setup/./config/mbed
[1.133s] -- Up-to-date: /home/jose/microros_ws/install/micro_ros_setup/./config/mbed/dev_uros_packages.repos
[1.133s] -- Up-to-date: /home/jose/microros_ws/install/micro_ros_setup/./config/mbed/list_apps.sh
[1.133s] -- Up-to-date: /home/jose/microros_ws/install/micro_ros_setup/./config/mbed/dev_ros2_packages.txt
[1.134s] -- Up-to-date: /home/jose/microros_ws/install/micro_ros_setup/./config/mbed/generic
[1.134s] -- Up-to-date: /home/jose/microros_ws/install/micro_ros_setup/./config/mbed/generic/board.repos
[1.134s] -- Up-to-date: /home/jose/microros_ws/install/micro_ros_setup/./config/mbed/generic/client_uros_packages.repos
[1.138s] -- Up-to-date: /home/jose/microros_ws/install/micro_ros_setup/./config/mbed/generic/supported_platforms
[1.138s] -- Up-to-date: /home/jose/microros_ws/install/micro_ros_setup/./config/mbed/generic/flash.sh
[1.139s] -- Up-to-date: /home/jose/microros_ws/install/micro_ros_setup/./config/mbed/generic/create.sh
[1.139s] -- Up-to-date: /home/jose/microros_ws/install/micro_ros_setup/./config/mbed/generic/build.sh
[1.139s] -- Up-to-date: /home/jose/microros_ws/install/micro_ros_setup/./config/mbed/generic/package.xml
[1.139s] -- Up-to-date: /home/jose/microros_ws/install/micro_ros_setup/./config/generate_lib
[1.139s] -- Up-to-date: /home/jose/microros_ws/install/micro_ros_setup/./config/generate_lib/dev_uros_packages.repos
[1.143s] -- Up-to-date: /home/jose/microros_ws/install/micro_ros_setup/./config/generate_lib/dev_ros2_packages.txt
[1.144s] -- Up-to-date: /home/jose/microros_ws/install/micro_ros_setup/./config/generate_lib/generic
[1.144s] -- Up-to-date: /home/jose/microros_ws/install/micro_ros_setup/./config/generate_lib/generic/client_uros_packages.repos
[1.144s] -- Up-to-date: /home/jose/microros_ws/install/micro_ros_setup/./config/generate_lib/generic/demo_toolchain.cmake
[1.144s] -- Up-to-date: /home/jose/microros_ws/install/micro_ros_setup/./config/generate_lib/generic/flash.sh
[1.144s] -- Up-to-date: /home/jose/microros_ws/install/micro_ros_setup/./config/generate_lib/generic/create.sh
[1.144s] -- Up-to-date: /home/jose/microros_ws/install/micro_ros_setup/./config/generate_lib/generic/client-colcon.meta
[1.145s] -- Up-to-date: /home/jose/microros_ws/install/micro_ros_setup/./config/generate_lib/generic/build.sh
[1.145s] -- Up-to-date: /home/jose/microros_ws/install/micro_ros_setup/./config/generate_lib/generic/package.xml
[1.145s] -- Up-to-date: /home/jose/microros_ws/install/micro_ros_setup/./config/host
[1.145s] -- Up-to-date: /home/jose/microros_ws/install/micro_ros_setup/./config/host/dev_uros_packages.repos
[1.145s] -- Up-to-date: /home/jose/microros_ws/install/micro_ros_setup/./config/host/client_ros2_packages.txt
[1.145s] -- Up-to-date: /home/jose/microros_ws/install/micro_ros_setup/./config/host/dev_ros2_packages.txt
[1.145s] -- Up-to-date: /home/jose/microros_ws/install/micro_ros_setup/./config/host/generic
[1.146s] -- Up-to-date: /home/jose/microros_ws/install/micro_ros_setup/./config/host/generic/client_host_packages.repos
[1.146s] -- Up-to-date: /home/jose/microros_ws/install/micro_ros_setup/./config/host/generic/client-host-colcon.meta
[1.146s] -- Up-to-date: /home/jose/microros_ws/install/micro_ros_setup/./config/host/generic/flash.sh
[1.156s] -- Up-to-date: /home/jose/microros_ws/install/micro_ros_setup/./config/host/generic/create.sh
[1.157s] -- Up-to-date: /home/jose/microros_ws/install/micro_ros_setup/./config/host/generic/build.sh
[1.157s] -- Up-to-date: /home/jose/microros_ws/install/micro_ros_setup/./config/host/generic/package.xml
[1.157s] -- Up-to-date: /home/jose/microros_ws/install/micro_ros_setup/./config/renesas_ra
[1.157s] -- Up-to-date: /home/jose/microros_ws/install/micro_ros_setup/./config/renesas_ra/dev_uros_packages.repos
[1.157s] -- Up-to-date: /home/jose/microros_ws/install/micro_ros_setup/./config/renesas_ra/list_apps.sh
[1.157s] -- Up-to-date: /home/jose/microros_ws/install/micro_ros_setup/./config/renesas_ra/ra6m5
[1.157s] -- Up-to-date: /home/jose/microros_ws/install/micro_ros_setup/./config/renesas_ra/ra6m5/board.repos
[1.158s] -- Up-to-date: /home/jose/microros_ws/install/micro_ros_setup/./config/renesas_ra/ra6m5/client_uros_packages.repos
[1.158s] -- Up-to-date: /home/jose/microros_ws/install/micro_ros_setup/./config/renesas_ra/ra6m5/flash.sh
[1.158s] -- Up-to-date: /home/jose/microros_ws/install/micro_ros_setup/./config/renesas_ra/ra6m5/create.sh
[1.158s] -- Up-to-date: /home/jose/microros_ws/install/micro_ros_setup/./config/renesas_ra/ra6m5/client-colcon.meta
[1.158s] -- Up-to-date: /home/jose/microros_ws/install/micro_ros_setup/./config/renesas_ra/ra6m5/build.sh
[1.158s] -- Up-to-date: /home/jose/microros_ws/install/micro_ros_setup/./config/renesas_ra/ra6m5/configure.sh
[1.158s] -- Up-to-date: /home/jose/microros_ws/install/micro_ros_setup/./config/renesas_ra/dev_ros2_packages.txt
[1.159s] -- Up-to-date: /home/jose/microros_ws/install/micro_ros_setup/./config/agent_ros2_packages.txt
[1.159s] Invoked command in '/home/jose/microros_ws/build/micro_ros_setup' returned '0': CMAKE_PREFIX_PATH=${CMAKE_PREFIX_PATH}:/home/jose/microros_ws/install/odin_comms:/opt/ros/humble /usr/bin/cmake --install /home/jose/microros_ws/build/micro_ros_setup
