[0.727s] Invoking command in '/home/jose/microros_ws/src/odin_nav': PYTHONPATH=/home/jose/microros_ws/build/odin_nav/prefix_override:/usr/lib/python3/dist-packages/colcon_core/task/python/colcon_distutils_commands:/home/jose/microros_ws/install/odin_nav/lib/python3.10/site-packages:${PYTHONPATH} /usr/bin/python3 -W ignore:setup.py install is deprecated setup.py egg_info --egg-base ../../build/odin_nav build --build-base /home/jose/microros_ws/build/odin_nav/build install --record /home/jose/microros_ws/build/odin_nav/install.log --single-version-externally-managed install_data
[0.920s] running egg_info
[0.921s] writing ../../build/odin_nav/odin_nav.egg-info/PKG-INFO
[0.921s] writing dependency_links to ../../build/odin_nav/odin_nav.egg-info/dependency_links.txt
[0.921s] writing entry points to ../../build/odin_nav/odin_nav.egg-info/entry_points.txt
[0.921s] writing requirements to ../../build/odin_nav/odin_nav.egg-info/requires.txt
[0.921s] writing top-level names to ../../build/odin_nav/odin_nav.egg-info/top_level.txt
[0.923s] reading manifest file '../../build/odin_nav/odin_nav.egg-info/SOURCES.txt'
[0.923s] writing manifest file '../../build/odin_nav/odin_nav.egg-info/SOURCES.txt'
[0.924s] running build
[0.924s] running build_py
[0.924s] running install
[0.924s] running install_lib
[0.925s] running install_data
[0.925s] running install_egg_info
[0.928s] removing '/home/jose/microros_ws/install/odin_nav/lib/python3.10/site-packages/odin_nav-0.0.0-py3.10.egg-info' (and everything under it)
[0.928s] Copying ../../build/odin_nav/odin_nav.egg-info to /home/jose/microros_ws/install/odin_nav/lib/python3.10/site-packages/odin_nav-0.0.0-py3.10.egg-info
[0.929s] running install_scripts
[0.946s] writing list of installed files to '/home/jose/microros_ws/build/odin_nav/install.log'
[0.976s] Invoked command in '/home/jose/microros_ws/src/odin_nav' returned '0': PYTHONPATH=/home/jose/microros_ws/build/odin_nav/prefix_override:/usr/lib/python3/dist-packages/colcon_core/task/python/colcon_distutils_commands:/home/jose/microros_ws/install/odin_nav/lib/python3.10/site-packages:${PYTHONPATH} /usr/bin/python3 -W ignore:setup.py install is deprecated setup.py egg_info --egg-base ../../build/odin_nav build --build-base /home/jose/microros_ws/build/odin_nav/build install --record /home/jose/microros_ws/build/odin_nav/install.log --single-version-externally-managed install_data
