[0.719s] Invoking command in '/home/jose/microros_ws/src/odin_comms': PYTHONPATH=/home/jose/microros_ws/build/odin_comms/prefix_override:/usr/lib/python3/dist-packages/colcon_core/task/python/colcon_distutils_commands:/home/jose/microros_ws/install/odin_comms/lib/python3.10/site-packages:${PYTHONPATH} /usr/bin/python3 -W ignore:setup.py install is deprecated setup.py egg_info --egg-base ../../build/odin_comms build --build-base /home/jose/microros_ws/build/odin_comms/build install --record /home/jose/microros_ws/build/odin_comms/install.log --single-version-externally-managed install_data
[0.897s] running egg_info
[0.898s] writing ../../build/odin_comms/odin_comms.egg-info/PKG-INFO
[0.898s] writing dependency_links to ../../build/odin_comms/odin_comms.egg-info/dependency_links.txt
[0.898s] writing entry points to ../../build/odin_comms/odin_comms.egg-info/entry_points.txt
[0.899s] writing requirements to ../../build/odin_comms/odin_comms.egg-info/requires.txt
[0.899s] writing top-level names to ../../build/odin_comms/odin_comms.egg-info/top_level.txt
[0.900s] reading manifest file '../../build/odin_comms/odin_comms.egg-info/SOURCES.txt'
[0.901s] writing manifest file '../../build/odin_comms/odin_comms.egg-info/SOURCES.txt'
[0.901s] running build
[0.901s] running build_py
[0.901s] running install
[0.902s] running install_lib
[0.903s] running install_data
[0.903s] running install_egg_info
[0.905s] removing '/home/jose/microros_ws/install/odin_comms/lib/python3.10/site-packages/odin_comms-0.0.0-py3.10.egg-info' (and everything under it)
[0.905s] Copying ../../build/odin_comms/odin_comms.egg-info to /home/jose/microros_ws/install/odin_comms/lib/python3.10/site-packages/odin_comms-0.0.0-py3.10.egg-info
[0.906s] running install_scripts
[0.921s] Installing control_PID script to /home/jose/microros_ws/install/odin_comms/lib/odin_comms
[0.921s] Installing control_ml script to /home/jose/microros_ws/install/odin_comms/lib/odin_comms
[0.922s] Installing control_mr script to /home/jose/microros_ws/install/odin_comms/lib/odin_comms
[0.922s] Installing control_twist script to /home/jose/microros_ws/install/odin_comms/lib/odin_comms
[0.922s] Installing data_subscriber script to /home/jose/microros_ws/install/odin_comms/lib/odin_comms
[0.923s] writing list of installed files to '/home/jose/microros_ws/build/odin_comms/install.log'
[0.949s] Invoked command in '/home/jose/microros_ws/src/odin_comms' returned '0': PYTHONPATH=/home/jose/microros_ws/build/odin_comms/prefix_override:/usr/lib/python3/dist-packages/colcon_core/task/python/colcon_distutils_commands:/home/jose/microros_ws/install/odin_comms/lib/python3.10/site-packages:${PYTHONPATH} /usr/bin/python3 -W ignore:setup.py install is deprecated setup.py egg_info --egg-base ../../build/odin_comms build --build-base /home/jose/microros_ws/build/odin_comms/build install --record /home/jose/microros_ws/build/odin_comms/install.log --single-version-externally-managed install_data
