[1.121s] Invoking command in '/home/jose/microros_ws/src/odin_comms': PYTHONPATH=/home/jose/microros_ws/build/odin_comms/prefix_override:/usr/lib/python3/dist-packages/colcon_core/task/python/colcon_distutils_commands:/home/jose/microros_ws/install/odin_comms/lib/python3.10/site-packages:${PYTHONPATH} /usr/bin/python3 -W ignore:setup.py install is deprecated -W ignore:easy_install command is deprecated setup.py egg_info --egg-base ../../build/odin_comms build --build-base /home/jose/microros_ws/build/odin_comms/build install --record /home/jose/microros_ws/build/odin_comms/install.log --single-version-externally-managed install_data
[1.302s] running egg_info
[1.303s] writing ../../build/odin_comms/odin_comms.egg-info/PKG-INFO
[1.303s] writing dependency_links to ../../build/odin_comms/odin_comms.egg-info/dependency_links.txt
[1.303s] writing entry points to ../../build/odin_comms/odin_comms.egg-info/entry_points.txt
[1.303s] writing requirements to ../../build/odin_comms/odin_comms.egg-info/requires.txt
[1.303s] writing top-level names to ../../build/odin_comms/odin_comms.egg-info/top_level.txt
[1.305s] reading manifest file '../../build/odin_comms/odin_comms.egg-info/SOURCES.txt'
[1.305s] writing manifest file '../../build/odin_comms/odin_comms.egg-info/SOURCES.txt'
[1.305s] running build
[1.305s] running build_py
[1.305s] copying odin_comms/control_twist.py -> /home/jose/microros_ws/build/odin_comms/build/lib/odin_comms
[1.306s] running install
[1.306s] running install_lib
[1.307s] copying /home/jose/microros_ws/build/odin_comms/build/lib/odin_comms/control_twist.py -> /home/jose/microros_ws/install/odin_comms/lib/python3.10/site-packages/odin_comms
[1.307s] byte-compiling /home/jose/microros_ws/install/odin_comms/lib/python3.10/site-packages/odin_comms/control_twist.py to control_twist.cpython-310.pyc
[1.308s] running install_data
[1.308s] running install_egg_info
[1.310s] removing '/home/jose/microros_ws/install/odin_comms/lib/python3.10/site-packages/odin_comms-0.0.0-py3.10.egg-info' (and everything under it)
[1.310s] Copying ../../build/odin_comms/odin_comms.egg-info to /home/jose/microros_ws/install/odin_comms/lib/python3.10/site-packages/odin_comms-0.0.0-py3.10.egg-info
[1.312s] running install_scripts
[1.328s] Installing control_PID script to /home/jose/microros_ws/install/odin_comms/lib/odin_comms
[1.329s] Installing control_ml script to /home/jose/microros_ws/install/odin_comms/lib/odin_comms
[1.329s] Installing control_mr script to /home/jose/microros_ws/install/odin_comms/lib/odin_comms
[1.329s] Installing control_twist script to /home/jose/microros_ws/install/odin_comms/lib/odin_comms
[1.329s] Installing data_subscriber script to /home/jose/microros_ws/install/odin_comms/lib/odin_comms
[1.330s] writing list of installed files to '/home/jose/microros_ws/build/odin_comms/install.log'
[1.359s] Invoked command in '/home/jose/microros_ws/src/odin_comms' returned '0': PYTHONPATH=/home/jose/microros_ws/build/odin_comms/prefix_override:/usr/lib/python3/dist-packages/colcon_core/task/python/colcon_distutils_commands:/home/jose/microros_ws/install/odin_comms/lib/python3.10/site-packages:${PYTHONPATH} /usr/bin/python3 -W ignore:setup.py install is deprecated -W ignore:easy_install command is deprecated setup.py egg_info --egg-base ../../build/odin_comms build --build-base /home/jose/microros_ws/build/odin_comms/build install --record /home/jose/microros_ws/build/odin_comms/install.log --single-version-externally-managed install_data
