[0.620s] Invoking command in '/home/jose/microros_ws/build/micro_ros_msgs': CMAKE_PREFIX_PATH=${CMAKE_PREFIX_PATH}:/home/jose/turtlebot3_ws/install/turtlebot3_teleop:/home/jose/turtlebot3_ws/install/turtlebot3_example:/home/jose/turtlebot3_ws/install/tb3_sim:/home/jose/microros_ws/install/odin_nav:/opt/ros/humble /usr/bin/cmake --build /home/jose/microros_ws/build/micro_ros_msgs -- -j16 -l16
[0.740s] [  2%] Built target micro_ros_msgs__cpp
[0.741s] [ 12%] Built target micro_ros_msgs__rosidl_generator_c
[0.741s] [ 12%] Built target ament_cmake_python_symlink_micro_ros_msgs
[0.741s] [ 23%] Built target micro_ros_msgs__rosidl_typesupport_cpp
[0.741s] [ 34%] Built target micro_ros_msgs__rosidl_typesupport_introspection_cpp
[0.741s] [ 44%] Built target micro_ros_msgs__rosidl_typesupport_fastrtps_cpp
[0.741s] [ 57%] Built target micro_ros_msgs__rosidl_typesupport_introspection_c
[0.741s] [ 65%] Built target micro_ros_msgs__rosidl_typesupport_c
[0.741s] [ 76%] Built target micro_ros_msgs__rosidl_typesupport_fastrtps_c
[0.741s] [ 76%] Built target micro_ros_msgs
[0.741s] [ 78%] Built target micro_ros_msgs__py
[0.756s] [ 87%] Built target micro_ros_msgs__rosidl_generator_py
[0.775s] [ 91%] Built target micro_ros_msgs__rosidl_typesupport_introspection_c__pyext
[0.775s] [ 95%] Built target micro_ros_msgs__rosidl_typesupport_c__pyext
[0.775s] [100%] Built target micro_ros_msgs__rosidl_typesupport_fastrtps_c__pyext
[0.863s] running egg_info
[0.864s] writing micro_ros_msgs.egg-info/PKG-INFO
[0.914s] writing dependency_links to micro_ros_msgs.egg-info/dependency_links.txt
[0.915s] writing top-level names to micro_ros_msgs.egg-info/top_level.txt
[0.917s] reading manifest file 'micro_ros_msgs.egg-info/SOURCES.txt'
[0.918s] writing manifest file 'micro_ros_msgs.egg-info/SOURCES.txt'
[1.114s] [100%] Built target ament_cmake_python_build_micro_ros_msgs_egg
[1.368s] Invoked command in '/home/jose/microros_ws/build/micro_ros_msgs' returned '0': CMAKE_PREFIX_PATH=${CMAKE_PREFIX_PATH}:/home/jose/turtlebot3_ws/install/turtlebot3_teleop:/home/jose/turtlebot3_ws/install/turtlebot3_example:/home/jose/turtlebot3_ws/install/tb3_sim:/home/jose/microros_ws/install/odin_nav:/opt/ros/humble /usr/bin/cmake --build /home/jose/microros_ws/build/micro_ros_msgs -- -j16 -l16
[1.530s] Invoking command in '/home/jose/microros_ws/build/micro_ros_msgs': CMAKE_PREFIX_PATH=${CMAKE_PREFIX_PATH}:/home/jose/turtlebot3_ws/install/turtlebot3_teleop:/home/jose/turtlebot3_ws/install/turtlebot3_example:/home/jose/turtlebot3_ws/install/tb3_sim:/home/jose/microros_ws/install/odin_nav:/opt/ros/humble /usr/bin/cmake --install /home/jose/microros_ws/build/micro_ros_msgs
[1.536s] -- Install configuration: ""
[1.537s] -- Execute custom install script
[1.537s] -- Up-to-date symlink: /home/jose/microros_ws/install/micro_ros_msgs/share/ament_index/resource_index/rosidl_interfaces/micro_ros_msgs
[1.537s] -- Up-to-date symlink: /home/jose/microros_ws/install/micro_ros_msgs/include/micro_ros_msgs/micro_ros_msgs/msg/detail/entity__functions.h
[1.537s] -- Up-to-date symlink: /home/jose/microros_ws/install/micro_ros_msgs/include/micro_ros_msgs/micro_ros_msgs/msg/detail/entity__struct.h
[1.537s] -- Up-to-date symlink: /home/jose/microros_ws/install/micro_ros_msgs/include/micro_ros_msgs/micro_ros_msgs/msg/detail/entity__type_support.h
[1.537s] -- Up-to-date symlink: /home/jose/microros_ws/install/micro_ros_msgs/include/micro_ros_msgs/micro_ros_msgs/msg/detail/graph__functions.h
[1.538s] -- Up-to-date symlink: /home/jose/microros_ws/install/micro_ros_msgs/include/micro_ros_msgs/micro_ros_msgs/msg/detail/graph__struct.h
[1.538s] -- Up-to-date symlink: /home/jose/microros_ws/install/micro_ros_msgs/include/micro_ros_msgs/micro_ros_msgs/msg/detail/graph__type_support.h
[1.538s] -- Up-to-date symlink: /home/jose/microros_ws/install/micro_ros_msgs/include/micro_ros_msgs/micro_ros_msgs/msg/detail/node__functions.h
[1.538s] -- Up-to-date symlink: /home/jose/microros_ws/install/micro_ros_msgs/include/micro_ros_msgs/micro_ros_msgs/msg/detail/node__struct.h
[1.538s] -- Up-to-date symlink: /home/jose/microros_ws/install/micro_ros_msgs/include/micro_ros_msgs/micro_ros_msgs/msg/detail/node__type_support.h
[1.538s] -- Up-to-date symlink: /home/jose/microros_ws/install/micro_ros_msgs/include/micro_ros_msgs/micro_ros_msgs/msg/entity.h
[1.538s] -- Up-to-date symlink: /home/jose/microros_ws/install/micro_ros_msgs/include/micro_ros_msgs/micro_ros_msgs/msg/graph.h
[1.538s] -- Up-to-date symlink: /home/jose/microros_ws/install/micro_ros_msgs/include/micro_ros_msgs/micro_ros_msgs/msg/node.h
[1.538s] -- Up-to-date symlink: /home/jose/microros_ws/install/micro_ros_msgs/include/micro_ros_msgs/micro_ros_msgs/msg/rosidl_generator_c__visibility_control.h
[1.538s] -- Up-to-date symlink: /home/jose/microros_ws/install/micro_ros_msgs/share/micro_ros_msgs/environment/library_path.sh
[1.538s] -- Up-to-date symlink: /home/jose/microros_ws/install/micro_ros_msgs/share/micro_ros_msgs/environment/library_path.dsv
[1.539s] -- Up-to-date symlink: /home/jose/microros_ws/install/micro_ros_msgs/include/micro_ros_msgs/micro_ros_msgs/msg/detail/entity__rosidl_typesupport_fastrtps_c.h
[1.539s] -- Up-to-date symlink: /home/jose/microros_ws/install/micro_ros_msgs/include/micro_ros_msgs/micro_ros_msgs/msg/detail/graph__rosidl_typesupport_fastrtps_c.h
[1.539s] -- Up-to-date symlink: /home/jose/microros_ws/install/micro_ros_msgs/include/micro_ros_msgs/micro_ros_msgs/msg/detail/node__rosidl_typesupport_fastrtps_c.h
[1.539s] -- Up-to-date symlink: /home/jose/microros_ws/install/micro_ros_msgs/include/micro_ros_msgs/micro_ros_msgs/msg/rosidl_typesupport_fastrtps_c__visibility_control.h
[1.539s] -- Up-to-date symlink: /home/jose/microros_ws/install/micro_ros_msgs/include/micro_ros_msgs/micro_ros_msgs/msg/detail/entity__rosidl_typesupport_introspection_c.h
[1.539s] -- Up-to-date symlink: /home/jose/microros_ws/install/micro_ros_msgs/include/micro_ros_msgs/micro_ros_msgs/msg/detail/graph__rosidl_typesupport_introspection_c.h
[1.539s] -- Up-to-date symlink: /home/jose/microros_ws/install/micro_ros_msgs/include/micro_ros_msgs/micro_ros_msgs/msg/detail/node__rosidl_typesupport_introspection_c.h
[1.540s] -- Up-to-date symlink: /home/jose/microros_ws/install/micro_ros_msgs/include/micro_ros_msgs/micro_ros_msgs/msg/rosidl_typesupport_introspection_c__visibility_control.h
[1.540s] -- Up-to-date symlink: /home/jose/microros_ws/install/micro_ros_msgs/include/micro_ros_msgs/micro_ros_msgs/msg/detail/entity__builder.hpp
[1.540s] -- Up-to-date symlink: /home/jose/microros_ws/install/micro_ros_msgs/include/micro_ros_msgs/micro_ros_msgs/msg/detail/entity__struct.hpp
[1.540s] -- Up-to-date symlink: /home/jose/microros_ws/install/micro_ros_msgs/include/micro_ros_msgs/micro_ros_msgs/msg/detail/entity__traits.hpp
[1.540s] -- Up-to-date symlink: /home/jose/microros_ws/install/micro_ros_msgs/include/micro_ros_msgs/micro_ros_msgs/msg/detail/graph__builder.hpp
[1.540s] -- Up-to-date symlink: /home/jose/microros_ws/install/micro_ros_msgs/include/micro_ros_msgs/micro_ros_msgs/msg/detail/graph__struct.hpp
[1.540s] -- Up-to-date symlink: /home/jose/microros_ws/install/micro_ros_msgs/include/micro_ros_msgs/micro_ros_msgs/msg/detail/graph__traits.hpp
[1.540s] -- Up-to-date symlink: /home/jose/microros_ws/install/micro_ros_msgs/include/micro_ros_msgs/micro_ros_msgs/msg/detail/node__builder.hpp
[1.540s] -- Up-to-date symlink: /home/jose/microros_ws/install/micro_ros_msgs/include/micro_ros_msgs/micro_ros_msgs/msg/detail/node__struct.hpp
[1.541s] -- Up-to-date symlink: /home/jose/microros_ws/install/micro_ros_msgs/include/micro_ros_msgs/micro_ros_msgs/msg/detail/node__traits.hpp
[1.541s] -- Up-to-date symlink: /home/jose/microros_ws/install/micro_ros_msgs/include/micro_ros_msgs/micro_ros_msgs/msg/entity.hpp
[1.541s] -- Up-to-date symlink: /home/jose/microros_ws/install/micro_ros_msgs/include/micro_ros_msgs/micro_ros_msgs/msg/graph.hpp
[1.541s] -- Up-to-date symlink: /home/jose/microros_ws/install/micro_ros_msgs/include/micro_ros_msgs/micro_ros_msgs/msg/node.hpp
[1.541s] -- Up-to-date symlink: /home/jose/microros_ws/install/micro_ros_msgs/include/micro_ros_msgs/micro_ros_msgs/msg/detail/entity__rosidl_typesupport_fastrtps_cpp.hpp
[1.542s] -- Up-to-date symlink: /home/jose/microros_ws/install/micro_ros_msgs/include/micro_ros_msgs/micro_ros_msgs/msg/detail/graph__rosidl_typesupport_fastrtps_cpp.hpp
[1.542s] -- Up-to-date symlink: /home/jose/microros_ws/install/micro_ros_msgs/include/micro_ros_msgs/micro_ros_msgs/msg/detail/node__rosidl_typesupport_fastrtps_cpp.hpp
[1.542s] -- Up-to-date symlink: /home/jose/microros_ws/install/micro_ros_msgs/include/micro_ros_msgs/micro_ros_msgs/msg/rosidl_typesupport_fastrtps_cpp__visibility_control.h
[1.542s] -- Up-to-date symlink: /home/jose/microros_ws/install/micro_ros_msgs/include/micro_ros_msgs/micro_ros_msgs/msg/detail/entity__rosidl_typesupport_introspection_cpp.hpp
[1.542s] -- Up-to-date symlink: /home/jose/microros_ws/install/micro_ros_msgs/include/micro_ros_msgs/micro_ros_msgs/msg/detail/graph__rosidl_typesupport_introspection_cpp.hpp
[1.542s] -- Up-to-date symlink: /home/jose/microros_ws/install/micro_ros_msgs/include/micro_ros_msgs/micro_ros_msgs/msg/detail/node__rosidl_typesupport_introspection_cpp.hpp
[1.542s] -- Up-to-date symlink: /home/jose/microros_ws/install/micro_ros_msgs/share/micro_ros_msgs/environment/pythonpath.sh
[1.543s] -- Up-to-date symlink: /home/jose/microros_ws/install/micro_ros_msgs/share/micro_ros_msgs/environment/pythonpath.dsv
[1.543s] -- Up-to-date symlink: /home/jose/microros_ws/install/micro_ros_msgs/local/lib/python3.10/dist-packages/micro_ros_msgs-3.0.1-py3.10.egg-info/PKG-INFO
[1.543s] -- Up-to-date symlink: /home/jose/microros_ws/install/micro_ros_msgs/local/lib/python3.10/dist-packages/micro_ros_msgs-3.0.1-py3.10.egg-info/SOURCES.txt
[1.543s] -- Up-to-date symlink: /home/jose/microros_ws/install/micro_ros_msgs/local/lib/python3.10/dist-packages/micro_ros_msgs-3.0.1-py3.10.egg-info/dependency_links.txt
[1.543s] -- Up-to-date symlink: /home/jose/microros_ws/install/micro_ros_msgs/local/lib/python3.10/dist-packages/micro_ros_msgs-3.0.1-py3.10.egg-info/top_level.txt
[1.543s] -- Up-to-date symlink: /home/jose/microros_ws/install/micro_ros_msgs/local/lib/python3.10/dist-packages/micro_ros_msgs/__init__.py
[1.544s] -- Up-to-date symlink: /home/jose/microros_ws/install/micro_ros_msgs/local/lib/python3.10/dist-packages/micro_ros_msgs/_micro_ros_msgs_s.ep.rosidl_typesupport_c.c
[1.544s] -- Up-to-date symlink: /home/jose/microros_ws/install/micro_ros_msgs/local/lib/python3.10/dist-packages/micro_ros_msgs/_micro_ros_msgs_s.ep.rosidl_typesupport_fastrtps_c.c
[1.544s] -- Up-to-date symlink: /home/jose/microros_ws/install/micro_ros_msgs/local/lib/python3.10/dist-packages/micro_ros_msgs/_micro_ros_msgs_s.ep.rosidl_typesupport_introspection_c.c
[1.544s] -- Up-to-date symlink: /home/jose/microros_ws/install/micro_ros_msgs/local/lib/python3.10/dist-packages/micro_ros_msgs/libmicro_ros_msgs__rosidl_generator_py.so
[1.544s] -- Up-to-date symlink: /home/jose/microros_ws/install/micro_ros_msgs/local/lib/python3.10/dist-packages/micro_ros_msgs/micro_ros_msgs_s__rosidl_typesupport_c.cpython-310-x86_64-linux-gnu.so
[1.544s] -- Up-to-date symlink: /home/jose/microros_ws/install/micro_ros_msgs/local/lib/python3.10/dist-packages/micro_ros_msgs/micro_ros_msgs_s__rosidl_typesupport_fastrtps_c.cpython-310-x86_64-linux-gnu.so
[1.544s] -- Up-to-date symlink: /home/jose/microros_ws/install/micro_ros_msgs/local/lib/python3.10/dist-packages/micro_ros_msgs/micro_ros_msgs_s__rosidl_typesupport_introspection_c.cpython-310-x86_64-linux-gnu.so
[1.544s] -- Up-to-date symlink: /home/jose/microros_ws/install/micro_ros_msgs/local/lib/python3.10/dist-packages/micro_ros_msgs/msg/__init__.py
[1.544s] -- Up-to-date symlink: /home/jose/microros_ws/install/micro_ros_msgs/local/lib/python3.10/dist-packages/micro_ros_msgs/msg/_entity.py
[1.544s] -- Up-to-date symlink: /home/jose/microros_ws/install/micro_ros_msgs/local/lib/python3.10/dist-packages/micro_ros_msgs/msg/_entity_s.c
[1.544s] -- Up-to-date symlink: /home/jose/microros_ws/install/micro_ros_msgs/local/lib/python3.10/dist-packages/micro_ros_msgs/msg/_graph.py
[1.545s] -- Up-to-date symlink: /home/jose/microros_ws/install/micro_ros_msgs/local/lib/python3.10/dist-packages/micro_ros_msgs/msg/_graph_s.c
[1.545s] -- Up-to-date symlink: /home/jose/microros_ws/install/micro_ros_msgs/local/lib/python3.10/dist-packages/micro_ros_msgs/msg/_node.py
[1.545s] -- Up-to-date symlink: /home/jose/microros_ws/install/micro_ros_msgs/local/lib/python3.10/dist-packages/micro_ros_msgs/msg/_node_s.c
[1.545s] -- Up-to-date symlink: /home/jose/microros_ws/install/micro_ros_msgs/local/lib/python3.10/dist-packages/micro_ros_msgs/micro_ros_msgs_s__rosidl_typesupport_fastrtps_c.cpython-310-x86_64-linux-gnu.so
[1.545s] -- Up-to-date symlink: /home/jose/microros_ws/install/micro_ros_msgs/local/lib/python3.10/dist-packages/micro_ros_msgs/micro_ros_msgs_s__rosidl_typesupport_introspection_c.cpython-310-x86_64-linux-gnu.so
[1.545s] -- Up-to-date symlink: /home/jose/microros_ws/install/micro_ros_msgs/local/lib/python3.10/dist-packages/micro_ros_msgs/micro_ros_msgs_s__rosidl_typesupport_c.cpython-310-x86_64-linux-gnu.so
[1.546s] -- Up-to-date symlink: /home/jose/microros_ws/install/micro_ros_msgs/share/micro_ros_msgs/msg/Graph.idl
[1.546s] -- Up-to-date symlink: /home/jose/microros_ws/install/micro_ros_msgs/share/micro_ros_msgs/msg/Node.idl
[1.546s] -- Up-to-date symlink: /home/jose/microros_ws/install/micro_ros_msgs/share/micro_ros_msgs/msg/Entity.idl
[1.546s] -- Up-to-date symlink: /home/jose/microros_ws/install/micro_ros_msgs/share/micro_ros_msgs/msg/Graph.msg
[1.546s] -- Up-to-date symlink: /home/jose/microros_ws/install/micro_ros_msgs/share/micro_ros_msgs/msg/Node.msg
[1.546s] -- Up-to-date symlink: /home/jose/microros_ws/install/micro_ros_msgs/share/micro_ros_msgs/msg/Entity.msg
[1.546s] -- Up-to-date symlink: /home/jose/microros_ws/install/micro_ros_msgs/share/ament_index/resource_index/package_run_dependencies/micro_ros_msgs
[1.546s] -- Up-to-date symlink: /home/jose/microros_ws/install/micro_ros_msgs/share/ament_index/resource_index/parent_prefix_path/micro_ros_msgs
[1.546s] -- Up-to-date symlink: /home/jose/microros_ws/install/micro_ros_msgs/share/micro_ros_msgs/environment/ament_prefix_path.sh
[1.547s] -- Up-to-date symlink: /home/jose/microros_ws/install/micro_ros_msgs/share/micro_ros_msgs/environment/ament_prefix_path.dsv
[1.547s] -- Up-to-date symlink: /home/jose/microros_ws/install/micro_ros_msgs/share/micro_ros_msgs/environment/path.sh
[1.547s] -- Up-to-date symlink: /home/jose/microros_ws/install/micro_ros_msgs/share/micro_ros_msgs/environment/path.dsv
[1.547s] -- Up-to-date symlink: /home/jose/microros_ws/install/micro_ros_msgs/share/micro_ros_msgs/local_setup.bash
[1.547s] -- Up-to-date symlink: /home/jose/microros_ws/install/micro_ros_msgs/share/micro_ros_msgs/local_setup.sh
[1.547s] -- Up-to-date symlink: /home/jose/microros_ws/install/micro_ros_msgs/share/micro_ros_msgs/local_setup.zsh
[1.547s] -- Up-to-date symlink: /home/jose/microros_ws/install/micro_ros_msgs/share/micro_ros_msgs/local_setup.dsv
[1.547s] -- Symlinking: /home/jose/microros_ws/install/micro_ros_msgs/share/micro_ros_msgs/package.dsv
[1.555s] -- Up-to-date symlink: /home/jose/microros_ws/install/micro_ros_msgs/share/ament_index/resource_index/packages/micro_ros_msgs
[1.556s] -- Up-to-date symlink: /home/jose/microros_ws/install/micro_ros_msgs/share/micro_ros_msgs/cmake/rosidl_cmake-extras.cmake
[1.556s] -- Up-to-date symlink: /home/jose/microros_ws/install/micro_ros_msgs/share/micro_ros_msgs/cmake/ament_cmake_export_include_directories-extras.cmake
[1.556s] -- Up-to-date symlink: /home/jose/microros_ws/install/micro_ros_msgs/share/micro_ros_msgs/cmake/ament_cmake_export_libraries-extras.cmake
[1.556s] -- Up-to-date symlink: /home/jose/microros_ws/install/micro_ros_msgs/share/micro_ros_msgs/cmake/ament_cmake_export_targets-extras.cmake
[1.556s] -- Up-to-date symlink: /home/jose/microros_ws/install/micro_ros_msgs/share/micro_ros_msgs/cmake/rosidl_cmake_export_typesupport_targets-extras.cmake
[1.557s] -- Up-to-date symlink: /home/jose/microros_ws/install/micro_ros_msgs/share/micro_ros_msgs/cmake/ament_cmake_export_dependencies-extras.cmake
[1.557s] -- Up-to-date symlink: /home/jose/microros_ws/install/micro_ros_msgs/share/micro_ros_msgs/cmake/rosidl_cmake_export_typesupport_libraries-extras.cmake
[1.557s] -- Up-to-date symlink: /home/jose/microros_ws/install/micro_ros_msgs/share/micro_ros_msgs/cmake/micro_ros_msgsConfig.cmake
[1.557s] -- Up-to-date symlink: /home/jose/microros_ws/install/micro_ros_msgs/share/micro_ros_msgs/cmake/micro_ros_msgsConfig-version.cmake
[1.557s] -- Up-to-date symlink: /home/jose/microros_ws/install/micro_ros_msgs/share/micro_ros_msgs/package.xml
[1.557s] -- Up-to-date: /home/jose/microros_ws/install/micro_ros_msgs/lib/libmicro_ros_msgs__rosidl_generator_c.so
[1.557s] -- Up-to-date: /home/jose/microros_ws/install/micro_ros_msgs/lib/libmicro_ros_msgs__rosidl_typesupport_fastrtps_c.so
[1.558s] -- Up-to-date: /home/jose/microros_ws/install/micro_ros_msgs/lib/libmicro_ros_msgs__rosidl_typesupport_introspection_c.so
[1.558s] -- Up-to-date: /home/jose/microros_ws/install/micro_ros_msgs/lib/libmicro_ros_msgs__rosidl_typesupport_c.so
[1.558s] -- Up-to-date: /home/jose/microros_ws/install/micro_ros_msgs/lib/libmicro_ros_msgs__rosidl_typesupport_fastrtps_cpp.so
[1.558s] -- Up-to-date: /home/jose/microros_ws/install/micro_ros_msgs/lib/libmicro_ros_msgs__rosidl_typesupport_introspection_cpp.so
[1.559s] -- Up-to-date: /home/jose/microros_ws/install/micro_ros_msgs/lib/libmicro_ros_msgs__rosidl_typesupport_cpp.so
[1.584s] Listing '/home/jose/microros_ws/install/micro_ros_msgs/local/lib/python3.10/dist-packages/micro_ros_msgs'...
[1.584s] Listing '/home/jose/microros_ws/install/micro_ros_msgs/local/lib/python3.10/dist-packages/micro_ros_msgs/msg'...
[1.587s] -- Up-to-date: /home/jose/microros_ws/install/micro_ros_msgs/lib/libmicro_ros_msgs__rosidl_generator_py.so
[1.587s] -- Up-to-date: /home/jose/microros_ws/install/micro_ros_msgs/share/micro_ros_msgs/cmake/export_micro_ros_msgs__rosidl_generator_cExport.cmake
[1.587s] -- Up-to-date: /home/jose/microros_ws/install/micro_ros_msgs/share/micro_ros_msgs/cmake/export_micro_ros_msgs__rosidl_generator_cExport-noconfig.cmake
[1.588s] -- Up-to-date: /home/jose/microros_ws/install/micro_ros_msgs/share/micro_ros_msgs/cmake/export_micro_ros_msgs__rosidl_typesupport_fastrtps_cExport.cmake
[1.588s] -- Up-to-date: /home/jose/microros_ws/install/micro_ros_msgs/share/micro_ros_msgs/cmake/export_micro_ros_msgs__rosidl_typesupport_fastrtps_cExport-noconfig.cmake
[1.588s] -- Up-to-date: /home/jose/microros_ws/install/micro_ros_msgs/share/micro_ros_msgs/cmake/micro_ros_msgs__rosidl_typesupport_introspection_cExport.cmake
[1.588s] -- Up-to-date: /home/jose/microros_ws/install/micro_ros_msgs/share/micro_ros_msgs/cmake/micro_ros_msgs__rosidl_typesupport_introspection_cExport-noconfig.cmake
[1.588s] -- Up-to-date: /home/jose/microros_ws/install/micro_ros_msgs/share/micro_ros_msgs/cmake/micro_ros_msgs__rosidl_typesupport_cExport.cmake
[1.588s] -- Up-to-date: /home/jose/microros_ws/install/micro_ros_msgs/share/micro_ros_msgs/cmake/micro_ros_msgs__rosidl_typesupport_cExport-noconfig.cmake
[1.588s] -- Up-to-date: /home/jose/microros_ws/install/micro_ros_msgs/share/micro_ros_msgs/cmake/export_micro_ros_msgs__rosidl_generator_cppExport.cmake
[1.588s] -- Up-to-date: /home/jose/microros_ws/install/micro_ros_msgs/share/micro_ros_msgs/cmake/export_micro_ros_msgs__rosidl_typesupport_fastrtps_cppExport.cmake
[1.588s] -- Up-to-date: /home/jose/microros_ws/install/micro_ros_msgs/share/micro_ros_msgs/cmake/export_micro_ros_msgs__rosidl_typesupport_fastrtps_cppExport-noconfig.cmake
[1.588s] -- Up-to-date: /home/jose/microros_ws/install/micro_ros_msgs/share/micro_ros_msgs/cmake/micro_ros_msgs__rosidl_typesupport_introspection_cppExport.cmake
[1.588s] -- Up-to-date: /home/jose/microros_ws/install/micro_ros_msgs/share/micro_ros_msgs/cmake/micro_ros_msgs__rosidl_typesupport_introspection_cppExport-noconfig.cmake
[1.588s] -- Up-to-date: /home/jose/microros_ws/install/micro_ros_msgs/share/micro_ros_msgs/cmake/micro_ros_msgs__rosidl_typesupport_cppExport.cmake
[1.588s] -- Up-to-date: /home/jose/microros_ws/install/micro_ros_msgs/share/micro_ros_msgs/cmake/micro_ros_msgs__rosidl_typesupport_cppExport-noconfig.cmake
[1.588s] -- Up-to-date: /home/jose/microros_ws/install/micro_ros_msgs/share/micro_ros_msgs/cmake/export_micro_ros_msgs__rosidl_generator_pyExport.cmake
[1.588s] -- Up-to-date: /home/jose/microros_ws/install/micro_ros_msgs/share/micro_ros_msgs/cmake/export_micro_ros_msgs__rosidl_generator_pyExport-noconfig.cmake
[1.597s] Invoked command in '/home/jose/microros_ws/build/micro_ros_msgs' returned '0': CMAKE_PREFIX_PATH=${CMAKE_PREFIX_PATH}:/home/jose/turtlebot3_ws/install/turtlebot3_teleop:/home/jose/turtlebot3_ws/install/turtlebot3_example:/home/jose/turtlebot3_ws/install/tb3_sim:/home/jose/microros_ws/install/odin_nav:/opt/ros/humble /usr/bin/cmake --install /home/jose/microros_ws/build/micro_ros_msgs
