running egg_info
writing ../../build/odin_nav2/odin_nav2.egg-info/PKG-INFO
writing dependency_links to ../../build/odin_nav2/odin_nav2.egg-info/dependency_links.txt
writing entry points to ../../build/odin_nav2/odin_nav2.egg-info/entry_points.txt
writing requirements to ../../build/odin_nav2/odin_nav2.egg-info/requires.txt
writing top-level names to ../../build/odin_nav2/odin_nav2.egg-info/top_level.txt
reading manifest file '../../build/odin_nav2/odin_nav2.egg-info/SOURCES.txt'
writing manifest file '../../build/odin_nav2/odin_nav2.egg-info/SOURCES.txt'
running build
running build_py
running install
running install_lib
running install_data
running install_egg_info
removing '/home/jose/microros_ws/install/odin_nav2/lib/python3.10/site-packages/odin_nav2-0.0.0-py3.10.egg-info' (and everything under it)
Copying ../../build/odin_nav2/odin_nav2.egg-info to /home/jose/microros_ws/install/odin_nav2/lib/python3.10/site-packages/odin_nav2-0.0.0-py3.10.egg-info
running install_scripts
Installing robot_navigator script to /home/jose/microros_ws/install/odin_nav2/lib/odin_nav2
Installing waypoint_follower script to /home/jose/microros_ws/install/odin_nav2/lib/odin_nav2
writing list of installed files to '/home/jose/microros_ws/build/odin_nav2/install.log'
