[0.415s] Invoking command in '/home/jose/microros_ws/build/ros2_control_demo_example_2': CMAKE_PREFIX_PATH=${CMAKE_PREFIX_PATH}:/home/jose/microros_ws/install/odin_nav:/home/jose/microros_ws/install/odin_comms:/opt/ros/humble /usr/bin/cmake /home/jose/microros_ws/src/example_2 -DCMAKE_INSTALL_PREFIX=/home/jose/microros_ws/install/ros2_control_demo_example_2
[0.430s] -- Found ament_cmake: 1.3.10 (/opt/ros/humble/share/ament_cmake/cmake)
[0.566s] -- Found Python3: /usr/bin/python3 (found version "3.10.12") found components: Interpreter 
[0.651s] -- Found hardware_interface: 2.43.1 (/opt/ros/humble/share/hardware_interface/cmake)
[0.702s] -- Found rosidl_generator_c: 3.1.5 (/opt/ros/humble/share/rosidl_generator_c/cmake)
[0.707s] -- Found rosidl_adapter: 3.1.5 (/opt/ros/humble/share/rosidl_adapter/cmake)
[0.715s] -- Found rosidl_generator_cpp: 3.1.5 (/opt/ros/humble/share/rosidl_generator_cpp/cmake)
[0.726s] -- Using all available rosidl_typesupport_c: rosidl_typesupport_fastrtps_c;rosidl_typesupport_introspection_c
[0.742s] -- Using all available rosidl_typesupport_cpp: rosidl_typesupport_fastrtps_cpp;rosidl_typesupport_introspection_cpp
[0.987s] -- Found rmw_implementation_cmake: 6.1.2 (/opt/ros/humble/share/rmw_implementation_cmake/cmake)
[0.989s] -- Found rmw_fastrtps_cpp: 6.2.7 (/opt/ros/humble/share/rmw_fastrtps_cpp/cmake)
[1.017s] -- Found TinyXML2 via Config file: TinyXML2_DIR-NOTFOUND
[1.076s] -- Found OpenSSL: /usr/lib/x86_64-linux-gnu/libcrypto.so (found version "3.0.2")  
[1.079s] -- Found TinyXML2 via Config file: TinyXML2_DIR-NOTFOUND
[1.098s] -- Found FastRTPS: /opt/ros/humble/include  
[1.101s] -- Found TinyXML2 via Config file: TinyXML2_DIR-NOTFOUND
[1.109s] -- Found TinyXML2 via Config file: TinyXML2_DIR-NOTFOUND
[1.121s] -- Using RMW implementation 'rmw_fastrtps_cpp' as default
[1.132s] -- Looking for C++ include pthread.h
[1.220s] -- Looking for C++ include pthread.h - found
[1.221s] -- Performing Test CMAKE_HAVE_LIBC_PTHREAD
[1.312s] -- Performing Test CMAKE_HAVE_LIBC_PTHREAD - Success
[1.313s] -- Found Threads: TRUE  
[1.367s] -- Found ament_cmake_pytest: 1.3.10 (/opt/ros/humble/share/ament_cmake_pytest/cmake)
[2.208s] -- Configuring done
[2.272s] -- Generating done
[2.274s] -- Build files have been written to: /home/jose/microros_ws/build/ros2_control_demo_example_2
[2.281s] Invoked command in '/home/jose/microros_ws/build/ros2_control_demo_example_2' returned '0': CMAKE_PREFIX_PATH=${CMAKE_PREFIX_PATH}:/home/jose/microros_ws/install/odin_nav:/home/jose/microros_ws/install/odin_comms:/opt/ros/humble /usr/bin/cmake /home/jose/microros_ws/src/example_2 -DCMAKE_INSTALL_PREFIX=/home/jose/microros_ws/install/ros2_control_demo_example_2
[2.283s] Invoking command in '/home/jose/microros_ws/build/ros2_control_demo_example_2': CMAKE_PREFIX_PATH=${CMAKE_PREFIX_PATH}:/home/jose/microros_ws/install/odin_nav:/home/jose/microros_ws/install/odin_comms:/opt/ros/humble /usr/bin/cmake --build /home/jose/microros_ws/build/ros2_control_demo_example_2 -- -j16 -l16
[2.333s] [ 50%] [32mBuilding CXX object CMakeFiles/ros2_control_demo_example_2.dir/hardware/diffbot_system.cpp.o[0m
[5.354s] [100%] [32m[1mLinking CXX shared library libros2_control_demo_example_2.so[0m
[5.528s] [100%] Built target ros2_control_demo_example_2
[5.539s] Invoked command in '/home/jose/microros_ws/build/ros2_control_demo_example_2' returned '0': CMAKE_PREFIX_PATH=${CMAKE_PREFIX_PATH}:/home/jose/microros_ws/install/odin_nav:/home/jose/microros_ws/install/odin_comms:/opt/ros/humble /usr/bin/cmake --build /home/jose/microros_ws/build/ros2_control_demo_example_2 -- -j16 -l16
[5.573s] Invoking command in '/home/jose/microros_ws/build/ros2_control_demo_example_2': CMAKE_PREFIX_PATH=${CMAKE_PREFIX_PATH}:/home/jose/microros_ws/install/odin_nav:/home/jose/microros_ws/install/odin_comms:/opt/ros/humble /usr/bin/cmake --install /home/jose/microros_ws/build/ros2_control_demo_example_2
[5.579s] -- Install configuration: ""
[5.580s] -- Installing: /home/jose/microros_ws/install/ros2_control_demo_example_2/share/ros2_control_demo_example_2/ros2_control_demo_example_2.xml
[5.580s] -- Installing: /home/jose/microros_ws/install/ros2_control_demo_example_2/include/ros2_control_demo_example_2
[5.580s] -- Installing: /home/jose/microros_ws/install/ros2_control_demo_example_2/include/ros2_control_demo_example_2/ros2_control_demo_example_2
[5.580s] -- Installing: /home/jose/microros_ws/install/ros2_control_demo_example_2/include/ros2_control_demo_example_2/ros2_control_demo_example_2/diffbot_system.hpp
[5.580s] -- Installing: /home/jose/microros_ws/install/ros2_control_demo_example_2/share/ros2_control_demo_example_2/launch
[5.580s] -- Installing: /home/jose/microros_ws/install/ros2_control_demo_example_2/share/ros2_control_demo_example_2/launch/view_robot.launch.py
[5.580s] -- Installing: /home/jose/microros_ws/install/ros2_control_demo_example_2/share/ros2_control_demo_example_2/ros2_control
[5.580s] -- Installing: /home/jose/microros_ws/install/ros2_control_demo_example_2/share/ros2_control_demo_example_2/ros2_control/diffbot.ros2_control.xacro
[5.580s] -- Installing: /home/jose/microros_ws/install/ros2_control_demo_example_2/share/ros2_control_demo_example_2/urdf
[5.581s] -- Installing: /home/jose/microros_ws/install/ros2_control_demo_example_2/share/ros2_control_demo_example_2/urdf/diffbot.urdf.xacro
[5.581s] -- Up-to-date: /home/jose/microros_ws/install/ros2_control_demo_example_2/share/ros2_control_demo_example_2/launch
[5.581s] -- Installing: /home/jose/microros_ws/install/ros2_control_demo_example_2/share/ros2_control_demo_example_2/launch/diffbot.launch.py
[5.581s] -- Installing: /home/jose/microros_ws/install/ros2_control_demo_example_2/share/ros2_control_demo_example_2/config
[5.581s] -- Installing: /home/jose/microros_ws/install/ros2_control_demo_example_2/share/ros2_control_demo_example_2/config/diffbot_controllers.yaml
[5.581s] -- Installing: /home/jose/microros_ws/install/ros2_control_demo_example_2/lib/libros2_control_demo_example_2.so
[5.581s] -- Set runtime path of "/home/jose/microros_ws/install/ros2_control_demo_example_2/lib/libros2_control_demo_example_2.so" to ""
[5.582s] -- Installing: /home/jose/microros_ws/install/ros2_control_demo_example_2/share/ros2_control_demo_example_2/environment/library_path.sh
[5.582s] -- Installing: /home/jose/microros_ws/install/ros2_control_demo_example_2/share/ros2_control_demo_example_2/environment/library_path.dsv
[5.582s] -- Installing: /home/jose/microros_ws/install/ros2_control_demo_example_2/share/ament_index/resource_index/package_run_dependencies/ros2_control_demo_example_2
[5.582s] -- Installing: /home/jose/microros_ws/install/ros2_control_demo_example_2/share/ament_index/resource_index/parent_prefix_path/ros2_control_demo_example_2
[5.582s] -- Installing: /home/jose/microros_ws/install/ros2_control_demo_example_2/share/ros2_control_demo_example_2/environment/ament_prefix_path.sh
[5.582s] -- Installing: /home/jose/microros_ws/install/ros2_control_demo_example_2/share/ros2_control_demo_example_2/environment/ament_prefix_path.dsv
[5.582s] -- Installing: /home/jose/microros_ws/install/ros2_control_demo_example_2/share/ros2_control_demo_example_2/environment/path.sh
[5.582s] -- Installing: /home/jose/microros_ws/install/ros2_control_demo_example_2/share/ros2_control_demo_example_2/environment/path.dsv
[5.583s] -- Installing: /home/jose/microros_ws/install/ros2_control_demo_example_2/share/ros2_control_demo_example_2/local_setup.bash
[5.583s] -- Installing: /home/jose/microros_ws/install/ros2_control_demo_example_2/share/ros2_control_demo_example_2/local_setup.sh
[5.583s] -- Installing: /home/jose/microros_ws/install/ros2_control_demo_example_2/share/ros2_control_demo_example_2/local_setup.zsh
[5.583s] -- Installing: /home/jose/microros_ws/install/ros2_control_demo_example_2/share/ros2_control_demo_example_2/local_setup.dsv
[5.583s] -- Installing: /home/jose/microros_ws/install/ros2_control_demo_example_2/share/ros2_control_demo_example_2/package.dsv
[5.583s] -- Installing: /home/jose/microros_ws/install/ros2_control_demo_example_2/share/ament_index/resource_index/packages/ros2_control_demo_example_2
[5.583s] -- Installing: /home/jose/microros_ws/install/ros2_control_demo_example_2/share/ament_index/resource_index/hardware_interface__pluginlib__plugin/ros2_control_demo_example_2
[5.584s] -- Installing: /home/jose/microros_ws/install/ros2_control_demo_example_2/share/ros2_control_demo_example_2/cmake/export_ros2_control_demo_example_2Export.cmake
[5.584s] -- Installing: /home/jose/microros_ws/install/ros2_control_demo_example_2/share/ros2_control_demo_example_2/cmake/export_ros2_control_demo_example_2Export-noconfig.cmake
[5.584s] -- Installing: /home/jose/microros_ws/install/ros2_control_demo_example_2/share/ros2_control_demo_example_2/cmake/ament_cmake_export_targets-extras.cmake
[5.584s] -- Installing: /home/jose/microros_ws/install/ros2_control_demo_example_2/share/ros2_control_demo_example_2/cmake/ament_cmake_export_dependencies-extras.cmake
[5.584s] -- Installing: /home/jose/microros_ws/install/ros2_control_demo_example_2/share/ros2_control_demo_example_2/cmake/ros2_control_demo_example_2Config.cmake
[5.584s] -- Installing: /home/jose/microros_ws/install/ros2_control_demo_example_2/share/ros2_control_demo_example_2/cmake/ros2_control_demo_example_2Config-version.cmake
[5.584s] -- Installing: /home/jose/microros_ws/install/ros2_control_demo_example_2/share/ros2_control_demo_example_2/package.xml
[5.587s] Invoked command in '/home/jose/microros_ws/build/ros2_control_demo_example_2' returned '0': CMAKE_PREFIX_PATH=${CMAKE_PREFIX_PATH}:/home/jose/microros_ws/install/odin_nav:/home/jose/microros_ws/install/odin_comms:/opt/ros/humble /usr/bin/cmake --install /home/jose/microros_ws/build/ros2_control_demo_example_2
