[0.124s] DEBUG:colcon:Command line arguments: ['/usr/bin/colcon', 'build']
[0.124s] DEBUG:colcon:Parsed command line arguments: Namespace(log_base=None, log_level=None, verb_name='build', build_base='build', install_base='install', merge_install=False, symlink_install=False, test_result_base=None, continue_on_error=False, executor='parallel', parallel_workers=4, event_handlers=None, ignore_user_meta=False, metas=['./colcon.meta'], base_paths=['.'], packages_ignore=None, packages_ignore_regex=None, paths=None, packages_up_to=None, packages_up_to_regex=None, packages_above=None, packages_above_and_dependencies=None, packages_above_depth=None, packages_select_by_dep=None, packages_skip_by_dep=None, packages_skip_up_to=None, packages_select_build_failed=False, packages_skip_build_finished=False, packages_select_test_failures=False, packages_skip_test_passed=False, packages_select=None, packages_skip=None, packages_select_regex=None, packages_skip_regex=None, packages_start=None, packages_end=None, allow_overriding=[], cmake_args=None, cmake_target=None, cmake_target_skip_unavailable=False, cmake_clean_cache=False, cmake_clean_first=False, cmake_force_configure=False, ament_cmake_args=None, catkin_cmake_args=None, catkin_skip_building_tests=False, verb_parser=<colcon_defaults.argument_parser.defaults.DefaultArgumentsDecorator object at 0x772732250820>, verb_extension=<colcon_core.verb.build.BuildVerb object at 0x772732213eb0>, main=<bound method BuildVerb.main of <colcon_core.verb.build.BuildVerb object at 0x772732213eb0>>)
[0.313s] Level 1:colcon.colcon_core.package_discovery:discover_packages(colcon_meta) check parameters
[0.313s] Level 1:colcon.colcon_core.package_discovery:discover_packages(recursive) check parameters
[0.313s] Level 1:colcon.colcon_core.package_discovery:discover_packages(ignore) check parameters
[0.313s] Level 1:colcon.colcon_core.package_discovery:discover_packages(path) check parameters
[0.313s] Level 1:colcon.colcon_core.package_discovery:discover_packages(colcon_meta) discover
[0.313s] Level 1:colcon.colcon_core.package_discovery:discover_packages(recursive) discover
[0.313s] INFO:colcon.colcon_core.package_discovery:Crawling recursively for packages in '/home/jose/microros_ws'
[0.314s] Level 1:colcon.colcon_core.package_identification:_identify(.) by extensions ['ignore', 'ignore_ament_install']
[0.314s] Level 1:colcon.colcon_core.package_identification:_identify(.) by extension 'ignore'
[0.314s] Level 1:colcon.colcon_core.package_identification:_identify(.) by extension 'ignore_ament_install'
[0.314s] Level 1:colcon.colcon_core.package_identification:_identify(.) by extensions ['colcon_pkg']
[0.314s] Level 1:colcon.colcon_core.package_identification:_identify(.) by extension 'colcon_pkg'
[0.314s] Level 1:colcon.colcon_core.package_identification:_identify(.) by extensions ['colcon_meta']
[0.314s] Level 1:colcon.colcon_core.package_identification:_identify(.) by extension 'colcon_meta'
[0.314s] Level 1:colcon.colcon_core.package_identification:_identify(.) by extensions ['ros']
[0.314s] Level 1:colcon.colcon_core.package_identification:_identify(.) by extension 'ros'
[0.327s] Level 1:colcon.colcon_core.package_identification:_identify(.) by extensions ['cmake', 'python']
[0.327s] Level 1:colcon.colcon_core.package_identification:_identify(.) by extension 'cmake'
[0.327s] Level 1:colcon.colcon_core.package_identification:_identify(.) by extension 'python'
[0.328s] Level 1:colcon.colcon_core.package_identification:_identify(.) by extensions ['python_setup_py']
[0.328s] Level 1:colcon.colcon_core.package_identification:_identify(.) by extension 'python_setup_py'
[0.328s] Level 1:colcon.colcon_core.package_identification:_identify(build) by extensions ['ignore', 'ignore_ament_install']
[0.328s] Level 1:colcon.colcon_core.package_identification:_identify(build) by extension 'ignore'
[0.328s] Level 1:colcon.colcon_core.package_identification:_identify(build) ignored
[0.328s] Level 1:colcon.colcon_core.package_identification:_identify(install) by extensions ['ignore', 'ignore_ament_install']
[0.328s] Level 1:colcon.colcon_core.package_identification:_identify(install) by extension 'ignore'
[0.328s] Level 1:colcon.colcon_core.package_identification:_identify(install) ignored
[0.328s] Level 1:colcon.colcon_core.package_identification:_identify(log) by extensions ['ignore', 'ignore_ament_install']
[0.329s] Level 1:colcon.colcon_core.package_identification:_identify(log) by extension 'ignore'
[0.329s] Level 1:colcon.colcon_core.package_identification:_identify(log) ignored
[0.329s] Level 1:colcon.colcon_core.package_identification:_identify(src) by extensions ['ignore', 'ignore_ament_install']
[0.329s] Level 1:colcon.colcon_core.package_identification:_identify(src) by extension 'ignore'
[0.329s] Level 1:colcon.colcon_core.package_identification:_identify(src) by extension 'ignore_ament_install'
[0.329s] Level 1:colcon.colcon_core.package_identification:_identify(src) by extensions ['colcon_pkg']
[0.329s] Level 1:colcon.colcon_core.package_identification:_identify(src) by extension 'colcon_pkg'
[0.329s] Level 1:colcon.colcon_core.package_identification:_identify(src) by extensions ['colcon_meta']
[0.329s] Level 1:colcon.colcon_core.package_identification:_identify(src) by extension 'colcon_meta'
[0.329s] Level 1:colcon.colcon_core.package_identification:_identify(src) by extensions ['ros']
[0.329s] Level 1:colcon.colcon_core.package_identification:_identify(src) by extension 'ros'
[0.329s] Level 1:colcon.colcon_core.package_identification:_identify(src) by extensions ['cmake', 'python']
[0.329s] Level 1:colcon.colcon_core.package_identification:_identify(src) by extension 'cmake'
[0.329s] Level 1:colcon.colcon_core.package_identification:_identify(src) by extension 'python'
[0.330s] Level 1:colcon.colcon_core.package_identification:_identify(src) by extensions ['python_setup_py']
[0.330s] Level 1:colcon.colcon_core.package_identification:_identify(src) by extension 'python_setup_py'
[0.330s] Level 1:colcon.colcon_core.package_identification:_identify(src/micro_ros_setup) by extensions ['ignore', 'ignore_ament_install']
[0.330s] Level 1:colcon.colcon_core.package_identification:_identify(src/micro_ros_setup) by extension 'ignore'
[0.330s] Level 1:colcon.colcon_core.package_identification:_identify(src/micro_ros_setup) by extension 'ignore_ament_install'
[0.330s] Level 1:colcon.colcon_core.package_identification:_identify(src/micro_ros_setup) by extensions ['colcon_pkg']
[0.330s] Level 1:colcon.colcon_core.package_identification:_identify(src/micro_ros_setup) by extension 'colcon_pkg'
[0.330s] Level 1:colcon.colcon_core.package_identification:_identify(src/micro_ros_setup) by extensions ['colcon_meta']
[0.330s] Level 1:colcon.colcon_core.package_identification:_identify(src/micro_ros_setup) by extension 'colcon_meta'
[0.330s] Level 1:colcon.colcon_core.package_identification:_identify(src/micro_ros_setup) by extensions ['ros']
[0.330s] Level 1:colcon.colcon_core.package_identification:_identify(src/micro_ros_setup) by extension 'ros'
[0.334s] DEBUG:colcon.colcon_core.package_identification:Package 'src/micro_ros_setup' with type 'ros.ament_cmake' and name 'micro_ros_setup'
[0.334s] Level 1:colcon.colcon_core.package_identification:_identify(src/odin_comms) by extensions ['ignore', 'ignore_ament_install']
[0.334s] Level 1:colcon.colcon_core.package_identification:_identify(src/odin_comms) by extension 'ignore'
[0.334s] Level 1:colcon.colcon_core.package_identification:_identify(src/odin_comms) by extension 'ignore_ament_install'
[0.334s] Level 1:colcon.colcon_core.package_identification:_identify(src/odin_comms) by extensions ['colcon_pkg']
[0.334s] Level 1:colcon.colcon_core.package_identification:_identify(src/odin_comms) by extension 'colcon_pkg'
[0.334s] Level 1:colcon.colcon_core.package_identification:_identify(src/odin_comms) by extensions ['colcon_meta']
[0.334s] Level 1:colcon.colcon_core.package_identification:_identify(src/odin_comms) by extension 'colcon_meta'
[0.334s] Level 1:colcon.colcon_core.package_identification:_identify(src/odin_comms) by extensions ['ros']
[0.334s] Level 1:colcon.colcon_core.package_identification:_identify(src/odin_comms) by extension 'ros'
[0.335s] DEBUG:colcon.colcon_core.package_identification:Package 'src/odin_comms' with type 'ros.ament_python' and name 'odin_comms'
[0.335s] Level 1:colcon.colcon_core.package_identification:_identify(src/uros) by extensions ['ignore', 'ignore_ament_install']
[0.335s] Level 1:colcon.colcon_core.package_identification:_identify(src/uros) by extension 'ignore'
[0.336s] Level 1:colcon.colcon_core.package_identification:_identify(src/uros) by extension 'ignore_ament_install'
[0.336s] Level 1:colcon.colcon_core.package_identification:_identify(src/uros) by extensions ['colcon_pkg']
[0.336s] Level 1:colcon.colcon_core.package_identification:_identify(src/uros) by extension 'colcon_pkg'
[0.336s] Level 1:colcon.colcon_core.package_identification:_identify(src/uros) by extensions ['colcon_meta']
[0.336s] Level 1:colcon.colcon_core.package_identification:_identify(src/uros) by extension 'colcon_meta'
[0.336s] Level 1:colcon.colcon_core.package_identification:_identify(src/uros) by extensions ['ros']
[0.336s] Level 1:colcon.colcon_core.package_identification:_identify(src/uros) by extension 'ros'
[0.336s] Level 1:colcon.colcon_core.package_identification:_identify(src/uros) by extensions ['cmake', 'python']
[0.336s] Level 1:colcon.colcon_core.package_identification:_identify(src/uros) by extension 'cmake'
[0.336s] Level 1:colcon.colcon_core.package_identification:_identify(src/uros) by extension 'python'
[0.336s] Level 1:colcon.colcon_core.package_identification:_identify(src/uros) by extensions ['python_setup_py']
[0.336s] Level 1:colcon.colcon_core.package_identification:_identify(src/uros) by extension 'python_setup_py'
[0.336s] Level 1:colcon.colcon_core.package_identification:_identify(src/uros/micro-ROS-Agent) by extensions ['ignore', 'ignore_ament_install']
[0.336s] Level 1:colcon.colcon_core.package_identification:_identify(src/uros/micro-ROS-Agent) by extension 'ignore'
[0.337s] Level 1:colcon.colcon_core.package_identification:_identify(src/uros/micro-ROS-Agent) by extension 'ignore_ament_install'
[0.337s] Level 1:colcon.colcon_core.package_identification:_identify(src/uros/micro-ROS-Agent) by extensions ['colcon_pkg']
[0.337s] Level 1:colcon.colcon_core.package_identification:_identify(src/uros/micro-ROS-Agent) by extension 'colcon_pkg'
[0.337s] Level 1:colcon.colcon_core.package_identification:_identify(src/uros/micro-ROS-Agent) by extensions ['colcon_meta']
[0.337s] Level 1:colcon.colcon_core.package_identification:_identify(src/uros/micro-ROS-Agent) by extension 'colcon_meta'
[0.337s] Level 1:colcon.colcon_core.package_identification:_identify(src/uros/micro-ROS-Agent) by extensions ['ros']
[0.337s] Level 1:colcon.colcon_core.package_identification:_identify(src/uros/micro-ROS-Agent) by extension 'ros'
[0.337s] Level 1:colcon.colcon_core.package_identification:_identify(src/uros/micro-ROS-Agent) by extensions ['cmake', 'python']
[0.337s] Level 1:colcon.colcon_core.package_identification:_identify(src/uros/micro-ROS-Agent) by extension 'cmake'
[0.337s] Level 1:colcon.colcon_core.package_identification:_identify(src/uros/micro-ROS-Agent) by extension 'python'
[0.337s] Level 1:colcon.colcon_core.package_identification:_identify(src/uros/micro-ROS-Agent) by extensions ['python_setup_py']
[0.337s] Level 1:colcon.colcon_core.package_identification:_identify(src/uros/micro-ROS-Agent) by extension 'python_setup_py'
[0.337s] Level 1:colcon.colcon_core.package_identification:_identify(src/uros/micro-ROS-Agent/micro_ros_agent) by extensions ['ignore', 'ignore_ament_install']
[0.337s] Level 1:colcon.colcon_core.package_identification:_identify(src/uros/micro-ROS-Agent/micro_ros_agent) by extension 'ignore'
[0.338s] Level 1:colcon.colcon_core.package_identification:_identify(src/uros/micro-ROS-Agent/micro_ros_agent) by extension 'ignore_ament_install'
[0.338s] Level 1:colcon.colcon_core.package_identification:_identify(src/uros/micro-ROS-Agent/micro_ros_agent) by extensions ['colcon_pkg']
[0.338s] Level 1:colcon.colcon_core.package_identification:_identify(src/uros/micro-ROS-Agent/micro_ros_agent) by extension 'colcon_pkg'
[0.338s] Level 1:colcon.colcon_core.package_identification:_identify(src/uros/micro-ROS-Agent/micro_ros_agent) by extensions ['colcon_meta']
[0.338s] Level 1:colcon.colcon_core.package_identification:_identify(src/uros/micro-ROS-Agent/micro_ros_agent) by extension 'colcon_meta'
[0.338s] Level 1:colcon.colcon_core.package_identification:_identify(src/uros/micro-ROS-Agent/micro_ros_agent) by extensions ['ros']
[0.338s] Level 1:colcon.colcon_core.package_identification:_identify(src/uros/micro-ROS-Agent/micro_ros_agent) by extension 'ros'
[0.339s] DEBUG:colcon.colcon_core.package_identification:Package 'src/uros/micro-ROS-Agent/micro_ros_agent' with type 'ros.ament_cmake' and name 'micro_ros_agent'
[0.339s] Level 1:colcon.colcon_core.package_identification:_identify(src/uros/micro-ROS-Agent/snap) by extensions ['ignore', 'ignore_ament_install']
[0.339s] Level 1:colcon.colcon_core.package_identification:_identify(src/uros/micro-ROS-Agent/snap) by extension 'ignore'
[0.339s] Level 1:colcon.colcon_core.package_identification:_identify(src/uros/micro-ROS-Agent/snap) by extension 'ignore_ament_install'
[0.339s] Level 1:colcon.colcon_core.package_identification:_identify(src/uros/micro-ROS-Agent/snap) by extensions ['colcon_pkg']
[0.339s] Level 1:colcon.colcon_core.package_identification:_identify(src/uros/micro-ROS-Agent/snap) by extension 'colcon_pkg'
[0.340s] Level 1:colcon.colcon_core.package_identification:_identify(src/uros/micro-ROS-Agent/snap) by extensions ['colcon_meta']
[0.340s] Level 1:colcon.colcon_core.package_identification:_identify(src/uros/micro-ROS-Agent/snap) by extension 'colcon_meta'
[0.340s] Level 1:colcon.colcon_core.package_identification:_identify(src/uros/micro-ROS-Agent/snap) by extensions ['ros']
[0.340s] Level 1:colcon.colcon_core.package_identification:_identify(src/uros/micro-ROS-Agent/snap) by extension 'ros'
[0.340s] Level 1:colcon.colcon_core.package_identification:_identify(src/uros/micro-ROS-Agent/snap) by extensions ['cmake', 'python']
[0.340s] Level 1:colcon.colcon_core.package_identification:_identify(src/uros/micro-ROS-Agent/snap) by extension 'cmake'
[0.340s] Level 1:colcon.colcon_core.package_identification:_identify(src/uros/micro-ROS-Agent/snap) by extension 'python'
[0.340s] Level 1:colcon.colcon_core.package_identification:_identify(src/uros/micro-ROS-Agent/snap) by extensions ['python_setup_py']
[0.340s] Level 1:colcon.colcon_core.package_identification:_identify(src/uros/micro-ROS-Agent/snap) by extension 'python_setup_py'
[0.340s] Level 1:colcon.colcon_core.package_identification:_identify(src/uros/micro-ROS-Agent/snap/hooks) by extensions ['ignore', 'ignore_ament_install']
[0.340s] Level 1:colcon.colcon_core.package_identification:_identify(src/uros/micro-ROS-Agent/snap/hooks) by extension 'ignore'
[0.340s] Level 1:colcon.colcon_core.package_identification:_identify(src/uros/micro-ROS-Agent/snap/hooks) by extension 'ignore_ament_install'
[0.340s] Level 1:colcon.colcon_core.package_identification:_identify(src/uros/micro-ROS-Agent/snap/hooks) by extensions ['colcon_pkg']
[0.340s] Level 1:colcon.colcon_core.package_identification:_identify(src/uros/micro-ROS-Agent/snap/hooks) by extension 'colcon_pkg'
[0.341s] Level 1:colcon.colcon_core.package_identification:_identify(src/uros/micro-ROS-Agent/snap/hooks) by extensions ['colcon_meta']
[0.341s] Level 1:colcon.colcon_core.package_identification:_identify(src/uros/micro-ROS-Agent/snap/hooks) by extension 'colcon_meta'
[0.341s] Level 1:colcon.colcon_core.package_identification:_identify(src/uros/micro-ROS-Agent/snap/hooks) by extensions ['ros']
[0.341s] Level 1:colcon.colcon_core.package_identification:_identify(src/uros/micro-ROS-Agent/snap/hooks) by extension 'ros'
[0.341s] Level 1:colcon.colcon_core.package_identification:_identify(src/uros/micro-ROS-Agent/snap/hooks) by extensions ['cmake', 'python']
[0.341s] Level 1:colcon.colcon_core.package_identification:_identify(src/uros/micro-ROS-Agent/snap/hooks) by extension 'cmake'
[0.341s] Level 1:colcon.colcon_core.package_identification:_identify(src/uros/micro-ROS-Agent/snap/hooks) by extension 'python'
[0.341s] Level 1:colcon.colcon_core.package_identification:_identify(src/uros/micro-ROS-Agent/snap/hooks) by extensions ['python_setup_py']
[0.341s] Level 1:colcon.colcon_core.package_identification:_identify(src/uros/micro-ROS-Agent/snap/hooks) by extension 'python_setup_py'
[0.341s] Level 1:colcon.colcon_core.package_identification:_identify(src/uros/micro-ROS-Agent/snap/local) by extensions ['ignore', 'ignore_ament_install']
[0.341s] Level 1:colcon.colcon_core.package_identification:_identify(src/uros/micro-ROS-Agent/snap/local) by extension 'ignore'
[0.341s] Level 1:colcon.colcon_core.package_identification:_identify(src/uros/micro-ROS-Agent/snap/local) by extension 'ignore_ament_install'
[0.341s] Level 1:colcon.colcon_core.package_identification:_identify(src/uros/micro-ROS-Agent/snap/local) by extensions ['colcon_pkg']
[0.341s] Level 1:colcon.colcon_core.package_identification:_identify(src/uros/micro-ROS-Agent/snap/local) by extension 'colcon_pkg'
[0.342s] Level 1:colcon.colcon_core.package_identification:_identify(src/uros/micro-ROS-Agent/snap/local) by extensions ['colcon_meta']
[0.342s] Level 1:colcon.colcon_core.package_identification:_identify(src/uros/micro-ROS-Agent/snap/local) by extension 'colcon_meta'
[0.342s] Level 1:colcon.colcon_core.package_identification:_identify(src/uros/micro-ROS-Agent/snap/local) by extensions ['ros']
[0.342s] Level 1:colcon.colcon_core.package_identification:_identify(src/uros/micro-ROS-Agent/snap/local) by extension 'ros'
[0.342s] Level 1:colcon.colcon_core.package_identification:_identify(src/uros/micro-ROS-Agent/snap/local) by extensions ['cmake', 'python']
[0.342s] Level 1:colcon.colcon_core.package_identification:_identify(src/uros/micro-ROS-Agent/snap/local) by extension 'cmake'
[0.342s] Level 1:colcon.colcon_core.package_identification:_identify(src/uros/micro-ROS-Agent/snap/local) by extension 'python'
[0.342s] Level 1:colcon.colcon_core.package_identification:_identify(src/uros/micro-ROS-Agent/snap/local) by extensions ['python_setup_py']
[0.342s] Level 1:colcon.colcon_core.package_identification:_identify(src/uros/micro-ROS-Agent/snap/local) by extension 'python_setup_py'
[0.342s] Level 1:colcon.colcon_core.package_identification:_identify(src/uros/micro_ros_msgs) by extensions ['ignore', 'ignore_ament_install']
[0.342s] Level 1:colcon.colcon_core.package_identification:_identify(src/uros/micro_ros_msgs) by extension 'ignore'
[0.342s] Level 1:colcon.colcon_core.package_identification:_identify(src/uros/micro_ros_msgs) by extension 'ignore_ament_install'
[0.342s] Level 1:colcon.colcon_core.package_identification:_identify(src/uros/micro_ros_msgs) by extensions ['colcon_pkg']
[0.342s] Level 1:colcon.colcon_core.package_identification:_identify(src/uros/micro_ros_msgs) by extension 'colcon_pkg'
[0.342s] Level 1:colcon.colcon_core.package_identification:_identify(src/uros/micro_ros_msgs) by extensions ['colcon_meta']
[0.343s] Level 1:colcon.colcon_core.package_identification:_identify(src/uros/micro_ros_msgs) by extension 'colcon_meta'
[0.343s] Level 1:colcon.colcon_core.package_identification:_identify(src/uros/micro_ros_msgs) by extensions ['ros']
[0.343s] Level 1:colcon.colcon_core.package_identification:_identify(src/uros/micro_ros_msgs) by extension 'ros'
[0.343s] DEBUG:colcon.colcon_core.package_identification:Package 'src/uros/micro_ros_msgs' with type 'ros.ament_cmake' and name 'micro_ros_msgs'
[0.343s] Level 1:colcon.colcon_core.package_discovery:discover_packages(recursive) using defaults
[0.343s] Level 1:colcon.colcon_core.package_discovery:discover_packages(ignore) discover
[0.343s] Level 1:colcon.colcon_core.package_discovery:discover_packages(ignore) using defaults
[0.343s] Level 1:colcon.colcon_core.package_discovery:discover_packages(path) discover
[0.344s] Level 1:colcon.colcon_core.package_discovery:discover_packages(path) using defaults
[0.367s] Level 1:colcon.colcon_core.package_discovery:discover_packages(prefix_path) check parameters
[0.367s] Level 1:colcon.colcon_core.package_discovery:discover_packages(prefix_path) discover
[0.369s] DEBUG:colcon.colcon_installed_package_information.package_discovery:Found 4 installed packages in /home/jose/microros_ws/install
[0.370s] DEBUG:colcon.colcon_installed_package_information.package_discovery:Found 270 installed packages in /opt/ros/humble
[0.389s] Level 1:colcon.colcon_core.package_discovery:discover_packages(prefix_path) using defaults
[0.434s] Level 5:colcon.colcon_core.verb:set package 'micro_ros_msgs' build argument 'cmake_args' from command line to 'None'
[0.434s] Level 5:colcon.colcon_core.verb:set package 'micro_ros_msgs' build argument 'cmake_target' from command line to 'None'
[0.434s] Level 5:colcon.colcon_core.verb:set package 'micro_ros_msgs' build argument 'cmake_target_skip_unavailable' from command line to 'False'
[0.434s] Level 5:colcon.colcon_core.verb:set package 'micro_ros_msgs' build argument 'cmake_clean_cache' from command line to 'False'
[0.434s] Level 5:colcon.colcon_core.verb:set package 'micro_ros_msgs' build argument 'cmake_clean_first' from command line to 'False'
[0.434s] Level 5:colcon.colcon_core.verb:set package 'micro_ros_msgs' build argument 'cmake_force_configure' from command line to 'False'
[0.434s] Level 5:colcon.colcon_core.verb:set package 'micro_ros_msgs' build argument 'ament_cmake_args' from command line to 'None'
[0.434s] Level 5:colcon.colcon_core.verb:set package 'micro_ros_msgs' build argument 'catkin_cmake_args' from command line to 'None'
[0.434s] Level 5:colcon.colcon_core.verb:set package 'micro_ros_msgs' build argument 'catkin_skip_building_tests' from command line to 'False'
[0.434s] DEBUG:colcon.colcon_core.verb:Building package 'micro_ros_msgs' with the following arguments: {'ament_cmake_args': None, 'build_base': '/home/jose/microros_ws/build/micro_ros_msgs', 'catkin_cmake_args': None, 'catkin_skip_building_tests': False, 'cmake_args': None, 'cmake_clean_cache': False, 'cmake_clean_first': False, 'cmake_force_configure': False, 'cmake_target': None, 'cmake_target_skip_unavailable': False, 'install_base': '/home/jose/microros_ws/install/micro_ros_msgs', 'merge_install': False, 'path': '/home/jose/microros_ws/src/uros/micro_ros_msgs', 'symlink_install': False, 'test_result_base': None}
[0.435s] Level 5:colcon.colcon_core.verb:set package 'micro_ros_setup' build argument 'cmake_args' from command line to 'None'
[0.435s] Level 5:colcon.colcon_core.verb:set package 'micro_ros_setup' build argument 'cmake_target' from command line to 'None'
[0.435s] Level 5:colcon.colcon_core.verb:set package 'micro_ros_setup' build argument 'cmake_target_skip_unavailable' from command line to 'False'
[0.435s] Level 5:colcon.colcon_core.verb:set package 'micro_ros_setup' build argument 'cmake_clean_cache' from command line to 'False'
[0.435s] Level 5:colcon.colcon_core.verb:set package 'micro_ros_setup' build argument 'cmake_clean_first' from command line to 'False'
[0.435s] Level 5:colcon.colcon_core.verb:set package 'micro_ros_setup' build argument 'cmake_force_configure' from command line to 'False'
[0.435s] Level 5:colcon.colcon_core.verb:set package 'micro_ros_setup' build argument 'ament_cmake_args' from command line to 'None'
[0.435s] Level 5:colcon.colcon_core.verb:set package 'micro_ros_setup' build argument 'catkin_cmake_args' from command line to 'None'
[0.435s] Level 5:colcon.colcon_core.verb:set package 'micro_ros_setup' build argument 'catkin_skip_building_tests' from command line to 'False'
[0.435s] DEBUG:colcon.colcon_core.verb:Building package 'micro_ros_setup' with the following arguments: {'ament_cmake_args': None, 'build_base': '/home/jose/microros_ws/build/micro_ros_setup', 'catkin_cmake_args': None, 'catkin_skip_building_tests': False, 'cmake_args': None, 'cmake_clean_cache': False, 'cmake_clean_first': False, 'cmake_force_configure': False, 'cmake_target': None, 'cmake_target_skip_unavailable': False, 'install_base': '/home/jose/microros_ws/install/micro_ros_setup', 'merge_install': False, 'path': '/home/jose/microros_ws/src/micro_ros_setup', 'symlink_install': False, 'test_result_base': None}
[0.436s] Level 5:colcon.colcon_core.verb:set package 'odin_comms' build argument 'cmake_args' from command line to 'None'
[0.436s] Level 5:colcon.colcon_core.verb:set package 'odin_comms' build argument 'cmake_target' from command line to 'None'
[0.436s] Level 5:colcon.colcon_core.verb:set package 'odin_comms' build argument 'cmake_target_skip_unavailable' from command line to 'False'
[0.436s] Level 5:colcon.colcon_core.verb:set package 'odin_comms' build argument 'cmake_clean_cache' from command line to 'False'
[0.436s] Level 5:colcon.colcon_core.verb:set package 'odin_comms' build argument 'cmake_clean_first' from command line to 'False'
[0.436s] Level 5:colcon.colcon_core.verb:set package 'odin_comms' build argument 'cmake_force_configure' from command line to 'False'
[0.436s] Level 5:colcon.colcon_core.verb:set package 'odin_comms' build argument 'ament_cmake_args' from command line to 'None'
[0.436s] Level 5:colcon.colcon_core.verb:set package 'odin_comms' build argument 'catkin_cmake_args' from command line to 'None'
[0.436s] Level 5:colcon.colcon_core.verb:set package 'odin_comms' build argument 'catkin_skip_building_tests' from command line to 'False'
[0.436s] DEBUG:colcon.colcon_core.verb:Building package 'odin_comms' with the following arguments: {'ament_cmake_args': None, 'build_base': '/home/jose/microros_ws/build/odin_comms', 'catkin_cmake_args': None, 'catkin_skip_building_tests': False, 'cmake_args': None, 'cmake_clean_cache': False, 'cmake_clean_first': False, 'cmake_force_configure': False, 'cmake_target': None, 'cmake_target_skip_unavailable': False, 'install_base': '/home/jose/microros_ws/install/odin_comms', 'merge_install': False, 'path': '/home/jose/microros_ws/src/odin_comms', 'symlink_install': False, 'test_result_base': None}
[0.436s] Level 5:colcon.colcon_core.verb:set package 'micro_ros_agent' build argument 'cmake_args' from command line to 'None'
[0.436s] Level 5:colcon.colcon_core.verb:set package 'micro_ros_agent' build argument 'cmake_target' from command line to 'None'
[0.436s] Level 5:colcon.colcon_core.verb:set package 'micro_ros_agent' build argument 'cmake_target_skip_unavailable' from command line to 'False'
[0.436s] Level 5:colcon.colcon_core.verb:set package 'micro_ros_agent' build argument 'cmake_clean_cache' from command line to 'False'
[0.437s] Level 5:colcon.colcon_core.verb:set package 'micro_ros_agent' build argument 'cmake_clean_first' from command line to 'False'
[0.437s] Level 5:colcon.colcon_core.verb:set package 'micro_ros_agent' build argument 'cmake_force_configure' from command line to 'False'
[0.437s] Level 5:colcon.colcon_core.verb:set package 'micro_ros_agent' build argument 'ament_cmake_args' from command line to 'None'
[0.437s] Level 5:colcon.colcon_core.verb:set package 'micro_ros_agent' build argument 'catkin_cmake_args' from command line to 'None'
[0.437s] Level 5:colcon.colcon_core.verb:set package 'micro_ros_agent' build argument 'catkin_skip_building_tests' from command line to 'False'
[0.437s] DEBUG:colcon.colcon_core.verb:Building package 'micro_ros_agent' with the following arguments: {'ament_cmake_args': None, 'build_base': '/home/jose/microros_ws/build/micro_ros_agent', 'catkin_cmake_args': None, 'catkin_skip_building_tests': False, 'cmake_args': None, 'cmake_clean_cache': False, 'cmake_clean_first': False, 'cmake_force_configure': False, 'cmake_target': None, 'cmake_target_skip_unavailable': False, 'install_base': '/home/jose/microros_ws/install/micro_ros_agent', 'merge_install': False, 'path': '/home/jose/microros_ws/src/uros/micro-ROS-Agent/micro_ros_agent', 'symlink_install': False, 'test_result_base': None}
[0.437s] INFO:colcon.colcon_core.executor:Executing jobs using 'parallel' executor
[0.438s] DEBUG:colcon.colcon_parallel_executor.executor.parallel:run_until_complete
[0.438s] INFO:colcon.colcon_ros.task.ament_cmake.build:Building ROS package in '/home/jose/microros_ws/src/uros/micro_ros_msgs' with build type 'ament_cmake'
[0.439s] INFO:colcon.colcon_cmake.task.cmake.build:Building CMake package in '/home/jose/microros_ws/src/uros/micro_ros_msgs'
[0.441s] INFO:colcon.colcon_core.plugin_system:Skipping extension 'colcon_core.shell.bat': Not used on non-Windows systems
[0.441s] INFO:colcon.colcon_core.shell:Skip shell extension 'powershell' for command environment: Not usable outside of PowerShell
[0.442s] DEBUG:colcon.colcon_core.shell:Skip shell extension 'dsv' for command environment
[0.445s] INFO:colcon.colcon_ros.task.ament_cmake.build:Building ROS package in '/home/jose/microros_ws/src/micro_ros_setup' with build type 'ament_cmake'
[0.446s] INFO:colcon.colcon_cmake.task.cmake.build:Building CMake package in '/home/jose/microros_ws/src/micro_ros_setup'
[0.446s] INFO:colcon.colcon_core.shell:Skip shell extension 'powershell' for command environment: Not usable outside of PowerShell
[0.446s] DEBUG:colcon.colcon_core.shell:Skip shell extension 'dsv' for command environment
[0.450s] INFO:colcon.colcon_ros.task.ament_python.build:Building ROS package in '/home/jose/microros_ws/src/odin_comms' with build type 'ament_python'
[0.451s] Level 1:colcon.colcon_core.shell:create_environment_hook('odin_comms', 'ament_prefix_path')
[0.451s] INFO:colcon.colcon_core.shell:Creating environment hook '/home/jose/microros_ws/install/odin_comms/share/odin_comms/hook/ament_prefix_path.ps1'
[0.453s] INFO:colcon.colcon_core.shell:Creating environment descriptor '/home/jose/microros_ws/install/odin_comms/share/odin_comms/hook/ament_prefix_path.dsv'
[0.453s] INFO:colcon.colcon_core.shell:Creating environment hook '/home/jose/microros_ws/install/odin_comms/share/odin_comms/hook/ament_prefix_path.sh'
[0.454s] INFO:colcon.colcon_core.shell:Skip shell extension 'powershell' for command environment: Not usable outside of PowerShell
[0.454s] DEBUG:colcon.colcon_core.shell:Skip shell extension 'dsv' for command environment
[0.464s] DEBUG:colcon.colcon_core.event_handler.log_command:Invoking command in '/home/jose/microros_ws/build/micro_ros_msgs': CMAKE_PREFIX_PATH=${CMAKE_PREFIX_PATH}:/home/jose/microros_ws/install/odin_comms:/opt/ros/humble /usr/bin/cmake /home/jose/microros_ws/src/uros/micro_ros_msgs -DCMAKE_INSTALL_PREFIX=/home/jose/microros_ws/install/micro_ros_msgs
[0.475s] DEBUG:colcon.colcon_core.event_handler.log_command:Invoking command in '/home/jose/microros_ws/build/micro_ros_setup': CMAKE_PREFIX_PATH=${CMAKE_PREFIX_PATH}:/home/jose/microros_ws/install/odin_comms:/opt/ros/humble /usr/bin/cmake /home/jose/microros_ws/src/micro_ros_setup -DCMAKE_INSTALL_PREFIX=/home/jose/microros_ws/install/micro_ros_setup
[1.009s] INFO:colcon.colcon_core.task.python.build:Building Python package in '/home/jose/microros_ws/src/odin_comms'
[1.010s] INFO:colcon.colcon_core.shell:Skip shell extension 'powershell' for command environment: Not usable outside of PowerShell
[1.010s] DEBUG:colcon.colcon_core.shell:Skip shell extension 'dsv' for command environment
[1.016s] DEBUG:colcon.colcon_core.event_handler.log_command:Invoked command in '/home/jose/microros_ws/build/micro_ros_setup' returned '0': CMAKE_PREFIX_PATH=${CMAKE_PREFIX_PATH}:/home/jose/microros_ws/install/odin_comms:/opt/ros/humble /usr/bin/cmake /home/jose/microros_ws/src/micro_ros_setup -DCMAKE_INSTALL_PREFIX=/home/jose/microros_ws/install/micro_ros_setup
[1.019s] DEBUG:colcon.colcon_core.event_handler.log_command:Invoking command in '/home/jose/microros_ws/build/micro_ros_setup': CMAKE_PREFIX_PATH=${CMAKE_PREFIX_PATH}:/home/jose/microros_ws/install/odin_comms:/opt/ros/humble /usr/bin/cmake --build /home/jose/microros_ws/build/micro_ros_setup -- -j4 -l4
[1.070s] DEBUG:colcon.colcon_core.event_handler.log_command:Invoked command in '/home/jose/microros_ws/build/micro_ros_setup' returned '0': CMAKE_PREFIX_PATH=${CMAKE_PREFIX_PATH}:/home/jose/microros_ws/install/odin_comms:/opt/ros/humble /usr/bin/cmake --build /home/jose/microros_ws/build/micro_ros_setup -- -j4 -l4
[1.112s] DEBUG:colcon.colcon_core.event_handler.log_command:Invoking command in '/home/jose/microros_ws/build/micro_ros_setup': CMAKE_PREFIX_PATH=${CMAKE_PREFIX_PATH}:/home/jose/microros_ws/install/odin_comms:/opt/ros/humble /usr/bin/cmake --install /home/jose/microros_ws/build/micro_ros_setup
[1.185s] Level 1:colcon.colcon_core.environment:create_environment_scripts_only(micro_ros_setup)
[1.193s] Level 1:colcon.colcon_core.environment:checking '/home/jose/microros_ws/install/micro_ros_setup' for CMake module files
[1.197s] Level 1:colcon.colcon_core.environment:checking '/home/jose/microros_ws/install/micro_ros_setup' for CMake config files
[1.205s] Level 1:colcon.colcon_core.shell:create_environment_hook('micro_ros_setup', 'cmake_prefix_path')
[1.205s] INFO:colcon.colcon_core.shell:Creating environment hook '/home/jose/microros_ws/install/micro_ros_setup/share/micro_ros_setup/hook/cmake_prefix_path.ps1'
[1.206s] INFO:colcon.colcon_core.shell:Creating environment descriptor '/home/jose/microros_ws/install/micro_ros_setup/share/micro_ros_setup/hook/cmake_prefix_path.dsv'
[1.207s] INFO:colcon.colcon_core.shell:Creating environment hook '/home/jose/microros_ws/install/micro_ros_setup/share/micro_ros_setup/hook/cmake_prefix_path.sh'
[1.209s] Level 1:colcon.colcon_core.environment:checking '/home/jose/microros_ws/install/micro_ros_setup/lib'
[1.209s] Level 1:colcon.colcon_core.environment:checking '/home/jose/microros_ws/install/micro_ros_setup/bin'
[1.209s] Level 1:colcon.colcon_core.environment:checking '/home/jose/microros_ws/install/micro_ros_setup/lib/pkgconfig/micro_ros_setup.pc'
[1.213s] Level 1:colcon.colcon_core.environment:checking '/home/jose/microros_ws/install/micro_ros_setup/lib/python3.10/site-packages'
[1.213s] Level 1:colcon.colcon_core.environment:checking '/home/jose/microros_ws/install/micro_ros_setup/bin'
[1.214s] INFO:colcon.colcon_core.shell:Creating package script '/home/jose/microros_ws/install/micro_ros_setup/share/micro_ros_setup/package.ps1'
[1.217s] DEBUG:colcon.colcon_core.event_handler.log_command:Invoked command in '/home/jose/microros_ws/build/micro_ros_setup' returned '0': CMAKE_PREFIX_PATH=${CMAKE_PREFIX_PATH}:/home/jose/microros_ws/install/odin_comms:/opt/ros/humble /usr/bin/cmake --install /home/jose/microros_ws/build/micro_ros_setup
[1.218s] INFO:colcon.colcon_core.shell:Creating package descriptor '/home/jose/microros_ws/install/micro_ros_setup/share/micro_ros_setup/package.dsv'
[1.219s] INFO:colcon.colcon_core.shell:Creating package script '/home/jose/microros_ws/install/micro_ros_setup/share/micro_ros_setup/package.sh'
[1.221s] INFO:colcon.colcon_core.shell:Creating package script '/home/jose/microros_ws/install/micro_ros_setup/share/micro_ros_setup/package.bash'
[1.223s] INFO:colcon.colcon_core.shell:Creating package script '/home/jose/microros_ws/install/micro_ros_setup/share/micro_ros_setup/package.zsh'
[1.224s] Level 1:colcon.colcon_core.environment:create_file_with_runtime_dependencies(/home/jose/microros_ws/install/micro_ros_setup/share/colcon-core/packages/micro_ros_setup)
[1.270s] Level 1:colcon.colcon_core.environment:create_environment_scripts_only(micro_ros_setup)
[1.270s] Level 1:colcon.colcon_core.environment:checking '/home/jose/microros_ws/install/micro_ros_setup' for CMake module files
[1.271s] Level 1:colcon.colcon_core.environment:checking '/home/jose/microros_ws/install/micro_ros_setup' for CMake config files
[1.273s] Level 1:colcon.colcon_core.shell:create_environment_hook('micro_ros_setup', 'cmake_prefix_path')
[1.274s] INFO:colcon.colcon_core.shell:Creating environment hook '/home/jose/microros_ws/install/micro_ros_setup/share/micro_ros_setup/hook/cmake_prefix_path.ps1'
[1.275s] INFO:colcon.colcon_core.shell:Creating environment descriptor '/home/jose/microros_ws/install/micro_ros_setup/share/micro_ros_setup/hook/cmake_prefix_path.dsv'
[1.275s] INFO:colcon.colcon_core.shell:Creating environment hook '/home/jose/microros_ws/install/micro_ros_setup/share/micro_ros_setup/hook/cmake_prefix_path.sh'
[1.277s] Level 1:colcon.colcon_core.environment:checking '/home/jose/microros_ws/install/micro_ros_setup/lib'
[1.277s] Level 1:colcon.colcon_core.environment:checking '/home/jose/microros_ws/install/micro_ros_setup/bin'
[1.277s] Level 1:colcon.colcon_core.environment:checking '/home/jose/microros_ws/install/micro_ros_setup/lib/pkgconfig/micro_ros_setup.pc'
[1.278s] Level 1:colcon.colcon_core.environment:checking '/home/jose/microros_ws/install/micro_ros_setup/lib/python3.10/site-packages'
[1.278s] Level 1:colcon.colcon_core.environment:checking '/home/jose/microros_ws/install/micro_ros_setup/bin'
[1.279s] INFO:colcon.colcon_core.shell:Creating package script '/home/jose/microros_ws/install/micro_ros_setup/share/micro_ros_setup/package.ps1'
[1.280s] INFO:colcon.colcon_core.shell:Creating package descriptor '/home/jose/microros_ws/install/micro_ros_setup/share/micro_ros_setup/package.dsv'
[1.281s] INFO:colcon.colcon_core.shell:Creating package script '/home/jose/microros_ws/install/micro_ros_setup/share/micro_ros_setup/package.sh'
[1.282s] INFO:colcon.colcon_core.shell:Creating package script '/home/jose/microros_ws/install/micro_ros_setup/share/micro_ros_setup/package.bash'
[1.283s] INFO:colcon.colcon_core.shell:Creating package script '/home/jose/microros_ws/install/micro_ros_setup/share/micro_ros_setup/package.zsh'
[1.284s] Level 1:colcon.colcon_core.environment:create_file_with_runtime_dependencies(/home/jose/microros_ws/install/micro_ros_setup/share/colcon-core/packages/micro_ros_setup)
[1.586s] DEBUG:colcon.colcon_core.event_handler.log_command:Invoking command in '/home/jose/microros_ws/build/odin_comms': PYTHONPATH=/home/jose/microros_ws/build/odin_comms/prefix_override:/usr/lib/python3/dist-packages/colcon_core/task/python/colcon_distutils_commands:/home/jose/microros_ws/install/odin_comms/lib/python3.10/site-packages:${PYTHONPATH} /usr/bin/python3 -W ignore:setup.py install is deprecated setup.py develop --uninstall --editable --build-directory /home/jose/microros_ws/build/odin_comms/build
[2.179s] DEBUG:colcon.colcon_core.event_handler.log_command:Invoked command in '/home/jose/microros_ws/build/micro_ros_msgs' returned '0': CMAKE_PREFIX_PATH=${CMAKE_PREFIX_PATH}:/home/jose/microros_ws/install/odin_comms:/opt/ros/humble /usr/bin/cmake /home/jose/microros_ws/src/uros/micro_ros_msgs -DCMAKE_INSTALL_PREFIX=/home/jose/microros_ws/install/micro_ros_msgs
[2.181s] DEBUG:colcon.colcon_core.event_handler.log_command:Invoking command in '/home/jose/microros_ws/build/micro_ros_msgs': CMAKE_PREFIX_PATH=${CMAKE_PREFIX_PATH}:/home/jose/microros_ws/install/odin_comms:/opt/ros/humble /usr/bin/cmake --build /home/jose/microros_ws/build/micro_ros_msgs -- -j4 -l4
[2.340s] DEBUG:colcon.colcon_core.event_handler.log_command:Invoked command in '/home/jose/microros_ws/build/odin_comms' returned '0': PYTHONPATH=/home/jose/microros_ws/build/odin_comms/prefix_override:/usr/lib/python3/dist-packages/colcon_core/task/python/colcon_distutils_commands:/home/jose/microros_ws/install/odin_comms/lib/python3.10/site-packages:${PYTHONPATH} /usr/bin/python3 -W ignore:setup.py install is deprecated setup.py develop --uninstall --editable --build-directory /home/jose/microros_ws/build/odin_comms/build
[2.343s] DEBUG:colcon.colcon_core.event_handler.log_command:Invoking command in '/home/jose/microros_ws/src/odin_comms': PYTHONPATH=/home/jose/microros_ws/build/odin_comms/prefix_override:/usr/lib/python3/dist-packages/colcon_core/task/python/colcon_distutils_commands:/home/jose/microros_ws/install/odin_comms/lib/python3.10/site-packages:${PYTHONPATH} /usr/bin/python3 -W ignore:setup.py install is deprecated setup.py egg_info --egg-base ../../build/odin_comms build --build-base /home/jose/microros_ws/build/odin_comms/build install --record /home/jose/microros_ws/build/odin_comms/install.log --single-version-externally-managed install_data --force
[2.373s] DEBUG:colcon.colcon_core.event_handler.log_command:Invoked command in '/home/jose/microros_ws/build/micro_ros_msgs' returned '2': CMAKE_PREFIX_PATH=${CMAKE_PREFIX_PATH}:/home/jose/microros_ws/install/odin_comms:/opt/ros/humble /usr/bin/cmake --build /home/jose/microros_ws/build/micro_ros_msgs -- -j4 -l4
[2.514s] Level 1:colcon.colcon_core.environment:create_environment_scripts_only(micro_ros_msgs)
[2.515s] Level 1:colcon.colcon_core.environment:checking '/home/jose/microros_ws/install/micro_ros_msgs' for CMake module files
[2.516s] Level 1:colcon.colcon_core.environment:checking '/home/jose/microros_ws/install/micro_ros_msgs' for CMake config files
[2.517s] Level 1:colcon.colcon_core.shell:create_environment_hook('micro_ros_msgs', 'cmake_prefix_path')
[2.518s] INFO:colcon.colcon_core.shell:Creating environment hook '/home/jose/microros_ws/install/micro_ros_msgs/share/micro_ros_msgs/hook/cmake_prefix_path.ps1'
[2.519s] INFO:colcon.colcon_core.shell:Creating environment descriptor '/home/jose/microros_ws/install/micro_ros_msgs/share/micro_ros_msgs/hook/cmake_prefix_path.dsv'
[2.520s] INFO:colcon.colcon_core.shell:Creating environment hook '/home/jose/microros_ws/install/micro_ros_msgs/share/micro_ros_msgs/hook/cmake_prefix_path.sh'
[2.521s] Level 1:colcon.colcon_core.environment:checking '/home/jose/microros_ws/install/micro_ros_msgs/lib'
[2.521s] Level 1:colcon.colcon_core.shell:create_environment_hook('micro_ros_msgs', 'ld_library_path_lib')
[2.522s] INFO:colcon.colcon_core.shell:Creating environment hook '/home/jose/microros_ws/install/micro_ros_msgs/share/micro_ros_msgs/hook/ld_library_path_lib.ps1'
[2.523s] INFO:colcon.colcon_core.shell:Creating environment descriptor '/home/jose/microros_ws/install/micro_ros_msgs/share/micro_ros_msgs/hook/ld_library_path_lib.dsv'
[2.523s] INFO:colcon.colcon_core.shell:Creating environment hook '/home/jose/microros_ws/install/micro_ros_msgs/share/micro_ros_msgs/hook/ld_library_path_lib.sh'
[2.524s] Level 1:colcon.colcon_core.environment:checking '/home/jose/microros_ws/install/micro_ros_msgs/bin'
[2.524s] Level 1:colcon.colcon_core.environment:checking '/home/jose/microros_ws/install/micro_ros_msgs/lib/pkgconfig/micro_ros_msgs.pc'
[2.525s] Level 1:colcon.colcon_core.environment:checking '/home/jose/microros_ws/install/micro_ros_msgs/lib/python3.10/site-packages'
[2.525s] Level 1:colcon.colcon_core.environment:checking '/home/jose/microros_ws/install/micro_ros_msgs/bin'
[2.526s] INFO:colcon.colcon_core.shell:Creating package script '/home/jose/microros_ws/install/micro_ros_msgs/share/micro_ros_msgs/package.ps1'
[2.528s] INFO:colcon.colcon_core.shell:Creating package descriptor '/home/jose/microros_ws/install/micro_ros_msgs/share/micro_ros_msgs/package.dsv'
[2.529s] INFO:colcon.colcon_core.shell:Creating package script '/home/jose/microros_ws/install/micro_ros_msgs/share/micro_ros_msgs/package.sh'
[2.530s] INFO:colcon.colcon_core.shell:Creating package script '/home/jose/microros_ws/install/micro_ros_msgs/share/micro_ros_msgs/package.bash'
[2.531s] INFO:colcon.colcon_core.shell:Creating package script '/home/jose/microros_ws/install/micro_ros_msgs/share/micro_ros_msgs/package.zsh'
[2.531s] Level 1:colcon.colcon_core.environment:create_file_with_runtime_dependencies(/home/jose/microros_ws/install/micro_ros_msgs/share/colcon-core/packages/micro_ros_msgs)
[2.790s] DEBUG:colcon.colcon_parallel_executor.executor.parallel:closing loop
[2.790s] DEBUG:colcon.colcon_parallel_executor.executor.parallel:loop closed
[2.790s] DEBUG:colcon.colcon_parallel_executor.executor.parallel:run_until_complete finished with '2'
[2.790s] DEBUG:colcon.colcon_core.event_reactor:joining thread
[2.797s] INFO:colcon.colcon_core.plugin_system:Skipping extension 'colcon_notification.desktop_notification.terminal_notifier': Not used on non-Darwin systems
[2.797s] INFO:colcon.colcon_core.plugin_system:Skipping extension 'colcon_notification.desktop_notification.win32': Not used on non-Windows systems
[2.797s] INFO:colcon.colcon_notification.desktop_notification:Sending desktop notification using 'notify2'
[2.811s] DEBUG:colcon.colcon_core.event_reactor:joined thread
[2.811s] INFO:colcon.colcon_core.shell:Creating prefix script '/home/jose/microros_ws/install/local_setup.ps1'
[2.813s] INFO:colcon.colcon_core.shell:Creating prefix util module '/home/jose/microros_ws/install/_local_setup_util_ps1.py'
[2.814s] INFO:colcon.colcon_core.shell:Creating prefix chain script '/home/jose/microros_ws/install/setup.ps1'
[2.816s] INFO:colcon.colcon_core.shell:Creating prefix script '/home/jose/microros_ws/install/local_setup.sh'
[2.817s] INFO:colcon.colcon_core.shell:Creating prefix util module '/home/jose/microros_ws/install/_local_setup_util_sh.py'
[2.817s] INFO:colcon.colcon_core.shell:Creating prefix chain script '/home/jose/microros_ws/install/setup.sh'
[2.819s] INFO:colcon.colcon_core.shell:Creating prefix script '/home/jose/microros_ws/install/local_setup.bash'
[2.820s] INFO:colcon.colcon_core.shell:Creating prefix chain script '/home/jose/microros_ws/install/setup.bash'
[2.822s] INFO:colcon.colcon_core.shell:Creating prefix script '/home/jose/microros_ws/install/local_setup.zsh'
[2.823s] INFO:colcon.colcon_core.shell:Creating prefix chain script '/home/jose/microros_ws/install/setup.zsh'
