[0.759s] Invoking command in '/home/jose/microros_ws/src/odin_nav': PYTHONPATH=/home/jose/microros_ws/build/odin_nav/prefix_override:/usr/lib/python3/dist-packages/colcon_core/task/python/colcon_distutils_commands:/home/jose/microros_ws/install/odin_nav/lib/python3.10/site-packages:${PYTHONPATH} /usr/bin/python3 -W ignore:setup.py install is deprecated setup.py egg_info --egg-base ../../build/odin_nav build --build-base /home/jose/microros_ws/build/odin_nav/build install --record /home/jose/microros_ws/build/odin_nav/install.log --single-version-externally-managed install_data
[0.957s] running egg_info
[0.958s] writing ../../build/odin_nav/odin_nav.egg-info/PKG-INFO
[0.958s] writing dependency_links to ../../build/odin_nav/odin_nav.egg-info/dependency_links.txt
[0.958s] writing entry points to ../../build/odin_nav/odin_nav.egg-info/entry_points.txt
[0.958s] writing requirements to ../../build/odin_nav/odin_nav.egg-info/requires.txt
[0.958s] writing top-level names to ../../build/odin_nav/odin_nav.egg-info/top_level.txt
[0.960s] reading manifest file '../../build/odin_nav/odin_nav.egg-info/SOURCES.txt'
[0.961s] writing manifest file '../../build/odin_nav/odin_nav.egg-info/SOURCES.txt'
[0.961s] running build
[0.961s] running build_py
[0.961s] copying odin_nav/map_pub.py -> /home/jose/microros_ws/build/odin_nav/build/lib/odin_nav
[0.961s] running install
[0.962s] running install_lib
[0.962s] copying /home/jose/microros_ws/build/odin_nav/build/lib/odin_nav/map_pub.py -> /home/jose/microros_ws/install/odin_nav/lib/python3.10/site-packages/odin_nav
[0.963s] byte-compiling /home/jose/microros_ws/install/odin_nav/lib/python3.10/site-packages/odin_nav/map_pub.py to map_pub.cpython-310.pyc
[0.964s] running install_data
[0.964s] running install_egg_info
[0.966s] removing '/home/jose/microros_ws/install/odin_nav/lib/python3.10/site-packages/odin_nav-0.0.0-py3.10.egg-info' (and everything under it)
[0.967s] Copying ../../build/odin_nav/odin_nav.egg-info to /home/jose/microros_ws/install/odin_nav/lib/python3.10/site-packages/odin_nav-0.0.0-py3.10.egg-info
[0.968s] running install_scripts
[0.985s] Installing goal_pub script to /home/jose/microros_ws/install/odin_nav/lib/odin_nav
[0.986s] Installing map_gen script to /home/jose/microros_ws/install/odin_nav/lib/odin_nav
[0.986s] Installing map_pub script to /home/jose/microros_ws/install/odin_nav/lib/odin_nav
[0.986s] Installing odom_node script to /home/jose/microros_ws/install/odin_nav/lib/odin_nav
[0.986s] writing list of installed files to '/home/jose/microros_ws/build/odin_nav/install.log'
[1.020s] Invoked command in '/home/jose/microros_ws/src/odin_nav' returned '0': PYTHONPATH=/home/jose/microros_ws/build/odin_nav/prefix_override:/usr/lib/python3/dist-packages/colcon_core/task/python/colcon_distutils_commands:/home/jose/microros_ws/install/odin_nav/lib/python3.10/site-packages:${PYTHONPATH} /usr/bin/python3 -W ignore:setup.py install is deprecated setup.py egg_info --egg-base ../../build/odin_nav build --build-base /home/jose/microros_ws/build/odin_nav/build install --record /home/jose/microros_ws/build/odin_nav/install.log --single-version-externally-managed install_data
