-- The C compiler identification is GNU 11.4.0
-- The CXX compiler identification is GNU 11.4.0
-- Detecting C compiler ABI info
-- Detecting C compiler ABI info - done
-- Check for working C compiler: /usr/bin/cc - skipped
-- Detecting C compile features
-- Detecting C compile features - done
-- Detecting CXX compiler ABI info
-- Detecting CXX compiler ABI info - done
-- Check for working CXX compiler: /usr/bin/c++ - skipped
-- Detecting CXX compile features
-- Detecting CXX compile features - done
-- Found ament_cmake: 1.3.10 (/opt/ros/humble/share/ament_cmake/cmake)
-- Found Python3: /usr/bin/python3 (found version "3.10.12") found components: Interpreter 
-- Found rclcpp: 16.0.10 (/opt/ros/humble/share/rclcpp/cmake)
-- Found rosidl_generator_c: 3.1.5 (/opt/ros/humble/share/rosidl_generator_c/cmake)
-- Found rosidl_adapter: 3.1.5 (/opt/ros/humble/share/rosidl_adapter/cmake)
-- Found rosidl_generator_cpp: 3.1.5 (/opt/ros/humble/share/rosidl_generator_cpp/cmake)
-- Using all available rosidl_typesupport_c: rosidl_typesupport_fastrtps_c;rosidl_typesupport_introspection_c
-- Using all available rosidl_typesupport_cpp: rosidl_typesupport_fastrtps_cpp;rosidl_typesupport_introspection_cpp
-- Found rmw_implementation_cmake: 6.1.2 (/opt/ros/humble/share/rmw_implementation_cmake/cmake)
-- Found rmw_fastrtps_cpp: 6.2.7 (/opt/ros/humble/share/rmw_fastrtps_cpp/cmake)
-- Found OpenSSL: /usr/lib/x86_64-linux-gnu/libcrypto.so (found version "3.0.2")  
-- Found FastRTPS: /opt/ros/humble/include  
-- Using RMW implementation 'rmw_fastrtps_cpp' as default
-- Looking for pthread.h
-- Looking for pthread.h - found
-- Performing Test CMAKE_HAVE_LIBC_PTHREAD
-- Performing Test CMAKE_HAVE_LIBC_PTHREAD - Success
-- Found Threads: TRUE  
-- Found rclpy: 3.3.14 (/opt/ros/humble/share/rclpy/cmake)
-- Found geometry_msgs: 4.2.4 (/opt/ros/humble/share/geometry_msgs/cmake)
-- Found nav_msgs: 4.2.4 (/opt/ros/humble/share/nav_msgs/cmake)
-- Found sensor_msgs: 4.2.4 (/opt/ros/humble/share/sensor_msgs/cmake)
-- Found action_msgs: 1.2.1 (/opt/ros/humble/share/action_msgs/cmake)
-- Found ament_lint_auto: 0.12.11 (/opt/ros/humble/share/ament_lint_auto/cmake)
-- Added test 'copyright' to check source files copyright and LICENSE
-- Added test 'flake8' to check Python code syntax and style conventions
-- Added test 'lint_cmake' to check CMake code style
-- Added test 'pep257' to check Python code against some of the docstring style conventions in PEP 257
-- Added test 'xmllint' to check XML markup files
-- Configuring done
-- Generating done
-- Build files have been written to: /home/jose/microros_ws/build/navigation_bot_06
-- Install configuration: ""
-- Up-to-date: /home/jose/microros_ws/install/navigation_bot_06/share/navigation_bot_06/..
-- Installing: /home/jose/microros_ws/install/navigation_bot_06/share/navigation_bot_06/../odin_nav
-- Installing: /home/jose/microros_ws/install/navigation_bot_06/share/navigation_bot_06/../odin_nav/odin_nav
-- Installing: /home/jose/microros_ws/install/navigation_bot_06/share/navigation_bot_06/../odin_nav/odin_nav/__init__.py
-- Installing: /home/jose/microros_ws/install/navigation_bot_06/share/navigation_bot_06/../odin_nav/odin_nav/map_pub.py
-- Installing: /home/jose/microros_ws/install/navigation_bot_06/share/navigation_bot_06/../odin_nav/setup.py
-- Installing: /home/jose/microros_ws/install/navigation_bot_06/share/navigation_bot_06/../odin_nav/rviz
-- Installing: /home/jose/microros_ws/install/navigation_bot_06/share/navigation_bot_06/../odin_nav/rviz/urdf_config.rviz
-- Installing: /home/jose/microros_ws/install/navigation_bot_06/share/navigation_bot_06/../odin_nav/test
-- Installing: /home/jose/microros_ws/install/navigation_bot_06/share/navigation_bot_06/../odin_nav/test/test_flake8.py
-- Installing: /home/jose/microros_ws/install/navigation_bot_06/share/navigation_bot_06/../odin_nav/test/test_pep257.py
-- Installing: /home/jose/microros_ws/install/navigation_bot_06/share/navigation_bot_06/../odin_nav/test/test_copyright.py
-- Installing: /home/jose/microros_ws/install/navigation_bot_06/share/navigation_bot_06/../odin_nav/share
-- Installing: /home/jose/microros_ws/install/navigation_bot_06/share/navigation_bot_06/../odin_nav/setup.cfg
-- Installing: /home/jose/microros_ws/install/navigation_bot_06/share/navigation_bot_06/../odin_nav/resource
-- Installing: /home/jose/microros_ws/install/navigation_bot_06/share/navigation_bot_06/../odin_nav/resource/odin_nav
-- Installing: /home/jose/microros_ws/install/navigation_bot_06/share/navigation_bot_06/../odin_nav/launch
-- Installing: /home/jose/microros_ws/install/navigation_bot_06/share/navigation_bot_06/../odin_nav/launch/display.launch.py
-- Installing: /home/jose/microros_ws/install/navigation_bot_06/share/navigation_bot_06/../odin_nav/package.xml
-- Installing: /home/jose/microros_ws/install/navigation_bot_06/share/navigation_bot_06/../uros
-- Installing: /home/jose/microros_ws/install/navigation_bot_06/share/navigation_bot_06/../uros/micro-ROS-Agent
-- Installing: /home/jose/microros_ws/install/navigation_bot_06/share/navigation_bot_06/../uros/micro-ROS-Agent/3rd-party-licenses.txt
-- Installing: /home/jose/microros_ws/install/navigation_bot_06/share/navigation_bot_06/../uros/micro-ROS-Agent/.github
-- Installing: /home/jose/microros_ws/install/navigation_bot_06/share/navigation_bot_06/../uros/micro-ROS-Agent/.github/ISSUE_TEMPLATE
-- Installing: /home/jose/microros_ws/install/navigation_bot_06/share/navigation_bot_06/../uros/micro-ROS-Agent/.github/ISSUE_TEMPLATE/bug_report.md
-- Installing: /home/jose/microros_ws/install/navigation_bot_06/share/navigation_bot_06/../uros/micro-ROS-Agent/.github/ISSUE_TEMPLATE/general-issue.md
-- Installing: /home/jose/microros_ws/install/navigation_bot_06/share/navigation_bot_06/../uros/micro-ROS-Agent/.github/workflows
-- Installing: /home/jose/microros_ws/install/navigation_bot_06/share/navigation_bot_06/../uros/micro-ROS-Agent/.github/workflows/ci.yml
-- Installing: /home/jose/microros_ws/install/navigation_bot_06/share/navigation_bot_06/../uros/micro-ROS-Agent/NOTICE
-- Installing: /home/jose/microros_ws/install/navigation_bot_06/share/navigation_bot_06/../uros/micro-ROS-Agent/snap
-- Installing: /home/jose/microros_ws/install/navigation_bot_06/share/navigation_bot_06/../uros/micro-ROS-Agent/snap/snapcraft.yaml
-- Installing: /home/jose/microros_ws/install/navigation_bot_06/share/navigation_bot_06/../uros/micro-ROS-Agent/snap/local
-- Installing: /home/jose/microros_ws/install/navigation_bot_06/share/navigation_bot_06/../uros/micro-ROS-Agent/snap/local/fastdds_no_shared_memory.xml
-- Installing: /home/jose/microros_ws/install/navigation_bot_06/share/navigation_bot_06/../uros/micro-ROS-Agent/snap/local/micro-ros-agent-daemon
-- Installing: /home/jose/microros_ws/install/navigation_bot_06/share/navigation_bot_06/../uros/micro-ROS-Agent/snap/hooks
-- Installing: /home/jose/microros_ws/install/navigation_bot_06/share/navigation_bot_06/../uros/micro-ROS-Agent/snap/hooks/configure
-- Installing: /home/jose/microros_ws/install/navigation_bot_06/share/navigation_bot_06/../uros/micro-ROS-Agent/snap/hooks/install
-- Installing: /home/jose/microros_ws/install/navigation_bot_06/share/navigation_bot_06/../uros/micro-ROS-Agent/.git
-- Installing: /home/jose/microros_ws/install/navigation_bot_06/share/navigation_bot_06/../uros/micro-ROS-Agent/.git/description
-- Installing: /home/jose/microros_ws/install/navigation_bot_06/share/navigation_bot_06/../uros/micro-ROS-Agent/.git/logs
-- Installing: /home/jose/microros_ws/install/navigation_bot_06/share/navigation_bot_06/../uros/micro-ROS-Agent/.git/logs/refs
-- Installing: /home/jose/microros_ws/install/navigation_bot_06/share/navigation_bot_06/../uros/micro-ROS-Agent/.git/logs/refs/heads
-- Installing: /home/jose/microros_ws/install/navigation_bot_06/share/navigation_bot_06/../uros/micro-ROS-Agent/.git/logs/refs/heads/humble
-- Installing: /home/jose/microros_ws/install/navigation_bot_06/share/navigation_bot_06/../uros/micro-ROS-Agent/.git/logs/refs/remotes
-- Installing: /home/jose/microros_ws/install/navigation_bot_06/share/navigation_bot_06/../uros/micro-ROS-Agent/.git/logs/refs/remotes/origin
-- Installing: /home/jose/microros_ws/install/navigation_bot_06/share/navigation_bot_06/../uros/micro-ROS-Agent/.git/logs/refs/remotes/origin/HEAD
-- Installing: /home/jose/microros_ws/install/navigation_bot_06/share/navigation_bot_06/../uros/micro-ROS-Agent/.git/logs/HEAD
-- Installing: /home/jose/microros_ws/install/navigation_bot_06/share/navigation_bot_06/../uros/micro-ROS-Agent/.git/config
-- Installing: /home/jose/microros_ws/install/navigation_bot_06/share/navigation_bot_06/../uros/micro-ROS-Agent/.git/refs
-- Installing: /home/jose/microros_ws/install/navigation_bot_06/share/navigation_bot_06/../uros/micro-ROS-Agent/.git/refs/tags
-- Installing: /home/jose/microros_ws/install/navigation_bot_06/share/navigation_bot_06/../uros/micro-ROS-Agent/.git/refs/heads
-- Installing: /home/jose/microros_ws/install/navigation_bot_06/share/navigation_bot_06/../uros/micro-ROS-Agent/.git/refs/heads/humble
-- Installing: /home/jose/microros_ws/install/navigation_bot_06/share/navigation_bot_06/../uros/micro-ROS-Agent/.git/refs/remotes
-- Installing: /home/jose/microros_ws/install/navigation_bot_06/share/navigation_bot_06/../uros/micro-ROS-Agent/.git/refs/remotes/origin
-- Installing: /home/jose/microros_ws/install/navigation_bot_06/share/navigation_bot_06/../uros/micro-ROS-Agent/.git/refs/remotes/origin/HEAD
-- Installing: /home/jose/microros_ws/install/navigation_bot_06/share/navigation_bot_06/../uros/micro-ROS-Agent/.git/branches
-- Installing: /home/jose/microros_ws/install/navigation_bot_06/share/navigation_bot_06/../uros/micro-ROS-Agent/.git/objects
-- Installing: /home/jose/microros_ws/install/navigation_bot_06/share/navigation_bot_06/../uros/micro-ROS-Agent/.git/objects/pack
-- Installing: /home/jose/microros_ws/install/navigation_bot_06/share/navigation_bot_06/../uros/micro-ROS-Agent/.git/objects/pack/pack-ee8a8fa19d25baa759ae22fdeb7ad4e178df3e32.pack
-- Installing: /home/jose/microros_ws/install/navigation_bot_06/share/navigation_bot_06/../uros/micro-ROS-Agent/.git/objects/pack/pack-ee8a8fa19d25baa759ae22fdeb7ad4e178df3e32.idx
-- Installing: /home/jose/microros_ws/install/navigation_bot_06/share/navigation_bot_06/../uros/micro-ROS-Agent/.git/objects/info
-- Installing: /home/jose/microros_ws/install/navigation_bot_06/share/navigation_bot_06/../uros/micro-ROS-Agent/.git/packed-refs
-- Installing: /home/jose/microros_ws/install/navigation_bot_06/share/navigation_bot_06/../uros/micro-ROS-Agent/.git/info
-- Installing: /home/jose/microros_ws/install/navigation_bot_06/share/navigation_bot_06/../uros/micro-ROS-Agent/.git/info/exclude
-- Installing: /home/jose/microros_ws/install/navigation_bot_06/share/navigation_bot_06/../uros/micro-ROS-Agent/.git/hooks
-- Installing: /home/jose/microros_ws/install/navigation_bot_06/share/navigation_bot_06/../uros/micro-ROS-Agent/.git/hooks/prepare-commit-msg.sample
-- Installing: /home/jose/microros_ws/install/navigation_bot_06/share/navigation_bot_06/../uros/micro-ROS-Agent/.git/hooks/pre-push.sample
-- Installing: /home/jose/microros_ws/install/navigation_bot_06/share/navigation_bot_06/../uros/micro-ROS-Agent/.git/hooks/pre-receive.sample
-- Installing: /home/jose/microros_ws/install/navigation_bot_06/share/navigation_bot_06/../uros/micro-ROS-Agent/.git/hooks/pre-merge-commit.sample
-- Installing: /home/jose/microros_ws/install/navigation_bot_06/share/navigation_bot_06/../uros/micro-ROS-Agent/.git/hooks/fsmonitor-watchman.sample
-- Installing: /home/jose/microros_ws/install/navigation_bot_06/share/navigation_bot_06/../uros/micro-ROS-Agent/.git/hooks/applypatch-msg.sample
-- Installing: /home/jose/microros_ws/install/navigation_bot_06/share/navigation_bot_06/../uros/micro-ROS-Agent/.git/hooks/pre-commit.sample
-- Installing: /home/jose/microros_ws/install/navigation_bot_06/share/navigation_bot_06/../uros/micro-ROS-Agent/.git/hooks/update.sample
-- Installing: /home/jose/microros_ws/install/navigation_bot_06/share/navigation_bot_06/../uros/micro-ROS-Agent/.git/hooks/commit-msg.sample
-- Installing: /home/jose/microros_ws/install/navigation_bot_06/share/navigation_bot_06/../uros/micro-ROS-Agent/.git/hooks/push-to-checkout.sample
-- Installing: /home/jose/microros_ws/install/navigation_bot_06/share/navigation_bot_06/../uros/micro-ROS-Agent/.git/hooks/pre-rebase.sample
-- Installing: /home/jose/microros_ws/install/navigation_bot_06/share/navigation_bot_06/../uros/micro-ROS-Agent/.git/hooks/post-update.sample
-- Installing: /home/jose/microros_ws/install/navigation_bot_06/share/navigation_bot_06/../uros/micro-ROS-Agent/.git/hooks/pre-applypatch.sample
-- Installing: /home/jose/microros_ws/install/navigation_bot_06/share/navigation_bot_06/../uros/micro-ROS-Agent/.git/HEAD
-- Installing: /home/jose/microros_ws/install/navigation_bot_06/share/navigation_bot_06/../uros/micro-ROS-Agent/.git/index
-- Installing: /home/jose/microros_ws/install/navigation_bot_06/share/navigation_bot_06/../uros/micro-ROS-Agent/LICENSE
-- Installing: /home/jose/microros_ws/install/navigation_bot_06/share/navigation_bot_06/../uros/micro-ROS-Agent/CONTRIBUTING.md
-- Installing: /home/jose/microros_ws/install/navigation_bot_06/share/navigation_bot_06/../uros/micro-ROS-Agent/micro_ros_agent
-- Installing: /home/jose/microros_ws/install/navigation_bot_06/share/navigation_bot_06/../uros/micro-ROS-Agent/micro_ros_agent/include
-- Installing: /home/jose/microros_ws/install/navigation_bot_06/share/navigation_bot_06/../uros/micro-ROS-Agent/micro_ros_agent/include/agent
-- Installing: /home/jose/microros_ws/install/navigation_bot_06/share/navigation_bot_06/../uros/micro-ROS-Agent/micro_ros_agent/include/agent/graph_manager
-- Installing: /home/jose/microros_ws/install/navigation_bot_06/share/navigation_bot_06/../uros/micro-ROS-Agent/micro_ros_agent/include/agent/graph_manager/graph_typesupport.hpp
-- Installing: /home/jose/microros_ws/install/navigation_bot_06/share/navigation_bot_06/../uros/micro-ROS-Agent/micro_ros_agent/include/agent/graph_manager/graph_manager.hpp
-- Installing: /home/jose/microros_ws/install/navigation_bot_06/share/navigation_bot_06/../uros/micro-ROS-Agent/micro_ros_agent/include/agent/Agent.hpp
-- Installing: /home/jose/microros_ws/install/navigation_bot_06/share/navigation_bot_06/../uros/micro-ROS-Agent/micro_ros_agent/include/agent/utils
-- Installing: /home/jose/microros_ws/install/navigation_bot_06/share/navigation_bot_06/../uros/micro-ROS-Agent/micro_ros_agent/include/agent/utils/demangle.hpp
-- Installing: /home/jose/microros_ws/install/navigation_bot_06/share/navigation_bot_06/../uros/micro-ROS-Agent/micro_ros_agent/cmake
-- Installing: /home/jose/microros_ws/install/navigation_bot_06/share/navigation_bot_06/../uros/micro-ROS-Agent/micro_ros_agent/cmake/SuperBuild.cmake
-- Installing: /home/jose/microros_ws/install/navigation_bot_06/share/navigation_bot_06/../uros/micro-ROS-Agent/micro_ros_agent/CMakeLists.txt
-- Installing: /home/jose/microros_ws/install/navigation_bot_06/share/navigation_bot_06/../uros/micro-ROS-Agent/micro_ros_agent/bin
-- Installing: /home/jose/microros_ws/install/navigation_bot_06/share/navigation_bot_06/../uros/micro-ROS-Agent/micro_ros_agent/bin/Xml_read_default_profiles.py
-- Installing: /home/jose/microros_ws/install/navigation_bot_06/share/navigation_bot_06/../uros/micro-ROS-Agent/micro_ros_agent/bin/Xml_interface_gen.py
-- Installing: /home/jose/microros_ws/install/navigation_bot_06/share/navigation_bot_06/../uros/micro-ROS-Agent/micro_ros_agent/resource
-- Installing: /home/jose/microros_ws/install/navigation_bot_06/share/navigation_bot_06/../uros/micro-ROS-Agent/micro_ros_agent/resource/rclcpp.xml
-- Installing: /home/jose/microros_ws/install/navigation_bot_06/share/navigation_bot_06/../uros/micro-ROS-Agent/micro_ros_agent/resource/StaticValues.xml
-- Installing: /home/jose/microros_ws/install/navigation_bot_06/share/navigation_bot_06/../uros/micro-ROS-Agent/micro_ros_agent/utils
-- Installing: /home/jose/microros_ws/install/navigation_bot_06/share/navigation_bot_06/../uros/micro-ROS-Agent/micro_ros_agent/utils/__init__.py
-- Installing: /home/jose/microros_ws/install/navigation_bot_06/share/navigation_bot_06/../uros/micro-ROS-Agent/micro_ros_agent/README.md
-- Installing: /home/jose/microros_ws/install/navigation_bot_06/share/navigation_bot_06/../uros/micro-ROS-Agent/micro_ros_agent/launch
-- Installing: /home/jose/microros_ws/install/navigation_bot_06/share/navigation_bot_06/../uros/micro-ROS-Agent/micro_ros_agent/launch/micro_ros_agent_launch.py
-- Installing: /home/jose/microros_ws/install/navigation_bot_06/share/navigation_bot_06/../uros/micro-ROS-Agent/micro_ros_agent/CHANGELOG.rst
-- Installing: /home/jose/microros_ws/install/navigation_bot_06/share/navigation_bot_06/../uros/micro-ROS-Agent/micro_ros_agent/src
-- Installing: /home/jose/microros_ws/install/navigation_bot_06/share/navigation_bot_06/../uros/micro-ROS-Agent/micro_ros_agent/src/agent
-- Installing: /home/jose/microros_ws/install/navigation_bot_06/share/navigation_bot_06/../uros/micro-ROS-Agent/micro_ros_agent/src/agent/graph_manager
-- Installing: /home/jose/microros_ws/install/navigation_bot_06/share/navigation_bot_06/../uros/micro-ROS-Agent/micro_ros_agent/src/agent/graph_manager/graph_typesupport.cpp
-- Installing: /home/jose/microros_ws/install/navigation_bot_06/share/navigation_bot_06/../uros/micro-ROS-Agent/micro_ros_agent/src/agent/graph_manager/graph_manager.cpp
-- Installing: /home/jose/microros_ws/install/navigation_bot_06/share/navigation_bot_06/../uros/micro-ROS-Agent/micro_ros_agent/src/agent/utils
-- Installing: /home/jose/microros_ws/install/navigation_bot_06/share/navigation_bot_06/../uros/micro-ROS-Agent/micro_ros_agent/src/agent/utils/demangle.cpp
-- Installing: /home/jose/microros_ws/install/navigation_bot_06/share/navigation_bot_06/../uros/micro-ROS-Agent/micro_ros_agent/src/agent/Agent.cpp
-- Installing: /home/jose/microros_ws/install/navigation_bot_06/share/navigation_bot_06/../uros/micro-ROS-Agent/micro_ros_agent/src/main.cpp
-- Installing: /home/jose/microros_ws/install/navigation_bot_06/share/navigation_bot_06/../uros/micro-ROS-Agent/micro_ros_agent/package.xml
-- Installing: /home/jose/microros_ws/install/navigation_bot_06/share/navigation_bot_06/../uros/micro-ROS-Agent/README.md
-- Installing: /home/jose/microros_ws/install/navigation_bot_06/share/navigation_bot_06/../uros/micro-ROS-Agent/.gitignore
-- Installing: /home/jose/microros_ws/install/navigation_bot_06/share/navigation_bot_06/../uros/micro_ros_msgs
-- Installing: /home/jose/microros_ws/install/navigation_bot_06/share/navigation_bot_06/../uros/micro_ros_msgs/.github
-- Installing: /home/jose/microros_ws/install/navigation_bot_06/share/navigation_bot_06/../uros/micro_ros_msgs/.github/ISSUE_TEMPLATE
-- Installing: /home/jose/microros_ws/install/navigation_bot_06/share/navigation_bot_06/../uros/micro_ros_msgs/.github/ISSUE_TEMPLATE/general-issue.md
-- Installing: /home/jose/microros_ws/install/navigation_bot_06/share/navigation_bot_06/../uros/micro_ros_msgs/CMakeLists.txt
-- Installing: /home/jose/microros_ws/install/navigation_bot_06/share/navigation_bot_06/../uros/micro_ros_msgs/.git
-- Installing: /home/jose/microros_ws/install/navigation_bot_06/share/navigation_bot_06/../uros/micro_ros_msgs/.git/description
-- Installing: /home/jose/microros_ws/install/navigation_bot_06/share/navigation_bot_06/../uros/micro_ros_msgs/.git/logs
-- Installing: /home/jose/microros_ws/install/navigation_bot_06/share/navigation_bot_06/../uros/micro_ros_msgs/.git/logs/refs
-- Installing: /home/jose/microros_ws/install/navigation_bot_06/share/navigation_bot_06/../uros/micro_ros_msgs/.git/logs/refs/heads
-- Installing: /home/jose/microros_ws/install/navigation_bot_06/share/navigation_bot_06/../uros/micro_ros_msgs/.git/logs/refs/heads/humble
-- Installing: /home/jose/microros_ws/install/navigation_bot_06/share/navigation_bot_06/../uros/micro_ros_msgs/.git/logs/refs/remotes
-- Installing: /home/jose/microros_ws/install/navigation_bot_06/share/navigation_bot_06/../uros/micro_ros_msgs/.git/logs/refs/remotes/origin
-- Installing: /home/jose/microros_ws/install/navigation_bot_06/share/navigation_bot_06/../uros/micro_ros_msgs/.git/logs/refs/remotes/origin/HEAD
-- Installing: /home/jose/microros_ws/install/navigation_bot_06/share/navigation_bot_06/../uros/micro_ros_msgs/.git/logs/HEAD
-- Installing: /home/jose/microros_ws/install/navigation_bot_06/share/navigation_bot_06/../uros/micro_ros_msgs/.git/config
-- Installing: /home/jose/microros_ws/install/navigation_bot_06/share/navigation_bot_06/../uros/micro_ros_msgs/.git/refs
-- Installing: /home/jose/microros_ws/install/navigation_bot_06/share/navigation_bot_06/../uros/micro_ros_msgs/.git/refs/tags
-- Installing: /home/jose/microros_ws/install/navigation_bot_06/share/navigation_bot_06/../uros/micro_ros_msgs/.git/refs/heads
-- Installing: /home/jose/microros_ws/install/navigation_bot_06/share/navigation_bot_06/../uros/micro_ros_msgs/.git/refs/heads/humble
-- Installing: /home/jose/microros_ws/install/navigation_bot_06/share/navigation_bot_06/../uros/micro_ros_msgs/.git/refs/remotes
-- Installing: /home/jose/microros_ws/install/navigation_bot_06/share/navigation_bot_06/../uros/micro_ros_msgs/.git/refs/remotes/origin
-- Installing: /home/jose/microros_ws/install/navigation_bot_06/share/navigation_bot_06/../uros/micro_ros_msgs/.git/refs/remotes/origin/HEAD
-- Installing: /home/jose/microros_ws/install/navigation_bot_06/share/navigation_bot_06/../uros/micro_ros_msgs/.git/branches
-- Installing: /home/jose/microros_ws/install/navigation_bot_06/share/navigation_bot_06/../uros/micro_ros_msgs/.git/objects
-- Installing: /home/jose/microros_ws/install/navigation_bot_06/share/navigation_bot_06/../uros/micro_ros_msgs/.git/objects/pack
-- Installing: /home/jose/microros_ws/install/navigation_bot_06/share/navigation_bot_06/../uros/micro_ros_msgs/.git/objects/pack/pack-ea92f76aeb073444a767e7581e2fc4c9a0120dd1.pack
-- Installing: /home/jose/microros_ws/install/navigation_bot_06/share/navigation_bot_06/../uros/micro_ros_msgs/.git/objects/pack/pack-ea92f76aeb073444a767e7581e2fc4c9a0120dd1.idx
-- Installing: /home/jose/microros_ws/install/navigation_bot_06/share/navigation_bot_06/../uros/micro_ros_msgs/.git/objects/info
-- Installing: /home/jose/microros_ws/install/navigation_bot_06/share/navigation_bot_06/../uros/micro_ros_msgs/.git/packed-refs
-- Installing: /home/jose/microros_ws/install/navigation_bot_06/share/navigation_bot_06/../uros/micro_ros_msgs/.git/info
-- Installing: /home/jose/microros_ws/install/navigation_bot_06/share/navigation_bot_06/../uros/micro_ros_msgs/.git/info/exclude
-- Installing: /home/jose/microros_ws/install/navigation_bot_06/share/navigation_bot_06/../uros/micro_ros_msgs/.git/hooks
-- Installing: /home/jose/microros_ws/install/navigation_bot_06/share/navigation_bot_06/../uros/micro_ros_msgs/.git/hooks/prepare-commit-msg.sample
-- Installing: /home/jose/microros_ws/install/navigation_bot_06/share/navigation_bot_06/../uros/micro_ros_msgs/.git/hooks/pre-push.sample
-- Installing: /home/jose/microros_ws/install/navigation_bot_06/share/navigation_bot_06/../uros/micro_ros_msgs/.git/hooks/pre-receive.sample
-- Installing: /home/jose/microros_ws/install/navigation_bot_06/share/navigation_bot_06/../uros/micro_ros_msgs/.git/hooks/pre-merge-commit.sample
-- Installing: /home/jose/microros_ws/install/navigation_bot_06/share/navigation_bot_06/../uros/micro_ros_msgs/.git/hooks/fsmonitor-watchman.sample
-- Installing: /home/jose/microros_ws/install/navigation_bot_06/share/navigation_bot_06/../uros/micro_ros_msgs/.git/hooks/applypatch-msg.sample
-- Installing: /home/jose/microros_ws/install/navigation_bot_06/share/navigation_bot_06/../uros/micro_ros_msgs/.git/hooks/pre-commit.sample
-- Installing: /home/jose/microros_ws/install/navigation_bot_06/share/navigation_bot_06/../uros/micro_ros_msgs/.git/hooks/update.sample
-- Installing: /home/jose/microros_ws/install/navigation_bot_06/share/navigation_bot_06/../uros/micro_ros_msgs/.git/hooks/commit-msg.sample
-- Installing: /home/jose/microros_ws/install/navigation_bot_06/share/navigation_bot_06/../uros/micro_ros_msgs/.git/hooks/push-to-checkout.sample
-- Installing: /home/jose/microros_ws/install/navigation_bot_06/share/navigation_bot_06/../uros/micro_ros_msgs/.git/hooks/pre-rebase.sample
-- Installing: /home/jose/microros_ws/install/navigation_bot_06/share/navigation_bot_06/../uros/micro_ros_msgs/.git/hooks/post-update.sample
-- Installing: /home/jose/microros_ws/install/navigation_bot_06/share/navigation_bot_06/../uros/micro_ros_msgs/.git/hooks/pre-applypatch.sample
-- Installing: /home/jose/microros_ws/install/navigation_bot_06/share/navigation_bot_06/../uros/micro_ros_msgs/.git/HEAD
-- Installing: /home/jose/microros_ws/install/navigation_bot_06/share/navigation_bot_06/../uros/micro_ros_msgs/.git/index
-- Installing: /home/jose/microros_ws/install/navigation_bot_06/share/navigation_bot_06/../uros/micro_ros_msgs/LICENSE
-- Installing: /home/jose/microros_ws/install/navigation_bot_06/share/navigation_bot_06/../uros/micro_ros_msgs/CONTRIBUTING.md
-- Installing: /home/jose/microros_ws/install/navigation_bot_06/share/navigation_bot_06/../uros/micro_ros_msgs/msg
-- Installing: /home/jose/microros_ws/install/navigation_bot_06/share/navigation_bot_06/../uros/micro_ros_msgs/msg/Graph.msg
-- Installing: /home/jose/microros_ws/install/navigation_bot_06/share/navigation_bot_06/../uros/micro_ros_msgs/msg/Entity.msg
-- Installing: /home/jose/microros_ws/install/navigation_bot_06/share/navigation_bot_06/../uros/micro_ros_msgs/msg/Node.msg
-- Installing: /home/jose/microros_ws/install/navigation_bot_06/share/navigation_bot_06/../uros/micro_ros_msgs/README.md
-- Installing: /home/jose/microros_ws/install/navigation_bot_06/share/navigation_bot_06/../uros/micro_ros_msgs/CHANGELOG.rst
-- Installing: /home/jose/microros_ws/install/navigation_bot_06/share/navigation_bot_06/../uros/micro_ros_msgs/.gitignore
-- Installing: /home/jose/microros_ws/install/navigation_bot_06/share/navigation_bot_06/../uros/micro_ros_msgs/package.xml
-- Installing: /home/jose/microros_ws/install/navigation_bot_06/share/navigation_bot_06/../description
-- Installing: /home/jose/microros_ws/install/navigation_bot_06/share/navigation_bot_06/../description/odin_description.urdf
-- Installing: /home/jose/microros_ws/install/navigation_bot_06/share/navigation_bot_06/../maps
-- Installing: /home/jose/microros_ws/install/navigation_bot_06/share/navigation_bot_06/../maps/maze_01_binary.png
-- Installing: /home/jose/microros_ws/install/navigation_bot_06/share/navigation_bot_06/../maps/maze_01.png
-- Installing: /home/jose/microros_ws/install/navigation_bot_06/share/navigation_bot_06/../maps/maze_01_binary.yaml
-- Installing: /home/jose/microros_ws/install/navigation_bot_06/share/navigation_bot_06/../maps/maze_01_binary.pgm
-- Installing: /home/jose/microros_ws/install/navigation_bot_06/share/navigation_bot_06/../odin_comms
-- Installing: /home/jose/microros_ws/install/navigation_bot_06/share/navigation_bot_06/../odin_comms/setup.py
-- Installing: /home/jose/microros_ws/install/navigation_bot_06/share/navigation_bot_06/../odin_comms/odin_comms
-- Installing: /home/jose/microros_ws/install/navigation_bot_06/share/navigation_bot_06/../odin_comms/odin_comms/data_subscriber.py
-- Installing: /home/jose/microros_ws/install/navigation_bot_06/share/navigation_bot_06/../odin_comms/odin_comms/control_motor1.py
-- Installing: /home/jose/microros_ws/install/navigation_bot_06/share/navigation_bot_06/../odin_comms/odin_comms/control_motor2.py
-- Installing: /home/jose/microros_ws/install/navigation_bot_06/share/navigation_bot_06/../odin_comms/odin_comms/__init__.py
-- Installing: /home/jose/microros_ws/install/navigation_bot_06/share/navigation_bot_06/../odin_comms/odin_comms/control_PID.py
-- Installing: /home/jose/microros_ws/install/navigation_bot_06/share/navigation_bot_06/../odin_comms/odin_comms/control_twist.py
-- Installing: /home/jose/microros_ws/install/navigation_bot_06/share/navigation_bot_06/../odin_comms/test
-- Installing: /home/jose/microros_ws/install/navigation_bot_06/share/navigation_bot_06/../odin_comms/test/test_flake8.py
-- Installing: /home/jose/microros_ws/install/navigation_bot_06/share/navigation_bot_06/../odin_comms/test/test_pep257.py
-- Installing: /home/jose/microros_ws/install/navigation_bot_06/share/navigation_bot_06/../odin_comms/test/test_copyright.py
-- Installing: /home/jose/microros_ws/install/navigation_bot_06/share/navigation_bot_06/../odin_comms/setup.cfg
-- Installing: /home/jose/microros_ws/install/navigation_bot_06/share/navigation_bot_06/../odin_comms/resource
-- Installing: /home/jose/microros_ws/install/navigation_bot_06/share/navigation_bot_06/../odin_comms/resource/odin_comms
-- Installing: /home/jose/microros_ws/install/navigation_bot_06/share/navigation_bot_06/../odin_comms/package.xml
-- Up-to-date: /home/jose/microros_ws/install/navigation_bot_06/share/navigation_bot_06/../navigation_bot_06
-- Installing: /home/jose/microros_ws/install/navigation_bot_06/share/navigation_bot_06/../navigation_bot_06/include
-- Installing: /home/jose/microros_ws/install/navigation_bot_06/share/navigation_bot_06/../navigation_bot_06/include/navigation_bot_06
-- Installing: /home/jose/microros_ws/install/navigation_bot_06/share/navigation_bot_06/../navigation_bot_06/description
-- Installing: /home/jose/microros_ws/install/navigation_bot_06/share/navigation_bot_06/../navigation_bot_06/description/colors.xacro
-- Installing: /home/jose/microros_ws/install/navigation_bot_06/share/navigation_bot_06/../navigation_bot_06/description/robot_core.xacro
-- Installing: /home/jose/microros_ws/install/navigation_bot_06/share/navigation_bot_06/../navigation_bot_06/description/robot.urdf.xacro
-- Installing: /home/jose/microros_ws/install/navigation_bot_06/share/navigation_bot_06/../navigation_bot_06/description/gazebo_control.xacro
-- Installing: /home/jose/microros_ws/install/navigation_bot_06/share/navigation_bot_06/../navigation_bot_06/description/camera.xacro
-- Installing: /home/jose/microros_ws/install/navigation_bot_06/share/navigation_bot_06/../navigation_bot_06/description/lidar.xacro
-- Installing: /home/jose/microros_ws/install/navigation_bot_06/share/navigation_bot_06/../navigation_bot_06/description/inertial_macros.xacro
-- Installing: /home/jose/microros_ws/install/navigation_bot_06/share/navigation_bot_06/../navigation_bot_06/description/depth_camera.xacro
-- Installing: /home/jose/microros_ws/install/navigation_bot_06/share/navigation_bot_06/../navigation_bot_06/description/imu_sensor.xacro
-- Installing: /home/jose/microros_ws/install/navigation_bot_06/share/navigation_bot_06/../navigation_bot_06/config
-- Installing: /home/jose/microros_ws/install/navigation_bot_06/share/navigation_bot_06/../navigation_bot_06/config/nav2_params.yaml
-- Installing: /home/jose/microros_ws/install/navigation_bot_06/share/navigation_bot_06/../navigation_bot_06/config/ekf.yaml
-- Installing: /home/jose/microros_ws/install/navigation_bot_06/share/navigation_bot_06/../navigation_bot_06/rviz
-- Installing: /home/jose/microros_ws/install/navigation_bot_06/share/navigation_bot_06/../navigation_bot_06/rviz/robot.rviz
-- Installing: /home/jose/microros_ws/install/navigation_bot_06/share/navigation_bot_06/../navigation_bot_06/rviz/robot_old.rviz
-- Installing: /home/jose/microros_ws/install/navigation_bot_06/share/navigation_bot_06/../navigation_bot_06/rviz/robot_new.rviz
-- Installing: /home/jose/microros_ws/install/navigation_bot_06/share/navigation_bot_06/../navigation_bot_06/CMakeLists.txt
-- Installing: /home/jose/microros_ws/install/navigation_bot_06/share/navigation_bot_06/../navigation_bot_06/scripts
-- Installing: /home/jose/microros_ws/install/navigation_bot_06/share/navigation_bot_06/../navigation_bot_06/scripts/waypoint_follower.py
-- Installing: /home/jose/microros_ws/install/navigation_bot_06/share/navigation_bot_06/../navigation_bot_06/scripts/set_entity_state_request.txt
-- Installing: /home/jose/microros_ws/install/navigation_bot_06/share/navigation_bot_06/../navigation_bot_06/scripts/robot_navigator.py
-- Installing: /home/jose/microros_ws/install/navigation_bot_06/share/navigation_bot_06/../navigation_bot_06/scripts/__pycache__
-- Installing: /home/jose/microros_ws/install/navigation_bot_06/share/navigation_bot_06/../navigation_bot_06/scripts/__pycache__/robot_navigator.cpython-38.pyc
-- Installing: /home/jose/microros_ws/install/navigation_bot_06/share/navigation_bot_06/../navigation_bot_06/launch
-- Installing: /home/jose/microros_ws/install/navigation_bot_06/share/navigation_bot_06/../navigation_bot_06/launch/main_simulation_launch.py
-- Installing: /home/jose/microros_ws/install/navigation_bot_06/share/navigation_bot_06/../navigation_bot_06/launch/globals.py
-- Installing: /home/jose/microros_ws/install/navigation_bot_06/share/navigation_bot_06/../navigation_bot_06/launch/spawn_launch.py
-- Installing: /home/jose/microros_ws/install/navigation_bot_06/share/navigation_bot_06/../navigation_bot_06/launch/slam_launch.py
-- Installing: /home/jose/microros_ws/install/navigation_bot_06/share/navigation_bot_06/../navigation_bot_06/launch/bringup_launch.py
-- Installing: /home/jose/microros_ws/install/navigation_bot_06/share/navigation_bot_06/../navigation_bot_06/launch/multi_tb3_simulation_launch.py
-- Installing: /home/jose/microros_ws/install/navigation_bot_06/share/navigation_bot_06/../navigation_bot_06/launch/localization_launch.py
-- Installing: /home/jose/microros_ws/install/navigation_bot_06/share/navigation_bot_06/../navigation_bot_06/launch/navigation_launch.py
-- Installing: /home/jose/microros_ws/install/navigation_bot_06/share/navigation_bot_06/../navigation_bot_06/launch/rviz_launch.py
-- Installing: /home/jose/microros_ws/install/navigation_bot_06/share/navigation_bot_06/../navigation_bot_06/launch/__pycache__
-- Installing: /home/jose/microros_ws/install/navigation_bot_06/share/navigation_bot_06/../navigation_bot_06/launch/__pycache__/globals.cpython-38.pyc
-- Installing: /home/jose/microros_ws/install/navigation_bot_06/share/navigation_bot_06/../navigation_bot_06/src
-- Installing: /home/jose/microros_ws/install/navigation_bot_06/share/navigation_bot_06/../navigation_bot_06/package.xml
-- Installing: /home/jose/microros_ws/install/navigation_bot_06/share/navigation_bot_06/../utils
-- Installing: /home/jose/microros_ws/install/navigation_bot_06/share/navigation_bot_06/../utils/convert_png_to_binary.py
-- Installing: /home/jose/microros_ws/install/navigation_bot_06/share/navigation_bot_06/../utils/convert_png_to_map.py
-- Installing: /home/jose/microros_ws/install/navigation_bot_06/share/navigation_bot_06/../micro_ros_setup
-- Installing: /home/jose/microros_ws/install/navigation_bot_06/share/navigation_bot_06/../micro_ros_setup/3rd-party-licenses.txt
-- Installing: /home/jose/microros_ws/install/navigation_bot_06/share/navigation_bot_06/../micro_ros_setup/.github
-- Installing: /home/jose/microros_ws/install/navigation_bot_06/share/navigation_bot_06/../micro_ros_setup/.github/ISSUE_TEMPLATE
-- Installing: /home/jose/microros_ws/install/navigation_bot_06/share/navigation_bot_06/../micro_ros_setup/.github/ISSUE_TEMPLATE/general-issue.md
-- Installing: /home/jose/microros_ws/install/navigation_bot_06/share/navigation_bot_06/../micro_ros_setup/.github/workflows
-- Installing: /home/jose/microros_ws/install/navigation_bot_06/share/navigation_bot_06/../micro_ros_setup/.github/workflows/ci.yml
-- Installing: /home/jose/microros_ws/install/navigation_bot_06/share/navigation_bot_06/../micro_ros_setup/.github/workflows/pr.yml
-- Installing: /home/jose/microros_ws/install/navigation_bot_06/share/navigation_bot_06/../micro_ros_setup/.github/workflows/nightly.yml
-- Installing: /home/jose/microros_ws/install/navigation_bot_06/share/navigation_bot_06/../micro_ros_setup/.github/CODEOWNERS
-- Installing: /home/jose/microros_ws/install/navigation_bot_06/share/navigation_bot_06/../micro_ros_setup/NOTICE
-- Installing: /home/jose/microros_ws/install/navigation_bot_06/share/navigation_bot_06/../micro_ros_setup/config
-- Installing: /home/jose/microros_ws/install/navigation_bot_06/share/navigation_bot_06/../micro_ros_setup/config/utils.sh
-- Installing: /home/jose/microros_ws/install/navigation_bot_06/share/navigation_bot_06/../micro_ros_setup/config/client_ros2_packages.txt
-- Installing: /home/jose/microros_ws/install/navigation_bot_06/share/navigation_bot_06/../micro_ros_setup/config/raspbian
-- Installing: /home/jose/microros_ws/install/navigation_bot_06/share/navigation_bot_06/../micro_ros_setup/config/raspbian/dev_uros_packages.repos
-- Installing: /home/jose/microros_ws/install/navigation_bot_06/share/navigation_bot_06/../micro_ros_setup/config/raspbian/dev_ros2_packages.txt
-- Installing: /home/jose/microros_ws/install/navigation_bot_06/share/navigation_bot_06/../micro_ros_setup/config/raspbian/generic
-- Installing: /home/jose/microros_ws/install/navigation_bot_06/share/navigation_bot_06/../micro_ros_setup/config/raspbian/generic/client_uros_packages.repos
-- Installing: /home/jose/microros_ws/install/navigation_bot_06/share/navigation_bot_06/../micro_ros_setup/config/raspbian/generic/supported_platforms
-- Installing: /home/jose/microros_ws/install/navigation_bot_06/share/navigation_bot_06/../micro_ros_setup/config/raspbian/generic/flash.sh
-- Installing: /home/jose/microros_ws/install/navigation_bot_06/share/navigation_bot_06/../micro_ros_setup/config/raspbian/generic/create.sh
-- Installing: /home/jose/microros_ws/install/navigation_bot_06/share/navigation_bot_06/../micro_ros_setup/config/raspbian/generic/client-colcon.meta
-- Installing: /home/jose/microros_ws/install/navigation_bot_06/share/navigation_bot_06/../micro_ros_setup/config/raspbian/generic/build.sh
-- Installing: /home/jose/microros_ws/install/navigation_bot_06/share/navigation_bot_06/../micro_ros_setup/config/raspbian/generic/configure.sh
-- Installing: /home/jose/microros_ws/install/navigation_bot_06/share/navigation_bot_06/../micro_ros_setup/config/agent_uros_packages.repos
-- Installing: /home/jose/microros_ws/install/navigation_bot_06/share/navigation_bot_06/../micro_ros_setup/config/client_uros_packages.repos
-- Installing: /home/jose/microros_ws/install/navigation_bot_06/share/navigation_bot_06/../micro_ros_setup/config/android
-- Installing: /home/jose/microros_ws/install/navigation_bot_06/share/navigation_bot_06/../micro_ros_setup/config/android/dev_uros_packages.repos
-- Installing: /home/jose/microros_ws/install/navigation_bot_06/share/navigation_bot_06/../micro_ros_setup/config/android/dev_ros2_packages.txt
-- Installing: /home/jose/microros_ws/install/navigation_bot_06/share/navigation_bot_06/../micro_ros_setup/config/android/generic
-- Installing: /home/jose/microros_ws/install/navigation_bot_06/share/navigation_bot_06/../micro_ros_setup/config/android/generic/client_uros_packages.repos
-- Installing: /home/jose/microros_ws/install/navigation_bot_06/share/navigation_bot_06/../micro_ros_setup/config/android/generic/flash.sh
-- Installing: /home/jose/microros_ws/install/navigation_bot_06/share/navigation_bot_06/../micro_ros_setup/config/android/generic/create.sh
-- Installing: /home/jose/microros_ws/install/navigation_bot_06/share/navigation_bot_06/../micro_ros_setup/config/android/generic/client-colcon.meta
-- Installing: /home/jose/microros_ws/install/navigation_bot_06/share/navigation_bot_06/../micro_ros_setup/config/android/generic/build.sh
-- Installing: /home/jose/microros_ws/install/navigation_bot_06/share/navigation_bot_06/../micro_ros_setup/config/android/generic/package.xml
-- Installing: /home/jose/microros_ws/install/navigation_bot_06/share/navigation_bot_06/../micro_ros_setup/config/zephyr
-- Installing: /home/jose/microros_ws/install/navigation_bot_06/share/navigation_bot_06/../micro_ros_setup/config/zephyr/dev_uros_packages.repos
-- Installing: /home/jose/microros_ws/install/navigation_bot_06/share/navigation_bot_06/../micro_ros_setup/config/zephyr/list_apps.sh
-- Installing: /home/jose/microros_ws/install/navigation_bot_06/share/navigation_bot_06/../micro_ros_setup/config/zephyr/dev_ros2_packages.txt
-- Installing: /home/jose/microros_ws/install/navigation_bot_06/share/navigation_bot_06/../micro_ros_setup/config/zephyr/generic
-- Installing: /home/jose/microros_ws/install/navigation_bot_06/share/navigation_bot_06/../micro_ros_setup/config/zephyr/generic/board.repos
-- Installing: /home/jose/microros_ws/install/navigation_bot_06/share/navigation_bot_06/../micro_ros_setup/config/zephyr/generic/client_uros_packages.repos
-- Installing: /home/jose/microros_ws/install/navigation_bot_06/share/navigation_bot_06/../micro_ros_setup/config/zephyr/generic/supported_platforms
-- Installing: /home/jose/microros_ws/install/navigation_bot_06/share/navigation_bot_06/../micro_ros_setup/config/zephyr/generic/flash.sh
-- Installing: /home/jose/microros_ws/install/navigation_bot_06/share/navigation_bot_06/../micro_ros_setup/config/zephyr/generic/create.sh
-- Installing: /home/jose/microros_ws/install/navigation_bot_06/share/navigation_bot_06/../micro_ros_setup/config/zephyr/generic/client-colcon.meta
-- Installing: /home/jose/microros_ws/install/navigation_bot_06/share/navigation_bot_06/../micro_ros_setup/config/zephyr/generic/build.sh
-- Installing: /home/jose/microros_ws/install/navigation_bot_06/share/navigation_bot_06/../micro_ros_setup/config/zephyr/generic/package.xml
-- Installing: /home/jose/microros_ws/install/navigation_bot_06/share/navigation_bot_06/../micro_ros_setup/config/zephyr/generic/configure.sh
-- Installing: /home/jose/microros_ws/install/navigation_bot_06/share/navigation_bot_06/../micro_ros_setup/config/freertos
-- Installing: /home/jose/microros_ws/install/navigation_bot_06/share/navigation_bot_06/../micro_ros_setup/config/freertos/nucleo_f446ze
-- Installing: /home/jose/microros_ws/install/navigation_bot_06/share/navigation_bot_06/../micro_ros_setup/config/freertos/nucleo_f446ze/board.repos
-- Installing: /home/jose/microros_ws/install/navigation_bot_06/share/navigation_bot_06/../micro_ros_setup/config/freertos/nucleo_f446ze/client_uros_packages.repos
-- Installing: /home/jose/microros_ws/install/navigation_bot_06/share/navigation_bot_06/../micro_ros_setup/config/freertos/nucleo_f446ze/flash.sh
-- Installing: /home/jose/microros_ws/install/navigation_bot_06/share/navigation_bot_06/../micro_ros_setup/config/freertos/nucleo_f446ze/create.sh
-- Installing: /home/jose/microros_ws/install/navigation_bot_06/share/navigation_bot_06/../micro_ros_setup/config/freertos/nucleo_f446ze/client-colcon.meta
-- Installing: /home/jose/microros_ws/install/navigation_bot_06/share/navigation_bot_06/../micro_ros_setup/config/freertos/nucleo_f446ze/build.sh
-- Installing: /home/jose/microros_ws/install/navigation_bot_06/share/navigation_bot_06/../micro_ros_setup/config/freertos/nucleo_f446ze/package.xml
-- Installing: /home/jose/microros_ws/install/navigation_bot_06/share/navigation_bot_06/../micro_ros_setup/config/freertos/nucleo_f446ze/configure.sh
-- Installing: /home/jose/microros_ws/install/navigation_bot_06/share/navigation_bot_06/../micro_ros_setup/config/freertos/crazyflie21
-- Installing: /home/jose/microros_ws/install/navigation_bot_06/share/navigation_bot_06/../micro_ros_setup/config/freertos/crazyflie21/board.repos
-- Installing: /home/jose/microros_ws/install/navigation_bot_06/share/navigation_bot_06/../micro_ros_setup/config/freertos/crazyflie21/client_uros_packages.repos
-- Installing: /home/jose/microros_ws/install/navigation_bot_06/share/navigation_bot_06/../micro_ros_setup/config/freertos/crazyflie21/flash.sh
-- Installing: /home/jose/microros_ws/install/navigation_bot_06/share/navigation_bot_06/../micro_ros_setup/config/freertos/crazyflie21/create.sh
-- Installing: /home/jose/microros_ws/install/navigation_bot_06/share/navigation_bot_06/../micro_ros_setup/config/freertos/crazyflie21/client-colcon.meta
-- Installing: /home/jose/microros_ws/install/navigation_bot_06/share/navigation_bot_06/../micro_ros_setup/config/freertos/crazyflie21/build.sh
-- Installing: /home/jose/microros_ws/install/navigation_bot_06/share/navigation_bot_06/../micro_ros_setup/config/freertos/crazyflie21/package.xml
-- Installing: /home/jose/microros_ws/install/navigation_bot_06/share/navigation_bot_06/../micro_ros_setup/config/freertos/crazyflie21/configure.sh
-- Installing: /home/jose/microros_ws/install/navigation_bot_06/share/navigation_bot_06/../micro_ros_setup/config/freertos/dev_uros_packages.repos
-- Installing: /home/jose/microros_ws/install/navigation_bot_06/share/navigation_bot_06/../micro_ros_setup/config/freertos/nucleo_f746zg
-- Installing: /home/jose/microros_ws/install/navigation_bot_06/share/navigation_bot_06/../micro_ros_setup/config/freertos/nucleo_f746zg/board.repos
-- Installing: /home/jose/microros_ws/install/navigation_bot_06/share/navigation_bot_06/../micro_ros_setup/config/freertos/nucleo_f746zg/client_uros_packages.repos
-- Installing: /home/jose/microros_ws/install/navigation_bot_06/share/navigation_bot_06/../micro_ros_setup/config/freertos/nucleo_f746zg/flash.sh
-- Installing: /home/jose/microros_ws/install/navigation_bot_06/share/navigation_bot_06/../micro_ros_setup/config/freertos/nucleo_f746zg/create.sh
-- Installing: /home/jose/microros_ws/install/navigation_bot_06/share/navigation_bot_06/../micro_ros_setup/config/freertos/nucleo_f746zg/client-colcon.meta
-- Installing: /home/jose/microros_ws/install/navigation_bot_06/share/navigation_bot_06/../micro_ros_setup/config/freertos/nucleo_f746zg/build.sh
-- Installing: /home/jose/microros_ws/install/navigation_bot_06/share/navigation_bot_06/../micro_ros_setup/config/freertos/nucleo_f746zg/package.xml
-- Installing: /home/jose/microros_ws/install/navigation_bot_06/share/navigation_bot_06/../micro_ros_setup/config/freertos/nucleo_f746zg/configure.sh
-- Installing: /home/jose/microros_ws/install/navigation_bot_06/share/navigation_bot_06/../micro_ros_setup/config/freertos/list_apps.sh
-- Installing: /home/jose/microros_ws/install/navigation_bot_06/share/navigation_bot_06/../micro_ros_setup/config/freertos/olimex-stm32-e407
-- Installing: /home/jose/microros_ws/install/navigation_bot_06/share/navigation_bot_06/../micro_ros_setup/config/freertos/olimex-stm32-e407/board.repos
-- Installing: /home/jose/microros_ws/install/navigation_bot_06/share/navigation_bot_06/../micro_ros_setup/config/freertos/olimex-stm32-e407/client_uros_packages.repos
-- Installing: /home/jose/microros_ws/install/navigation_bot_06/share/navigation_bot_06/../micro_ros_setup/config/freertos/olimex-stm32-e407/flash.sh
-- Installing: /home/jose/microros_ws/install/navigation_bot_06/share/navigation_bot_06/../micro_ros_setup/config/freertos/olimex-stm32-e407/create.sh
-- Installing: /home/jose/microros_ws/install/navigation_bot_06/share/navigation_bot_06/../micro_ros_setup/config/freertos/olimex-stm32-e407/client-colcon.meta
-- Installing: /home/jose/microros_ws/install/navigation_bot_06/share/navigation_bot_06/../micro_ros_setup/config/freertos/olimex-stm32-e407/build.sh
-- Installing: /home/jose/microros_ws/install/navigation_bot_06/share/navigation_bot_06/../micro_ros_setup/config/freertos/olimex-stm32-e407/package.xml
-- Installing: /home/jose/microros_ws/install/navigation_bot_06/share/navigation_bot_06/../micro_ros_setup/config/freertos/olimex-stm32-e407/configure.sh
-- Installing: /home/jose/microros_ws/install/navigation_bot_06/share/navigation_bot_06/../micro_ros_setup/config/freertos/nucleo_f446re
-- Installing: /home/jose/microros_ws/install/navigation_bot_06/share/navigation_bot_06/../micro_ros_setup/config/freertos/nucleo_f446re/board.repos
-- Installing: /home/jose/microros_ws/install/navigation_bot_06/share/navigation_bot_06/../micro_ros_setup/config/freertos/nucleo_f446re/client_uros_packages.repos
-- Installing: /home/jose/microros_ws/install/navigation_bot_06/share/navigation_bot_06/../micro_ros_setup/config/freertos/nucleo_f446re/flash.sh
-- Installing: /home/jose/microros_ws/install/navigation_bot_06/share/navigation_bot_06/../micro_ros_setup/config/freertos/nucleo_f446re/create.sh
-- Installing: /home/jose/microros_ws/install/navigation_bot_06/share/navigation_bot_06/../micro_ros_setup/config/freertos/nucleo_f446re/client-colcon.meta
-- Installing: /home/jose/microros_ws/install/navigation_bot_06/share/navigation_bot_06/../micro_ros_setup/config/freertos/nucleo_f446re/build.sh
-- Installing: /home/jose/microros_ws/install/navigation_bot_06/share/navigation_bot_06/../micro_ros_setup/config/freertos/nucleo_f446re/package.xml
-- Installing: /home/jose/microros_ws/install/navigation_bot_06/share/navigation_bot_06/../micro_ros_setup/config/freertos/nucleo_f446re/configure.sh
-- Installing: /home/jose/microros_ws/install/navigation_bot_06/share/navigation_bot_06/../micro_ros_setup/config/freertos/dev_ros2_packages.txt
-- Installing: /home/jose/microros_ws/install/navigation_bot_06/share/navigation_bot_06/../micro_ros_setup/config/freertos/esp32
-- Installing: /home/jose/microros_ws/install/navigation_bot_06/share/navigation_bot_06/../micro_ros_setup/config/freertos/esp32/board.repos
-- Installing: /home/jose/microros_ws/install/navigation_bot_06/share/navigation_bot_06/../micro_ros_setup/config/freertos/esp32/client_uros_packages.repos
-- Installing: /home/jose/microros_ws/install/navigation_bot_06/share/navigation_bot_06/../micro_ros_setup/config/freertos/esp32/flash.sh
-- Installing: /home/jose/microros_ws/install/navigation_bot_06/share/navigation_bot_06/../micro_ros_setup/config/freertos/esp32/create.sh
-- Installing: /home/jose/microros_ws/install/navigation_bot_06/share/navigation_bot_06/../micro_ros_setup/config/freertos/esp32/README.md
-- Installing: /home/jose/microros_ws/install/navigation_bot_06/share/navigation_bot_06/../micro_ros_setup/config/freertos/esp32/client-colcon.meta
-- Installing: /home/jose/microros_ws/install/navigation_bot_06/share/navigation_bot_06/../micro_ros_setup/config/freertos/esp32/build.sh
-- Installing: /home/jose/microros_ws/install/navigation_bot_06/share/navigation_bot_06/../micro_ros_setup/config/freertos/esp32/package.xml
-- Installing: /home/jose/microros_ws/install/navigation_bot_06/share/navigation_bot_06/../micro_ros_setup/config/freertos/esp32/configure.sh
-- Installing: /home/jose/microros_ws/install/navigation_bot_06/share/navigation_bot_06/../micro_ros_setup/config/freertos/nucleo_f767zi
-- Installing: /home/jose/microros_ws/install/navigation_bot_06/share/navigation_bot_06/../micro_ros_setup/config/freertos/nucleo_f767zi/board.repos
-- Installing: /home/jose/microros_ws/install/navigation_bot_06/share/navigation_bot_06/../micro_ros_setup/config/freertos/nucleo_f767zi/client_uros_packages.repos
-- Installing: /home/jose/microros_ws/install/navigation_bot_06/share/navigation_bot_06/../micro_ros_setup/config/freertos/nucleo_f767zi/flash.sh
-- Installing: /home/jose/microros_ws/install/navigation_bot_06/share/navigation_bot_06/../micro_ros_setup/config/freertos/nucleo_f767zi/create.sh
-- Installing: /home/jose/microros_ws/install/navigation_bot_06/share/navigation_bot_06/../micro_ros_setup/config/freertos/nucleo_f767zi/client-colcon.meta
-- Installing: /home/jose/microros_ws/install/navigation_bot_06/share/navigation_bot_06/../micro_ros_setup/config/freertos/nucleo_f767zi/build.sh
-- Installing: /home/jose/microros_ws/install/navigation_bot_06/share/navigation_bot_06/../micro_ros_setup/config/freertos/nucleo_f767zi/package.xml
-- Installing: /home/jose/microros_ws/install/navigation_bot_06/share/navigation_bot_06/../micro_ros_setup/config/freertos/nucleo_f767zi/configure.sh
-- Installing: /home/jose/microros_ws/install/navigation_bot_06/share/navigation_bot_06/../micro_ros_setup/config/mbed
-- Installing: /home/jose/microros_ws/install/navigation_bot_06/share/navigation_bot_06/../micro_ros_setup/config/mbed/dev_uros_packages.repos
-- Installing: /home/jose/microros_ws/install/navigation_bot_06/share/navigation_bot_06/../micro_ros_setup/config/mbed/list_apps.sh
-- Installing: /home/jose/microros_ws/install/navigation_bot_06/share/navigation_bot_06/../micro_ros_setup/config/mbed/dev_ros2_packages.txt
-- Installing: /home/jose/microros_ws/install/navigation_bot_06/share/navigation_bot_06/../micro_ros_setup/config/mbed/generic
-- Installing: /home/jose/microros_ws/install/navigation_bot_06/share/navigation_bot_06/../micro_ros_setup/config/mbed/generic/board.repos
-- Installing: /home/jose/microros_ws/install/navigation_bot_06/share/navigation_bot_06/../micro_ros_setup/config/mbed/generic/client_uros_packages.repos
-- Installing: /home/jose/microros_ws/install/navigation_bot_06/share/navigation_bot_06/../micro_ros_setup/config/mbed/generic/supported_platforms
-- Installing: /home/jose/microros_ws/install/navigation_bot_06/share/navigation_bot_06/../micro_ros_setup/config/mbed/generic/flash.sh
-- Installing: /home/jose/microros_ws/install/navigation_bot_06/share/navigation_bot_06/../micro_ros_setup/config/mbed/generic/create.sh
-- Installing: /home/jose/microros_ws/install/navigation_bot_06/share/navigation_bot_06/../micro_ros_setup/config/mbed/generic/build.sh
-- Installing: /home/jose/microros_ws/install/navigation_bot_06/share/navigation_bot_06/../micro_ros_setup/config/mbed/generic/package.xml
-- Installing: /home/jose/microros_ws/install/navigation_bot_06/share/navigation_bot_06/../micro_ros_setup/config/generate_lib
-- Installing: /home/jose/microros_ws/install/navigation_bot_06/share/navigation_bot_06/../micro_ros_setup/config/generate_lib/dev_uros_packages.repos
-- Installing: /home/jose/microros_ws/install/navigation_bot_06/share/navigation_bot_06/../micro_ros_setup/config/generate_lib/dev_ros2_packages.txt
-- Installing: /home/jose/microros_ws/install/navigation_bot_06/share/navigation_bot_06/../micro_ros_setup/config/generate_lib/generic
-- Installing: /home/jose/microros_ws/install/navigation_bot_06/share/navigation_bot_06/../micro_ros_setup/config/generate_lib/generic/client_uros_packages.repos
-- Installing: /home/jose/microros_ws/install/navigation_bot_06/share/navigation_bot_06/../micro_ros_setup/config/generate_lib/generic/demo_toolchain.cmake
-- Installing: /home/jose/microros_ws/install/navigation_bot_06/share/navigation_bot_06/../micro_ros_setup/config/generate_lib/generic/flash.sh
-- Installing: /home/jose/microros_ws/install/navigation_bot_06/share/navigation_bot_06/../micro_ros_setup/config/generate_lib/generic/create.sh
-- Installing: /home/jose/microros_ws/install/navigation_bot_06/share/navigation_bot_06/../micro_ros_setup/config/generate_lib/generic/client-colcon.meta
-- Installing: /home/jose/microros_ws/install/navigation_bot_06/share/navigation_bot_06/../micro_ros_setup/config/generate_lib/generic/build.sh
-- Installing: /home/jose/microros_ws/install/navigation_bot_06/share/navigation_bot_06/../micro_ros_setup/config/generate_lib/generic/package.xml
-- Installing: /home/jose/microros_ws/install/navigation_bot_06/share/navigation_bot_06/../micro_ros_setup/config/host
-- Installing: /home/jose/microros_ws/install/navigation_bot_06/share/navigation_bot_06/../micro_ros_setup/config/host/dev_uros_packages.repos
-- Installing: /home/jose/microros_ws/install/navigation_bot_06/share/navigation_bot_06/../micro_ros_setup/config/host/client_ros2_packages.txt
-- Installing: /home/jose/microros_ws/install/navigation_bot_06/share/navigation_bot_06/../micro_ros_setup/config/host/dev_ros2_packages.txt
-- Installing: /home/jose/microros_ws/install/navigation_bot_06/share/navigation_bot_06/../micro_ros_setup/config/host/generic
-- Installing: /home/jose/microros_ws/install/navigation_bot_06/share/navigation_bot_06/../micro_ros_setup/config/host/generic/client_host_packages.repos
-- Installing: /home/jose/microros_ws/install/navigation_bot_06/share/navigation_bot_06/../micro_ros_setup/config/host/generic/client-host-colcon.meta
-- Installing: /home/jose/microros_ws/install/navigation_bot_06/share/navigation_bot_06/../micro_ros_setup/config/host/generic/flash.sh
-- Installing: /home/jose/microros_ws/install/navigation_bot_06/share/navigation_bot_06/../micro_ros_setup/config/host/generic/create.sh
-- Installing: /home/jose/microros_ws/install/navigation_bot_06/share/navigation_bot_06/../micro_ros_setup/config/host/generic/build.sh
-- Installing: /home/jose/microros_ws/install/navigation_bot_06/share/navigation_bot_06/../micro_ros_setup/config/host/generic/package.xml
-- Installing: /home/jose/microros_ws/install/navigation_bot_06/share/navigation_bot_06/../micro_ros_setup/config/renesas_ra
-- Installing: /home/jose/microros_ws/install/navigation_bot_06/share/navigation_bot_06/../micro_ros_setup/config/renesas_ra/dev_uros_packages.repos
-- Installing: /home/jose/microros_ws/install/navigation_bot_06/share/navigation_bot_06/../micro_ros_setup/config/renesas_ra/list_apps.sh
-- Installing: /home/jose/microros_ws/install/navigation_bot_06/share/navigation_bot_06/../micro_ros_setup/config/renesas_ra/ra6m5
-- Installing: /home/jose/microros_ws/install/navigation_bot_06/share/navigation_bot_06/../micro_ros_setup/config/renesas_ra/ra6m5/board.repos
-- Installing: /home/jose/microros_ws/install/navigation_bot_06/share/navigation_bot_06/../micro_ros_setup/config/renesas_ra/ra6m5/client_uros_packages.repos
-- Installing: /home/jose/microros_ws/install/navigation_bot_06/share/navigation_bot_06/../micro_ros_setup/config/renesas_ra/ra6m5/flash.sh
-- Installing: /home/jose/microros_ws/install/navigation_bot_06/share/navigation_bot_06/../micro_ros_setup/config/renesas_ra/ra6m5/create.sh
-- Installing: /home/jose/microros_ws/install/navigation_bot_06/share/navigation_bot_06/../micro_ros_setup/config/renesas_ra/ra6m5/client-colcon.meta
-- Installing: /home/jose/microros_ws/install/navigation_bot_06/share/navigation_bot_06/../micro_ros_setup/config/renesas_ra/ra6m5/build.sh
-- Installing: /home/jose/microros_ws/install/navigation_bot_06/share/navigation_bot_06/../micro_ros_setup/config/renesas_ra/ra6m5/configure.sh
-- Installing: /home/jose/microros_ws/install/navigation_bot_06/share/navigation_bot_06/../micro_ros_setup/config/renesas_ra/dev_ros2_packages.txt
-- Installing: /home/jose/microros_ws/install/navigation_bot_06/share/navigation_bot_06/../micro_ros_setup/config/agent_ros2_packages.txt
-- Installing: /home/jose/microros_ws/install/navigation_bot_06/share/navigation_bot_06/../micro_ros_setup/CMakeLists.txt
-- Installing: /home/jose/microros_ws/install/navigation_bot_06/share/navigation_bot_06/../micro_ros_setup/scripts
-- Installing: /home/jose/microros_ws/install/navigation_bot_06/share/navigation_bot_06/../micro_ros_setup/scripts/component
-- Installing: /home/jose/microros_ws/install/navigation_bot_06/share/navigation_bot_06/../micro_ros_setup/scripts/flash_firmware.sh
-- Installing: /home/jose/microros_ws/install/navigation_bot_06/share/navigation_bot_06/../micro_ros_setup/scripts/create_agent_ws.sh
-- Installing: /home/jose/microros_ws/install/navigation_bot_06/share/navigation_bot_06/../micro_ros_setup/scripts/clean_env.sh
-- Installing: /home/jose/microros_ws/install/navigation_bot_06/share/navigation_bot_06/../micro_ros_setup/scripts/create_ws.sh
-- Installing: /home/jose/microros_ws/install/navigation_bot_06/share/navigation_bot_06/../micro_ros_setup/scripts/create_firmware_ws.sh
-- Installing: /home/jose/microros_ws/install/navigation_bot_06/share/navigation_bot_06/../micro_ros_setup/scripts/configure_firmware.sh
-- Installing: /home/jose/microros_ws/install/navigation_bot_06/share/navigation_bot_06/../micro_ros_setup/scripts/build_firmware.sh
-- Installing: /home/jose/microros_ws/install/navigation_bot_06/share/navigation_bot_06/../micro_ros_setup/scripts/yaml_filter.py
-- Installing: /home/jose/microros_ws/install/navigation_bot_06/share/navigation_bot_06/../micro_ros_setup/scripts/build_agent.sh
-- Installing: /home/jose/microros_ws/install/navigation_bot_06/share/navigation_bot_06/../micro_ros_setup/.git
-- Installing: /home/jose/microros_ws/install/navigation_bot_06/share/navigation_bot_06/../micro_ros_setup/.git/description
-- Installing: /home/jose/microros_ws/install/navigation_bot_06/share/navigation_bot_06/../micro_ros_setup/.git/logs
-- Installing: /home/jose/microros_ws/install/navigation_bot_06/share/navigation_bot_06/../micro_ros_setup/.git/logs/refs
-- Installing: /home/jose/microros_ws/install/navigation_bot_06/share/navigation_bot_06/../micro_ros_setup/.git/logs/refs/heads
-- Installing: /home/jose/microros_ws/install/navigation_bot_06/share/navigation_bot_06/../micro_ros_setup/.git/logs/refs/heads/humble
-- Installing: /home/jose/microros_ws/install/navigation_bot_06/share/navigation_bot_06/../micro_ros_setup/.git/logs/refs/remotes
-- Installing: /home/jose/microros_ws/install/navigation_bot_06/share/navigation_bot_06/../micro_ros_setup/.git/logs/refs/remotes/origin
-- Installing: /home/jose/microros_ws/install/navigation_bot_06/share/navigation_bot_06/../micro_ros_setup/.git/logs/refs/remotes/origin/HEAD
-- Installing: /home/jose/microros_ws/install/navigation_bot_06/share/navigation_bot_06/../micro_ros_setup/.git/logs/HEAD
-- Installing: /home/jose/microros_ws/install/navigation_bot_06/share/navigation_bot_06/../micro_ros_setup/.git/config
-- Installing: /home/jose/microros_ws/install/navigation_bot_06/share/navigation_bot_06/../micro_ros_setup/.git/refs
-- Installing: /home/jose/microros_ws/install/navigation_bot_06/share/navigation_bot_06/../micro_ros_setup/.git/refs/tags
-- Installing: /home/jose/microros_ws/install/navigation_bot_06/share/navigation_bot_06/../micro_ros_setup/.git/refs/heads
-- Installing: /home/jose/microros_ws/install/navigation_bot_06/share/navigation_bot_06/../micro_ros_setup/.git/refs/heads/humble
-- Installing: /home/jose/microros_ws/install/navigation_bot_06/share/navigation_bot_06/../micro_ros_setup/.git/refs/remotes
-- Installing: /home/jose/microros_ws/install/navigation_bot_06/share/navigation_bot_06/../micro_ros_setup/.git/refs/remotes/origin
-- Installing: /home/jose/microros_ws/install/navigation_bot_06/share/navigation_bot_06/../micro_ros_setup/.git/refs/remotes/origin/HEAD
-- Installing: /home/jose/microros_ws/install/navigation_bot_06/share/navigation_bot_06/../micro_ros_setup/.git/branches
-- Installing: /home/jose/microros_ws/install/navigation_bot_06/share/navigation_bot_06/../micro_ros_setup/.git/objects
-- Installing: /home/jose/microros_ws/install/navigation_bot_06/share/navigation_bot_06/../micro_ros_setup/.git/objects/pack
-- Installing: /home/jose/microros_ws/install/navigation_bot_06/share/navigation_bot_06/../micro_ros_setup/.git/objects/pack/pack-70177c6f9e165dca3b55c3b466526cf025d6aab4.pack
-- Installing: /home/jose/microros_ws/install/navigation_bot_06/share/navigation_bot_06/../micro_ros_setup/.git/objects/pack/pack-70177c6f9e165dca3b55c3b466526cf025d6aab4.idx
-- Installing: /home/jose/microros_ws/install/navigation_bot_06/share/navigation_bot_06/../micro_ros_setup/.git/objects/info
-- Installing: /home/jose/microros_ws/install/navigation_bot_06/share/navigation_bot_06/../micro_ros_setup/.git/packed-refs
-- Installing: /home/jose/microros_ws/install/navigation_bot_06/share/navigation_bot_06/../micro_ros_setup/.git/info
-- Installing: /home/jose/microros_ws/install/navigation_bot_06/share/navigation_bot_06/../micro_ros_setup/.git/info/exclude
-- Installing: /home/jose/microros_ws/install/navigation_bot_06/share/navigation_bot_06/../micro_ros_setup/.git/hooks
-- Installing: /home/jose/microros_ws/install/navigation_bot_06/share/navigation_bot_06/../micro_ros_setup/.git/hooks/prepare-commit-msg.sample
-- Installing: /home/jose/microros_ws/install/navigation_bot_06/share/navigation_bot_06/../micro_ros_setup/.git/hooks/pre-push.sample
-- Installing: /home/jose/microros_ws/install/navigation_bot_06/share/navigation_bot_06/../micro_ros_setup/.git/hooks/pre-receive.sample
-- Installing: /home/jose/microros_ws/install/navigation_bot_06/share/navigation_bot_06/../micro_ros_setup/.git/hooks/pre-merge-commit.sample
-- Installing: /home/jose/microros_ws/install/navigation_bot_06/share/navigation_bot_06/../micro_ros_setup/.git/hooks/fsmonitor-watchman.sample
-- Installing: /home/jose/microros_ws/install/navigation_bot_06/share/navigation_bot_06/../micro_ros_setup/.git/hooks/applypatch-msg.sample
-- Installing: /home/jose/microros_ws/install/navigation_bot_06/share/navigation_bot_06/../micro_ros_setup/.git/hooks/pre-commit.sample
-- Installing: /home/jose/microros_ws/install/navigation_bot_06/share/navigation_bot_06/../micro_ros_setup/.git/hooks/update.sample
-- Installing: /home/jose/microros_ws/install/navigation_bot_06/share/navigation_bot_06/../micro_ros_setup/.git/hooks/commit-msg.sample
-- Installing: /home/jose/microros_ws/install/navigation_bot_06/share/navigation_bot_06/../micro_ros_setup/.git/hooks/push-to-checkout.sample
-- Installing: /home/jose/microros_ws/install/navigation_bot_06/share/navigation_bot_06/../micro_ros_setup/.git/hooks/pre-rebase.sample
-- Installing: /home/jose/microros_ws/install/navigation_bot_06/share/navigation_bot_06/../micro_ros_setup/.git/hooks/post-update.sample
-- Installing: /home/jose/microros_ws/install/navigation_bot_06/share/navigation_bot_06/../micro_ros_setup/.git/hooks/pre-applypatch.sample
-- Installing: /home/jose/microros_ws/install/navigation_bot_06/share/navigation_bot_06/../micro_ros_setup/.git/HEAD
-- Installing: /home/jose/microros_ws/install/navigation_bot_06/share/navigation_bot_06/../micro_ros_setup/.git/index
-- Installing: /home/jose/microros_ws/install/navigation_bot_06/share/navigation_bot_06/../micro_ros_setup/.images
-- Installing: /home/jose/microros_ws/install/navigation_bot_06/share/navigation_bot_06/../micro_ros_setup/.images/microros_logo.png
-- Installing: /home/jose/microros_ws/install/navigation_bot_06/share/navigation_bot_06/../micro_ros_setup/LICENSE
-- Installing: /home/jose/microros_ws/install/navigation_bot_06/share/navigation_bot_06/../micro_ros_setup/CONTRIBUTING.md
-- Installing: /home/jose/microros_ws/install/navigation_bot_06/share/navigation_bot_06/../micro_ros_setup/README.md
-- Installing: /home/jose/microros_ws/install/navigation_bot_06/share/navigation_bot_06/../micro_ros_setup/CHANGELOG.rst
-- Installing: /home/jose/microros_ws/install/navigation_bot_06/share/navigation_bot_06/../micro_ros_setup/.gitignore
-- Installing: /home/jose/microros_ws/install/navigation_bot_06/share/navigation_bot_06/../micro_ros_setup/package.xml
-- Installing: /home/jose/microros_ws/install/navigation_bot_06/share/navigation_bot_06/../ros2.repos
-- Installing: /home/jose/microros_ws/install/navigation_bot_06/share/navigation_bot_06/../worlds
-- Installing: /home/jose/microros_ws/install/navigation_bot_06/share/navigation_bot_06/../worlds/maze_with_charger_and_obstacle.sdf
-- Installing: /home/jose/microros_ws/install/navigation_bot_06/share/navigation_bot_06/../worlds/perfect_world.sdf
-- Installing: /home/jose/microros_ws/install/navigation_bot_06/share/navigation_bot_06/../worlds/slip.sdf
-- Installing: /home/jose/microros_ws/install/navigation_bot_06/share/navigation_bot_06/../worlds/gripper_bench.sdf
-- Installing: /home/jose/microros_ws/install/navigation_bot_06/share/navigation_bot_06/../worlds/empty.world
-- Installing: /home/jose/microros_ws/install/navigation_bot_06/share/navigation_bot_06/../worlds/maze.sdf
-- Installing: /home/jose/microros_ws/install/navigation_bot_06/share/navigation_bot_06/../worlds/world_01.sdf
-- Installing: /home/jose/microros_ws/install/navigation_bot_06/share/navigation_bot_06/../worlds/world_25d_05.sdf
-- Installing: /home/jose/microros_ws/install/navigation_bot_06/share/navigation_bot_06/../worlds/shapes.sdf
-- Installing: /home/jose/microros_ws/install/navigation_bot_06/share/navigation_bot_06/../worlds/empty.sdf
-- Installing: /home/jose/microros_ws/install/navigation_bot_06/share/navigation_bot_06/../worlds/world_25d.sdf
-- Installing: /home/jose/microros_ws/install/navigation_bot_06/share/navigation_bot_06/../worlds/maze_with_charger.sdf
-- Up-to-date: /home/jose/microros_ws/install/navigation_bot_06/share/navigation_bot_06/launch
-- Up-to-date: /home/jose/microros_ws/install/navigation_bot_06/share/navigation_bot_06/launch/main_simulation_launch.py
-- Up-to-date: /home/jose/microros_ws/install/navigation_bot_06/share/navigation_bot_06/launch/globals.py
-- Up-to-date: /home/jose/microros_ws/install/navigation_bot_06/share/navigation_bot_06/launch/spawn_launch.py
-- Up-to-date: /home/jose/microros_ws/install/navigation_bot_06/share/navigation_bot_06/launch/slam_launch.py
-- Up-to-date: /home/jose/microros_ws/install/navigation_bot_06/share/navigation_bot_06/launch/bringup_launch.py
-- Up-to-date: /home/jose/microros_ws/install/navigation_bot_06/share/navigation_bot_06/launch/multi_tb3_simulation_launch.py
-- Up-to-date: /home/jose/microros_ws/install/navigation_bot_06/share/navigation_bot_06/launch/localization_launch.py
-- Up-to-date: /home/jose/microros_ws/install/navigation_bot_06/share/navigation_bot_06/launch/navigation_launch.py
-- Up-to-date: /home/jose/microros_ws/install/navigation_bot_06/share/navigation_bot_06/launch/rviz_launch.py
-- Up-to-date: /home/jose/microros_ws/install/navigation_bot_06/share/navigation_bot_06/launch/__pycache__
-- Up-to-date: /home/jose/microros_ws/install/navigation_bot_06/share/navigation_bot_06/launch/__pycache__/globals.cpython-38.pyc
-- Up-to-date: /home/jose/microros_ws/install/navigation_bot_06/share/navigation_bot_06/rviz
-- Up-to-date: /home/jose/microros_ws/install/navigation_bot_06/share/navigation_bot_06/rviz/robot.rviz
-- Up-to-date: /home/jose/microros_ws/install/navigation_bot_06/share/navigation_bot_06/rviz/robot_old.rviz
-- Up-to-date: /home/jose/microros_ws/install/navigation_bot_06/share/navigation_bot_06/rviz/robot_new.rviz
-- Up-to-date: /home/jose/microros_ws/install/navigation_bot_06/share/navigation_bot_06/config
-- Up-to-date: /home/jose/microros_ws/install/navigation_bot_06/share/navigation_bot_06/config/nav2_params.yaml
-- Up-to-date: /home/jose/microros_ws/install/navigation_bot_06/share/navigation_bot_06/config/ekf.yaml
-- Up-to-date: /home/jose/microros_ws/install/navigation_bot_06/share/navigation_bot_06/description
-- Up-to-date: /home/jose/microros_ws/install/navigation_bot_06/share/navigation_bot_06/description/colors.xacro
-- Up-to-date: /home/jose/microros_ws/install/navigation_bot_06/share/navigation_bot_06/description/robot_core.xacro
-- Up-to-date: /home/jose/microros_ws/install/navigation_bot_06/share/navigation_bot_06/description/robot.urdf.xacro
-- Up-to-date: /home/jose/microros_ws/install/navigation_bot_06/share/navigation_bot_06/description/gazebo_control.xacro
-- Up-to-date: /home/jose/microros_ws/install/navigation_bot_06/share/navigation_bot_06/description/camera.xacro
-- Up-to-date: /home/jose/microros_ws/install/navigation_bot_06/share/navigation_bot_06/description/lidar.xacro
-- Up-to-date: /home/jose/microros_ws/install/navigation_bot_06/share/navigation_bot_06/description/inertial_macros.xacro
-- Up-to-date: /home/jose/microros_ws/install/navigation_bot_06/share/navigation_bot_06/description/depth_camera.xacro
-- Up-to-date: /home/jose/microros_ws/install/navigation_bot_06/share/navigation_bot_06/description/imu_sensor.xacro
-- Up-to-date: /home/jose/microros_ws/install/navigation_bot_06/share/navigation_bot_06/scripts
-- Up-to-date: /home/jose/microros_ws/install/navigation_bot_06/share/navigation_bot_06/scripts/waypoint_follower.py
-- Up-to-date: /home/jose/microros_ws/install/navigation_bot_06/share/navigation_bot_06/scripts/set_entity_state_request.txt
-- Up-to-date: /home/jose/microros_ws/install/navigation_bot_06/share/navigation_bot_06/scripts/robot_navigator.py
-- Up-to-date: /home/jose/microros_ws/install/navigation_bot_06/share/navigation_bot_06/scripts/__pycache__
-- Up-to-date: /home/jose/microros_ws/install/navigation_bot_06/share/navigation_bot_06/scripts/__pycache__/robot_navigator.cpython-38.pyc
-- Installing: /home/jose/microros_ws/install/navigation_bot_06/lib/navigation_bot_06/robot_navigator.py
-- Installing: /home/jose/microros_ws/install/navigation_bot_06/lib/navigation_bot_06/waypoint_follower.py
-- Installing: /home/jose/microros_ws/install/navigation_bot_06/share/ament_index/resource_index/package_run_dependencies/navigation_bot_06
-- Installing: /home/jose/microros_ws/install/navigation_bot_06/share/ament_index/resource_index/parent_prefix_path/navigation_bot_06
-- Installing: /home/jose/microros_ws/install/navigation_bot_06/share/navigation_bot_06/environment/ament_prefix_path.sh
-- Installing: /home/jose/microros_ws/install/navigation_bot_06/share/navigation_bot_06/environment/ament_prefix_path.dsv
-- Installing: /home/jose/microros_ws/install/navigation_bot_06/share/navigation_bot_06/environment/path.sh
-- Installing: /home/jose/microros_ws/install/navigation_bot_06/share/navigation_bot_06/environment/path.dsv
-- Installing: /home/jose/microros_ws/install/navigation_bot_06/share/navigation_bot_06/local_setup.bash
-- Installing: /home/jose/microros_ws/install/navigation_bot_06/share/navigation_bot_06/local_setup.sh
-- Installing: /home/jose/microros_ws/install/navigation_bot_06/share/navigation_bot_06/local_setup.zsh
-- Installing: /home/jose/microros_ws/install/navigation_bot_06/share/navigation_bot_06/local_setup.dsv
-- Installing: /home/jose/microros_ws/install/navigation_bot_06/share/navigation_bot_06/package.dsv
-- Installing: /home/jose/microros_ws/install/navigation_bot_06/share/ament_index/resource_index/packages/navigation_bot_06
-- Installing: /home/jose/microros_ws/install/navigation_bot_06/share/navigation_bot_06/cmake/navigation_bot_06Config.cmake
-- Installing: /home/jose/microros_ws/install/navigation_bot_06/share/navigation_bot_06/cmake/navigation_bot_06Config-version.cmake
-- Up-to-date: /home/jose/microros_ws/install/navigation_bot_06/share/navigation_bot_06/package.xml
