[0.026s] Invoking command in '/home/jose/microros_ws/build/navigation_bot_06': CMAKE_PREFIX_PATH=${CMAKE_PREFIX_PATH}:/home/jose/microros_ws/install/odin_nav2:/home/jose/microros_ws/install/odin_nav:/home/jose/microros_ws/install/odin_comms:/opt/ros/humble /usr/bin/cmake /home/jose/microros_ws/src/navigation_bot_06 -DCMAKE_INSTALL_PREFIX=/home/jose/microros_ws/install/navigation_bot_06
[0.423s] -- The C compiler identification is GNU 11.4.0
[0.743s] -- The CXX compiler identification is GNU 11.4.0
[0.760s] -- Detecting C compiler ABI info
[0.852s] -- Detecting C compiler ABI info - done
[0.857s] -- Check for working C compiler: /usr/bin/cc - skipped
[0.859s] -- Detecting C compile features
[0.859s] -- Detecting C compile features - done
[0.864s] -- Detecting CXX compiler ABI info
[0.950s] -- Detecting CXX compiler ABI info - done
[0.956s] -- Check for working CXX compiler: /usr/bin/c++ - skipped
[0.956s] -- Detecting CXX compile features
[0.956s] -- Detecting CXX compile features - done
[0.975s] -- Found ament_cmake: 1.3.10 (/opt/ros/humble/share/ament_cmake/cmake)
[1.120s] -- Found Python3: /usr/bin/python3 (found version "3.10.12") found components: Interpreter 
[1.236s] -- Found rclcpp: 16.0.10 (/opt/ros/humble/share/rclcpp/cmake)
[1.321s] -- Found rosidl_generator_c: 3.1.5 (/opt/ros/humble/share/rosidl_generator_c/cmake)
[1.331s] -- Found rosidl_adapter: 3.1.5 (/opt/ros/humble/share/rosidl_adapter/cmake)
[1.347s] -- Found rosidl_generator_cpp: 3.1.5 (/opt/ros/humble/share/rosidl_generator_cpp/cmake)
[1.375s] -- Using all available rosidl_typesupport_c: rosidl_typesupport_fastrtps_c;rosidl_typesupport_introspection_c
[1.404s] -- Using all available rosidl_typesupport_cpp: rosidl_typesupport_fastrtps_cpp;rosidl_typesupport_introspection_cpp
[1.485s] -- Found rmw_implementation_cmake: 6.1.2 (/opt/ros/humble/share/rmw_implementation_cmake/cmake)
[1.491s] -- Found rmw_fastrtps_cpp: 6.2.7 (/opt/ros/humble/share/rmw_fastrtps_cpp/cmake)
[1.614s] -- Found OpenSSL: /usr/lib/x86_64-linux-gnu/libcrypto.so (found version "3.0.2")  
[1.641s] -- Found FastRTPS: /opt/ros/humble/include  
[1.678s] -- Using RMW implementation 'rmw_fastrtps_cpp' as default
[1.695s] -- Looking for pthread.h
[1.782s] -- Looking for pthread.h - found
[1.783s] -- Performing Test CMAKE_HAVE_LIBC_PTHREAD
[1.853s] -- Performing Test CMAKE_HAVE_LIBC_PTHREAD - Success
[1.854s] -- Found Threads: TRUE  
[1.934s] -- Found rclpy: 3.3.14 (/opt/ros/humble/share/rclpy/cmake)
[1.937s] -- Found geometry_msgs: 4.2.4 (/opt/ros/humble/share/geometry_msgs/cmake)
[1.959s] -- Found nav_msgs: 4.2.4 (/opt/ros/humble/share/nav_msgs/cmake)
[1.984s] -- Found sensor_msgs: 4.2.4 (/opt/ros/humble/share/sensor_msgs/cmake)
[2.009s] -- Found action_msgs: 1.2.1 (/opt/ros/humble/share/action_msgs/cmake)
[2.049s] -- Found ament_lint_auto: 0.12.11 (/opt/ros/humble/share/ament_lint_auto/cmake)
[2.162s] -- Added test 'copyright' to check source files copyright and LICENSE
[2.168s] -- Added test 'flake8' to check Python code syntax and style conventions
[2.169s] -- Added test 'lint_cmake' to check CMake code style
[2.171s] -- Added test 'pep257' to check Python code against some of the docstring style conventions in PEP 257
[2.174s] -- Added test 'xmllint' to check XML markup files
[2.176s] -- Configuring done
[2.181s] -- Generating done
[2.182s] -- Build files have been written to: /home/jose/microros_ws/build/navigation_bot_06
[2.191s] Invoked command in '/home/jose/microros_ws/build/navigation_bot_06' returned '0': CMAKE_PREFIX_PATH=${CMAKE_PREFIX_PATH}:/home/jose/microros_ws/install/odin_nav2:/home/jose/microros_ws/install/odin_nav:/home/jose/microros_ws/install/odin_comms:/opt/ros/humble /usr/bin/cmake /home/jose/microros_ws/src/navigation_bot_06 -DCMAKE_INSTALL_PREFIX=/home/jose/microros_ws/install/navigation_bot_06
[2.192s] Invoking command in '/home/jose/microros_ws/build/navigation_bot_06': CMAKE_PREFIX_PATH=${CMAKE_PREFIX_PATH}:/home/jose/microros_ws/install/odin_nav2:/home/jose/microros_ws/install/odin_nav:/home/jose/microros_ws/install/odin_comms:/opt/ros/humble /usr/bin/cmake --build /home/jose/microros_ws/build/navigation_bot_06 -- -j16 -l16
[2.231s] Invoked command in '/home/jose/microros_ws/build/navigation_bot_06' returned '0': CMAKE_PREFIX_PATH=${CMAKE_PREFIX_PATH}:/home/jose/microros_ws/install/odin_nav2:/home/jose/microros_ws/install/odin_nav:/home/jose/microros_ws/install/odin_comms:/opt/ros/humble /usr/bin/cmake --build /home/jose/microros_ws/build/navigation_bot_06 -- -j16 -l16
[2.258s] Invoking command in '/home/jose/microros_ws/build/navigation_bot_06': CMAKE_PREFIX_PATH=${CMAKE_PREFIX_PATH}:/home/jose/microros_ws/install/odin_nav2:/home/jose/microros_ws/install/odin_nav:/home/jose/microros_ws/install/odin_comms:/opt/ros/humble /usr/bin/cmake --install /home/jose/microros_ws/build/navigation_bot_06
[2.263s] -- Install configuration: ""
[2.264s] -- Up-to-date: /home/jose/microros_ws/install/navigation_bot_06/share/navigation_bot_06/..
[2.264s] -- Installing: /home/jose/microros_ws/install/navigation_bot_06/share/navigation_bot_06/../odin_nav
[2.264s] -- Installing: /home/jose/microros_ws/install/navigation_bot_06/share/navigation_bot_06/../odin_nav/odin_nav
[2.264s] -- Installing: /home/jose/microros_ws/install/navigation_bot_06/share/navigation_bot_06/../odin_nav/odin_nav/__init__.py
[2.264s] -- Installing: /home/jose/microros_ws/install/navigation_bot_06/share/navigation_bot_06/../odin_nav/odin_nav/map_pub.py
[2.264s] -- Installing: /home/jose/microros_ws/install/navigation_bot_06/share/navigation_bot_06/../odin_nav/setup.py
[2.264s] -- Installing: /home/jose/microros_ws/install/navigation_bot_06/share/navigation_bot_06/../odin_nav/rviz
[2.264s] -- Installing: /home/jose/microros_ws/install/navigation_bot_06/share/navigation_bot_06/../odin_nav/rviz/urdf_config.rviz
[2.264s] -- Installing: /home/jose/microros_ws/install/navigation_bot_06/share/navigation_bot_06/../odin_nav/test
[2.264s] -- Installing: /home/jose/microros_ws/install/navigation_bot_06/share/navigation_bot_06/../odin_nav/test/test_flake8.py
[2.264s] -- Installing: /home/jose/microros_ws/install/navigation_bot_06/share/navigation_bot_06/../odin_nav/test/test_pep257.py
[2.264s] -- Installing: /home/jose/microros_ws/install/navigation_bot_06/share/navigation_bot_06/../odin_nav/test/test_copyright.py
[2.265s] -- Installing: /home/jose/microros_ws/install/navigation_bot_06/share/navigation_bot_06/../odin_nav/share
[2.265s] -- Installing: /home/jose/microros_ws/install/navigation_bot_06/share/navigation_bot_06/../odin_nav/setup.cfg
[2.265s] -- Installing: /home/jose/microros_ws/install/navigation_bot_06/share/navigation_bot_06/../odin_nav/resource
[2.265s] -- Installing: /home/jose/microros_ws/install/navigation_bot_06/share/navigation_bot_06/../odin_nav/resource/odin_nav
[2.265s] -- Installing: /home/jose/microros_ws/install/navigation_bot_06/share/navigation_bot_06/../odin_nav/launch
[2.265s] -- Installing: /home/jose/microros_ws/install/navigation_bot_06/share/navigation_bot_06/../odin_nav/launch/display.launch.py
[2.265s] -- Installing: /home/jose/microros_ws/install/navigation_bot_06/share/navigation_bot_06/../odin_nav/package.xml
[2.265s] -- Installing: /home/jose/microros_ws/install/navigation_bot_06/share/navigation_bot_06/../uros
[2.265s] -- Installing: /home/jose/microros_ws/install/navigation_bot_06/share/navigation_bot_06/../uros/micro-ROS-Agent
[2.265s] -- Installing: /home/jose/microros_ws/install/navigation_bot_06/share/navigation_bot_06/../uros/micro-ROS-Agent/3rd-party-licenses.txt
[2.265s] -- Installing: /home/jose/microros_ws/install/navigation_bot_06/share/navigation_bot_06/../uros/micro-ROS-Agent/.github
[2.265s] -- Installing: /home/jose/microros_ws/install/navigation_bot_06/share/navigation_bot_06/../uros/micro-ROS-Agent/.github/ISSUE_TEMPLATE
[2.265s] -- Installing: /home/jose/microros_ws/install/navigation_bot_06/share/navigation_bot_06/../uros/micro-ROS-Agent/.github/ISSUE_TEMPLATE/bug_report.md
[2.265s] -- Installing: /home/jose/microros_ws/install/navigation_bot_06/share/navigation_bot_06/../uros/micro-ROS-Agent/.github/ISSUE_TEMPLATE/general-issue.md
[2.266s] -- Installing: /home/jose/microros_ws/install/navigation_bot_06/share/navigation_bot_06/../uros/micro-ROS-Agent/.github/workflows
[2.266s] -- Installing: /home/jose/microros_ws/install/navigation_bot_06/share/navigation_bot_06/../uros/micro-ROS-Agent/.github/workflows/ci.yml
[2.266s] -- Installing: /home/jose/microros_ws/install/navigation_bot_06/share/navigation_bot_06/../uros/micro-ROS-Agent/NOTICE
[2.266s] -- Installing: /home/jose/microros_ws/install/navigation_bot_06/share/navigation_bot_06/../uros/micro-ROS-Agent/snap
[2.266s] -- Installing: /home/jose/microros_ws/install/navigation_bot_06/share/navigation_bot_06/../uros/micro-ROS-Agent/snap/snapcraft.yaml
[2.266s] -- Installing: /home/jose/microros_ws/install/navigation_bot_06/share/navigation_bot_06/../uros/micro-ROS-Agent/snap/local
[2.266s] -- Installing: /home/jose/microros_ws/install/navigation_bot_06/share/navigation_bot_06/../uros/micro-ROS-Agent/snap/local/fastdds_no_shared_memory.xml
[2.266s] -- Installing: /home/jose/microros_ws/install/navigation_bot_06/share/navigation_bot_06/../uros/micro-ROS-Agent/snap/local/micro-ros-agent-daemon
[2.266s] -- Installing: /home/jose/microros_ws/install/navigation_bot_06/share/navigation_bot_06/../uros/micro-ROS-Agent/snap/hooks
[2.266s] -- Installing: /home/jose/microros_ws/install/navigation_bot_06/share/navigation_bot_06/../uros/micro-ROS-Agent/snap/hooks/configure
[2.266s] -- Installing: /home/jose/microros_ws/install/navigation_bot_06/share/navigation_bot_06/../uros/micro-ROS-Agent/snap/hooks/install
[2.267s] -- Installing: /home/jose/microros_ws/install/navigation_bot_06/share/navigation_bot_06/../uros/micro-ROS-Agent/.git
[2.267s] -- Installing: /home/jose/microros_ws/install/navigation_bot_06/share/navigation_bot_06/../uros/micro-ROS-Agent/.git/description
[2.268s] -- Installing: /home/jose/microros_ws/install/navigation_bot_06/share/navigation_bot_06/../uros/micro-ROS-Agent/.git/logs
[2.268s] -- Installing: /home/jose/microros_ws/install/navigation_bot_06/share/navigation_bot_06/../uros/micro-ROS-Agent/.git/logs/refs
[2.268s] -- Installing: /home/jose/microros_ws/install/navigation_bot_06/share/navigation_bot_06/../uros/micro-ROS-Agent/.git/logs/refs/heads
[2.268s] -- Installing: /home/jose/microros_ws/install/navigation_bot_06/share/navigation_bot_06/../uros/micro-ROS-Agent/.git/logs/refs/heads/humble
[2.268s] -- Installing: /home/jose/microros_ws/install/navigation_bot_06/share/navigation_bot_06/../uros/micro-ROS-Agent/.git/logs/refs/remotes
[2.268s] -- Installing: /home/jose/microros_ws/install/navigation_bot_06/share/navigation_bot_06/../uros/micro-ROS-Agent/.git/logs/refs/remotes/origin
[2.268s] -- Installing: /home/jose/microros_ws/install/navigation_bot_06/share/navigation_bot_06/../uros/micro-ROS-Agent/.git/logs/refs/remotes/origin/HEAD
[2.269s] -- Installing: /home/jose/microros_ws/install/navigation_bot_06/share/navigation_bot_06/../uros/micro-ROS-Agent/.git/logs/HEAD
[2.269s] -- Installing: /home/jose/microros_ws/install/navigation_bot_06/share/navigation_bot_06/../uros/micro-ROS-Agent/.git/config
[2.269s] -- Installing: /home/jose/microros_ws/install/navigation_bot_06/share/navigation_bot_06/../uros/micro-ROS-Agent/.git/refs
[2.269s] -- Installing: /home/jose/microros_ws/install/navigation_bot_06/share/navigation_bot_06/../uros/micro-ROS-Agent/.git/refs/tags
[2.269s] -- Installing: /home/jose/microros_ws/install/navigation_bot_06/share/navigation_bot_06/../uros/micro-ROS-Agent/.git/refs/heads
[2.270s] -- Installing: /home/jose/microros_ws/install/navigation_bot_06/share/navigation_bot_06/../uros/micro-ROS-Agent/.git/refs/heads/humble
[2.270s] -- Installing: /home/jose/microros_ws/install/navigation_bot_06/share/navigation_bot_06/../uros/micro-ROS-Agent/.git/refs/remotes
[2.270s] -- Installing: /home/jose/microros_ws/install/navigation_bot_06/share/navigation_bot_06/../uros/micro-ROS-Agent/.git/refs/remotes/origin
[2.270s] -- Installing: /home/jose/microros_ws/install/navigation_bot_06/share/navigation_bot_06/../uros/micro-ROS-Agent/.git/refs/remotes/origin/HEAD
[2.271s] -- Installing: /home/jose/microros_ws/install/navigation_bot_06/share/navigation_bot_06/../uros/micro-ROS-Agent/.git/branches
[2.271s] -- Installing: /home/jose/microros_ws/install/navigation_bot_06/share/navigation_bot_06/../uros/micro-ROS-Agent/.git/objects
[2.271s] -- Installing: /home/jose/microros_ws/install/navigation_bot_06/share/navigation_bot_06/../uros/micro-ROS-Agent/.git/objects/pack
[2.271s] -- Installing: /home/jose/microros_ws/install/navigation_bot_06/share/navigation_bot_06/../uros/micro-ROS-Agent/.git/objects/pack/pack-ee8a8fa19d25baa759ae22fdeb7ad4e178df3e32.pack
[2.275s] -- Installing: /home/jose/microros_ws/install/navigation_bot_06/share/navigation_bot_06/../uros/micro-ROS-Agent/.git/objects/pack/pack-ee8a8fa19d25baa759ae22fdeb7ad4e178df3e32.idx
[2.275s] -- Installing: /home/jose/microros_ws/install/navigation_bot_06/share/navigation_bot_06/../uros/micro-ROS-Agent/.git/objects/info
[2.275s] -- Installing: /home/jose/microros_ws/install/navigation_bot_06/share/navigation_bot_06/../uros/micro-ROS-Agent/.git/packed-refs
[2.275s] -- Installing: /home/jose/microros_ws/install/navigation_bot_06/share/navigation_bot_06/../uros/micro-ROS-Agent/.git/info
[2.276s] -- Installing: /home/jose/microros_ws/install/navigation_bot_06/share/navigation_bot_06/../uros/micro-ROS-Agent/.git/info/exclude
[2.276s] -- Installing: /home/jose/microros_ws/install/navigation_bot_06/share/navigation_bot_06/../uros/micro-ROS-Agent/.git/hooks
[2.276s] -- Installing: /home/jose/microros_ws/install/navigation_bot_06/share/navigation_bot_06/../uros/micro-ROS-Agent/.git/hooks/prepare-commit-msg.sample
[2.276s] -- Installing: /home/jose/microros_ws/install/navigation_bot_06/share/navigation_bot_06/../uros/micro-ROS-Agent/.git/hooks/pre-push.sample
[2.277s] -- Installing: /home/jose/microros_ws/install/navigation_bot_06/share/navigation_bot_06/../uros/micro-ROS-Agent/.git/hooks/pre-receive.sample
[2.277s] -- Installing: /home/jose/microros_ws/install/navigation_bot_06/share/navigation_bot_06/../uros/micro-ROS-Agent/.git/hooks/pre-merge-commit.sample
[2.277s] -- Installing: /home/jose/microros_ws/install/navigation_bot_06/share/navigation_bot_06/../uros/micro-ROS-Agent/.git/hooks/fsmonitor-watchman.sample
[2.278s] -- Installing: /home/jose/microros_ws/install/navigation_bot_06/share/navigation_bot_06/../uros/micro-ROS-Agent/.git/hooks/applypatch-msg.sample
[2.278s] -- Installing: /home/jose/microros_ws/install/navigation_bot_06/share/navigation_bot_06/../uros/micro-ROS-Agent/.git/hooks/pre-commit.sample
[2.279s] -- Installing: /home/jose/microros_ws/install/navigation_bot_06/share/navigation_bot_06/../uros/micro-ROS-Agent/.git/hooks/update.sample
[2.279s] -- Installing: /home/jose/microros_ws/install/navigation_bot_06/share/navigation_bot_06/../uros/micro-ROS-Agent/.git/hooks/commit-msg.sample
[2.280s] -- Installing: /home/jose/microros_ws/install/navigation_bot_06/share/navigation_bot_06/../uros/micro-ROS-Agent/.git/hooks/push-to-checkout.sample
[2.280s] -- Installing: /home/jose/microros_ws/install/navigation_bot_06/share/navigation_bot_06/../uros/micro-ROS-Agent/.git/hooks/pre-rebase.sample
[2.280s] -- Installing: /home/jose/microros_ws/install/navigation_bot_06/share/navigation_bot_06/../uros/micro-ROS-Agent/.git/hooks/post-update.sample
[2.281s] -- Installing: /home/jose/microros_ws/install/navigation_bot_06/share/navigation_bot_06/../uros/micro-ROS-Agent/.git/hooks/pre-applypatch.sample
[2.281s] -- Installing: /home/jose/microros_ws/install/navigation_bot_06/share/navigation_bot_06/../uros/micro-ROS-Agent/.git/HEAD
[2.281s] -- Installing: /home/jose/microros_ws/install/navigation_bot_06/share/navigation_bot_06/../uros/micro-ROS-Agent/.git/index
[2.281s] -- Installing: /home/jose/microros_ws/install/navigation_bot_06/share/navigation_bot_06/../uros/micro-ROS-Agent/LICENSE
[2.282s] -- Installing: /home/jose/microros_ws/install/navigation_bot_06/share/navigation_bot_06/../uros/micro-ROS-Agent/CONTRIBUTING.md
[2.282s] -- Installing: /home/jose/microros_ws/install/navigation_bot_06/share/navigation_bot_06/../uros/micro-ROS-Agent/micro_ros_agent
[2.282s] -- Installing: /home/jose/microros_ws/install/navigation_bot_06/share/navigation_bot_06/../uros/micro-ROS-Agent/micro_ros_agent/include
[2.282s] -- Installing: /home/jose/microros_ws/install/navigation_bot_06/share/navigation_bot_06/../uros/micro-ROS-Agent/micro_ros_agent/include/agent
[2.282s] -- Installing: /home/jose/microros_ws/install/navigation_bot_06/share/navigation_bot_06/../uros/micro-ROS-Agent/micro_ros_agent/include/agent/graph_manager
[2.282s] -- Installing: /home/jose/microros_ws/install/navigation_bot_06/share/navigation_bot_06/../uros/micro-ROS-Agent/micro_ros_agent/include/agent/graph_manager/graph_typesupport.hpp
[2.282s] -- Installing: /home/jose/microros_ws/install/navigation_bot_06/share/navigation_bot_06/../uros/micro-ROS-Agent/micro_ros_agent/include/agent/graph_manager/graph_manager.hpp
[2.282s] -- Installing: /home/jose/microros_ws/install/navigation_bot_06/share/navigation_bot_06/../uros/micro-ROS-Agent/micro_ros_agent/include/agent/Agent.hpp
[2.282s] -- Installing: /home/jose/microros_ws/install/navigation_bot_06/share/navigation_bot_06/../uros/micro-ROS-Agent/micro_ros_agent/include/agent/utils
[2.282s] -- Installing: /home/jose/microros_ws/install/navigation_bot_06/share/navigation_bot_06/../uros/micro-ROS-Agent/micro_ros_agent/include/agent/utils/demangle.hpp
[2.282s] -- Installing: /home/jose/microros_ws/install/navigation_bot_06/share/navigation_bot_06/../uros/micro-ROS-Agent/micro_ros_agent/cmake
[2.282s] -- Installing: /home/jose/microros_ws/install/navigation_bot_06/share/navigation_bot_06/../uros/micro-ROS-Agent/micro_ros_agent/cmake/SuperBuild.cmake
[2.283s] -- Installing: /home/jose/microros_ws/install/navigation_bot_06/share/navigation_bot_06/../uros/micro-ROS-Agent/micro_ros_agent/CMakeLists.txt
[2.283s] -- Installing: /home/jose/microros_ws/install/navigation_bot_06/share/navigation_bot_06/../uros/micro-ROS-Agent/micro_ros_agent/bin
[2.283s] -- Installing: /home/jose/microros_ws/install/navigation_bot_06/share/navigation_bot_06/../uros/micro-ROS-Agent/micro_ros_agent/bin/Xml_read_default_profiles.py
[2.283s] -- Installing: /home/jose/microros_ws/install/navigation_bot_06/share/navigation_bot_06/../uros/micro-ROS-Agent/micro_ros_agent/bin/Xml_interface_gen.py
[2.283s] -- Installing: /home/jose/microros_ws/install/navigation_bot_06/share/navigation_bot_06/../uros/micro-ROS-Agent/micro_ros_agent/resource
[2.283s] -- Installing: /home/jose/microros_ws/install/navigation_bot_06/share/navigation_bot_06/../uros/micro-ROS-Agent/micro_ros_agent/resource/rclcpp.xml
[2.283s] -- Installing: /home/jose/microros_ws/install/navigation_bot_06/share/navigation_bot_06/../uros/micro-ROS-Agent/micro_ros_agent/resource/StaticValues.xml
[2.283s] -- Installing: /home/jose/microros_ws/install/navigation_bot_06/share/navigation_bot_06/../uros/micro-ROS-Agent/micro_ros_agent/utils
[2.283s] -- Installing: /home/jose/microros_ws/install/navigation_bot_06/share/navigation_bot_06/../uros/micro-ROS-Agent/micro_ros_agent/utils/__init__.py
[2.283s] -- Installing: /home/jose/microros_ws/install/navigation_bot_06/share/navigation_bot_06/../uros/micro-ROS-Agent/micro_ros_agent/README.md
[2.283s] -- Installing: /home/jose/microros_ws/install/navigation_bot_06/share/navigation_bot_06/../uros/micro-ROS-Agent/micro_ros_agent/launch
[2.283s] -- Installing: /home/jose/microros_ws/install/navigation_bot_06/share/navigation_bot_06/../uros/micro-ROS-Agent/micro_ros_agent/launch/micro_ros_agent_launch.py
[2.284s] -- Installing: /home/jose/microros_ws/install/navigation_bot_06/share/navigation_bot_06/../uros/micro-ROS-Agent/micro_ros_agent/CHANGELOG.rst
[2.284s] -- Installing: /home/jose/microros_ws/install/navigation_bot_06/share/navigation_bot_06/../uros/micro-ROS-Agent/micro_ros_agent/src
[2.284s] -- Installing: /home/jose/microros_ws/install/navigation_bot_06/share/navigation_bot_06/../uros/micro-ROS-Agent/micro_ros_agent/src/agent
[2.284s] -- Installing: /home/jose/microros_ws/install/navigation_bot_06/share/navigation_bot_06/../uros/micro-ROS-Agent/micro_ros_agent/src/agent/graph_manager
[2.284s] -- Installing: /home/jose/microros_ws/install/navigation_bot_06/share/navigation_bot_06/../uros/micro-ROS-Agent/micro_ros_agent/src/agent/graph_manager/graph_typesupport.cpp
[2.284s] -- Installing: /home/jose/microros_ws/install/navigation_bot_06/share/navigation_bot_06/../uros/micro-ROS-Agent/micro_ros_agent/src/agent/graph_manager/graph_manager.cpp
[2.284s] -- Installing: /home/jose/microros_ws/install/navigation_bot_06/share/navigation_bot_06/../uros/micro-ROS-Agent/micro_ros_agent/src/agent/utils
[2.284s] -- Installing: /home/jose/microros_ws/install/navigation_bot_06/share/navigation_bot_06/../uros/micro-ROS-Agent/micro_ros_agent/src/agent/utils/demangle.cpp
[2.284s] -- Installing: /home/jose/microros_ws/install/navigation_bot_06/share/navigation_bot_06/../uros/micro-ROS-Agent/micro_ros_agent/src/agent/Agent.cpp
[2.284s] -- Installing: /home/jose/microros_ws/install/navigation_bot_06/share/navigation_bot_06/../uros/micro-ROS-Agent/micro_ros_agent/src/main.cpp
[2.285s] -- Installing: /home/jose/microros_ws/install/navigation_bot_06/share/navigation_bot_06/../uros/micro-ROS-Agent/micro_ros_agent/package.xml
[2.285s] -- Installing: /home/jose/microros_ws/install/navigation_bot_06/share/navigation_bot_06/../uros/micro-ROS-Agent/README.md
[2.285s] -- Installing: /home/jose/microros_ws/install/navigation_bot_06/share/navigation_bot_06/../uros/micro-ROS-Agent/.gitignore
[2.285s] -- Installing: /home/jose/microros_ws/install/navigation_bot_06/share/navigation_bot_06/../uros/micro_ros_msgs
[2.285s] -- Installing: /home/jose/microros_ws/install/navigation_bot_06/share/navigation_bot_06/../uros/micro_ros_msgs/.github
[2.285s] -- Installing: /home/jose/microros_ws/install/navigation_bot_06/share/navigation_bot_06/../uros/micro_ros_msgs/.github/ISSUE_TEMPLATE
[2.285s] -- Installing: /home/jose/microros_ws/install/navigation_bot_06/share/navigation_bot_06/../uros/micro_ros_msgs/.github/ISSUE_TEMPLATE/general-issue.md
[2.285s] -- Installing: /home/jose/microros_ws/install/navigation_bot_06/share/navigation_bot_06/../uros/micro_ros_msgs/CMakeLists.txt
[2.285s] -- Installing: /home/jose/microros_ws/install/navigation_bot_06/share/navigation_bot_06/../uros/micro_ros_msgs/.git
[2.285s] -- Installing: /home/jose/microros_ws/install/navigation_bot_06/share/navigation_bot_06/../uros/micro_ros_msgs/.git/description
[2.286s] -- Installing: /home/jose/microros_ws/install/navigation_bot_06/share/navigation_bot_06/../uros/micro_ros_msgs/.git/logs
[2.286s] -- Installing: /home/jose/microros_ws/install/navigation_bot_06/share/navigation_bot_06/../uros/micro_ros_msgs/.git/logs/refs
[2.286s] -- Installing: /home/jose/microros_ws/install/navigation_bot_06/share/navigation_bot_06/../uros/micro_ros_msgs/.git/logs/refs/heads
[2.286s] -- Installing: /home/jose/microros_ws/install/navigation_bot_06/share/navigation_bot_06/../uros/micro_ros_msgs/.git/logs/refs/heads/humble
[2.287s] -- Installing: /home/jose/microros_ws/install/navigation_bot_06/share/navigation_bot_06/../uros/micro_ros_msgs/.git/logs/refs/remotes
[2.287s] -- Installing: /home/jose/microros_ws/install/navigation_bot_06/share/navigation_bot_06/../uros/micro_ros_msgs/.git/logs/refs/remotes/origin
[2.287s] -- Installing: /home/jose/microros_ws/install/navigation_bot_06/share/navigation_bot_06/../uros/micro_ros_msgs/.git/logs/refs/remotes/origin/HEAD
[2.287s] -- Installing: /home/jose/microros_ws/install/navigation_bot_06/share/navigation_bot_06/../uros/micro_ros_msgs/.git/logs/HEAD
[2.288s] -- Installing: /home/jose/microros_ws/install/navigation_bot_06/share/navigation_bot_06/../uros/micro_ros_msgs/.git/config
[2.288s] -- Installing: /home/jose/microros_ws/install/navigation_bot_06/share/navigation_bot_06/../uros/micro_ros_msgs/.git/refs
[2.288s] -- Installing: /home/jose/microros_ws/install/navigation_bot_06/share/navigation_bot_06/../uros/micro_ros_msgs/.git/refs/tags
[2.288s] -- Installing: /home/jose/microros_ws/install/navigation_bot_06/share/navigation_bot_06/../uros/micro_ros_msgs/.git/refs/heads
[2.288s] -- Installing: /home/jose/microros_ws/install/navigation_bot_06/share/navigation_bot_06/../uros/micro_ros_msgs/.git/refs/heads/humble
[2.288s] -- Installing: /home/jose/microros_ws/install/navigation_bot_06/share/navigation_bot_06/../uros/micro_ros_msgs/.git/refs/remotes
[2.288s] -- Installing: /home/jose/microros_ws/install/navigation_bot_06/share/navigation_bot_06/../uros/micro_ros_msgs/.git/refs/remotes/origin
[2.288s] -- Installing: /home/jose/microros_ws/install/navigation_bot_06/share/navigation_bot_06/../uros/micro_ros_msgs/.git/refs/remotes/origin/HEAD
[2.289s] -- Installing: /home/jose/microros_ws/install/navigation_bot_06/share/navigation_bot_06/../uros/micro_ros_msgs/.git/branches
[2.289s] -- Installing: /home/jose/microros_ws/install/navigation_bot_06/share/navigation_bot_06/../uros/micro_ros_msgs/.git/objects
[2.289s] -- Installing: /home/jose/microros_ws/install/navigation_bot_06/share/navigation_bot_06/../uros/micro_ros_msgs/.git/objects/pack
[2.289s] -- Installing: /home/jose/microros_ws/install/navigation_bot_06/share/navigation_bot_06/../uros/micro_ros_msgs/.git/objects/pack/pack-ea92f76aeb073444a767e7581e2fc4c9a0120dd1.pack
[2.289s] -- Installing: /home/jose/microros_ws/install/navigation_bot_06/share/navigation_bot_06/../uros/micro_ros_msgs/.git/objects/pack/pack-ea92f76aeb073444a767e7581e2fc4c9a0120dd1.idx
[2.289s] -- Installing: /home/jose/microros_ws/install/navigation_bot_06/share/navigation_bot_06/../uros/micro_ros_msgs/.git/objects/info
[2.289s] -- Installing: /home/jose/microros_ws/install/navigation_bot_06/share/navigation_bot_06/../uros/micro_ros_msgs/.git/packed-refs
[2.289s] -- Installing: /home/jose/microros_ws/install/navigation_bot_06/share/navigation_bot_06/../uros/micro_ros_msgs/.git/info
[2.289s] -- Installing: /home/jose/microros_ws/install/navigation_bot_06/share/navigation_bot_06/../uros/micro_ros_msgs/.git/info/exclude
[2.290s] -- Installing: /home/jose/microros_ws/install/navigation_bot_06/share/navigation_bot_06/../uros/micro_ros_msgs/.git/hooks
[2.290s] -- Installing: /home/jose/microros_ws/install/navigation_bot_06/share/navigation_bot_06/../uros/micro_ros_msgs/.git/hooks/prepare-commit-msg.sample
[2.290s] -- Installing: /home/jose/microros_ws/install/navigation_bot_06/share/navigation_bot_06/../uros/micro_ros_msgs/.git/hooks/pre-push.sample
[2.291s] -- Installing: /home/jose/microros_ws/install/navigation_bot_06/share/navigation_bot_06/../uros/micro_ros_msgs/.git/hooks/pre-receive.sample
[2.291s] -- Installing: /home/jose/microros_ws/install/navigation_bot_06/share/navigation_bot_06/../uros/micro_ros_msgs/.git/hooks/pre-merge-commit.sample
[2.292s] -- Installing: /home/jose/microros_ws/install/navigation_bot_06/share/navigation_bot_06/../uros/micro_ros_msgs/.git/hooks/fsmonitor-watchman.sample
[2.292s] -- Installing: /home/jose/microros_ws/install/navigation_bot_06/share/navigation_bot_06/../uros/micro_ros_msgs/.git/hooks/applypatch-msg.sample
[2.292s] -- Installing: /home/jose/microros_ws/install/navigation_bot_06/share/navigation_bot_06/../uros/micro_ros_msgs/.git/hooks/pre-commit.sample
[2.293s] -- Installing: /home/jose/microros_ws/install/navigation_bot_06/share/navigation_bot_06/../uros/micro_ros_msgs/.git/hooks/update.sample
[2.293s] -- Installing: /home/jose/microros_ws/install/navigation_bot_06/share/navigation_bot_06/../uros/micro_ros_msgs/.git/hooks/commit-msg.sample
[2.294s] -- Installing: /home/jose/microros_ws/install/navigation_bot_06/share/navigation_bot_06/../uros/micro_ros_msgs/.git/hooks/push-to-checkout.sample
[2.294s] -- Installing: /home/jose/microros_ws/install/navigation_bot_06/share/navigation_bot_06/../uros/micro_ros_msgs/.git/hooks/pre-rebase.sample
[2.294s] -- Installing: /home/jose/microros_ws/install/navigation_bot_06/share/navigation_bot_06/../uros/micro_ros_msgs/.git/hooks/post-update.sample
[2.295s] -- Installing: /home/jose/microros_ws/install/navigation_bot_06/share/navigation_bot_06/../uros/micro_ros_msgs/.git/hooks/pre-applypatch.sample
[2.295s] -- Installing: /home/jose/microros_ws/install/navigation_bot_06/share/navigation_bot_06/../uros/micro_ros_msgs/.git/HEAD
[2.295s] -- Installing: /home/jose/microros_ws/install/navigation_bot_06/share/navigation_bot_06/../uros/micro_ros_msgs/.git/index
[2.295s] -- Installing: /home/jose/microros_ws/install/navigation_bot_06/share/navigation_bot_06/../uros/micro_ros_msgs/LICENSE
[2.296s] -- Installing: /home/jose/microros_ws/install/navigation_bot_06/share/navigation_bot_06/../uros/micro_ros_msgs/CONTRIBUTING.md
[2.296s] -- Installing: /home/jose/microros_ws/install/navigation_bot_06/share/navigation_bot_06/../uros/micro_ros_msgs/msg
[2.296s] -- Installing: /home/jose/microros_ws/install/navigation_bot_06/share/navigation_bot_06/../uros/micro_ros_msgs/msg/Graph.msg
[2.296s] -- Installing: /home/jose/microros_ws/install/navigation_bot_06/share/navigation_bot_06/../uros/micro_ros_msgs/msg/Entity.msg
[2.296s] -- Installing: /home/jose/microros_ws/install/navigation_bot_06/share/navigation_bot_06/../uros/micro_ros_msgs/msg/Node.msg
[2.296s] -- Installing: /home/jose/microros_ws/install/navigation_bot_06/share/navigation_bot_06/../uros/micro_ros_msgs/README.md
[2.296s] -- Installing: /home/jose/microros_ws/install/navigation_bot_06/share/navigation_bot_06/../uros/micro_ros_msgs/CHANGELOG.rst
[2.296s] -- Installing: /home/jose/microros_ws/install/navigation_bot_06/share/navigation_bot_06/../uros/micro_ros_msgs/.gitignore
[2.296s] -- Installing: /home/jose/microros_ws/install/navigation_bot_06/share/navigation_bot_06/../uros/micro_ros_msgs/package.xml
[2.296s] -- Installing: /home/jose/microros_ws/install/navigation_bot_06/share/navigation_bot_06/../description
[2.297s] -- Installing: /home/jose/microros_ws/install/navigation_bot_06/share/navigation_bot_06/../description/odin_description.urdf
[2.297s] -- Installing: /home/jose/microros_ws/install/navigation_bot_06/share/navigation_bot_06/../maps
[2.297s] -- Installing: /home/jose/microros_ws/install/navigation_bot_06/share/navigation_bot_06/../maps/maze_01_binary.png
[2.298s] -- Installing: /home/jose/microros_ws/install/navigation_bot_06/share/navigation_bot_06/../maps/maze_01.png
[2.298s] -- Installing: /home/jose/microros_ws/install/navigation_bot_06/share/navigation_bot_06/../maps/maze_01_binary.yaml
[2.298s] -- Installing: /home/jose/microros_ws/install/navigation_bot_06/share/navigation_bot_06/../maps/maze_01_binary.pgm
[2.298s] -- Installing: /home/jose/microros_ws/install/navigation_bot_06/share/navigation_bot_06/../odin_comms
[2.298s] -- Installing: /home/jose/microros_ws/install/navigation_bot_06/share/navigation_bot_06/../odin_comms/setup.py
[2.298s] -- Installing: /home/jose/microros_ws/install/navigation_bot_06/share/navigation_bot_06/../odin_comms/odin_comms
[2.299s] -- Installing: /home/jose/microros_ws/install/navigation_bot_06/share/navigation_bot_06/../odin_comms/odin_comms/data_subscriber.py
[2.299s] -- Installing: /home/jose/microros_ws/install/navigation_bot_06/share/navigation_bot_06/../odin_comms/odin_comms/control_motor1.py
[2.299s] -- Installing: /home/jose/microros_ws/install/navigation_bot_06/share/navigation_bot_06/../odin_comms/odin_comms/control_motor2.py
[2.299s] -- Installing: /home/jose/microros_ws/install/navigation_bot_06/share/navigation_bot_06/../odin_comms/odin_comms/__init__.py
[2.299s] -- Installing: /home/jose/microros_ws/install/navigation_bot_06/share/navigation_bot_06/../odin_comms/odin_comms/control_PID.py
[2.299s] -- Installing: /home/jose/microros_ws/install/navigation_bot_06/share/navigation_bot_06/../odin_comms/odin_comms/control_twist.py
[2.299s] -- Installing: /home/jose/microros_ws/install/navigation_bot_06/share/navigation_bot_06/../odin_comms/test
[2.299s] -- Installing: /home/jose/microros_ws/install/navigation_bot_06/share/navigation_bot_06/../odin_comms/test/test_flake8.py
[2.299s] -- Installing: /home/jose/microros_ws/install/navigation_bot_06/share/navigation_bot_06/../odin_comms/test/test_pep257.py
[2.299s] -- Installing: /home/jose/microros_ws/install/navigation_bot_06/share/navigation_bot_06/../odin_comms/test/test_copyright.py
[2.300s] -- Installing: /home/jose/microros_ws/install/navigation_bot_06/share/navigation_bot_06/../odin_comms/setup.cfg
[2.300s] -- Installing: /home/jose/microros_ws/install/navigation_bot_06/share/navigation_bot_06/../odin_comms/resource
[2.300s] -- Installing: /home/jose/microros_ws/install/navigation_bot_06/share/navigation_bot_06/../odin_comms/resource/odin_comms
[2.300s] -- Installing: /home/jose/microros_ws/install/navigation_bot_06/share/navigation_bot_06/../odin_comms/package.xml
[2.300s] -- Up-to-date: /home/jose/microros_ws/install/navigation_bot_06/share/navigation_bot_06/../navigation_bot_06
[2.300s] -- Installing: /home/jose/microros_ws/install/navigation_bot_06/share/navigation_bot_06/../navigation_bot_06/include
[2.300s] -- Installing: /home/jose/microros_ws/install/navigation_bot_06/share/navigation_bot_06/../navigation_bot_06/include/navigation_bot_06
[2.300s] -- Installing: /home/jose/microros_ws/install/navigation_bot_06/share/navigation_bot_06/../navigation_bot_06/description
[2.300s] -- Installing: /home/jose/microros_ws/install/navigation_bot_06/share/navigation_bot_06/../navigation_bot_06/description/colors.xacro
[2.300s] -- Installing: /home/jose/microros_ws/install/navigation_bot_06/share/navigation_bot_06/../navigation_bot_06/description/robot_core.xacro
[2.300s] -- Installing: /home/jose/microros_ws/install/navigation_bot_06/share/navigation_bot_06/../navigation_bot_06/description/robot.urdf.xacro
[2.300s] -- Installing: /home/jose/microros_ws/install/navigation_bot_06/share/navigation_bot_06/../navigation_bot_06/description/gazebo_control.xacro
[2.301s] -- Installing: /home/jose/microros_ws/install/navigation_bot_06/share/navigation_bot_06/../navigation_bot_06/description/camera.xacro
[2.301s] -- Installing: /home/jose/microros_ws/install/navigation_bot_06/share/navigation_bot_06/../navigation_bot_06/description/lidar.xacro
[2.301s] -- Installing: /home/jose/microros_ws/install/navigation_bot_06/share/navigation_bot_06/../navigation_bot_06/description/inertial_macros.xacro
[2.301s] -- Installing: /home/jose/microros_ws/install/navigation_bot_06/share/navigation_bot_06/../navigation_bot_06/description/depth_camera.xacro
[2.301s] -- Installing: /home/jose/microros_ws/install/navigation_bot_06/share/navigation_bot_06/../navigation_bot_06/description/imu_sensor.xacro
[2.301s] -- Installing: /home/jose/microros_ws/install/navigation_bot_06/share/navigation_bot_06/../navigation_bot_06/config
[2.301s] -- Installing: /home/jose/microros_ws/install/navigation_bot_06/share/navigation_bot_06/../navigation_bot_06/config/nav2_params.yaml
[2.301s] -- Installing: /home/jose/microros_ws/install/navigation_bot_06/share/navigation_bot_06/../navigation_bot_06/config/ekf.yaml
[2.301s] -- Installing: /home/jose/microros_ws/install/navigation_bot_06/share/navigation_bot_06/../navigation_bot_06/rviz
[2.301s] -- Installing: /home/jose/microros_ws/install/navigation_bot_06/share/navigation_bot_06/../navigation_bot_06/rviz/robot.rviz
[2.302s] -- Installing: /home/jose/microros_ws/install/navigation_bot_06/share/navigation_bot_06/../navigation_bot_06/rviz/robot_old.rviz
[2.302s] -- Installing: /home/jose/microros_ws/install/navigation_bot_06/share/navigation_bot_06/../navigation_bot_06/rviz/robot_new.rviz
[2.302s] -- Installing: /home/jose/microros_ws/install/navigation_bot_06/share/navigation_bot_06/../navigation_bot_06/CMakeLists.txt
[2.302s] -- Installing: /home/jose/microros_ws/install/navigation_bot_06/share/navigation_bot_06/../navigation_bot_06/scripts
[2.302s] -- Installing: /home/jose/microros_ws/install/navigation_bot_06/share/navigation_bot_06/../navigation_bot_06/scripts/waypoint_follower.py
[2.302s] -- Installing: /home/jose/microros_ws/install/navigation_bot_06/share/navigation_bot_06/../navigation_bot_06/scripts/set_entity_state_request.txt
[2.302s] -- Installing: /home/jose/microros_ws/install/navigation_bot_06/share/navigation_bot_06/../navigation_bot_06/scripts/robot_navigator.py
[2.302s] -- Installing: /home/jose/microros_ws/install/navigation_bot_06/share/navigation_bot_06/../navigation_bot_06/scripts/__pycache__
[2.302s] -- Installing: /home/jose/microros_ws/install/navigation_bot_06/share/navigation_bot_06/../navigation_bot_06/scripts/__pycache__/robot_navigator.cpython-38.pyc
[2.302s] -- Installing: /home/jose/microros_ws/install/navigation_bot_06/share/navigation_bot_06/../navigation_bot_06/launch
[2.303s] -- Installing: /home/jose/microros_ws/install/navigation_bot_06/share/navigation_bot_06/../navigation_bot_06/launch/main_simulation_launch.py
[2.303s] -- Installing: /home/jose/microros_ws/install/navigation_bot_06/share/navigation_bot_06/../navigation_bot_06/launch/globals.py
[2.303s] -- Installing: /home/jose/microros_ws/install/navigation_bot_06/share/navigation_bot_06/../navigation_bot_06/launch/spawn_launch.py
[2.303s] -- Installing: /home/jose/microros_ws/install/navigation_bot_06/share/navigation_bot_06/../navigation_bot_06/launch/slam_launch.py
[2.303s] -- Installing: /home/jose/microros_ws/install/navigation_bot_06/share/navigation_bot_06/../navigation_bot_06/launch/bringup_launch.py
[2.303s] -- Installing: /home/jose/microros_ws/install/navigation_bot_06/share/navigation_bot_06/../navigation_bot_06/launch/multi_tb3_simulation_launch.py
[2.303s] -- Installing: /home/jose/microros_ws/install/navigation_bot_06/share/navigation_bot_06/../navigation_bot_06/launch/localization_launch.py
[2.303s] -- Installing: /home/jose/microros_ws/install/navigation_bot_06/share/navigation_bot_06/../navigation_bot_06/launch/navigation_launch.py
[2.303s] -- Installing: /home/jose/microros_ws/install/navigation_bot_06/share/navigation_bot_06/../navigation_bot_06/launch/rviz_launch.py
[2.304s] -- Installing: /home/jose/microros_ws/install/navigation_bot_06/share/navigation_bot_06/../navigation_bot_06/launch/__pycache__
[2.304s] -- Installing: /home/jose/microros_ws/install/navigation_bot_06/share/navigation_bot_06/../navigation_bot_06/launch/__pycache__/globals.cpython-38.pyc
[2.304s] -- Installing: /home/jose/microros_ws/install/navigation_bot_06/share/navigation_bot_06/../navigation_bot_06/src
[2.304s] -- Installing: /home/jose/microros_ws/install/navigation_bot_06/share/navigation_bot_06/../navigation_bot_06/package.xml
[2.304s] -- Installing: /home/jose/microros_ws/install/navigation_bot_06/share/navigation_bot_06/../utils
[2.304s] -- Installing: /home/jose/microros_ws/install/navigation_bot_06/share/navigation_bot_06/../utils/convert_png_to_binary.py
[2.304s] -- Installing: /home/jose/microros_ws/install/navigation_bot_06/share/navigation_bot_06/../utils/convert_png_to_map.py
[2.304s] -- Installing: /home/jose/microros_ws/install/navigation_bot_06/share/navigation_bot_06/../micro_ros_setup
[2.304s] -- Installing: /home/jose/microros_ws/install/navigation_bot_06/share/navigation_bot_06/../micro_ros_setup/3rd-party-licenses.txt
[2.304s] -- Installing: /home/jose/microros_ws/install/navigation_bot_06/share/navigation_bot_06/../micro_ros_setup/.github
[2.304s] -- Installing: /home/jose/microros_ws/install/navigation_bot_06/share/navigation_bot_06/../micro_ros_setup/.github/ISSUE_TEMPLATE
[2.305s] -- Installing: /home/jose/microros_ws/install/navigation_bot_06/share/navigation_bot_06/../micro_ros_setup/.github/ISSUE_TEMPLATE/general-issue.md
[2.305s] -- Installing: /home/jose/microros_ws/install/navigation_bot_06/share/navigation_bot_06/../micro_ros_setup/.github/workflows
[2.305s] -- Installing: /home/jose/microros_ws/install/navigation_bot_06/share/navigation_bot_06/../micro_ros_setup/.github/workflows/ci.yml
[2.305s] -- Installing: /home/jose/microros_ws/install/navigation_bot_06/share/navigation_bot_06/../micro_ros_setup/.github/workflows/pr.yml
[2.305s] -- Installing: /home/jose/microros_ws/install/navigation_bot_06/share/navigation_bot_06/../micro_ros_setup/.github/workflows/nightly.yml
[2.305s] -- Installing: /home/jose/microros_ws/install/navigation_bot_06/share/navigation_bot_06/../micro_ros_setup/.github/CODEOWNERS
[2.305s] -- Installing: /home/jose/microros_ws/install/navigation_bot_06/share/navigation_bot_06/../micro_ros_setup/NOTICE
[2.305s] -- Installing: /home/jose/microros_ws/install/navigation_bot_06/share/navigation_bot_06/../micro_ros_setup/config
[2.305s] -- Installing: /home/jose/microros_ws/install/navigation_bot_06/share/navigation_bot_06/../micro_ros_setup/config/utils.sh
[2.305s] -- Installing: /home/jose/microros_ws/install/navigation_bot_06/share/navigation_bot_06/../micro_ros_setup/config/client_ros2_packages.txt
[2.305s] -- Installing: /home/jose/microros_ws/install/navigation_bot_06/share/navigation_bot_06/../micro_ros_setup/config/raspbian
[2.306s] -- Installing: /home/jose/microros_ws/install/navigation_bot_06/share/navigation_bot_06/../micro_ros_setup/config/raspbian/dev_uros_packages.repos
[2.306s] -- Installing: /home/jose/microros_ws/install/navigation_bot_06/share/navigation_bot_06/../micro_ros_setup/config/raspbian/dev_ros2_packages.txt
[2.306s] -- Installing: /home/jose/microros_ws/install/navigation_bot_06/share/navigation_bot_06/../micro_ros_setup/config/raspbian/generic
[2.306s] -- Installing: /home/jose/microros_ws/install/navigation_bot_06/share/navigation_bot_06/../micro_ros_setup/config/raspbian/generic/client_uros_packages.repos
[2.306s] -- Installing: /home/jose/microros_ws/install/navigation_bot_06/share/navigation_bot_06/../micro_ros_setup/config/raspbian/generic/supported_platforms
[2.306s] -- Installing: /home/jose/microros_ws/install/navigation_bot_06/share/navigation_bot_06/../micro_ros_setup/config/raspbian/generic/flash.sh
[2.306s] -- Installing: /home/jose/microros_ws/install/navigation_bot_06/share/navigation_bot_06/../micro_ros_setup/config/raspbian/generic/create.sh
[2.306s] -- Installing: /home/jose/microros_ws/install/navigation_bot_06/share/navigation_bot_06/../micro_ros_setup/config/raspbian/generic/client-colcon.meta
[2.306s] -- Installing: /home/jose/microros_ws/install/navigation_bot_06/share/navigation_bot_06/../micro_ros_setup/config/raspbian/generic/build.sh
[2.306s] -- Installing: /home/jose/microros_ws/install/navigation_bot_06/share/navigation_bot_06/../micro_ros_setup/config/raspbian/generic/configure.sh
[2.307s] -- Installing: /home/jose/microros_ws/install/navigation_bot_06/share/navigation_bot_06/../micro_ros_setup/config/agent_uros_packages.repos
[2.307s] -- Installing: /home/jose/microros_ws/install/navigation_bot_06/share/navigation_bot_06/../micro_ros_setup/config/client_uros_packages.repos
[2.307s] -- Installing: /home/jose/microros_ws/install/navigation_bot_06/share/navigation_bot_06/../micro_ros_setup/config/android
[2.307s] -- Installing: /home/jose/microros_ws/install/navigation_bot_06/share/navigation_bot_06/../micro_ros_setup/config/android/dev_uros_packages.repos
[2.307s] -- Installing: /home/jose/microros_ws/install/navigation_bot_06/share/navigation_bot_06/../micro_ros_setup/config/android/dev_ros2_packages.txt
[2.307s] -- Installing: /home/jose/microros_ws/install/navigation_bot_06/share/navigation_bot_06/../micro_ros_setup/config/android/generic
[2.307s] -- Installing: /home/jose/microros_ws/install/navigation_bot_06/share/navigation_bot_06/../micro_ros_setup/config/android/generic/client_uros_packages.repos
[2.307s] -- Installing: /home/jose/microros_ws/install/navigation_bot_06/share/navigation_bot_06/../micro_ros_setup/config/android/generic/flash.sh
[2.307s] -- Installing: /home/jose/microros_ws/install/navigation_bot_06/share/navigation_bot_06/../micro_ros_setup/config/android/generic/create.sh
[2.307s] -- Installing: /home/jose/microros_ws/install/navigation_bot_06/share/navigation_bot_06/../micro_ros_setup/config/android/generic/client-colcon.meta
[2.308s] -- Installing: /home/jose/microros_ws/install/navigation_bot_06/share/navigation_bot_06/../micro_ros_setup/config/android/generic/build.sh
[2.308s] -- Installing: /home/jose/microros_ws/install/navigation_bot_06/share/navigation_bot_06/../micro_ros_setup/config/android/generic/package.xml
[2.308s] -- Installing: /home/jose/microros_ws/install/navigation_bot_06/share/navigation_bot_06/../micro_ros_setup/config/zephyr
[2.308s] -- Installing: /home/jose/microros_ws/install/navigation_bot_06/share/navigation_bot_06/../micro_ros_setup/config/zephyr/dev_uros_packages.repos
[2.308s] -- Installing: /home/jose/microros_ws/install/navigation_bot_06/share/navigation_bot_06/../micro_ros_setup/config/zephyr/list_apps.sh
[2.308s] -- Installing: /home/jose/microros_ws/install/navigation_bot_06/share/navigation_bot_06/../micro_ros_setup/config/zephyr/dev_ros2_packages.txt
[2.308s] -- Installing: /home/jose/microros_ws/install/navigation_bot_06/share/navigation_bot_06/../micro_ros_setup/config/zephyr/generic
[2.308s] -- Installing: /home/jose/microros_ws/install/navigation_bot_06/share/navigation_bot_06/../micro_ros_setup/config/zephyr/generic/board.repos
[2.308s] -- Installing: /home/jose/microros_ws/install/navigation_bot_06/share/navigation_bot_06/../micro_ros_setup/config/zephyr/generic/client_uros_packages.repos
[2.308s] -- Installing: /home/jose/microros_ws/install/navigation_bot_06/share/navigation_bot_06/../micro_ros_setup/config/zephyr/generic/supported_platforms
[2.309s] -- Installing: /home/jose/microros_ws/install/navigation_bot_06/share/navigation_bot_06/../micro_ros_setup/config/zephyr/generic/flash.sh
[2.309s] -- Installing: /home/jose/microros_ws/install/navigation_bot_06/share/navigation_bot_06/../micro_ros_setup/config/zephyr/generic/create.sh
[2.309s] -- Installing: /home/jose/microros_ws/install/navigation_bot_06/share/navigation_bot_06/../micro_ros_setup/config/zephyr/generic/client-colcon.meta
[2.309s] -- Installing: /home/jose/microros_ws/install/navigation_bot_06/share/navigation_bot_06/../micro_ros_setup/config/zephyr/generic/build.sh
[2.309s] -- Installing: /home/jose/microros_ws/install/navigation_bot_06/share/navigation_bot_06/../micro_ros_setup/config/zephyr/generic/package.xml
[2.309s] -- Installing: /home/jose/microros_ws/install/navigation_bot_06/share/navigation_bot_06/../micro_ros_setup/config/zephyr/generic/configure.sh
[2.309s] -- Installing: /home/jose/microros_ws/install/navigation_bot_06/share/navigation_bot_06/../micro_ros_setup/config/freertos
[2.309s] -- Installing: /home/jose/microros_ws/install/navigation_bot_06/share/navigation_bot_06/../micro_ros_setup/config/freertos/nucleo_f446ze
[2.309s] -- Installing: /home/jose/microros_ws/install/navigation_bot_06/share/navigation_bot_06/../micro_ros_setup/config/freertos/nucleo_f446ze/board.repos
[2.309s] -- Installing: /home/jose/microros_ws/install/navigation_bot_06/share/navigation_bot_06/../micro_ros_setup/config/freertos/nucleo_f446ze/client_uros_packages.repos
[2.309s] -- Installing: /home/jose/microros_ws/install/navigation_bot_06/share/navigation_bot_06/../micro_ros_setup/config/freertos/nucleo_f446ze/flash.sh
[2.310s] -- Installing: /home/jose/microros_ws/install/navigation_bot_06/share/navigation_bot_06/../micro_ros_setup/config/freertos/nucleo_f446ze/create.sh
[2.310s] -- Installing: /home/jose/microros_ws/install/navigation_bot_06/share/navigation_bot_06/../micro_ros_setup/config/freertos/nucleo_f446ze/client-colcon.meta
[2.310s] -- Installing: /home/jose/microros_ws/install/navigation_bot_06/share/navigation_bot_06/../micro_ros_setup/config/freertos/nucleo_f446ze/build.sh
[2.310s] -- Installing: /home/jose/microros_ws/install/navigation_bot_06/share/navigation_bot_06/../micro_ros_setup/config/freertos/nucleo_f446ze/package.xml
[2.310s] -- Installing: /home/jose/microros_ws/install/navigation_bot_06/share/navigation_bot_06/../micro_ros_setup/config/freertos/nucleo_f446ze/configure.sh
[2.310s] -- Installing: /home/jose/microros_ws/install/navigation_bot_06/share/navigation_bot_06/../micro_ros_setup/config/freertos/crazyflie21
[2.310s] -- Installing: /home/jose/microros_ws/install/navigation_bot_06/share/navigation_bot_06/../micro_ros_setup/config/freertos/crazyflie21/board.repos
[2.310s] -- Installing: /home/jose/microros_ws/install/navigation_bot_06/share/navigation_bot_06/../micro_ros_setup/config/freertos/crazyflie21/client_uros_packages.repos
[2.310s] -- Installing: /home/jose/microros_ws/install/navigation_bot_06/share/navigation_bot_06/../micro_ros_setup/config/freertos/crazyflie21/flash.sh
[2.310s] -- Installing: /home/jose/microros_ws/install/navigation_bot_06/share/navigation_bot_06/../micro_ros_setup/config/freertos/crazyflie21/create.sh
[2.311s] -- Installing: /home/jose/microros_ws/install/navigation_bot_06/share/navigation_bot_06/../micro_ros_setup/config/freertos/crazyflie21/client-colcon.meta
[2.311s] -- Installing: /home/jose/microros_ws/install/navigation_bot_06/share/navigation_bot_06/../micro_ros_setup/config/freertos/crazyflie21/build.sh
[2.311s] -- Installing: /home/jose/microros_ws/install/navigation_bot_06/share/navigation_bot_06/../micro_ros_setup/config/freertos/crazyflie21/package.xml
[2.311s] -- Installing: /home/jose/microros_ws/install/navigation_bot_06/share/navigation_bot_06/../micro_ros_setup/config/freertos/crazyflie21/configure.sh
[2.311s] -- Installing: /home/jose/microros_ws/install/navigation_bot_06/share/navigation_bot_06/../micro_ros_setup/config/freertos/dev_uros_packages.repos
[2.311s] -- Installing: /home/jose/microros_ws/install/navigation_bot_06/share/navigation_bot_06/../micro_ros_setup/config/freertos/nucleo_f746zg
[2.311s] -- Installing: /home/jose/microros_ws/install/navigation_bot_06/share/navigation_bot_06/../micro_ros_setup/config/freertos/nucleo_f746zg/board.repos
[2.311s] -- Installing: /home/jose/microros_ws/install/navigation_bot_06/share/navigation_bot_06/../micro_ros_setup/config/freertos/nucleo_f746zg/client_uros_packages.repos
[2.311s] -- Installing: /home/jose/microros_ws/install/navigation_bot_06/share/navigation_bot_06/../micro_ros_setup/config/freertos/nucleo_f746zg/flash.sh
[2.311s] -- Installing: /home/jose/microros_ws/install/navigation_bot_06/share/navigation_bot_06/../micro_ros_setup/config/freertos/nucleo_f746zg/create.sh
[2.312s] -- Installing: /home/jose/microros_ws/install/navigation_bot_06/share/navigation_bot_06/../micro_ros_setup/config/freertos/nucleo_f746zg/client-colcon.meta
[2.312s] -- Installing: /home/jose/microros_ws/install/navigation_bot_06/share/navigation_bot_06/../micro_ros_setup/config/freertos/nucleo_f746zg/build.sh
[2.312s] -- Installing: /home/jose/microros_ws/install/navigation_bot_06/share/navigation_bot_06/../micro_ros_setup/config/freertos/nucleo_f746zg/package.xml
[2.312s] -- Installing: /home/jose/microros_ws/install/navigation_bot_06/share/navigation_bot_06/../micro_ros_setup/config/freertos/nucleo_f746zg/configure.sh
[2.312s] -- Installing: /home/jose/microros_ws/install/navigation_bot_06/share/navigation_bot_06/../micro_ros_setup/config/freertos/list_apps.sh
[2.312s] -- Installing: /home/jose/microros_ws/install/navigation_bot_06/share/navigation_bot_06/../micro_ros_setup/config/freertos/olimex-stm32-e407
[2.312s] -- Installing: /home/jose/microros_ws/install/navigation_bot_06/share/navigation_bot_06/../micro_ros_setup/config/freertos/olimex-stm32-e407/board.repos
[2.312s] -- Installing: /home/jose/microros_ws/install/navigation_bot_06/share/navigation_bot_06/../micro_ros_setup/config/freertos/olimex-stm32-e407/client_uros_packages.repos
[2.312s] -- Installing: /home/jose/microros_ws/install/navigation_bot_06/share/navigation_bot_06/../micro_ros_setup/config/freertos/olimex-stm32-e407/flash.sh
[2.312s] -- Installing: /home/jose/microros_ws/install/navigation_bot_06/share/navigation_bot_06/../micro_ros_setup/config/freertos/olimex-stm32-e407/create.sh
[2.313s] -- Installing: /home/jose/microros_ws/install/navigation_bot_06/share/navigation_bot_06/../micro_ros_setup/config/freertos/olimex-stm32-e407/client-colcon.meta
[2.313s] -- Installing: /home/jose/microros_ws/install/navigation_bot_06/share/navigation_bot_06/../micro_ros_setup/config/freertos/olimex-stm32-e407/build.sh
[2.313s] -- Installing: /home/jose/microros_ws/install/navigation_bot_06/share/navigation_bot_06/../micro_ros_setup/config/freertos/olimex-stm32-e407/package.xml
[2.313s] -- Installing: /home/jose/microros_ws/install/navigation_bot_06/share/navigation_bot_06/../micro_ros_setup/config/freertos/olimex-stm32-e407/configure.sh
[2.313s] -- Installing: /home/jose/microros_ws/install/navigation_bot_06/share/navigation_bot_06/../micro_ros_setup/config/freertos/nucleo_f446re
[2.313s] -- Installing: /home/jose/microros_ws/install/navigation_bot_06/share/navigation_bot_06/../micro_ros_setup/config/freertos/nucleo_f446re/board.repos
[2.313s] -- Installing: /home/jose/microros_ws/install/navigation_bot_06/share/navigation_bot_06/../micro_ros_setup/config/freertos/nucleo_f446re/client_uros_packages.repos
[2.313s] -- Installing: /home/jose/microros_ws/install/navigation_bot_06/share/navigation_bot_06/../micro_ros_setup/config/freertos/nucleo_f446re/flash.sh
[2.313s] -- Installing: /home/jose/microros_ws/install/navigation_bot_06/share/navigation_bot_06/../micro_ros_setup/config/freertos/nucleo_f446re/create.sh
[2.313s] -- Installing: /home/jose/microros_ws/install/navigation_bot_06/share/navigation_bot_06/../micro_ros_setup/config/freertos/nucleo_f446re/client-colcon.meta
[2.313s] -- Installing: /home/jose/microros_ws/install/navigation_bot_06/share/navigation_bot_06/../micro_ros_setup/config/freertos/nucleo_f446re/build.sh
[2.314s] -- Installing: /home/jose/microros_ws/install/navigation_bot_06/share/navigation_bot_06/../micro_ros_setup/config/freertos/nucleo_f446re/package.xml
[2.314s] -- Installing: /home/jose/microros_ws/install/navigation_bot_06/share/navigation_bot_06/../micro_ros_setup/config/freertos/nucleo_f446re/configure.sh
[2.314s] -- Installing: /home/jose/microros_ws/install/navigation_bot_06/share/navigation_bot_06/../micro_ros_setup/config/freertos/dev_ros2_packages.txt
[2.314s] -- Installing: /home/jose/microros_ws/install/navigation_bot_06/share/navigation_bot_06/../micro_ros_setup/config/freertos/esp32
[2.314s] -- Installing: /home/jose/microros_ws/install/navigation_bot_06/share/navigation_bot_06/../micro_ros_setup/config/freertos/esp32/board.repos
[2.314s] -- Installing: /home/jose/microros_ws/install/navigation_bot_06/share/navigation_bot_06/../micro_ros_setup/config/freertos/esp32/client_uros_packages.repos
[2.314s] -- Installing: /home/jose/microros_ws/install/navigation_bot_06/share/navigation_bot_06/../micro_ros_setup/config/freertos/esp32/flash.sh
[2.314s] -- Installing: /home/jose/microros_ws/install/navigation_bot_06/share/navigation_bot_06/../micro_ros_setup/config/freertos/esp32/create.sh
[2.314s] -- Installing: /home/jose/microros_ws/install/navigation_bot_06/share/navigation_bot_06/../micro_ros_setup/config/freertos/esp32/README.md
[2.314s] -- Installing: /home/jose/microros_ws/install/navigation_bot_06/share/navigation_bot_06/../micro_ros_setup/config/freertos/esp32/client-colcon.meta
[2.315s] -- Installing: /home/jose/microros_ws/install/navigation_bot_06/share/navigation_bot_06/../micro_ros_setup/config/freertos/esp32/build.sh
[2.315s] -- Installing: /home/jose/microros_ws/install/navigation_bot_06/share/navigation_bot_06/../micro_ros_setup/config/freertos/esp32/package.xml
[2.315s] -- Installing: /home/jose/microros_ws/install/navigation_bot_06/share/navigation_bot_06/../micro_ros_setup/config/freertos/esp32/configure.sh
[2.315s] -- Installing: /home/jose/microros_ws/install/navigation_bot_06/share/navigation_bot_06/../micro_ros_setup/config/freertos/nucleo_f767zi
[2.315s] -- Installing: /home/jose/microros_ws/install/navigation_bot_06/share/navigation_bot_06/../micro_ros_setup/config/freertos/nucleo_f767zi/board.repos
[2.315s] -- Installing: /home/jose/microros_ws/install/navigation_bot_06/share/navigation_bot_06/../micro_ros_setup/config/freertos/nucleo_f767zi/client_uros_packages.repos
[2.315s] -- Installing: /home/jose/microros_ws/install/navigation_bot_06/share/navigation_bot_06/../micro_ros_setup/config/freertos/nucleo_f767zi/flash.sh
[2.315s] -- Installing: /home/jose/microros_ws/install/navigation_bot_06/share/navigation_bot_06/../micro_ros_setup/config/freertos/nucleo_f767zi/create.sh
[2.315s] -- Installing: /home/jose/microros_ws/install/navigation_bot_06/share/navigation_bot_06/../micro_ros_setup/config/freertos/nucleo_f767zi/client-colcon.meta
[2.315s] -- Installing: /home/jose/microros_ws/install/navigation_bot_06/share/navigation_bot_06/../micro_ros_setup/config/freertos/nucleo_f767zi/build.sh
[2.316s] -- Installing: /home/jose/microros_ws/install/navigation_bot_06/share/navigation_bot_06/../micro_ros_setup/config/freertos/nucleo_f767zi/package.xml
[2.316s] -- Installing: /home/jose/microros_ws/install/navigation_bot_06/share/navigation_bot_06/../micro_ros_setup/config/freertos/nucleo_f767zi/configure.sh
[2.316s] -- Installing: /home/jose/microros_ws/install/navigation_bot_06/share/navigation_bot_06/../micro_ros_setup/config/mbed
[2.316s] -- Installing: /home/jose/microros_ws/install/navigation_bot_06/share/navigation_bot_06/../micro_ros_setup/config/mbed/dev_uros_packages.repos
[2.316s] -- Installing: /home/jose/microros_ws/install/navigation_bot_06/share/navigation_bot_06/../micro_ros_setup/config/mbed/list_apps.sh
[2.316s] -- Installing: /home/jose/microros_ws/install/navigation_bot_06/share/navigation_bot_06/../micro_ros_setup/config/mbed/dev_ros2_packages.txt
[2.316s] -- Installing: /home/jose/microros_ws/install/navigation_bot_06/share/navigation_bot_06/../micro_ros_setup/config/mbed/generic
[2.316s] -- Installing: /home/jose/microros_ws/install/navigation_bot_06/share/navigation_bot_06/../micro_ros_setup/config/mbed/generic/board.repos
[2.316s] -- Installing: /home/jose/microros_ws/install/navigation_bot_06/share/navigation_bot_06/../micro_ros_setup/config/mbed/generic/client_uros_packages.repos
[2.316s] -- Installing: /home/jose/microros_ws/install/navigation_bot_06/share/navigation_bot_06/../micro_ros_setup/config/mbed/generic/supported_platforms
[2.317s] -- Installing: /home/jose/microros_ws/install/navigation_bot_06/share/navigation_bot_06/../micro_ros_setup/config/mbed/generic/flash.sh
[2.317s] -- Installing: /home/jose/microros_ws/install/navigation_bot_06/share/navigation_bot_06/../micro_ros_setup/config/mbed/generic/create.sh
[2.317s] -- Installing: /home/jose/microros_ws/install/navigation_bot_06/share/navigation_bot_06/../micro_ros_setup/config/mbed/generic/build.sh
[2.317s] -- Installing: /home/jose/microros_ws/install/navigation_bot_06/share/navigation_bot_06/../micro_ros_setup/config/mbed/generic/package.xml
[2.317s] -- Installing: /home/jose/microros_ws/install/navigation_bot_06/share/navigation_bot_06/../micro_ros_setup/config/generate_lib
[2.317s] -- Installing: /home/jose/microros_ws/install/navigation_bot_06/share/navigation_bot_06/../micro_ros_setup/config/generate_lib/dev_uros_packages.repos
[2.317s] -- Installing: /home/jose/microros_ws/install/navigation_bot_06/share/navigation_bot_06/../micro_ros_setup/config/generate_lib/dev_ros2_packages.txt
[2.317s] -- Installing: /home/jose/microros_ws/install/navigation_bot_06/share/navigation_bot_06/../micro_ros_setup/config/generate_lib/generic
[2.317s] -- Installing: /home/jose/microros_ws/install/navigation_bot_06/share/navigation_bot_06/../micro_ros_setup/config/generate_lib/generic/client_uros_packages.repos
[2.317s] -- Installing: /home/jose/microros_ws/install/navigation_bot_06/share/navigation_bot_06/../micro_ros_setup/config/generate_lib/generic/demo_toolchain.cmake
[2.318s] -- Installing: /home/jose/microros_ws/install/navigation_bot_06/share/navigation_bot_06/../micro_ros_setup/config/generate_lib/generic/flash.sh
[2.318s] -- Installing: /home/jose/microros_ws/install/navigation_bot_06/share/navigation_bot_06/../micro_ros_setup/config/generate_lib/generic/create.sh
[2.318s] -- Installing: /home/jose/microros_ws/install/navigation_bot_06/share/navigation_bot_06/../micro_ros_setup/config/generate_lib/generic/client-colcon.meta
[2.318s] -- Installing: /home/jose/microros_ws/install/navigation_bot_06/share/navigation_bot_06/../micro_ros_setup/config/generate_lib/generic/build.sh
[2.318s] -- Installing: /home/jose/microros_ws/install/navigation_bot_06/share/navigation_bot_06/../micro_ros_setup/config/generate_lib/generic/package.xml
[2.318s] -- Installing: /home/jose/microros_ws/install/navigation_bot_06/share/navigation_bot_06/../micro_ros_setup/config/host
[2.318s] -- Installing: /home/jose/microros_ws/install/navigation_bot_06/share/navigation_bot_06/../micro_ros_setup/config/host/dev_uros_packages.repos
[2.318s] -- Installing: /home/jose/microros_ws/install/navigation_bot_06/share/navigation_bot_06/../micro_ros_setup/config/host/client_ros2_packages.txt
[2.318s] -- Installing: /home/jose/microros_ws/install/navigation_bot_06/share/navigation_bot_06/../micro_ros_setup/config/host/dev_ros2_packages.txt
[2.318s] -- Installing: /home/jose/microros_ws/install/navigation_bot_06/share/navigation_bot_06/../micro_ros_setup/config/host/generic
[2.319s] -- Installing: /home/jose/microros_ws/install/navigation_bot_06/share/navigation_bot_06/../micro_ros_setup/config/host/generic/client_host_packages.repos
[2.319s] -- Installing: /home/jose/microros_ws/install/navigation_bot_06/share/navigation_bot_06/../micro_ros_setup/config/host/generic/client-host-colcon.meta
[2.319s] -- Installing: /home/jose/microros_ws/install/navigation_bot_06/share/navigation_bot_06/../micro_ros_setup/config/host/generic/flash.sh
[2.319s] -- Installing: /home/jose/microros_ws/install/navigation_bot_06/share/navigation_bot_06/../micro_ros_setup/config/host/generic/create.sh
[2.319s] -- Installing: /home/jose/microros_ws/install/navigation_bot_06/share/navigation_bot_06/../micro_ros_setup/config/host/generic/build.sh
[2.319s] -- Installing: /home/jose/microros_ws/install/navigation_bot_06/share/navigation_bot_06/../micro_ros_setup/config/host/generic/package.xml
[2.319s] -- Installing: /home/jose/microros_ws/install/navigation_bot_06/share/navigation_bot_06/../micro_ros_setup/config/renesas_ra
[2.319s] -- Installing: /home/jose/microros_ws/install/navigation_bot_06/share/navigation_bot_06/../micro_ros_setup/config/renesas_ra/dev_uros_packages.repos
[2.319s] -- Installing: /home/jose/microros_ws/install/navigation_bot_06/share/navigation_bot_06/../micro_ros_setup/config/renesas_ra/list_apps.sh
[2.319s] -- Installing: /home/jose/microros_ws/install/navigation_bot_06/share/navigation_bot_06/../micro_ros_setup/config/renesas_ra/ra6m5
[2.320s] -- Installing: /home/jose/microros_ws/install/navigation_bot_06/share/navigation_bot_06/../micro_ros_setup/config/renesas_ra/ra6m5/board.repos
[2.320s] -- Installing: /home/jose/microros_ws/install/navigation_bot_06/share/navigation_bot_06/../micro_ros_setup/config/renesas_ra/ra6m5/client_uros_packages.repos
[2.320s] -- Installing: /home/jose/microros_ws/install/navigation_bot_06/share/navigation_bot_06/../micro_ros_setup/config/renesas_ra/ra6m5/flash.sh
[2.320s] -- Installing: /home/jose/microros_ws/install/navigation_bot_06/share/navigation_bot_06/../micro_ros_setup/config/renesas_ra/ra6m5/create.sh
[2.320s] -- Installing: /home/jose/microros_ws/install/navigation_bot_06/share/navigation_bot_06/../micro_ros_setup/config/renesas_ra/ra6m5/client-colcon.meta
[2.320s] -- Installing: /home/jose/microros_ws/install/navigation_bot_06/share/navigation_bot_06/../micro_ros_setup/config/renesas_ra/ra6m5/build.sh
[2.320s] -- Installing: /home/jose/microros_ws/install/navigation_bot_06/share/navigation_bot_06/../micro_ros_setup/config/renesas_ra/ra6m5/configure.sh
[2.320s] -- Installing: /home/jose/microros_ws/install/navigation_bot_06/share/navigation_bot_06/../micro_ros_setup/config/renesas_ra/dev_ros2_packages.txt
[2.320s] -- Installing: /home/jose/microros_ws/install/navigation_bot_06/share/navigation_bot_06/../micro_ros_setup/config/agent_ros2_packages.txt
[2.321s] -- Installing: /home/jose/microros_ws/install/navigation_bot_06/share/navigation_bot_06/../micro_ros_setup/CMakeLists.txt
[2.321s] -- Installing: /home/jose/microros_ws/install/navigation_bot_06/share/navigation_bot_06/../micro_ros_setup/scripts
[2.321s] -- Installing: /home/jose/microros_ws/install/navigation_bot_06/share/navigation_bot_06/../micro_ros_setup/scripts/component
[2.321s] -- Installing: /home/jose/microros_ws/install/navigation_bot_06/share/navigation_bot_06/../micro_ros_setup/scripts/flash_firmware.sh
[2.321s] -- Installing: /home/jose/microros_ws/install/navigation_bot_06/share/navigation_bot_06/../micro_ros_setup/scripts/create_agent_ws.sh
[2.321s] -- Installing: /home/jose/microros_ws/install/navigation_bot_06/share/navigation_bot_06/../micro_ros_setup/scripts/clean_env.sh
[2.321s] -- Installing: /home/jose/microros_ws/install/navigation_bot_06/share/navigation_bot_06/../micro_ros_setup/scripts/create_ws.sh
[2.321s] -- Installing: /home/jose/microros_ws/install/navigation_bot_06/share/navigation_bot_06/../micro_ros_setup/scripts/create_firmware_ws.sh
[2.321s] -- Installing: /home/jose/microros_ws/install/navigation_bot_06/share/navigation_bot_06/../micro_ros_setup/scripts/configure_firmware.sh
[2.321s] -- Installing: /home/jose/microros_ws/install/navigation_bot_06/share/navigation_bot_06/../micro_ros_setup/scripts/build_firmware.sh
[2.322s] -- Installing: /home/jose/microros_ws/install/navigation_bot_06/share/navigation_bot_06/../micro_ros_setup/scripts/yaml_filter.py
[2.322s] -- Installing: /home/jose/microros_ws/install/navigation_bot_06/share/navigation_bot_06/../micro_ros_setup/scripts/build_agent.sh
[2.322s] -- Installing: /home/jose/microros_ws/install/navigation_bot_06/share/navigation_bot_06/../micro_ros_setup/.git
[2.322s] -- Installing: /home/jose/microros_ws/install/navigation_bot_06/share/navigation_bot_06/../micro_ros_setup/.git/description
[2.323s] -- Installing: /home/jose/microros_ws/install/navigation_bot_06/share/navigation_bot_06/../micro_ros_setup/.git/logs
[2.323s] -- Installing: /home/jose/microros_ws/install/navigation_bot_06/share/navigation_bot_06/../micro_ros_setup/.git/logs/refs
[2.323s] -- Installing: /home/jose/microros_ws/install/navigation_bot_06/share/navigation_bot_06/../micro_ros_setup/.git/logs/refs/heads
[2.323s] -- Installing: /home/jose/microros_ws/install/navigation_bot_06/share/navigation_bot_06/../micro_ros_setup/.git/logs/refs/heads/humble
[2.323s] -- Installing: /home/jose/microros_ws/install/navigation_bot_06/share/navigation_bot_06/../micro_ros_setup/.git/logs/refs/remotes
[2.323s] -- Installing: /home/jose/microros_ws/install/navigation_bot_06/share/navigation_bot_06/../micro_ros_setup/.git/logs/refs/remotes/origin
[2.323s] -- Installing: /home/jose/microros_ws/install/navigation_bot_06/share/navigation_bot_06/../micro_ros_setup/.git/logs/refs/remotes/origin/HEAD
[2.324s] -- Installing: /home/jose/microros_ws/install/navigation_bot_06/share/navigation_bot_06/../micro_ros_setup/.git/logs/HEAD
[2.324s] -- Installing: /home/jose/microros_ws/install/navigation_bot_06/share/navigation_bot_06/../micro_ros_setup/.git/config
[2.324s] -- Installing: /home/jose/microros_ws/install/navigation_bot_06/share/navigation_bot_06/../micro_ros_setup/.git/refs
[2.324s] -- Installing: /home/jose/microros_ws/install/navigation_bot_06/share/navigation_bot_06/../micro_ros_setup/.git/refs/tags
[2.324s] -- Installing: /home/jose/microros_ws/install/navigation_bot_06/share/navigation_bot_06/../micro_ros_setup/.git/refs/heads
[2.324s] -- Installing: /home/jose/microros_ws/install/navigation_bot_06/share/navigation_bot_06/../micro_ros_setup/.git/refs/heads/humble
[2.325s] -- Installing: /home/jose/microros_ws/install/navigation_bot_06/share/navigation_bot_06/../micro_ros_setup/.git/refs/remotes
[2.325s] -- Installing: /home/jose/microros_ws/install/navigation_bot_06/share/navigation_bot_06/../micro_ros_setup/.git/refs/remotes/origin
[2.325s] -- Installing: /home/jose/microros_ws/install/navigation_bot_06/share/navigation_bot_06/../micro_ros_setup/.git/refs/remotes/origin/HEAD
[2.326s] -- Installing: /home/jose/microros_ws/install/navigation_bot_06/share/navigation_bot_06/../micro_ros_setup/.git/branches
[2.326s] -- Installing: /home/jose/microros_ws/install/navigation_bot_06/share/navigation_bot_06/../micro_ros_setup/.git/objects
[2.326s] -- Installing: /home/jose/microros_ws/install/navigation_bot_06/share/navigation_bot_06/../micro_ros_setup/.git/objects/pack
[2.326s] -- Installing: /home/jose/microros_ws/install/navigation_bot_06/share/navigation_bot_06/../micro_ros_setup/.git/objects/pack/pack-70177c6f9e165dca3b55c3b466526cf025d6aab4.pack
[2.343s] -- Installing: /home/jose/microros_ws/install/navigation_bot_06/share/navigation_bot_06/../micro_ros_setup/.git/objects/pack/pack-70177c6f9e165dca3b55c3b466526cf025d6aab4.idx
[2.343s] -- Installing: /home/jose/microros_ws/install/navigation_bot_06/share/navigation_bot_06/../micro_ros_setup/.git/objects/info
[2.343s] -- Installing: /home/jose/microros_ws/install/navigation_bot_06/share/navigation_bot_06/../micro_ros_setup/.git/packed-refs
[2.343s] -- Installing: /home/jose/microros_ws/install/navigation_bot_06/share/navigation_bot_06/../micro_ros_setup/.git/info
[2.343s] -- Installing: /home/jose/microros_ws/install/navigation_bot_06/share/navigation_bot_06/../micro_ros_setup/.git/info/exclude
[2.343s] -- Installing: /home/jose/microros_ws/install/navigation_bot_06/share/navigation_bot_06/../micro_ros_setup/.git/hooks
[2.343s] -- Installing: /home/jose/microros_ws/install/navigation_bot_06/share/navigation_bot_06/../micro_ros_setup/.git/hooks/prepare-commit-msg.sample
[2.344s] -- Installing: /home/jose/microros_ws/install/navigation_bot_06/share/navigation_bot_06/../micro_ros_setup/.git/hooks/pre-push.sample
[2.344s] -- Installing: /home/jose/microros_ws/install/navigation_bot_06/share/navigation_bot_06/../micro_ros_setup/.git/hooks/pre-receive.sample
[2.345s] -- Installing: /home/jose/microros_ws/install/navigation_bot_06/share/navigation_bot_06/../micro_ros_setup/.git/hooks/pre-merge-commit.sample
[2.345s] -- Installing: /home/jose/microros_ws/install/navigation_bot_06/share/navigation_bot_06/../micro_ros_setup/.git/hooks/fsmonitor-watchman.sample
[2.346s] -- Installing: /home/jose/microros_ws/install/navigation_bot_06/share/navigation_bot_06/../micro_ros_setup/.git/hooks/applypatch-msg.sample
[2.346s] -- Installing: /home/jose/microros_ws/install/navigation_bot_06/share/navigation_bot_06/../micro_ros_setup/.git/hooks/pre-commit.sample
[2.346s] -- Installing: /home/jose/microros_ws/install/navigation_bot_06/share/navigation_bot_06/../micro_ros_setup/.git/hooks/update.sample
[2.347s] -- Installing: /home/jose/microros_ws/install/navigation_bot_06/share/navigation_bot_06/../micro_ros_setup/.git/hooks/commit-msg.sample
[2.347s] -- Installing: /home/jose/microros_ws/install/navigation_bot_06/share/navigation_bot_06/../micro_ros_setup/.git/hooks/push-to-checkout.sample
[2.347s] -- Installing: /home/jose/microros_ws/install/navigation_bot_06/share/navigation_bot_06/../micro_ros_setup/.git/hooks/pre-rebase.sample
[2.348s] -- Installing: /home/jose/microros_ws/install/navigation_bot_06/share/navigation_bot_06/../micro_ros_setup/.git/hooks/post-update.sample
[2.348s] -- Installing: /home/jose/microros_ws/install/navigation_bot_06/share/navigation_bot_06/../micro_ros_setup/.git/hooks/pre-applypatch.sample
[2.348s] -- Installing: /home/jose/microros_ws/install/navigation_bot_06/share/navigation_bot_06/../micro_ros_setup/.git/HEAD
[2.348s] -- Installing: /home/jose/microros_ws/install/navigation_bot_06/share/navigation_bot_06/../micro_ros_setup/.git/index
[2.348s] -- Installing: /home/jose/microros_ws/install/navigation_bot_06/share/navigation_bot_06/../micro_ros_setup/.images
[2.348s] -- Installing: /home/jose/microros_ws/install/navigation_bot_06/share/navigation_bot_06/../micro_ros_setup/.images/microros_logo.png
[2.349s] -- Installing: /home/jose/microros_ws/install/navigation_bot_06/share/navigation_bot_06/../micro_ros_setup/LICENSE
[2.349s] -- Installing: /home/jose/microros_ws/install/navigation_bot_06/share/navigation_bot_06/../micro_ros_setup/CONTRIBUTING.md
[2.349s] -- Installing: /home/jose/microros_ws/install/navigation_bot_06/share/navigation_bot_06/../micro_ros_setup/README.md
[2.349s] -- Installing: /home/jose/microros_ws/install/navigation_bot_06/share/navigation_bot_06/../micro_ros_setup/CHANGELOG.rst
[2.349s] -- Installing: /home/jose/microros_ws/install/navigation_bot_06/share/navigation_bot_06/../micro_ros_setup/.gitignore
[2.349s] -- Installing: /home/jose/microros_ws/install/navigation_bot_06/share/navigation_bot_06/../micro_ros_setup/package.xml
[2.349s] -- Installing: /home/jose/microros_ws/install/navigation_bot_06/share/navigation_bot_06/../ros2.repos
[2.349s] -- Installing: /home/jose/microros_ws/install/navigation_bot_06/share/navigation_bot_06/../worlds
[2.349s] -- Installing: /home/jose/microros_ws/install/navigation_bot_06/share/navigation_bot_06/../worlds/maze_with_charger_and_obstacle.sdf
[2.351s] -- Installing: /home/jose/microros_ws/install/navigation_bot_06/share/navigation_bot_06/../worlds/perfect_world.sdf
[2.351s] -- Installing: /home/jose/microros_ws/install/navigation_bot_06/share/navigation_bot_06/../worlds/slip.sdf
[2.352s] -- Installing: /home/jose/microros_ws/install/navigation_bot_06/share/navigation_bot_06/../worlds/gripper_bench.sdf
[2.352s] -- Installing: /home/jose/microros_ws/install/navigation_bot_06/share/navigation_bot_06/../worlds/empty.world
[2.353s] -- Installing: /home/jose/microros_ws/install/navigation_bot_06/share/navigation_bot_06/../worlds/maze.sdf
[2.353s] -- Installing: /home/jose/microros_ws/install/navigation_bot_06/share/navigation_bot_06/../worlds/world_01.sdf
[2.354s] -- Installing: /home/jose/microros_ws/install/navigation_bot_06/share/navigation_bot_06/../worlds/world_25d_05.sdf
[2.355s] -- Installing: /home/jose/microros_ws/install/navigation_bot_06/share/navigation_bot_06/../worlds/shapes.sdf
[2.355s] -- Installing: /home/jose/microros_ws/install/navigation_bot_06/share/navigation_bot_06/../worlds/empty.sdf
[2.356s] -- Installing: /home/jose/microros_ws/install/navigation_bot_06/share/navigation_bot_06/../worlds/world_25d.sdf
[2.356s] -- Installing: /home/jose/microros_ws/install/navigation_bot_06/share/navigation_bot_06/../worlds/maze_with_charger.sdf
[2.357s] -- Up-to-date: /home/jose/microros_ws/install/navigation_bot_06/share/navigation_bot_06/launch
[2.357s] -- Up-to-date: /home/jose/microros_ws/install/navigation_bot_06/share/navigation_bot_06/launch/main_simulation_launch.py
[2.357s] -- Up-to-date: /home/jose/microros_ws/install/navigation_bot_06/share/navigation_bot_06/launch/globals.py
[2.357s] -- Up-to-date: /home/jose/microros_ws/install/navigation_bot_06/share/navigation_bot_06/launch/spawn_launch.py
[2.357s] -- Up-to-date: /home/jose/microros_ws/install/navigation_bot_06/share/navigation_bot_06/launch/slam_launch.py
[2.357s] -- Up-to-date: /home/jose/microros_ws/install/navigation_bot_06/share/navigation_bot_06/launch/bringup_launch.py
[2.357s] -- Up-to-date: /home/jose/microros_ws/install/navigation_bot_06/share/navigation_bot_06/launch/multi_tb3_simulation_launch.py
[2.357s] -- Up-to-date: /home/jose/microros_ws/install/navigation_bot_06/share/navigation_bot_06/launch/localization_launch.py
[2.357s] -- Up-to-date: /home/jose/microros_ws/install/navigation_bot_06/share/navigation_bot_06/launch/navigation_launch.py
[2.357s] -- Up-to-date: /home/jose/microros_ws/install/navigation_bot_06/share/navigation_bot_06/launch/rviz_launch.py
[2.358s] -- Up-to-date: /home/jose/microros_ws/install/navigation_bot_06/share/navigation_bot_06/launch/__pycache__
[2.358s] -- Up-to-date: /home/jose/microros_ws/install/navigation_bot_06/share/navigation_bot_06/launch/__pycache__/globals.cpython-38.pyc
[2.358s] -- Up-to-date: /home/jose/microros_ws/install/navigation_bot_06/share/navigation_bot_06/rviz
[2.358s] -- Up-to-date: /home/jose/microros_ws/install/navigation_bot_06/share/navigation_bot_06/rviz/robot.rviz
[2.358s] -- Up-to-date: /home/jose/microros_ws/install/navigation_bot_06/share/navigation_bot_06/rviz/robot_old.rviz
[2.358s] -- Up-to-date: /home/jose/microros_ws/install/navigation_bot_06/share/navigation_bot_06/rviz/robot_new.rviz
[2.358s] -- Up-to-date: /home/jose/microros_ws/install/navigation_bot_06/share/navigation_bot_06/config
[2.358s] -- Up-to-date: /home/jose/microros_ws/install/navigation_bot_06/share/navigation_bot_06/config/nav2_params.yaml
[2.358s] -- Up-to-date: /home/jose/microros_ws/install/navigation_bot_06/share/navigation_bot_06/config/ekf.yaml
[2.358s] -- Up-to-date: /home/jose/microros_ws/install/navigation_bot_06/share/navigation_bot_06/description
[2.358s] -- Up-to-date: /home/jose/microros_ws/install/navigation_bot_06/share/navigation_bot_06/description/colors.xacro
[2.358s] -- Up-to-date: /home/jose/microros_ws/install/navigation_bot_06/share/navigation_bot_06/description/robot_core.xacro
[2.358s] -- Up-to-date: /home/jose/microros_ws/install/navigation_bot_06/share/navigation_bot_06/description/robot.urdf.xacro
[2.358s] -- Up-to-date: /home/jose/microros_ws/install/navigation_bot_06/share/navigation_bot_06/description/gazebo_control.xacro
[2.358s] -- Up-to-date: /home/jose/microros_ws/install/navigation_bot_06/share/navigation_bot_06/description/camera.xacro
[2.358s] -- Up-to-date: /home/jose/microros_ws/install/navigation_bot_06/share/navigation_bot_06/description/lidar.xacro
[2.358s] -- Up-to-date: /home/jose/microros_ws/install/navigation_bot_06/share/navigation_bot_06/description/inertial_macros.xacro
[2.358s] -- Up-to-date: /home/jose/microros_ws/install/navigation_bot_06/share/navigation_bot_06/description/depth_camera.xacro
[2.358s] -- Up-to-date: /home/jose/microros_ws/install/navigation_bot_06/share/navigation_bot_06/description/imu_sensor.xacro
[2.358s] -- Up-to-date: /home/jose/microros_ws/install/navigation_bot_06/share/navigation_bot_06/scripts
[2.358s] -- Up-to-date: /home/jose/microros_ws/install/navigation_bot_06/share/navigation_bot_06/scripts/waypoint_follower.py
[2.359s] -- Up-to-date: /home/jose/microros_ws/install/navigation_bot_06/share/navigation_bot_06/scripts/set_entity_state_request.txt
[2.359s] -- Up-to-date: /home/jose/microros_ws/install/navigation_bot_06/share/navigation_bot_06/scripts/robot_navigator.py
[2.359s] -- Up-to-date: /home/jose/microros_ws/install/navigation_bot_06/share/navigation_bot_06/scripts/__pycache__
[2.359s] -- Up-to-date: /home/jose/microros_ws/install/navigation_bot_06/share/navigation_bot_06/scripts/__pycache__/robot_navigator.cpython-38.pyc
[2.359s] -- Installing: /home/jose/microros_ws/install/navigation_bot_06/lib/navigation_bot_06/robot_navigator.py
[2.359s] -- Installing: /home/jose/microros_ws/install/navigation_bot_06/lib/navigation_bot_06/waypoint_follower.py
[2.359s] -- Installing: /home/jose/microros_ws/install/navigation_bot_06/share/ament_index/resource_index/package_run_dependencies/navigation_bot_06
[2.359s] -- Installing: /home/jose/microros_ws/install/navigation_bot_06/share/ament_index/resource_index/parent_prefix_path/navigation_bot_06
[2.359s] -- Installing: /home/jose/microros_ws/install/navigation_bot_06/share/navigation_bot_06/environment/ament_prefix_path.sh
[2.359s] -- Installing: /home/jose/microros_ws/install/navigation_bot_06/share/navigation_bot_06/environment/ament_prefix_path.dsv
[2.359s] -- Installing: /home/jose/microros_ws/install/navigation_bot_06/share/navigation_bot_06/environment/path.sh
[2.359s] -- Installing: /home/jose/microros_ws/install/navigation_bot_06/share/navigation_bot_06/environment/path.dsv
[2.359s] -- Installing: /home/jose/microros_ws/install/navigation_bot_06/share/navigation_bot_06/local_setup.bash
[2.359s] -- Installing: /home/jose/microros_ws/install/navigation_bot_06/share/navigation_bot_06/local_setup.sh
[2.359s] -- Installing: /home/jose/microros_ws/install/navigation_bot_06/share/navigation_bot_06/local_setup.zsh
[2.359s] -- Installing: /home/jose/microros_ws/install/navigation_bot_06/share/navigation_bot_06/local_setup.dsv
[2.360s] -- Installing: /home/jose/microros_ws/install/navigation_bot_06/share/navigation_bot_06/package.dsv
[2.360s] -- Installing: /home/jose/microros_ws/install/navigation_bot_06/share/ament_index/resource_index/packages/navigation_bot_06
[2.360s] -- Installing: /home/jose/microros_ws/install/navigation_bot_06/share/navigation_bot_06/cmake/navigation_bot_06Config.cmake
[2.360s] -- Installing: /home/jose/microros_ws/install/navigation_bot_06/share/navigation_bot_06/cmake/navigation_bot_06Config-version.cmake
[2.360s] -- Up-to-date: /home/jose/microros_ws/install/navigation_bot_06/share/navigation_bot_06/package.xml
[2.362s] Invoked command in '/home/jose/microros_ws/build/navigation_bot_06' returned '0': CMAKE_PREFIX_PATH=${CMAKE_PREFIX_PATH}:/home/jose/microros_ws/install/odin_nav2:/home/jose/microros_ws/install/odin_nav:/home/jose/microros_ws/install/odin_comms:/opt/ros/humble /usr/bin/cmake --install /home/jose/microros_ws/build/navigation_bot_06
