[1.282s] Invoking command in '/home/jose/microros_ws/src/odin_nav': PYTHONPATH=/home/jose/microros_ws/build/odin_nav/prefix_override:/usr/lib/python3/dist-packages/colcon_core/task/python/colcon_distutils_commands:/home/jose/microros_ws/install/odin_nav/lib/python3.10/site-packages:${PYTHONPATH} /usr/bin/python3 -W ignore:setup.py install is deprecated setup.py egg_info --egg-base ../../build/odin_nav build --build-base /home/jose/microros_ws/build/odin_nav/build install --record /home/jose/microros_ws/build/odin_nav/install.log --single-version-externally-managed install_data
[1.505s] running egg_info
[1.506s] writing ../../build/odin_nav/odin_nav.egg-info/PKG-INFO
[1.506s] writing dependency_links to ../../build/odin_nav/odin_nav.egg-info/dependency_links.txt
[1.506s] writing entry points to ../../build/odin_nav/odin_nav.egg-info/entry_points.txt
[1.506s] writing requirements to ../../build/odin_nav/odin_nav.egg-info/requires.txt
[1.507s] writing top-level names to ../../build/odin_nav/odin_nav.egg-info/top_level.txt
[1.508s] reading manifest file '../../build/odin_nav/odin_nav.egg-info/SOURCES.txt'
[1.509s] writing manifest file '../../build/odin_nav/odin_nav.egg-info/SOURCES.txt'
[1.509s] running build
[1.509s] running build_py
[1.509s] copying odin_nav/convert_to_map.py -> /home/jose/microros_ws/build/odin_nav/build/lib/odin_nav
[1.509s] running install
[1.510s] running install_lib
[1.510s] copying /home/jose/microros_ws/build/odin_nav/build/lib/odin_nav/convert_to_map.py -> /home/jose/microros_ws/install/odin_nav/lib/python3.10/site-packages/odin_nav
[1.511s] byte-compiling /home/jose/microros_ws/install/odin_nav/lib/python3.10/site-packages/odin_nav/convert_to_map.py to convert_to_map.cpython-310.pyc
[1.513s] running install_data
[1.513s] running install_egg_info
[1.515s] removing '/home/jose/microros_ws/install/odin_nav/lib/python3.10/site-packages/odin_nav-0.0.0-py3.10.egg-info' (and everything under it)
[1.515s] Copying ../../build/odin_nav/odin_nav.egg-info to /home/jose/microros_ws/install/odin_nav/lib/python3.10/site-packages/odin_nav-0.0.0-py3.10.egg-info
[1.516s] running install_scripts
[1.533s] Installing goal_pub script to /home/jose/microros_ws/install/odin_nav/lib/odin_nav
[1.534s] Installing map_gen script to /home/jose/microros_ws/install/odin_nav/lib/odin_nav
[1.534s] Installing map_pub script to /home/jose/microros_ws/install/odin_nav/lib/odin_nav
[1.534s] Installing odom_node script to /home/jose/microros_ws/install/odin_nav/lib/odin_nav
[1.534s] writing list of installed files to '/home/jose/microros_ws/build/odin_nav/install.log'
[1.563s] Invoked command in '/home/jose/microros_ws/src/odin_nav' returned '0': PYTHONPATH=/home/jose/microros_ws/build/odin_nav/prefix_override:/usr/lib/python3/dist-packages/colcon_core/task/python/colcon_distutils_commands:/home/jose/microros_ws/install/odin_nav/lib/python3.10/site-packages:${PYTHONPATH} /usr/bin/python3 -W ignore:setup.py install is deprecated setup.py egg_info --egg-base ../../build/odin_nav build --build-base /home/jose/microros_ws/build/odin_nav/build install --record /home/jose/microros_ws/build/odin_nav/install.log --single-version-externally-managed install_data
