[0.760s] Invoking command in '/home/jose/microros_ws/src/odin_nav': PYTHONPATH=/home/jose/microros_ws/build/odin_nav/prefix_override:/usr/lib/python3/dist-packages/colcon_core/task/python/colcon_distutils_commands:/home/jose/microros_ws/install/odin_nav/lib/python3.10/site-packages:${PYTHONPATH} /usr/bin/python3 -W ignore:setup.py install is deprecated -W ignore:easy_install command is deprecated setup.py egg_info --egg-base ../../build/odin_nav build --build-base /home/jose/microros_ws/build/odin_nav/build install --record /home/jose/microros_ws/build/odin_nav/install.log --single-version-externally-managed install_data
[0.962s] running egg_info
[0.963s] writing ../../build/odin_nav/odin_nav.egg-info/PKG-INFO
[0.963s] writing dependency_links to ../../build/odin_nav/odin_nav.egg-info/dependency_links.txt
[0.963s] writing entry points to ../../build/odin_nav/odin_nav.egg-info/entry_points.txt
[0.964s] writing requirements to ../../build/odin_nav/odin_nav.egg-info/requires.txt
[0.964s] writing top-level names to ../../build/odin_nav/odin_nav.egg-info/top_level.txt
[0.966s] reading manifest file '../../build/odin_nav/odin_nav.egg-info/SOURCES.txt'
[0.967s] writing manifest file '../../build/odin_nav/odin_nav.egg-info/SOURCES.txt'
[0.967s] running build
[0.967s] running build_py
[0.967s] copying odin_nav/tf_node.py -> /home/jose/microros_ws/build/odin_nav/build/lib/odin_nav
[0.968s] running install
[0.968s] running install_lib
[0.970s] copying /home/jose/microros_ws/build/odin_nav/build/lib/odin_nav/tf_node.py -> /home/jose/microros_ws/install/odin_nav/lib/python3.10/site-packages/odin_nav
[0.970s] byte-compiling /home/jose/microros_ws/install/odin_nav/lib/python3.10/site-packages/odin_nav/tf_node.py to tf_node.cpython-310.pyc
[0.972s] running install_data
[0.972s] running install_egg_info
[0.975s] removing '/home/jose/microros_ws/install/odin_nav/lib/python3.10/site-packages/odin_nav-0.0.0-py3.10.egg-info' (and everything under it)
[0.975s] Copying ../../build/odin_nav/odin_nav.egg-info to /home/jose/microros_ws/install/odin_nav/lib/python3.10/site-packages/odin_nav-0.0.0-py3.10.egg-info
[0.976s] running install_scripts
[0.995s] Installing goal_pub script to /home/jose/microros_ws/install/odin_nav/lib/odin_nav
[0.995s] Installing map_gen script to /home/jose/microros_ws/install/odin_nav/lib/odin_nav
[0.995s] Installing map_pub script to /home/jose/microros_ws/install/odin_nav/lib/odin_nav
[0.995s] Installing odom_node script to /home/jose/microros_ws/install/odin_nav/lib/odin_nav
[0.996s] Installing tarea2 script to /home/jose/microros_ws/install/odin_nav/lib/odin_nav
[0.996s] Installing tf2_node script to /home/jose/microros_ws/install/odin_nav/lib/odin_nav
[0.996s] writing list of installed files to '/home/jose/microros_ws/build/odin_nav/install.log'
[1.025s] Invoked command in '/home/jose/microros_ws/src/odin_nav' returned '0': PYTHONPATH=/home/jose/microros_ws/build/odin_nav/prefix_override:/usr/lib/python3/dist-packages/colcon_core/task/python/colcon_distutils_commands:/home/jose/microros_ws/install/odin_nav/lib/python3.10/site-packages:${PYTHONPATH} /usr/bin/python3 -W ignore:setup.py install is deprecated -W ignore:easy_install command is deprecated setup.py egg_info --egg-base ../../build/odin_nav build --build-base /home/jose/microros_ws/build/odin_nav/build install --record /home/jose/microros_ws/build/odin_nav/install.log --single-version-externally-managed install_data
