[0.699s] Invoking command in '/home/jose/microros_ws/src/odin_nav': PYTHONPATH=/home/jose/microros_ws/build/odin_nav/prefix_override:/usr/lib/python3/dist-packages/colcon_core/task/python/colcon_distutils_commands:/home/jose/microros_ws/install/odin_nav/lib/python3.10/site-packages:${PYTHONPATH} /usr/bin/python3 -W ignore:setup.py install is deprecated setup.py egg_info --egg-base ../../build/odin_nav build --build-base /home/jose/microros_ws/build/odin_nav/build install --record /home/jose/microros_ws/build/odin_nav/install.log --single-version-externally-managed install_data
[0.897s] running egg_info
[0.897s] writing ../../build/odin_nav/odin_nav.egg-info/PKG-INFO
[0.897s] writing dependency_links to ../../build/odin_nav/odin_nav.egg-info/dependency_links.txt
[0.898s] writing entry points to ../../build/odin_nav/odin_nav.egg-info/entry_points.txt
[0.898s] writing requirements to ../../build/odin_nav/odin_nav.egg-info/requires.txt
[0.898s] writing top-level names to ../../build/odin_nav/odin_nav.egg-info/top_level.txt
[0.900s] reading manifest file '../../build/odin_nav/odin_nav.egg-info/SOURCES.txt'
[0.900s] writing manifest file '../../build/odin_nav/odin_nav.egg-info/SOURCES.txt'
[0.900s] running build
[0.900s] running build_py
[0.900s] copying odin_nav/convert_to_map.py -> /home/jose/microros_ws/build/odin_nav/build/lib/odin_nav
[0.901s] running install
[0.901s] running install_lib
[0.902s] copying /home/jose/microros_ws/build/odin_nav/build/lib/odin_nav/convert_to_map.py -> /home/jose/microros_ws/install/odin_nav/lib/python3.10/site-packages/odin_nav
[0.902s] byte-compiling /home/jose/microros_ws/install/odin_nav/lib/python3.10/site-packages/odin_nav/convert_to_map.py to convert_to_map.cpython-310.pyc
[0.904s] running install_data
[0.904s] running install_egg_info
[0.907s] removing '/home/jose/microros_ws/install/odin_nav/lib/python3.10/site-packages/odin_nav-0.0.0-py3.10.egg-info' (and everything under it)
[0.907s] Copying ../../build/odin_nav/odin_nav.egg-info to /home/jose/microros_ws/install/odin_nav/lib/python3.10/site-packages/odin_nav-0.0.0-py3.10.egg-info
[0.908s] running install_scripts
[0.928s] Installing map_gen script to /home/jose/microros_ws/install/odin_nav/lib/odin_nav
[0.928s] Installing map_pub script to /home/jose/microros_ws/install/odin_nav/lib/odin_nav
[0.928s] writing list of installed files to '/home/jose/microros_ws/build/odin_nav/install.log'
[0.957s] Invoked command in '/home/jose/microros_ws/src/odin_nav' returned '0': PYTHONPATH=/home/jose/microros_ws/build/odin_nav/prefix_override:/usr/lib/python3/dist-packages/colcon_core/task/python/colcon_distutils_commands:/home/jose/microros_ws/install/odin_nav/lib/python3.10/site-packages:${PYTHONPATH} /usr/bin/python3 -W ignore:setup.py install is deprecated setup.py egg_info --egg-base ../../build/odin_nav build --build-base /home/jose/microros_ws/build/odin_nav/build install --record /home/jose/microros_ws/build/odin_nav/install.log --single-version-externally-managed install_data
