[0.518s] Invoking command in '/home/jose/microros_ws/src/odin_nav': PYTHONPATH=/home/jose/microros_ws/build/odin_nav/prefix_override:/usr/lib/python3/dist-packages/colcon_core/task/python/colcon_distutils_commands:/home/jose/microros_ws/install/odin_nav/lib/python3.10/site-packages:${PYTHONPATH} /usr/bin/python3 -W ignore:setup.py install is deprecated -W ignore:easy_install command is deprecated setup.py egg_info --egg-base ../../build/odin_nav build --build-base /home/jose/microros_ws/build/odin_nav/build install --record /home/jose/microros_ws/build/odin_nav/install.log --single-version-externally-managed install_data
[0.703s] running egg_info
[0.704s] writing ../../build/odin_nav/odin_nav.egg-info/PKG-INFO
[0.704s] writing dependency_links to ../../build/odin_nav/odin_nav.egg-info/dependency_links.txt
[0.704s] writing entry points to ../../build/odin_nav/odin_nav.egg-info/entry_points.txt
[0.704s] writing requirements to ../../build/odin_nav/odin_nav.egg-info/requires.txt
[0.705s] writing top-level names to ../../build/odin_nav/odin_nav.egg-info/top_level.txt
[0.706s] reading manifest file '../../build/odin_nav/odin_nav.egg-info/SOURCES.txt'
[0.707s] writing manifest file '../../build/odin_nav/odin_nav.egg-info/SOURCES.txt'
[0.707s] running build
[0.707s] running build_py
[0.707s] copying odin_nav/convert_to_map.py -> /home/jose/microros_ws/build/odin_nav/build/lib/odin_nav
[0.708s] running install
[0.708s] running install_lib
[0.708s] copying /home/jose/microros_ws/build/odin_nav/build/lib/odin_nav/convert_to_map.py -> /home/jose/microros_ws/install/odin_nav/lib/python3.10/site-packages/odin_nav
[0.709s] byte-compiling /home/jose/microros_ws/install/odin_nav/lib/python3.10/site-packages/odin_nav/convert_to_map.py to convert_to_map.cpython-310.pyc
[0.710s] running install_data
[0.710s] running install_egg_info
[0.712s] removing '/home/jose/microros_ws/install/odin_nav/lib/python3.10/site-packages/odin_nav-0.0.0-py3.10.egg-info' (and everything under it)
[0.712s] Copying ../../build/odin_nav/odin_nav.egg-info to /home/jose/microros_ws/install/odin_nav/lib/python3.10/site-packages/odin_nav-0.0.0-py3.10.egg-info
[0.713s] running install_scripts
[0.727s] Installing goal_pub script to /home/jose/microros_ws/install/odin_nav/lib/odin_nav
[0.727s] Installing map_gen script to /home/jose/microros_ws/install/odin_nav/lib/odin_nav
[0.728s] Installing map_pub script to /home/jose/microros_ws/install/odin_nav/lib/odin_nav
[0.728s] Installing odom_node script to /home/jose/microros_ws/install/odin_nav/lib/odin_nav
[0.728s] Installing tarea2 script to /home/jose/microros_ws/install/odin_nav/lib/odin_nav
[0.728s] Installing tf2_node script to /home/jose/microros_ws/install/odin_nav/lib/odin_nav
[0.728s] writing list of installed files to '/home/jose/microros_ws/build/odin_nav/install.log'
[0.748s] Invoked command in '/home/jose/microros_ws/src/odin_nav' returned '0': PYTHONPATH=/home/jose/microros_ws/build/odin_nav/prefix_override:/usr/lib/python3/dist-packages/colcon_core/task/python/colcon_distutils_commands:/home/jose/microros_ws/install/odin_nav/lib/python3.10/site-packages:${PYTHONPATH} /usr/bin/python3 -W ignore:setup.py install is deprecated -W ignore:easy_install command is deprecated setup.py egg_info --egg-base ../../build/odin_nav build --build-base /home/jose/microros_ws/build/odin_nav/build install --record /home/jose/microros_ws/build/odin_nav/install.log --single-version-externally-managed install_data
