[0.029s] Invoking command in '/home/jose/microros_ws/build/micro_ros_msgs': CMAKE_PREFIX_PATH=${CMAKE_PREFIX_PATH}:/home/jose/microros_ws/install/odin_comms:/opt/ros/humble /usr/bin/cmake --build /home/jose/microros_ws/build/micro_ros_msgs -- -j4 -l4
[0.108s] [ 12%] Built target micro_ros_msgs__cpp
[0.111s] [ 12%] Built target micro_ros_msgs__rosidl_generator_c
[0.137s] [ 12%] Built target ament_cmake_python_symlink_micro_ros_msgs
[0.161s] [ 23%] Built target micro_ros_msgs__rosidl_typesupport_fastrtps_c
[0.168s] [ 34%] Built target micro_ros_msgs__rosidl_typesupport_introspection_c
[0.171s] [ 44%] Built target micro_ros_msgs__rosidl_typesupport_c
[0.193s] [ 55%] Built target micro_ros_msgs__rosidl_typesupport_fastrtps_cpp
[0.214s] [ 65%] Built target micro_ros_msgs__rosidl_typesupport_cpp
[0.219s] [ 76%] Built target micro_ros_msgs__rosidl_typesupport_introspection_cpp
[0.244s] [ 76%] Built target micro_ros_msgs
[0.280s] [ 78%] Built target micro_ros_msgs__py
[0.323s] [ 87%] Built target micro_ros_msgs__rosidl_generator_py
[0.403s] [ 91%] Built target micro_ros_msgs__rosidl_typesupport_fastrtps_c__pyext
[0.405s] [ 95%] Built target micro_ros_msgs__rosidl_typesupport_introspection_c__pyext
[0.412s] [100%] Built target micro_ros_msgs__rosidl_typesupport_c__pyext
[0.627s] running egg_info
[0.627s] writing micro_ros_msgs.egg-info/PKG-INFO
[0.627s] writing dependency_links to micro_ros_msgs.egg-info/dependency_links.txt
[0.627s] writing top-level names to micro_ros_msgs.egg-info/top_level.txt
[0.637s] reading manifest file 'micro_ros_msgs.egg-info/SOURCES.txt'
[0.637s] writing manifest file 'micro_ros_msgs.egg-info/SOURCES.txt'
[0.709s] [100%] Built target ament_cmake_python_build_micro_ros_msgs_egg
[0.716s] Invoked command in '/home/jose/microros_ws/build/micro_ros_msgs' returned '0': CMAKE_PREFIX_PATH=${CMAKE_PREFIX_PATH}:/home/jose/microros_ws/install/odin_comms:/opt/ros/humble /usr/bin/cmake --build /home/jose/microros_ws/build/micro_ros_msgs -- -j4 -l4
[0.866s] Invoking command in '/home/jose/microros_ws/build/micro_ros_msgs': CMAKE_PREFIX_PATH=${CMAKE_PREFIX_PATH}:/home/jose/microros_ws/install/odin_comms:/opt/ros/humble /usr/bin/cmake --install /home/jose/microros_ws/build/micro_ros_msgs
[0.875s] -- Install configuration: ""
[0.876s] -- Execute custom install script
[0.876s] -- Up-to-date symlink: /home/jose/microros_ws/install/micro_ros_msgs/share/ament_index/resource_index/rosidl_interfaces/micro_ros_msgs
[0.877s] -- Up-to-date symlink: /home/jose/microros_ws/install/micro_ros_msgs/include/micro_ros_msgs/micro_ros_msgs/msg/detail/entity__functions.h
[0.877s] -- Up-to-date symlink: /home/jose/microros_ws/install/micro_ros_msgs/include/micro_ros_msgs/micro_ros_msgs/msg/detail/entity__struct.h
[0.877s] -- Up-to-date symlink: /home/jose/microros_ws/install/micro_ros_msgs/include/micro_ros_msgs/micro_ros_msgs/msg/detail/entity__type_support.h
[0.878s] -- Up-to-date symlink: /home/jose/microros_ws/install/micro_ros_msgs/include/micro_ros_msgs/micro_ros_msgs/msg/detail/graph__functions.h
[0.878s] -- Up-to-date symlink: /home/jose/microros_ws/install/micro_ros_msgs/include/micro_ros_msgs/micro_ros_msgs/msg/detail/graph__struct.h
[0.878s] -- Up-to-date symlink: /home/jose/microros_ws/install/micro_ros_msgs/include/micro_ros_msgs/micro_ros_msgs/msg/detail/graph__type_support.h
[0.879s] -- Up-to-date symlink: /home/jose/microros_ws/install/micro_ros_msgs/include/micro_ros_msgs/micro_ros_msgs/msg/detail/node__functions.h
[0.879s] -- Up-to-date symlink: /home/jose/microros_ws/install/micro_ros_msgs/include/micro_ros_msgs/micro_ros_msgs/msg/detail/node__struct.h
[0.880s] -- Up-to-date symlink: /home/jose/microros_ws/install/micro_ros_msgs/include/micro_ros_msgs/micro_ros_msgs/msg/detail/node__type_support.h
[0.880s] -- Up-to-date symlink: /home/jose/microros_ws/install/micro_ros_msgs/include/micro_ros_msgs/micro_ros_msgs/msg/entity.h
[0.880s] -- Up-to-date symlink: /home/jose/microros_ws/install/micro_ros_msgs/include/micro_ros_msgs/micro_ros_msgs/msg/graph.h
[0.880s] -- Up-to-date symlink: /home/jose/microros_ws/install/micro_ros_msgs/include/micro_ros_msgs/micro_ros_msgs/msg/node.h
[0.880s] -- Up-to-date symlink: /home/jose/microros_ws/install/micro_ros_msgs/include/micro_ros_msgs/micro_ros_msgs/msg/rosidl_generator_c__visibility_control.h
[0.881s] -- Up-to-date symlink: /home/jose/microros_ws/install/micro_ros_msgs/share/micro_ros_msgs/environment/library_path.sh
[0.881s] -- Up-to-date symlink: /home/jose/microros_ws/install/micro_ros_msgs/share/micro_ros_msgs/environment/library_path.dsv
[0.881s] -- Up-to-date symlink: /home/jose/microros_ws/install/micro_ros_msgs/include/micro_ros_msgs/micro_ros_msgs/msg/detail/entity__rosidl_typesupport_fastrtps_c.h
[0.882s] -- Up-to-date symlink: /home/jose/microros_ws/install/micro_ros_msgs/include/micro_ros_msgs/micro_ros_msgs/msg/detail/graph__rosidl_typesupport_fastrtps_c.h
[0.882s] -- Up-to-date symlink: /home/jose/microros_ws/install/micro_ros_msgs/include/micro_ros_msgs/micro_ros_msgs/msg/detail/node__rosidl_typesupport_fastrtps_c.h
[0.882s] -- Up-to-date symlink: /home/jose/microros_ws/install/micro_ros_msgs/include/micro_ros_msgs/micro_ros_msgs/msg/rosidl_typesupport_fastrtps_c__visibility_control.h
[0.883s] -- Up-to-date symlink: /home/jose/microros_ws/install/micro_ros_msgs/include/micro_ros_msgs/micro_ros_msgs/msg/detail/entity__rosidl_typesupport_introspection_c.h
[0.883s] -- Up-to-date symlink: /home/jose/microros_ws/install/micro_ros_msgs/include/micro_ros_msgs/micro_ros_msgs/msg/detail/graph__rosidl_typesupport_introspection_c.h
[0.883s] -- Up-to-date symlink: /home/jose/microros_ws/install/micro_ros_msgs/include/micro_ros_msgs/micro_ros_msgs/msg/detail/node__rosidl_typesupport_introspection_c.h
[0.884s] -- Up-to-date symlink: /home/jose/microros_ws/install/micro_ros_msgs/include/micro_ros_msgs/micro_ros_msgs/msg/rosidl_typesupport_introspection_c__visibility_control.h
[0.884s] -- Up-to-date symlink: /home/jose/microros_ws/install/micro_ros_msgs/include/micro_ros_msgs/micro_ros_msgs/msg/detail/entity__builder.hpp
[0.884s] -- Up-to-date symlink: /home/jose/microros_ws/install/micro_ros_msgs/include/micro_ros_msgs/micro_ros_msgs/msg/detail/entity__struct.hpp
[0.885s] -- Up-to-date symlink: /home/jose/microros_ws/install/micro_ros_msgs/include/micro_ros_msgs/micro_ros_msgs/msg/detail/entity__traits.hpp
[0.885s] -- Up-to-date symlink: /home/jose/microros_ws/install/micro_ros_msgs/include/micro_ros_msgs/micro_ros_msgs/msg/detail/graph__builder.hpp
[0.885s] -- Up-to-date symlink: /home/jose/microros_ws/install/micro_ros_msgs/include/micro_ros_msgs/micro_ros_msgs/msg/detail/graph__struct.hpp
[0.885s] -- Up-to-date symlink: /home/jose/microros_ws/install/micro_ros_msgs/include/micro_ros_msgs/micro_ros_msgs/msg/detail/graph__traits.hpp
[0.886s] -- Up-to-date symlink: /home/jose/microros_ws/install/micro_ros_msgs/include/micro_ros_msgs/micro_ros_msgs/msg/detail/node__builder.hpp
[0.886s] -- Up-to-date symlink: /home/jose/microros_ws/install/micro_ros_msgs/include/micro_ros_msgs/micro_ros_msgs/msg/detail/node__struct.hpp
[0.886s] -- Up-to-date symlink: /home/jose/microros_ws/install/micro_ros_msgs/include/micro_ros_msgs/micro_ros_msgs/msg/detail/node__traits.hpp
[0.887s] -- Up-to-date symlink: /home/jose/microros_ws/install/micro_ros_msgs/include/micro_ros_msgs/micro_ros_msgs/msg/entity.hpp
[0.887s] -- Up-to-date symlink: /home/jose/microros_ws/install/micro_ros_msgs/include/micro_ros_msgs/micro_ros_msgs/msg/graph.hpp
[0.887s] -- Up-to-date symlink: /home/jose/microros_ws/install/micro_ros_msgs/include/micro_ros_msgs/micro_ros_msgs/msg/node.hpp
[0.888s] -- Up-to-date symlink: /home/jose/microros_ws/install/micro_ros_msgs/include/micro_ros_msgs/micro_ros_msgs/msg/detail/entity__rosidl_typesupport_fastrtps_cpp.hpp
[0.888s] -- Up-to-date symlink: /home/jose/microros_ws/install/micro_ros_msgs/include/micro_ros_msgs/micro_ros_msgs/msg/detail/graph__rosidl_typesupport_fastrtps_cpp.hpp
[0.888s] -- Up-to-date symlink: /home/jose/microros_ws/install/micro_ros_msgs/include/micro_ros_msgs/micro_ros_msgs/msg/detail/node__rosidl_typesupport_fastrtps_cpp.hpp
[0.889s] -- Up-to-date symlink: /home/jose/microros_ws/install/micro_ros_msgs/include/micro_ros_msgs/micro_ros_msgs/msg/rosidl_typesupport_fastrtps_cpp__visibility_control.h
[0.889s] -- Up-to-date symlink: /home/jose/microros_ws/install/micro_ros_msgs/include/micro_ros_msgs/micro_ros_msgs/msg/detail/entity__rosidl_typesupport_introspection_cpp.hpp
[0.889s] -- Up-to-date symlink: /home/jose/microros_ws/install/micro_ros_msgs/include/micro_ros_msgs/micro_ros_msgs/msg/detail/graph__rosidl_typesupport_introspection_cpp.hpp
[0.890s] -- Up-to-date symlink: /home/jose/microros_ws/install/micro_ros_msgs/include/micro_ros_msgs/micro_ros_msgs/msg/detail/node__rosidl_typesupport_introspection_cpp.hpp
[0.890s] -- Up-to-date symlink: /home/jose/microros_ws/install/micro_ros_msgs/share/micro_ros_msgs/environment/pythonpath.sh
[0.890s] -- Up-to-date symlink: /home/jose/microros_ws/install/micro_ros_msgs/share/micro_ros_msgs/environment/pythonpath.dsv
[0.891s] -- Up-to-date symlink: /home/jose/microros_ws/install/micro_ros_msgs/local/lib/python3.10/dist-packages/micro_ros_msgs-3.0.1-py3.10.egg-info/PKG-INFO
[0.891s] -- Up-to-date symlink: /home/jose/microros_ws/install/micro_ros_msgs/local/lib/python3.10/dist-packages/micro_ros_msgs-3.0.1-py3.10.egg-info/SOURCES.txt
[0.891s] -- Up-to-date symlink: /home/jose/microros_ws/install/micro_ros_msgs/local/lib/python3.10/dist-packages/micro_ros_msgs-3.0.1-py3.10.egg-info/dependency_links.txt
[0.892s] -- Up-to-date symlink: /home/jose/microros_ws/install/micro_ros_msgs/local/lib/python3.10/dist-packages/micro_ros_msgs-3.0.1-py3.10.egg-info/top_level.txt
[0.892s] -- Up-to-date symlink: /home/jose/microros_ws/install/micro_ros_msgs/local/lib/python3.10/dist-packages/micro_ros_msgs/__init__.py
[0.893s] -- Up-to-date symlink: /home/jose/microros_ws/install/micro_ros_msgs/local/lib/python3.10/dist-packages/micro_ros_msgs/_micro_ros_msgs_s.ep.rosidl_typesupport_c.c
[0.893s] -- Up-to-date symlink: /home/jose/microros_ws/install/micro_ros_msgs/local/lib/python3.10/dist-packages/micro_ros_msgs/_micro_ros_msgs_s.ep.rosidl_typesupport_fastrtps_c.c
[0.893s] -- Up-to-date symlink: /home/jose/microros_ws/install/micro_ros_msgs/local/lib/python3.10/dist-packages/micro_ros_msgs/_micro_ros_msgs_s.ep.rosidl_typesupport_introspection_c.c
[0.894s] -- Up-to-date symlink: /home/jose/microros_ws/install/micro_ros_msgs/local/lib/python3.10/dist-packages/micro_ros_msgs/libmicro_ros_msgs__rosidl_generator_py.so
[0.894s] -- Up-to-date symlink: /home/jose/microros_ws/install/micro_ros_msgs/local/lib/python3.10/dist-packages/micro_ros_msgs/micro_ros_msgs_s__rosidl_typesupport_c.cpython-310-x86_64-linux-gnu.so
[0.894s] -- Up-to-date symlink: /home/jose/microros_ws/install/micro_ros_msgs/local/lib/python3.10/dist-packages/micro_ros_msgs/micro_ros_msgs_s__rosidl_typesupport_fastrtps_c.cpython-310-x86_64-linux-gnu.so
[0.894s] -- Up-to-date symlink: /home/jose/microros_ws/install/micro_ros_msgs/local/lib/python3.10/dist-packages/micro_ros_msgs/micro_ros_msgs_s__rosidl_typesupport_introspection_c.cpython-310-x86_64-linux-gnu.so
[0.895s] -- Up-to-date symlink: /home/jose/microros_ws/install/micro_ros_msgs/local/lib/python3.10/dist-packages/micro_ros_msgs/msg/__init__.py
[0.895s] -- Up-to-date symlink: /home/jose/microros_ws/install/micro_ros_msgs/local/lib/python3.10/dist-packages/micro_ros_msgs/msg/_entity.py
[0.895s] -- Up-to-date symlink: /home/jose/microros_ws/install/micro_ros_msgs/local/lib/python3.10/dist-packages/micro_ros_msgs/msg/_entity_s.c
[0.895s] -- Up-to-date symlink: /home/jose/microros_ws/install/micro_ros_msgs/local/lib/python3.10/dist-packages/micro_ros_msgs/msg/_graph.py
[0.896s] -- Up-to-date symlink: /home/jose/microros_ws/install/micro_ros_msgs/local/lib/python3.10/dist-packages/micro_ros_msgs/msg/_graph_s.c
[0.896s] -- Up-to-date symlink: /home/jose/microros_ws/install/micro_ros_msgs/local/lib/python3.10/dist-packages/micro_ros_msgs/msg/_node.py
[0.896s] -- Up-to-date symlink: /home/jose/microros_ws/install/micro_ros_msgs/local/lib/python3.10/dist-packages/micro_ros_msgs/msg/_node_s.c
[0.897s] -- Up-to-date symlink: /home/jose/microros_ws/install/micro_ros_msgs/local/lib/python3.10/dist-packages/micro_ros_msgs/micro_ros_msgs_s__rosidl_typesupport_fastrtps_c.cpython-310-x86_64-linux-gnu.so
[0.897s] -- Up-to-date symlink: /home/jose/microros_ws/install/micro_ros_msgs/local/lib/python3.10/dist-packages/micro_ros_msgs/micro_ros_msgs_s__rosidl_typesupport_introspection_c.cpython-310-x86_64-linux-gnu.so
[0.897s] -- Up-to-date symlink: /home/jose/microros_ws/install/micro_ros_msgs/local/lib/python3.10/dist-packages/micro_ros_msgs/micro_ros_msgs_s__rosidl_typesupport_c.cpython-310-x86_64-linux-gnu.so
[0.898s] -- Up-to-date symlink: /home/jose/microros_ws/install/micro_ros_msgs/share/micro_ros_msgs/msg/Graph.idl
[0.898s] -- Up-to-date symlink: /home/jose/microros_ws/install/micro_ros_msgs/share/micro_ros_msgs/msg/Node.idl
[0.898s] -- Up-to-date symlink: /home/jose/microros_ws/install/micro_ros_msgs/share/micro_ros_msgs/msg/Entity.idl
[0.899s] -- Up-to-date symlink: /home/jose/microros_ws/install/micro_ros_msgs/share/micro_ros_msgs/msg/Graph.msg
[0.899s] -- Up-to-date symlink: /home/jose/microros_ws/install/micro_ros_msgs/share/micro_ros_msgs/msg/Node.msg
[0.899s] -- Up-to-date symlink: /home/jose/microros_ws/install/micro_ros_msgs/share/micro_ros_msgs/msg/Entity.msg
[0.900s] -- Up-to-date symlink: /home/jose/microros_ws/install/micro_ros_msgs/share/ament_index/resource_index/package_run_dependencies/micro_ros_msgs
[0.900s] -- Up-to-date symlink: /home/jose/microros_ws/install/micro_ros_msgs/share/ament_index/resource_index/parent_prefix_path/micro_ros_msgs
[0.900s] -- Up-to-date symlink: /home/jose/microros_ws/install/micro_ros_msgs/share/micro_ros_msgs/environment/ament_prefix_path.sh
[0.901s] -- Up-to-date symlink: /home/jose/microros_ws/install/micro_ros_msgs/share/micro_ros_msgs/environment/ament_prefix_path.dsv
[0.901s] -- Up-to-date symlink: /home/jose/microros_ws/install/micro_ros_msgs/share/micro_ros_msgs/environment/path.sh
[0.901s] -- Up-to-date symlink: /home/jose/microros_ws/install/micro_ros_msgs/share/micro_ros_msgs/environment/path.dsv
[0.902s] -- Up-to-date symlink: /home/jose/microros_ws/install/micro_ros_msgs/share/micro_ros_msgs/local_setup.bash
[0.902s] -- Up-to-date symlink: /home/jose/microros_ws/install/micro_ros_msgs/share/micro_ros_msgs/local_setup.sh
[0.902s] -- Up-to-date symlink: /home/jose/microros_ws/install/micro_ros_msgs/share/micro_ros_msgs/local_setup.zsh
[0.903s] -- Up-to-date symlink: /home/jose/microros_ws/install/micro_ros_msgs/share/micro_ros_msgs/local_setup.dsv
[0.903s] -- Symlinking: /home/jose/microros_ws/install/micro_ros_msgs/share/micro_ros_msgs/package.dsv
[0.914s] -- Up-to-date symlink: /home/jose/microros_ws/install/micro_ros_msgs/share/ament_index/resource_index/packages/micro_ros_msgs
[0.914s] -- Up-to-date symlink: /home/jose/microros_ws/install/micro_ros_msgs/share/micro_ros_msgs/cmake/rosidl_cmake-extras.cmake
[0.915s] -- Up-to-date symlink: /home/jose/microros_ws/install/micro_ros_msgs/share/micro_ros_msgs/cmake/ament_cmake_export_include_directories-extras.cmake
[0.915s] -- Up-to-date symlink: /home/jose/microros_ws/install/micro_ros_msgs/share/micro_ros_msgs/cmake/ament_cmake_export_libraries-extras.cmake
[0.915s] -- Up-to-date symlink: /home/jose/microros_ws/install/micro_ros_msgs/share/micro_ros_msgs/cmake/ament_cmake_export_targets-extras.cmake
[0.916s] -- Up-to-date symlink: /home/jose/microros_ws/install/micro_ros_msgs/share/micro_ros_msgs/cmake/rosidl_cmake_export_typesupport_targets-extras.cmake
[0.916s] -- Up-to-date symlink: /home/jose/microros_ws/install/micro_ros_msgs/share/micro_ros_msgs/cmake/ament_cmake_export_dependencies-extras.cmake
[0.916s] -- Up-to-date symlink: /home/jose/microros_ws/install/micro_ros_msgs/share/micro_ros_msgs/cmake/rosidl_cmake_export_typesupport_libraries-extras.cmake
[0.917s] -- Up-to-date symlink: /home/jose/microros_ws/install/micro_ros_msgs/share/micro_ros_msgs/cmake/micro_ros_msgsConfig.cmake
[0.917s] -- Up-to-date symlink: /home/jose/microros_ws/install/micro_ros_msgs/share/micro_ros_msgs/cmake/micro_ros_msgsConfig-version.cmake
[0.918s] -- Up-to-date symlink: /home/jose/microros_ws/install/micro_ros_msgs/share/micro_ros_msgs/package.xml
[0.918s] -- Up-to-date: /home/jose/microros_ws/install/micro_ros_msgs/lib/libmicro_ros_msgs__rosidl_generator_c.so
[0.918s] -- Up-to-date: /home/jose/microros_ws/install/micro_ros_msgs/lib/libmicro_ros_msgs__rosidl_typesupport_fastrtps_c.so
[0.919s] -- Up-to-date: /home/jose/microros_ws/install/micro_ros_msgs/lib/libmicro_ros_msgs__rosidl_typesupport_introspection_c.so
[0.919s] -- Up-to-date: /home/jose/microros_ws/install/micro_ros_msgs/lib/libmicro_ros_msgs__rosidl_typesupport_c.so
[0.920s] -- Up-to-date: /home/jose/microros_ws/install/micro_ros_msgs/lib/libmicro_ros_msgs__rosidl_typesupport_fastrtps_cpp.so
[0.920s] -- Up-to-date: /home/jose/microros_ws/install/micro_ros_msgs/lib/libmicro_ros_msgs__rosidl_typesupport_introspection_cpp.so
[0.921s] -- Up-to-date: /home/jose/microros_ws/install/micro_ros_msgs/lib/libmicro_ros_msgs__rosidl_typesupport_cpp.so
[0.966s] Listing '/home/jose/microros_ws/install/micro_ros_msgs/local/lib/python3.10/dist-packages/micro_ros_msgs'...
[0.967s] Listing '/home/jose/microros_ws/install/micro_ros_msgs/local/lib/python3.10/dist-packages/micro_ros_msgs/msg'...
[0.972s] -- Up-to-date: /home/jose/microros_ws/install/micro_ros_msgs/lib/libmicro_ros_msgs__rosidl_generator_py.so
[0.973s] -- Up-to-date: /home/jose/microros_ws/install/micro_ros_msgs/share/micro_ros_msgs/cmake/export_micro_ros_msgs__rosidl_generator_cExport.cmake
[0.973s] -- Up-to-date: /home/jose/microros_ws/install/micro_ros_msgs/share/micro_ros_msgs/cmake/export_micro_ros_msgs__rosidl_generator_cExport-noconfig.cmake
[0.973s] -- Up-to-date: /home/jose/microros_ws/install/micro_ros_msgs/share/micro_ros_msgs/cmake/export_micro_ros_msgs__rosidl_typesupport_fastrtps_cExport.cmake
[0.974s] -- Up-to-date: /home/jose/microros_ws/install/micro_ros_msgs/share/micro_ros_msgs/cmake/export_micro_ros_msgs__rosidl_typesupport_fastrtps_cExport-noconfig.cmake
[0.974s] -- Up-to-date: /home/jose/microros_ws/install/micro_ros_msgs/share/micro_ros_msgs/cmake/micro_ros_msgs__rosidl_typesupport_introspection_cExport.cmake
[0.974s] -- Up-to-date: /home/jose/microros_ws/install/micro_ros_msgs/share/micro_ros_msgs/cmake/micro_ros_msgs__rosidl_typesupport_introspection_cExport-noconfig.cmake
[0.974s] -- Up-to-date: /home/jose/microros_ws/install/micro_ros_msgs/share/micro_ros_msgs/cmake/micro_ros_msgs__rosidl_typesupport_cExport.cmake
[0.975s] -- Up-to-date: /home/jose/microros_ws/install/micro_ros_msgs/share/micro_ros_msgs/cmake/micro_ros_msgs__rosidl_typesupport_cExport-noconfig.cmake
[0.975s] -- Up-to-date: /home/jose/microros_ws/install/micro_ros_msgs/share/micro_ros_msgs/cmake/export_micro_ros_msgs__rosidl_generator_cppExport.cmake
[0.975s] -- Up-to-date: /home/jose/microros_ws/install/micro_ros_msgs/share/micro_ros_msgs/cmake/export_micro_ros_msgs__rosidl_typesupport_fastrtps_cppExport.cmake
[0.975s] -- Up-to-date: /home/jose/microros_ws/install/micro_ros_msgs/share/micro_ros_msgs/cmake/export_micro_ros_msgs__rosidl_typesupport_fastrtps_cppExport-noconfig.cmake
[0.976s] -- Up-to-date: /home/jose/microros_ws/install/micro_ros_msgs/share/micro_ros_msgs/cmake/micro_ros_msgs__rosidl_typesupport_introspection_cppExport.cmake
[0.976s] -- Up-to-date: /home/jose/microros_ws/install/micro_ros_msgs/share/micro_ros_msgs/cmake/micro_ros_msgs__rosidl_typesupport_introspection_cppExport-noconfig.cmake
[0.976s] -- Up-to-date: /home/jose/microros_ws/install/micro_ros_msgs/share/micro_ros_msgs/cmake/micro_ros_msgs__rosidl_typesupport_cppExport.cmake
[0.976s] -- Up-to-date: /home/jose/microros_ws/install/micro_ros_msgs/share/micro_ros_msgs/cmake/micro_ros_msgs__rosidl_typesupport_cppExport-noconfig.cmake
[0.976s] -- Up-to-date: /home/jose/microros_ws/install/micro_ros_msgs/share/micro_ros_msgs/cmake/export_micro_ros_msgs__rosidl_generator_pyExport.cmake
[0.976s] -- Up-to-date: /home/jose/microros_ws/install/micro_ros_msgs/share/micro_ros_msgs/cmake/export_micro_ros_msgs__rosidl_generator_pyExport-noconfig.cmake
[0.979s] Invoked command in '/home/jose/microros_ws/build/micro_ros_msgs' returned '0': CMAKE_PREFIX_PATH=${CMAKE_PREFIX_PATH}:/home/jose/microros_ws/install/odin_comms:/opt/ros/humble /usr/bin/cmake --install /home/jose/microros_ws/build/micro_ros_msgs
