[0.014s] Invoking command in '/home/jose/microros_ws/build/micro_ros_msgs': CMAKE_PREFIX_PATH=${CMAKE_PREFIX_PATH}:/opt/ros/humble /usr/bin/cmake /home/jose/microros_ws/src/uros/micro_ros_msgs -DUAGENT_BUILD_EXECUTABLE=OFF -DUAGENT_P2P_PROFILE=OFF --no-warn-unused-cli -DCMAKE_INSTALL_PREFIX=/home/jose/microros_ws/install/micro_ros_msgs
[0.022s] Not searching for unused variables given on the command line.
[0.028s] -- Found ament_cmake: 1.3.10 (/opt/ros/humble/share/ament_cmake/cmake)
[0.197s] -- Found rosidl_default_generators: 1.2.0 (/opt/ros/humble/share/rosidl_default_generators/cmake)
[0.199s] -- Using all available rosidl_typesupport_c: rosidl_typesupport_fastrtps_c;rosidl_typesupport_introspection_c
[0.204s] -- Found rosidl_adapter: 3.1.5 (/opt/ros/humble/share/rosidl_adapter/cmake)
[0.246s] -- Using all available rosidl_typesupport_cpp: rosidl_typesupport_fastrtps_cpp;rosidl_typesupport_introspection_cpp
[0.282s] -- Found ament_lint_auto: 0.12.11 (/opt/ros/humble/share/ament_lint_auto/cmake)
[0.618s] -- Found ament_cmake_ros: 0.10.0 (/opt/ros/humble/share/ament_cmake_ros/cmake)
[0.859s] -- Using all available rosidl_typesupport_c: rosidl_typesupport_fastrtps_c;rosidl_typesupport_introspection_c
[1.177s] -- Using all available rosidl_typesupport_cpp: rosidl_typesupport_fastrtps_cpp;rosidl_typesupport_introspection_cpp
[1.205s] -- Found python_cmake_module: 0.10.0 (/opt/ros/humble/share/python_cmake_module/cmake)
[1.231s] -- Using PYTHON_EXECUTABLE: /usr/bin/python3
[1.231s] -- Using PYTHON_INCLUDE_DIRS: /usr/include/python3.10
[1.232s] -- Using PYTHON_LIBRARIES: /usr/lib/x86_64-linux-gnu/libpython3.10.so
[1.265s] -- Added test 'copyright' to check source files copyright and LICENSE
[1.275s] -- Added test 'lint_cmake' to check CMake code style
[1.280s] -- Added test 'xmllint' to check XML markup files
[1.284s] -- Configuring done
[1.324s] -- Generating done
[1.327s] -- Build files have been written to: /home/jose/microros_ws/build/micro_ros_msgs
[1.335s] Invoked command in '/home/jose/microros_ws/build/micro_ros_msgs' returned '0': CMAKE_PREFIX_PATH=${CMAKE_PREFIX_PATH}:/opt/ros/humble /usr/bin/cmake /home/jose/microros_ws/src/uros/micro_ros_msgs -DUAGENT_BUILD_EXECUTABLE=OFF -DUAGENT_P2P_PROFILE=OFF --no-warn-unused-cli -DCMAKE_INSTALL_PREFIX=/home/jose/microros_ws/install/micro_ros_msgs
[1.337s] Invoking command in '/home/jose/microros_ws/build/micro_ros_msgs': CMAKE_PREFIX_PATH=${CMAKE_PREFIX_PATH}:/opt/ros/humble /usr/bin/cmake --build /home/jose/microros_ws/build/micro_ros_msgs -- -j4 -l4
[1.389s] [35m[1mConsolidate compiler generated dependencies of target micro_ros_msgs__rosidl_generator_c[0m
[1.407s] [  2%] Built target micro_ros_msgs__cpp
[1.409s] [ 12%] Built target micro_ros_msgs__rosidl_generator_c
[1.415s] [ 12%] Built target ament_cmake_python_copy_micro_ros_msgs
[1.431s] [35m[1mConsolidate compiler generated dependencies of target micro_ros_msgs__rosidl_typesupport_cpp[0m
[1.431s] [35m[1mConsolidate compiler generated dependencies of target micro_ros_msgs__rosidl_typesupport_fastrtps_cpp[0m
[1.432s] [35m[1mConsolidate compiler generated dependencies of target micro_ros_msgs__rosidl_typesupport_introspection_cpp[0m
[1.434s] [35m[1mConsolidate compiler generated dependencies of target micro_ros_msgs__rosidl_typesupport_fastrtps_c[0m
[1.454s] [ 29%] Built target micro_ros_msgs__rosidl_typesupport_fastrtps_cpp
[1.454s] [ 34%] Built target micro_ros_msgs__rosidl_typesupport_introspection_cpp
[1.455s] [ 44%] Built target micro_ros_msgs__rosidl_typesupport_cpp
[1.461s] [ 55%] Built target micro_ros_msgs__rosidl_typesupport_fastrtps_c
[1.470s] [35m[1mConsolidate compiler generated dependencies of target micro_ros_msgs__rosidl_typesupport_introspection_c[0m
[1.474s] [35m[1mConsolidate compiler generated dependencies of target micro_ros_msgs__rosidl_typesupport_c[0m
[1.490s] [ 65%] Built target micro_ros_msgs__rosidl_typesupport_introspection_c
[1.495s] [ 76%] Built target micro_ros_msgs__rosidl_typesupport_c
[1.522s] [ 76%] Built target micro_ros_msgs
[1.548s] [ 78%] Built target micro_ros_msgs__py
[1.562s] [35m[1mConsolidate compiler generated dependencies of target micro_ros_msgs__rosidl_generator_py[0m
[1.579s] [ 87%] Built target micro_ros_msgs__rosidl_generator_py
[1.599s] [35m[1mConsolidate compiler generated dependencies of target micro_ros_msgs__rosidl_typesupport_introspection_c__pyext[0m
[1.601s] [35m[1mConsolidate compiler generated dependencies of target micro_ros_msgs__rosidl_typesupport_fastrtps_c__pyext[0m
[1.602s] [35m[1mConsolidate compiler generated dependencies of target micro_ros_msgs__rosidl_typesupport_c__pyext[0m
[1.623s] [ 91%] Built target micro_ros_msgs__rosidl_typesupport_fastrtps_c__pyext
[1.625s] [ 95%] Built target micro_ros_msgs__rosidl_typesupport_introspection_c__pyext
[1.627s] [100%] Built target micro_ros_msgs__rosidl_typesupport_c__pyext
[1.800s] running egg_info
[1.802s] writing micro_ros_msgs.egg-info/PKG-INFO
[1.803s] writing dependency_links to micro_ros_msgs.egg-info/dependency_links.txt
[1.803s] writing top-level names to micro_ros_msgs.egg-info/top_level.txt
[1.806s] reading manifest file 'micro_ros_msgs.egg-info/SOURCES.txt'
[1.807s] writing manifest file 'micro_ros_msgs.egg-info/SOURCES.txt'
[1.846s] [100%] Built target ament_cmake_python_build_micro_ros_msgs_egg
[1.860s] Invoked command in '/home/jose/microros_ws/build/micro_ros_msgs' returned '0': CMAKE_PREFIX_PATH=${CMAKE_PREFIX_PATH}:/opt/ros/humble /usr/bin/cmake --build /home/jose/microros_ws/build/micro_ros_msgs -- -j4 -l4
[1.982s] Invoking command in '/home/jose/microros_ws/build/micro_ros_msgs': CMAKE_PREFIX_PATH=${CMAKE_PREFIX_PATH}:/opt/ros/humble /usr/bin/cmake --install /home/jose/microros_ws/build/micro_ros_msgs
[1.994s] -- Install configuration: ""
[1.994s] -- Up-to-date: /home/jose/microros_ws/install/micro_ros_msgs/share/ament_index/resource_index/rosidl_interfaces/micro_ros_msgs
[1.994s] -- Up-to-date: /home/jose/microros_ws/install/micro_ros_msgs/include/micro_ros_msgs/micro_ros_msgs
[1.994s] -- Up-to-date: /home/jose/microros_ws/install/micro_ros_msgs/include/micro_ros_msgs/micro_ros_msgs/msg
[1.994s] -- Up-to-date: /home/jose/microros_ws/install/micro_ros_msgs/include/micro_ros_msgs/micro_ros_msgs/msg/detail
[1.995s] -- Up-to-date: /home/jose/microros_ws/install/micro_ros_msgs/include/micro_ros_msgs/micro_ros_msgs/msg/detail/entity__functions.h
[1.995s] -- Up-to-date: /home/jose/microros_ws/install/micro_ros_msgs/include/micro_ros_msgs/micro_ros_msgs/msg/detail/graph__struct.h
[1.995s] -- Up-to-date: /home/jose/microros_ws/install/micro_ros_msgs/include/micro_ros_msgs/micro_ros_msgs/msg/detail/entity__struct.h
[1.995s] -- Up-to-date: /home/jose/microros_ws/install/micro_ros_msgs/include/micro_ros_msgs/micro_ros_msgs/msg/detail/graph__functions.h
[1.995s] -- Up-to-date: /home/jose/microros_ws/install/micro_ros_msgs/include/micro_ros_msgs/micro_ros_msgs/msg/detail/entity__functions.c
[1.996s] -- Up-to-date: /home/jose/microros_ws/install/micro_ros_msgs/include/micro_ros_msgs/micro_ros_msgs/msg/detail/node__functions.c
[1.996s] -- Up-to-date: /home/jose/microros_ws/install/micro_ros_msgs/include/micro_ros_msgs/micro_ros_msgs/msg/detail/node__struct.h
[1.996s] -- Up-to-date: /home/jose/microros_ws/install/micro_ros_msgs/include/micro_ros_msgs/micro_ros_msgs/msg/detail/graph__type_support.h
[1.996s] -- Up-to-date: /home/jose/microros_ws/install/micro_ros_msgs/include/micro_ros_msgs/micro_ros_msgs/msg/detail/entity__type_support.h
[1.996s] -- Up-to-date: /home/jose/microros_ws/install/micro_ros_msgs/include/micro_ros_msgs/micro_ros_msgs/msg/detail/node__type_support.h
[1.996s] -- Up-to-date: /home/jose/microros_ws/install/micro_ros_msgs/include/micro_ros_msgs/micro_ros_msgs/msg/detail/node__functions.h
[1.997s] -- Up-to-date: /home/jose/microros_ws/install/micro_ros_msgs/include/micro_ros_msgs/micro_ros_msgs/msg/detail/graph__functions.c
[1.997s] -- Up-to-date: /home/jose/microros_ws/install/micro_ros_msgs/include/micro_ros_msgs/micro_ros_msgs/msg/graph.h
[1.997s] -- Up-to-date: /home/jose/microros_ws/install/micro_ros_msgs/include/micro_ros_msgs/micro_ros_msgs/msg/rosidl_generator_c__visibility_control.h
[1.997s] -- Up-to-date: /home/jose/microros_ws/install/micro_ros_msgs/include/micro_ros_msgs/micro_ros_msgs/msg/node.h
[1.997s] -- Up-to-date: /home/jose/microros_ws/install/micro_ros_msgs/include/micro_ros_msgs/micro_ros_msgs/msg/entity.h
[1.997s] -- Up-to-date: /home/jose/microros_ws/install/micro_ros_msgs/share/micro_ros_msgs/environment/library_path.sh
[1.998s] -- Installing: /home/jose/microros_ws/install/micro_ros_msgs/share/micro_ros_msgs/environment/library_path.dsv
[1.998s] -- Up-to-date: /home/jose/microros_ws/install/micro_ros_msgs/lib/libmicro_ros_msgs__rosidl_generator_c.so
[1.998s] -- Up-to-date: /home/jose/microros_ws/install/micro_ros_msgs/include/micro_ros_msgs/micro_ros_msgs
[1.998s] -- Up-to-date: /home/jose/microros_ws/install/micro_ros_msgs/include/micro_ros_msgs/micro_ros_msgs/msg
[1.998s] -- Up-to-date: /home/jose/microros_ws/install/micro_ros_msgs/include/micro_ros_msgs/micro_ros_msgs/msg/detail
[1.999s] -- Up-to-date: /home/jose/microros_ws/install/micro_ros_msgs/include/micro_ros_msgs/micro_ros_msgs/msg/detail/node__rosidl_typesupport_fastrtps_c.h
[1.999s] -- Up-to-date: /home/jose/microros_ws/install/micro_ros_msgs/include/micro_ros_msgs/micro_ros_msgs/msg/detail/graph__rosidl_typesupport_fastrtps_c.h
[1.999s] -- Up-to-date: /home/jose/microros_ws/install/micro_ros_msgs/include/micro_ros_msgs/micro_ros_msgs/msg/detail/entity__rosidl_typesupport_fastrtps_c.h
[1.999s] -- Up-to-date: /home/jose/microros_ws/install/micro_ros_msgs/include/micro_ros_msgs/micro_ros_msgs/msg/rosidl_typesupport_fastrtps_c__visibility_control.h
[1.999s] -- Up-to-date: /home/jose/microros_ws/install/micro_ros_msgs/lib/libmicro_ros_msgs__rosidl_typesupport_fastrtps_c.so
[2.000s] -- Up-to-date: /home/jose/microros_ws/install/micro_ros_msgs/include/micro_ros_msgs/micro_ros_msgs
[2.000s] -- Up-to-date: /home/jose/microros_ws/install/micro_ros_msgs/include/micro_ros_msgs/micro_ros_msgs/msg
[2.000s] -- Up-to-date: /home/jose/microros_ws/install/micro_ros_msgs/include/micro_ros_msgs/micro_ros_msgs/msg/detail
[2.000s] -- Up-to-date: /home/jose/microros_ws/install/micro_ros_msgs/include/micro_ros_msgs/micro_ros_msgs/msg/detail/entity__type_support.c
[2.000s] -- Up-to-date: /home/jose/microros_ws/install/micro_ros_msgs/include/micro_ros_msgs/micro_ros_msgs/msg/detail/graph__type_support.c
[2.000s] -- Up-to-date: /home/jose/microros_ws/install/micro_ros_msgs/include/micro_ros_msgs/micro_ros_msgs/msg/detail/node__type_support.c
[2.001s] -- Up-to-date: /home/jose/microros_ws/install/micro_ros_msgs/include/micro_ros_msgs/micro_ros_msgs/msg/detail/node__rosidl_typesupport_introspection_c.h
[2.001s] -- Up-to-date: /home/jose/microros_ws/install/micro_ros_msgs/include/micro_ros_msgs/micro_ros_msgs/msg/detail/entity__rosidl_typesupport_introspection_c.h
[2.001s] -- Up-to-date: /home/jose/microros_ws/install/micro_ros_msgs/include/micro_ros_msgs/micro_ros_msgs/msg/detail/graph__rosidl_typesupport_introspection_c.h
[2.001s] -- Up-to-date: /home/jose/microros_ws/install/micro_ros_msgs/include/micro_ros_msgs/micro_ros_msgs/msg/rosidl_typesupport_introspection_c__visibility_control.h
[2.001s] -- Up-to-date: /home/jose/microros_ws/install/micro_ros_msgs/lib/libmicro_ros_msgs__rosidl_typesupport_introspection_c.so
[2.001s] -- Up-to-date: /home/jose/microros_ws/install/micro_ros_msgs/lib/libmicro_ros_msgs__rosidl_typesupport_c.so
[2.002s] -- Up-to-date: /home/jose/microros_ws/install/micro_ros_msgs/include/micro_ros_msgs/micro_ros_msgs
[2.002s] -- Up-to-date: /home/jose/microros_ws/install/micro_ros_msgs/include/micro_ros_msgs/micro_ros_msgs/msg
[2.002s] -- Up-to-date: /home/jose/microros_ws/install/micro_ros_msgs/include/micro_ros_msgs/micro_ros_msgs/msg/detail
[2.002s] -- Up-to-date: /home/jose/microros_ws/install/micro_ros_msgs/include/micro_ros_msgs/micro_ros_msgs/msg/detail/entity__traits.hpp
[2.002s] -- Up-to-date: /home/jose/microros_ws/install/micro_ros_msgs/include/micro_ros_msgs/micro_ros_msgs/msg/detail/graph__traits.hpp
[2.003s] -- Up-to-date: /home/jose/microros_ws/install/micro_ros_msgs/include/micro_ros_msgs/micro_ros_msgs/msg/detail/node__builder.hpp
[2.003s] -- Up-to-date: /home/jose/microros_ws/install/micro_ros_msgs/include/micro_ros_msgs/micro_ros_msgs/msg/detail/node__traits.hpp
[2.003s] -- Up-to-date: /home/jose/microros_ws/install/micro_ros_msgs/include/micro_ros_msgs/micro_ros_msgs/msg/detail/graph__struct.hpp
[2.003s] -- Up-to-date: /home/jose/microros_ws/install/micro_ros_msgs/include/micro_ros_msgs/micro_ros_msgs/msg/detail/graph__builder.hpp
[2.004s] -- Up-to-date: /home/jose/microros_ws/install/micro_ros_msgs/include/micro_ros_msgs/micro_ros_msgs/msg/detail/node__struct.hpp
[2.004s] -- Up-to-date: /home/jose/microros_ws/install/micro_ros_msgs/include/micro_ros_msgs/micro_ros_msgs/msg/detail/entity__builder.hpp
[2.004s] -- Up-to-date: /home/jose/microros_ws/install/micro_ros_msgs/include/micro_ros_msgs/micro_ros_msgs/msg/detail/entity__struct.hpp
[2.004s] -- Up-to-date: /home/jose/microros_ws/install/micro_ros_msgs/include/micro_ros_msgs/micro_ros_msgs/msg/entity.hpp
[2.004s] -- Up-to-date: /home/jose/microros_ws/install/micro_ros_msgs/include/micro_ros_msgs/micro_ros_msgs/msg/graph.hpp
[2.004s] -- Up-to-date: /home/jose/microros_ws/install/micro_ros_msgs/include/micro_ros_msgs/micro_ros_msgs/msg/node.hpp
[2.004s] -- Up-to-date: /home/jose/microros_ws/install/micro_ros_msgs/include/micro_ros_msgs/micro_ros_msgs
[2.004s] -- Up-to-date: /home/jose/microros_ws/install/micro_ros_msgs/include/micro_ros_msgs/micro_ros_msgs/msg
[2.004s] -- Up-to-date: /home/jose/microros_ws/install/micro_ros_msgs/include/micro_ros_msgs/micro_ros_msgs/msg/detail
[2.004s] -- Up-to-date: /home/jose/microros_ws/install/micro_ros_msgs/include/micro_ros_msgs/micro_ros_msgs/msg/detail/graph__rosidl_typesupport_fastrtps_cpp.hpp
[2.005s] -- Up-to-date: /home/jose/microros_ws/install/micro_ros_msgs/include/micro_ros_msgs/micro_ros_msgs/msg/detail/dds_fastrtps
[2.005s] -- Up-to-date: /home/jose/microros_ws/install/micro_ros_msgs/include/micro_ros_msgs/micro_ros_msgs/msg/detail/node__rosidl_typesupport_fastrtps_cpp.hpp
[2.005s] -- Up-to-date: /home/jose/microros_ws/install/micro_ros_msgs/include/micro_ros_msgs/micro_ros_msgs/msg/detail/entity__rosidl_typesupport_fastrtps_cpp.hpp
[2.005s] -- Up-to-date: /home/jose/microros_ws/install/micro_ros_msgs/include/micro_ros_msgs/micro_ros_msgs/msg/rosidl_typesupport_fastrtps_cpp__visibility_control.h
[2.005s] -- Up-to-date: /home/jose/microros_ws/install/micro_ros_msgs/lib/libmicro_ros_msgs__rosidl_typesupport_fastrtps_cpp.so
[2.005s] -- Up-to-date: /home/jose/microros_ws/install/micro_ros_msgs/include/micro_ros_msgs/micro_ros_msgs
[2.005s] -- Up-to-date: /home/jose/microros_ws/install/micro_ros_msgs/include/micro_ros_msgs/micro_ros_msgs/msg
[2.005s] -- Up-to-date: /home/jose/microros_ws/install/micro_ros_msgs/include/micro_ros_msgs/micro_ros_msgs/msg/detail
[2.005s] -- Up-to-date: /home/jose/microros_ws/install/micro_ros_msgs/include/micro_ros_msgs/micro_ros_msgs/msg/detail/entity__type_support.cpp
[2.005s] -- Up-to-date: /home/jose/microros_ws/install/micro_ros_msgs/include/micro_ros_msgs/micro_ros_msgs/msg/detail/node__type_support.cpp
[2.005s] -- Up-to-date: /home/jose/microros_ws/install/micro_ros_msgs/include/micro_ros_msgs/micro_ros_msgs/msg/detail/graph__type_support.cpp
[2.005s] -- Up-to-date: /home/jose/microros_ws/install/micro_ros_msgs/include/micro_ros_msgs/micro_ros_msgs/msg/detail/node__rosidl_typesupport_introspection_cpp.hpp
[2.005s] -- Up-to-date: /home/jose/microros_ws/install/micro_ros_msgs/include/micro_ros_msgs/micro_ros_msgs/msg/detail/entity__rosidl_typesupport_introspection_cpp.hpp
[2.006s] -- Up-to-date: /home/jose/microros_ws/install/micro_ros_msgs/include/micro_ros_msgs/micro_ros_msgs/msg/detail/graph__rosidl_typesupport_introspection_cpp.hpp
[2.006s] -- Up-to-date: /home/jose/microros_ws/install/micro_ros_msgs/lib/libmicro_ros_msgs__rosidl_typesupport_introspection_cpp.so
[2.006s] -- Up-to-date: /home/jose/microros_ws/install/micro_ros_msgs/lib/libmicro_ros_msgs__rosidl_typesupport_cpp.so
[2.006s] -- Up-to-date: /home/jose/microros_ws/install/micro_ros_msgs/share/micro_ros_msgs/environment/pythonpath.sh
[2.006s] -- Installing: /home/jose/microros_ws/install/micro_ros_msgs/share/micro_ros_msgs/environment/pythonpath.dsv
[2.006s] -- Up-to-date: /home/jose/microros_ws/install/micro_ros_msgs/local/lib/python3.10/dist-packages/micro_ros_msgs-3.0.1-py3.10.egg-info
[2.006s] -- Installing: /home/jose/microros_ws/install/micro_ros_msgs/local/lib/python3.10/dist-packages/micro_ros_msgs-3.0.1-py3.10.egg-info/dependency_links.txt
[2.006s] -- Installing: /home/jose/microros_ws/install/micro_ros_msgs/local/lib/python3.10/dist-packages/micro_ros_msgs-3.0.1-py3.10.egg-info/top_level.txt
[2.006s] -- Installing: /home/jose/microros_ws/install/micro_ros_msgs/local/lib/python3.10/dist-packages/micro_ros_msgs-3.0.1-py3.10.egg-info/SOURCES.txt
[2.006s] -- Installing: /home/jose/microros_ws/install/micro_ros_msgs/local/lib/python3.10/dist-packages/micro_ros_msgs-3.0.1-py3.10.egg-info/PKG-INFO
[2.006s] -- Up-to-date: /home/jose/microros_ws/install/micro_ros_msgs/local/lib/python3.10/dist-packages/micro_ros_msgs
[2.006s] -- Up-to-date: /home/jose/microros_ws/install/micro_ros_msgs/local/lib/python3.10/dist-packages/micro_ros_msgs/_micro_ros_msgs_s.ep.rosidl_typesupport_introspection_c.c
[2.006s] -- Up-to-date: /home/jose/microros_ws/install/micro_ros_msgs/local/lib/python3.10/dist-packages/micro_ros_msgs/libmicro_ros_msgs__rosidl_generator_py.so
[2.006s] -- Installing: /home/jose/microros_ws/install/micro_ros_msgs/local/lib/python3.10/dist-packages/micro_ros_msgs/__init__.py
[2.006s] -- Up-to-date: /home/jose/microros_ws/install/micro_ros_msgs/local/lib/python3.10/dist-packages/micro_ros_msgs/micro_ros_msgs_s__rosidl_typesupport_c.cpython-310-x86_64-linux-gnu.so
[2.007s] -- Up-to-date: /home/jose/microros_ws/install/micro_ros_msgs/local/lib/python3.10/dist-packages/micro_ros_msgs/_micro_ros_msgs_s.ep.rosidl_typesupport_c.c
[2.007s] -- Up-to-date: /home/jose/microros_ws/install/micro_ros_msgs/local/lib/python3.10/dist-packages/micro_ros_msgs/_micro_ros_msgs_s.ep.rosidl_typesupport_fastrtps_c.c
[2.007s] -- Up-to-date: /home/jose/microros_ws/install/micro_ros_msgs/local/lib/python3.10/dist-packages/micro_ros_msgs/msg
[2.007s] -- Up-to-date: /home/jose/microros_ws/install/micro_ros_msgs/local/lib/python3.10/dist-packages/micro_ros_msgs/msg/_entity.py
[2.007s] -- Up-to-date: /home/jose/microros_ws/install/micro_ros_msgs/local/lib/python3.10/dist-packages/micro_ros_msgs/msg/_graph_s.c
[2.007s] -- Up-to-date: /home/jose/microros_ws/install/micro_ros_msgs/local/lib/python3.10/dist-packages/micro_ros_msgs/msg/__init__.py
[2.007s] -- Up-to-date: /home/jose/microros_ws/install/micro_ros_msgs/local/lib/python3.10/dist-packages/micro_ros_msgs/msg/_node.py
[2.007s] -- Up-to-date: /home/jose/microros_ws/install/micro_ros_msgs/local/lib/python3.10/dist-packages/micro_ros_msgs/msg/_node_s.c
[2.007s] -- Up-to-date: /home/jose/microros_ws/install/micro_ros_msgs/local/lib/python3.10/dist-packages/micro_ros_msgs/msg/_graph.py
[2.007s] -- Up-to-date: /home/jose/microros_ws/install/micro_ros_msgs/local/lib/python3.10/dist-packages/micro_ros_msgs/msg/_entity_s.c
[2.007s] -- Up-to-date: /home/jose/microros_ws/install/micro_ros_msgs/local/lib/python3.10/dist-packages/micro_ros_msgs/micro_ros_msgs_s__rosidl_typesupport_fastrtps_c.cpython-310-x86_64-linux-gnu.so
[2.007s] -- Up-to-date: /home/jose/microros_ws/install/micro_ros_msgs/local/lib/python3.10/dist-packages/micro_ros_msgs/micro_ros_msgs_s__rosidl_typesupport_introspection_c.cpython-310-x86_64-linux-gnu.so
[2.042s] Listing '/home/jose/microros_ws/install/micro_ros_msgs/local/lib/python3.10/dist-packages/micro_ros_msgs'...
[2.042s] Compiling '/home/jose/microros_ws/install/micro_ros_msgs/local/lib/python3.10/dist-packages/micro_ros_msgs/__init__.py'...
[2.042s] Listing '/home/jose/microros_ws/install/micro_ros_msgs/local/lib/python3.10/dist-packages/micro_ros_msgs/msg'...
[2.049s] -- Up-to-date: /home/jose/microros_ws/install/micro_ros_msgs/local/lib/python3.10/dist-packages/micro_ros_msgs/micro_ros_msgs_s__rosidl_typesupport_fastrtps_c.cpython-310-x86_64-linux-gnu.so
[2.049s] -- Up-to-date: /home/jose/microros_ws/install/micro_ros_msgs/local/lib/python3.10/dist-packages/micro_ros_msgs/micro_ros_msgs_s__rosidl_typesupport_introspection_c.cpython-310-x86_64-linux-gnu.so
[2.050s] -- Up-to-date: /home/jose/microros_ws/install/micro_ros_msgs/local/lib/python3.10/dist-packages/micro_ros_msgs/micro_ros_msgs_s__rosidl_typesupport_c.cpython-310-x86_64-linux-gnu.so
[2.050s] -- Up-to-date: /home/jose/microros_ws/install/micro_ros_msgs/lib/libmicro_ros_msgs__rosidl_generator_py.so
[2.051s] -- Up-to-date: /home/jose/microros_ws/install/micro_ros_msgs/share/micro_ros_msgs/msg/Graph.idl
[2.051s] -- Up-to-date: /home/jose/microros_ws/install/micro_ros_msgs/share/micro_ros_msgs/msg/Node.idl
[2.051s] -- Up-to-date: /home/jose/microros_ws/install/micro_ros_msgs/share/micro_ros_msgs/msg/Entity.idl
[2.051s] -- Up-to-date: /home/jose/microros_ws/install/micro_ros_msgs/share/micro_ros_msgs/msg/Graph.msg
[2.051s] -- Up-to-date: /home/jose/microros_ws/install/micro_ros_msgs/share/micro_ros_msgs/msg/Node.msg
[2.051s] -- Up-to-date: /home/jose/microros_ws/install/micro_ros_msgs/share/micro_ros_msgs/msg/Entity.msg
[2.052s] -- Up-to-date: /home/jose/microros_ws/install/micro_ros_msgs/share/ament_index/resource_index/package_run_dependencies/micro_ros_msgs
[2.052s] -- Installing: /home/jose/microros_ws/install/micro_ros_msgs/share/ament_index/resource_index/parent_prefix_path/micro_ros_msgs
[2.052s] -- Up-to-date: /home/jose/microros_ws/install/micro_ros_msgs/share/micro_ros_msgs/environment/ament_prefix_path.sh
[2.052s] -- Installing: /home/jose/microros_ws/install/micro_ros_msgs/share/micro_ros_msgs/environment/ament_prefix_path.dsv
[2.052s] -- Up-to-date: /home/jose/microros_ws/install/micro_ros_msgs/share/micro_ros_msgs/environment/path.sh
[2.052s] -- Installing: /home/jose/microros_ws/install/micro_ros_msgs/share/micro_ros_msgs/environment/path.dsv
[2.052s] -- Up-to-date: /home/jose/microros_ws/install/micro_ros_msgs/share/micro_ros_msgs/local_setup.bash
[2.052s] -- Up-to-date: /home/jose/microros_ws/install/micro_ros_msgs/share/micro_ros_msgs/local_setup.sh
[2.053s] -- Up-to-date: /home/jose/microros_ws/install/micro_ros_msgs/share/micro_ros_msgs/local_setup.zsh
[2.053s] -- Installing: /home/jose/microros_ws/install/micro_ros_msgs/share/micro_ros_msgs/local_setup.dsv
[2.053s] -- Installing: /home/jose/microros_ws/install/micro_ros_msgs/share/micro_ros_msgs/package.dsv
[2.053s] -- Up-to-date: /home/jose/microros_ws/install/micro_ros_msgs/share/ament_index/resource_index/packages/micro_ros_msgs
[2.053s] -- Up-to-date: /home/jose/microros_ws/install/micro_ros_msgs/share/micro_ros_msgs/cmake/export_micro_ros_msgs__rosidl_generator_cExport.cmake
[2.053s] -- Up-to-date: /home/jose/microros_ws/install/micro_ros_msgs/share/micro_ros_msgs/cmake/export_micro_ros_msgs__rosidl_generator_cExport-noconfig.cmake
[2.053s] -- Up-to-date: /home/jose/microros_ws/install/micro_ros_msgs/share/micro_ros_msgs/cmake/export_micro_ros_msgs__rosidl_typesupport_fastrtps_cExport.cmake
[2.054s] -- Up-to-date: /home/jose/microros_ws/install/micro_ros_msgs/share/micro_ros_msgs/cmake/export_micro_ros_msgs__rosidl_typesupport_fastrtps_cExport-noconfig.cmake
[2.054s] -- Up-to-date: /home/jose/microros_ws/install/micro_ros_msgs/share/micro_ros_msgs/cmake/micro_ros_msgs__rosidl_typesupport_introspection_cExport.cmake
[2.054s] -- Up-to-date: /home/jose/microros_ws/install/micro_ros_msgs/share/micro_ros_msgs/cmake/micro_ros_msgs__rosidl_typesupport_introspection_cExport-noconfig.cmake
[2.054s] -- Up-to-date: /home/jose/microros_ws/install/micro_ros_msgs/share/micro_ros_msgs/cmake/micro_ros_msgs__rosidl_typesupport_cExport.cmake
[2.054s] -- Up-to-date: /home/jose/microros_ws/install/micro_ros_msgs/share/micro_ros_msgs/cmake/micro_ros_msgs__rosidl_typesupport_cExport-noconfig.cmake
[2.054s] -- Up-to-date: /home/jose/microros_ws/install/micro_ros_msgs/share/micro_ros_msgs/cmake/export_micro_ros_msgs__rosidl_generator_cppExport.cmake
[2.054s] -- Up-to-date: /home/jose/microros_ws/install/micro_ros_msgs/share/micro_ros_msgs/cmake/export_micro_ros_msgs__rosidl_typesupport_fastrtps_cppExport.cmake
[2.054s] -- Up-to-date: /home/jose/microros_ws/install/micro_ros_msgs/share/micro_ros_msgs/cmake/export_micro_ros_msgs__rosidl_typesupport_fastrtps_cppExport-noconfig.cmake
[2.054s] -- Up-to-date: /home/jose/microros_ws/install/micro_ros_msgs/share/micro_ros_msgs/cmake/micro_ros_msgs__rosidl_typesupport_introspection_cppExport.cmake
[2.055s] -- Up-to-date: /home/jose/microros_ws/install/micro_ros_msgs/share/micro_ros_msgs/cmake/micro_ros_msgs__rosidl_typesupport_introspection_cppExport-noconfig.cmake
[2.055s] -- Up-to-date: /home/jose/microros_ws/install/micro_ros_msgs/share/micro_ros_msgs/cmake/micro_ros_msgs__rosidl_typesupport_cppExport.cmake
[2.055s] -- Up-to-date: /home/jose/microros_ws/install/micro_ros_msgs/share/micro_ros_msgs/cmake/micro_ros_msgs__rosidl_typesupport_cppExport-noconfig.cmake
[2.055s] -- Up-to-date: /home/jose/microros_ws/install/micro_ros_msgs/share/micro_ros_msgs/cmake/export_micro_ros_msgs__rosidl_generator_pyExport.cmake
[2.055s] -- Up-to-date: /home/jose/microros_ws/install/micro_ros_msgs/share/micro_ros_msgs/cmake/export_micro_ros_msgs__rosidl_generator_pyExport-noconfig.cmake
[2.055s] -- Up-to-date: /home/jose/microros_ws/install/micro_ros_msgs/share/micro_ros_msgs/cmake/rosidl_cmake-extras.cmake
[2.055s] -- Up-to-date: /home/jose/microros_ws/install/micro_ros_msgs/share/micro_ros_msgs/cmake/ament_cmake_export_include_directories-extras.cmake
[2.055s] -- Up-to-date: /home/jose/microros_ws/install/micro_ros_msgs/share/micro_ros_msgs/cmake/ament_cmake_export_libraries-extras.cmake
[2.055s] -- Up-to-date: /home/jose/microros_ws/install/micro_ros_msgs/share/micro_ros_msgs/cmake/ament_cmake_export_targets-extras.cmake
[2.056s] -- Up-to-date: /home/jose/microros_ws/install/micro_ros_msgs/share/micro_ros_msgs/cmake/rosidl_cmake_export_typesupport_targets-extras.cmake
[2.056s] -- Up-to-date: /home/jose/microros_ws/install/micro_ros_msgs/share/micro_ros_msgs/cmake/ament_cmake_export_dependencies-extras.cmake
[2.056s] -- Up-to-date: /home/jose/microros_ws/install/micro_ros_msgs/share/micro_ros_msgs/cmake/rosidl_cmake_export_typesupport_libraries-extras.cmake
[2.056s] -- Up-to-date: /home/jose/microros_ws/install/micro_ros_msgs/share/micro_ros_msgs/cmake/micro_ros_msgsConfig.cmake
[2.056s] -- Up-to-date: /home/jose/microros_ws/install/micro_ros_msgs/share/micro_ros_msgs/cmake/micro_ros_msgsConfig-version.cmake
[2.056s] -- Up-to-date: /home/jose/microros_ws/install/micro_ros_msgs/share/micro_ros_msgs/package.xml
[2.059s] Invoked command in '/home/jose/microros_ws/build/micro_ros_msgs' returned '0': CMAKE_PREFIX_PATH=${CMAKE_PREFIX_PATH}:/opt/ros/humble /usr/bin/cmake --install /home/jose/microros_ws/build/micro_ros_msgs
