[0.900s] Invoking command in '/home/jose/microros_ws/src/odin_nav': PYTHONPATH=/home/jose/microros_ws/build/odin_nav/prefix_override:/usr/lib/python3/dist-packages/colcon_core/task/python/colcon_distutils_commands:/home/jose/microros_ws/install/odin_nav/lib/python3.10/site-packages:${PYTHONPATH} /usr/bin/python3 -W ignore:setup.py install is deprecated -W ignore:easy_install command is deprecated setup.py egg_info --egg-base ../../build/odin_nav build --build-base /home/jose/microros_ws/build/odin_nav/build install --record /home/jose/microros_ws/build/odin_nav/install.log --single-version-externally-managed install_data
[1.125s] running egg_info
[1.126s] writing ../../build/odin_nav/odin_nav.egg-info/PKG-INFO
[1.126s] writing dependency_links to ../../build/odin_nav/odin_nav.egg-info/dependency_links.txt
[1.126s] writing entry points to ../../build/odin_nav/odin_nav.egg-info/entry_points.txt
[1.126s] writing requirements to ../../build/odin_nav/odin_nav.egg-info/requires.txt
[1.126s] writing top-level names to ../../build/odin_nav/odin_nav.egg-info/top_level.txt
[1.128s] reading manifest file '../../build/odin_nav/odin_nav.egg-info/SOURCES.txt'
[1.128s] writing manifest file '../../build/odin_nav/odin_nav.egg-info/SOURCES.txt'
[1.128s] running build
[1.129s] running build_py
[1.129s] copying odin_nav/tf_node.py -> /home/jose/microros_ws/build/odin_nav/build/lib/odin_nav
[1.129s] running install
[1.129s] running install_lib
[1.130s] copying /home/jose/microros_ws/build/odin_nav/build/lib/odin_nav/tf_node.py -> /home/jose/microros_ws/install/odin_nav/lib/python3.10/site-packages/odin_nav
[1.131s] byte-compiling /home/jose/microros_ws/install/odin_nav/lib/python3.10/site-packages/odin_nav/tf_node.py to tf_node.cpython-310.pyc
[1.132s] running install_data
[1.132s] copying config/nav2_params.yaml -> /home/jose/microros_ws/install/odin_nav/share/odin_nav/config
[1.132s] running install_egg_info
[1.134s] removing '/home/jose/microros_ws/install/odin_nav/lib/python3.10/site-packages/odin_nav-0.0.0-py3.10.egg-info' (and everything under it)
[1.134s] Copying ../../build/odin_nav/odin_nav.egg-info to /home/jose/microros_ws/install/odin_nav/lib/python3.10/site-packages/odin_nav-0.0.0-py3.10.egg-info
[1.136s] running install_scripts
[1.152s] Installing goal_pub script to /home/jose/microros_ws/install/odin_nav/lib/odin_nav
[1.152s] Installing map_gen script to /home/jose/microros_ws/install/odin_nav/lib/odin_nav
[1.153s] Installing map_pub script to /home/jose/microros_ws/install/odin_nav/lib/odin_nav
[1.153s] Installing odom_node script to /home/jose/microros_ws/install/odin_nav/lib/odin_nav
[1.153s] Installing tarea2 script to /home/jose/microros_ws/install/odin_nav/lib/odin_nav
[1.153s] Installing tf2_node script to /home/jose/microros_ws/install/odin_nav/lib/odin_nav
[1.153s] writing list of installed files to '/home/jose/microros_ws/build/odin_nav/install.log'
[1.175s] Invoked command in '/home/jose/microros_ws/src/odin_nav' returned '0': PYTHONPATH=/home/jose/microros_ws/build/odin_nav/prefix_override:/usr/lib/python3/dist-packages/colcon_core/task/python/colcon_distutils_commands:/home/jose/microros_ws/install/odin_nav/lib/python3.10/site-packages:${PYTHONPATH} /usr/bin/python3 -W ignore:setup.py install is deprecated -W ignore:easy_install command is deprecated setup.py egg_info --egg-base ../../build/odin_nav build --build-base /home/jose/microros_ws/build/odin_nav/build install --record /home/jose/microros_ws/build/odin_nav/install.log --single-version-externally-managed install_data
