[1.029s] Invoking command in '/home/jose/microros_ws/src/odin_nav': PYTHONPATH=/home/jose/microros_ws/build/odin_nav/prefix_override:/usr/lib/python3/dist-packages/colcon_core/task/python/colcon_distutils_commands:/home/jose/microros_ws/install/odin_nav/lib/python3.10/site-packages:${PYTHONPATH} /usr/bin/python3 -W ignore:setup.py install is deprecated -W ignore:easy_install command is deprecated setup.py egg_info --egg-base ../../build/odin_nav build --build-base /home/jose/microros_ws/build/odin_nav/build install --record /home/jose/microros_ws/build/odin_nav/install.log --single-version-externally-managed install_data
[1.213s] running egg_info
[1.213s] writing ../../build/odin_nav/odin_nav.egg-info/PKG-INFO
[1.214s] writing dependency_links to ../../build/odin_nav/odin_nav.egg-info/dependency_links.txt
[1.214s] writing entry points to ../../build/odin_nav/odin_nav.egg-info/entry_points.txt
[1.214s] writing requirements to ../../build/odin_nav/odin_nav.egg-info/requires.txt
[1.214s] writing top-level names to ../../build/odin_nav/odin_nav.egg-info/top_level.txt
[1.216s] reading manifest file '../../build/odin_nav/odin_nav.egg-info/SOURCES.txt'
[1.216s] writing manifest file '../../build/odin_nav/odin_nav.egg-info/SOURCES.txt'
[1.216s] running build
[1.216s] running build_py
[1.217s] running install
[1.217s] running install_lib
[1.218s] running install_data
[1.218s] copying config/nav2_params.yaml -> /home/jose/microros_ws/install/odin_nav/share/odin_nav/config
[1.220s] running install_egg_info
[1.222s] removing '/home/jose/microros_ws/install/odin_nav/lib/python3.10/site-packages/odin_nav-0.0.0-py3.10.egg-info' (and everything under it)
[1.222s] Copying ../../build/odin_nav/odin_nav.egg-info to /home/jose/microros_ws/install/odin_nav/lib/python3.10/site-packages/odin_nav-0.0.0-py3.10.egg-info
[1.224s] running install_scripts
[1.240s] Installing goal_pub script to /home/jose/microros_ws/install/odin_nav/lib/odin_nav
[1.240s] Installing map_gen script to /home/jose/microros_ws/install/odin_nav/lib/odin_nav
[1.240s] Installing map_pub script to /home/jose/microros_ws/install/odin_nav/lib/odin_nav
[1.240s] Installing odom_node script to /home/jose/microros_ws/install/odin_nav/lib/odin_nav
[1.241s] writing list of installed files to '/home/jose/microros_ws/build/odin_nav/install.log'
[1.266s] Invoked command in '/home/jose/microros_ws/src/odin_nav' returned '0': PYTHONPATH=/home/jose/microros_ws/build/odin_nav/prefix_override:/usr/lib/python3/dist-packages/colcon_core/task/python/colcon_distutils_commands:/home/jose/microros_ws/install/odin_nav/lib/python3.10/site-packages:${PYTHONPATH} /usr/bin/python3 -W ignore:setup.py install is deprecated -W ignore:easy_install command is deprecated setup.py egg_info --egg-base ../../build/odin_nav build --build-base /home/jose/microros_ws/build/odin_nav/build install --record /home/jose/microros_ws/build/odin_nav/install.log --single-version-externally-managed install_data
