/home/jose/microros_ws/install/odin_comms/lib/python3.10/site-packages/odin_comms/data_subscriber.py
/home/jose/microros_ws/install/odin_comms/lib/python3.10/site-packages/odin_comms/control_motor1.py
/home/jose/microros_ws/install/odin_comms/lib/python3.10/site-packages/odin_comms/control_motor2.py
/home/jose/microros_ws/install/odin_comms/lib/python3.10/site-packages/odin_comms/__init__.py
/home/jose/microros_ws/install/odin_comms/lib/python3.10/site-packages/odin_comms/control_PID.py
/home/jose/microros_ws/install/odin_comms/lib/python3.10/site-packages/odin_comms/control_twist.py
/home/jose/microros_ws/install/odin_comms/lib/python3.10/site-packages/odin_comms/__pycache__/data_subscriber.cpython-310.pyc
/home/jose/microros_ws/install/odin_comms/lib/python3.10/site-packages/odin_comms/__pycache__/control_motor1.cpython-310.pyc
/home/jose/microros_ws/install/odin_comms/lib/python3.10/site-packages/odin_comms/__pycache__/control_motor2.cpython-310.pyc
/home/jose/microros_ws/install/odin_comms/lib/python3.10/site-packages/odin_comms/__pycache__/__init__.cpython-310.pyc
/home/jose/microros_ws/install/odin_comms/lib/python3.10/site-packages/odin_comms/__pycache__/control_PID.cpython-310.pyc
/home/jose/microros_ws/install/odin_comms/lib/python3.10/site-packages/odin_comms/__pycache__/control_twist.cpython-310.pyc
/home/jose/microros_ws/install/odin_comms/share/ament_index/resource_index/packages/odin_comms
/home/jose/microros_ws/install/odin_comms/share/odin_comms/package.xml
/home/jose/microros_ws/install/odin_comms/lib/python3.10/site-packages/odin_comms-0.0.0-py3.10.egg-info/dependency_links.txt
/home/jose/microros_ws/install/odin_comms/lib/python3.10/site-packages/odin_comms-0.0.0-py3.10.egg-info/top_level.txt
/home/jose/microros_ws/install/odin_comms/lib/python3.10/site-packages/odin_comms-0.0.0-py3.10.egg-info/SOURCES.txt
/home/jose/microros_ws/install/odin_comms/lib/python3.10/site-packages/odin_comms-0.0.0-py3.10.egg-info/entry_points.txt
/home/jose/microros_ws/install/odin_comms/lib/python3.10/site-packages/odin_comms-0.0.0-py3.10.egg-info/requires.txt
/home/jose/microros_ws/install/odin_comms/lib/python3.10/site-packages/odin_comms-0.0.0-py3.10.egg-info/zip-safe
/home/jose/microros_ws/install/odin_comms/lib/python3.10/site-packages/odin_comms-0.0.0-py3.10.egg-info/PKG-INFO
/home/jose/microros_ws/install/odin_comms/lib/odin_comms/control_PID
/home/jose/microros_ws/install/odin_comms/lib/odin_comms/control_ml
/home/jose/microros_ws/install/odin_comms/lib/odin_comms/control_mr
/home/jose/microros_ws/install/odin_comms/lib/odin_comms/control_twist
/home/jose/microros_ws/install/odin_comms/lib/odin_comms/data_subscriber
