-- Install configuration: ""
-- Up-to-date: /home/jose/microros_ws/install/navigation_bot_06/share/navigation_bot_06/..
-- Up-to-date: /home/jose/microros_ws/install/navigation_bot_06/share/navigation_bot_06/../odin_nav
-- Up-to-date: /home/jose/microros_ws/install/navigation_bot_06/share/navigation_bot_06/../odin_nav/odin_nav
-- Up-to-date: /home/jose/microros_ws/install/navigation_bot_06/share/navigation_bot_06/../odin_nav/odin_nav/__init__.py
-- Up-to-date: /home/jose/microros_ws/install/navigation_bot_06/share/navigation_bot_06/../odin_nav/odin_nav/map_pub.py
-- Up-to-date: /home/jose/microros_ws/install/navigation_bot_06/share/navigation_bot_06/../odin_nav/setup.py
-- Up-to-date: /home/jose/microros_ws/install/navigation_bot_06/share/navigation_bot_06/../odin_nav/rviz
-- Up-to-date: /home/jose/microros_ws/install/navigation_bot_06/share/navigation_bot_06/../odin_nav/rviz/urdf_config.rviz
-- Up-to-date: /home/jose/microros_ws/install/navigation_bot_06/share/navigation_bot_06/../odin_nav/test
-- Up-to-date: /home/jose/microros_ws/install/navigation_bot_06/share/navigation_bot_06/../odin_nav/test/test_flake8.py
-- Up-to-date: /home/jose/microros_ws/install/navigation_bot_06/share/navigation_bot_06/../odin_nav/test/test_pep257.py
-- Up-to-date: /home/jose/microros_ws/install/navigation_bot_06/share/navigation_bot_06/../odin_nav/test/test_copyright.py
-- Up-to-date: /home/jose/microros_ws/install/navigation_bot_06/share/navigation_bot_06/../odin_nav/share
-- Up-to-date: /home/jose/microros_ws/install/navigation_bot_06/share/navigation_bot_06/../odin_nav/setup.cfg
-- Up-to-date: /home/jose/microros_ws/install/navigation_bot_06/share/navigation_bot_06/../odin_nav/resource
-- Up-to-date: /home/jose/microros_ws/install/navigation_bot_06/share/navigation_bot_06/../odin_nav/resource/odin_nav
-- Up-to-date: /home/jose/microros_ws/install/navigation_bot_06/share/navigation_bot_06/../odin_nav/launch
-- Up-to-date: /home/jose/microros_ws/install/navigation_bot_06/share/navigation_bot_06/../odin_nav/launch/display.launch.py
-- Up-to-date: /home/jose/microros_ws/install/navigation_bot_06/share/navigation_bot_06/../odin_nav/package.xml
-- Up-to-date: /home/jose/microros_ws/install/navigation_bot_06/share/navigation_bot_06/../uros
-- Up-to-date: /home/jose/microros_ws/install/navigation_bot_06/share/navigation_bot_06/../uros/micro-ROS-Agent
-- Up-to-date: /home/jose/microros_ws/install/navigation_bot_06/share/navigation_bot_06/../uros/micro-ROS-Agent/3rd-party-licenses.txt
-- Up-to-date: /home/jose/microros_ws/install/navigation_bot_06/share/navigation_bot_06/../uros/micro-ROS-Agent/.github
-- Up-to-date: /home/jose/microros_ws/install/navigation_bot_06/share/navigation_bot_06/../uros/micro-ROS-Agent/.github/ISSUE_TEMPLATE
-- Up-to-date: /home/jose/microros_ws/install/navigation_bot_06/share/navigation_bot_06/../uros/micro-ROS-Agent/.github/ISSUE_TEMPLATE/bug_report.md
-- Up-to-date: /home/jose/microros_ws/install/navigation_bot_06/share/navigation_bot_06/../uros/micro-ROS-Agent/.github/ISSUE_TEMPLATE/general-issue.md
-- Up-to-date: /home/jose/microros_ws/install/navigation_bot_06/share/navigation_bot_06/../uros/micro-ROS-Agent/.github/workflows
-- Up-to-date: /home/jose/microros_ws/install/navigation_bot_06/share/navigation_bot_06/../uros/micro-ROS-Agent/.github/workflows/ci.yml
-- Up-to-date: /home/jose/microros_ws/install/navigation_bot_06/share/navigation_bot_06/../uros/micro-ROS-Agent/NOTICE
-- Up-to-date: /home/jose/microros_ws/install/navigation_bot_06/share/navigation_bot_06/../uros/micro-ROS-Agent/snap
-- Up-to-date: /home/jose/microros_ws/install/navigation_bot_06/share/navigation_bot_06/../uros/micro-ROS-Agent/snap/snapcraft.yaml
-- Up-to-date: /home/jose/microros_ws/install/navigation_bot_06/share/navigation_bot_06/../uros/micro-ROS-Agent/snap/local
-- Up-to-date: /home/jose/microros_ws/install/navigation_bot_06/share/navigation_bot_06/../uros/micro-ROS-Agent/snap/local/fastdds_no_shared_memory.xml
-- Up-to-date: /home/jose/microros_ws/install/navigation_bot_06/share/navigation_bot_06/../uros/micro-ROS-Agent/snap/local/micro-ros-agent-daemon
-- Up-to-date: /home/jose/microros_ws/install/navigation_bot_06/share/navigation_bot_06/../uros/micro-ROS-Agent/snap/hooks
-- Up-to-date: /home/jose/microros_ws/install/navigation_bot_06/share/navigation_bot_06/../uros/micro-ROS-Agent/snap/hooks/configure
-- Up-to-date: /home/jose/microros_ws/install/navigation_bot_06/share/navigation_bot_06/../uros/micro-ROS-Agent/snap/hooks/install
-- Up-to-date: /home/jose/microros_ws/install/navigation_bot_06/share/navigation_bot_06/../uros/micro-ROS-Agent/.git
-- Up-to-date: /home/jose/microros_ws/install/navigation_bot_06/share/navigation_bot_06/../uros/micro-ROS-Agent/.git/description
-- Up-to-date: /home/jose/microros_ws/install/navigation_bot_06/share/navigation_bot_06/../uros/micro-ROS-Agent/.git/logs
-- Up-to-date: /home/jose/microros_ws/install/navigation_bot_06/share/navigation_bot_06/../uros/micro-ROS-Agent/.git/logs/refs
-- Up-to-date: /home/jose/microros_ws/install/navigation_bot_06/share/navigation_bot_06/../uros/micro-ROS-Agent/.git/logs/refs/heads
-- Up-to-date: /home/jose/microros_ws/install/navigation_bot_06/share/navigation_bot_06/../uros/micro-ROS-Agent/.git/logs/refs/heads/humble
-- Up-to-date: /home/jose/microros_ws/install/navigation_bot_06/share/navigation_bot_06/../uros/micro-ROS-Agent/.git/logs/refs/remotes
-- Up-to-date: /home/jose/microros_ws/install/navigation_bot_06/share/navigation_bot_06/../uros/micro-ROS-Agent/.git/logs/refs/remotes/origin
-- Up-to-date: /home/jose/microros_ws/install/navigation_bot_06/share/navigation_bot_06/../uros/micro-ROS-Agent/.git/logs/refs/remotes/origin/HEAD
-- Up-to-date: /home/jose/microros_ws/install/navigation_bot_06/share/navigation_bot_06/../uros/micro-ROS-Agent/.git/logs/HEAD
-- Up-to-date: /home/jose/microros_ws/install/navigation_bot_06/share/navigation_bot_06/../uros/micro-ROS-Agent/.git/config
-- Up-to-date: /home/jose/microros_ws/install/navigation_bot_06/share/navigation_bot_06/../uros/micro-ROS-Agent/.git/refs
-- Up-to-date: /home/jose/microros_ws/install/navigation_bot_06/share/navigation_bot_06/../uros/micro-ROS-Agent/.git/refs/tags
-- Up-to-date: /home/jose/microros_ws/install/navigation_bot_06/share/navigation_bot_06/../uros/micro-ROS-Agent/.git/refs/heads
-- Up-to-date: /home/jose/microros_ws/install/navigation_bot_06/share/navigation_bot_06/../uros/micro-ROS-Agent/.git/refs/heads/humble
-- Up-to-date: /home/jose/microros_ws/install/navigation_bot_06/share/navigation_bot_06/../uros/micro-ROS-Agent/.git/refs/remotes
-- Up-to-date: /home/jose/microros_ws/install/navigation_bot_06/share/navigation_bot_06/../uros/micro-ROS-Agent/.git/refs/remotes/origin
-- Up-to-date: /home/jose/microros_ws/install/navigation_bot_06/share/navigation_bot_06/../uros/micro-ROS-Agent/.git/refs/remotes/origin/HEAD
-- Up-to-date: /home/jose/microros_ws/install/navigation_bot_06/share/navigation_bot_06/../uros/micro-ROS-Agent/.git/branches
-- Up-to-date: /home/jose/microros_ws/install/navigation_bot_06/share/navigation_bot_06/../uros/micro-ROS-Agent/.git/objects
-- Up-to-date: /home/jose/microros_ws/install/navigation_bot_06/share/navigation_bot_06/../uros/micro-ROS-Agent/.git/objects/pack
-- Up-to-date: /home/jose/microros_ws/install/navigation_bot_06/share/navigation_bot_06/../uros/micro-ROS-Agent/.git/objects/pack/pack-ee8a8fa19d25baa759ae22fdeb7ad4e178df3e32.pack
-- Up-to-date: /home/jose/microros_ws/install/navigation_bot_06/share/navigation_bot_06/../uros/micro-ROS-Agent/.git/objects/pack/pack-ee8a8fa19d25baa759ae22fdeb7ad4e178df3e32.idx
-- Up-to-date: /home/jose/microros_ws/install/navigation_bot_06/share/navigation_bot_06/../uros/micro-ROS-Agent/.git/objects/info
-- Up-to-date: /home/jose/microros_ws/install/navigation_bot_06/share/navigation_bot_06/../uros/micro-ROS-Agent/.git/packed-refs
-- Up-to-date: /home/jose/microros_ws/install/navigation_bot_06/share/navigation_bot_06/../uros/micro-ROS-Agent/.git/info
-- Up-to-date: /home/jose/microros_ws/install/navigation_bot_06/share/navigation_bot_06/../uros/micro-ROS-Agent/.git/info/exclude
-- Up-to-date: /home/jose/microros_ws/install/navigation_bot_06/share/navigation_bot_06/../uros/micro-ROS-Agent/.git/hooks
-- Up-to-date: /home/jose/microros_ws/install/navigation_bot_06/share/navigation_bot_06/../uros/micro-ROS-Agent/.git/hooks/prepare-commit-msg.sample
-- Up-to-date: /home/jose/microros_ws/install/navigation_bot_06/share/navigation_bot_06/../uros/micro-ROS-Agent/.git/hooks/pre-push.sample
-- Up-to-date: /home/jose/microros_ws/install/navigation_bot_06/share/navigation_bot_06/../uros/micro-ROS-Agent/.git/hooks/pre-receive.sample
-- Up-to-date: /home/jose/microros_ws/install/navigation_bot_06/share/navigation_bot_06/../uros/micro-ROS-Agent/.git/hooks/pre-merge-commit.sample
-- Up-to-date: /home/jose/microros_ws/install/navigation_bot_06/share/navigation_bot_06/../uros/micro-ROS-Agent/.git/hooks/fsmonitor-watchman.sample
-- Up-to-date: /home/jose/microros_ws/install/navigation_bot_06/share/navigation_bot_06/../uros/micro-ROS-Agent/.git/hooks/applypatch-msg.sample
-- Up-to-date: /home/jose/microros_ws/install/navigation_bot_06/share/navigation_bot_06/../uros/micro-ROS-Agent/.git/hooks/pre-commit.sample
-- Up-to-date: /home/jose/microros_ws/install/navigation_bot_06/share/navigation_bot_06/../uros/micro-ROS-Agent/.git/hooks/update.sample
-- Up-to-date: /home/jose/microros_ws/install/navigation_bot_06/share/navigation_bot_06/../uros/micro-ROS-Agent/.git/hooks/commit-msg.sample
-- Up-to-date: /home/jose/microros_ws/install/navigation_bot_06/share/navigation_bot_06/../uros/micro-ROS-Agent/.git/hooks/push-to-checkout.sample
-- Up-to-date: /home/jose/microros_ws/install/navigation_bot_06/share/navigation_bot_06/../uros/micro-ROS-Agent/.git/hooks/pre-rebase.sample
-- Up-to-date: /home/jose/microros_ws/install/navigation_bot_06/share/navigation_bot_06/../uros/micro-ROS-Agent/.git/hooks/post-update.sample
-- Up-to-date: /home/jose/microros_ws/install/navigation_bot_06/share/navigation_bot_06/../uros/micro-ROS-Agent/.git/hooks/pre-applypatch.sample
-- Up-to-date: /home/jose/microros_ws/install/navigation_bot_06/share/navigation_bot_06/../uros/micro-ROS-Agent/.git/HEAD
-- Up-to-date: /home/jose/microros_ws/install/navigation_bot_06/share/navigation_bot_06/../uros/micro-ROS-Agent/.git/index
-- Up-to-date: /home/jose/microros_ws/install/navigation_bot_06/share/navigation_bot_06/../uros/micro-ROS-Agent/LICENSE
-- Up-to-date: /home/jose/microros_ws/install/navigation_bot_06/share/navigation_bot_06/../uros/micro-ROS-Agent/CONTRIBUTING.md
-- Up-to-date: /home/jose/microros_ws/install/navigation_bot_06/share/navigation_bot_06/../uros/micro-ROS-Agent/micro_ros_agent
-- Up-to-date: /home/jose/microros_ws/install/navigation_bot_06/share/navigation_bot_06/../uros/micro-ROS-Agent/micro_ros_agent/include
-- Up-to-date: /home/jose/microros_ws/install/navigation_bot_06/share/navigation_bot_06/../uros/micro-ROS-Agent/micro_ros_agent/include/agent
-- Up-to-date: /home/jose/microros_ws/install/navigation_bot_06/share/navigation_bot_06/../uros/micro-ROS-Agent/micro_ros_agent/include/agent/graph_manager
-- Up-to-date: /home/jose/microros_ws/install/navigation_bot_06/share/navigation_bot_06/../uros/micro-ROS-Agent/micro_ros_agent/include/agent/graph_manager/graph_typesupport.hpp
-- Up-to-date: /home/jose/microros_ws/install/navigation_bot_06/share/navigation_bot_06/../uros/micro-ROS-Agent/micro_ros_agent/include/agent/graph_manager/graph_manager.hpp
-- Up-to-date: /home/jose/microros_ws/install/navigation_bot_06/share/navigation_bot_06/../uros/micro-ROS-Agent/micro_ros_agent/include/agent/Agent.hpp
-- Up-to-date: /home/jose/microros_ws/install/navigation_bot_06/share/navigation_bot_06/../uros/micro-ROS-Agent/micro_ros_agent/include/agent/utils
-- Up-to-date: /home/jose/microros_ws/install/navigation_bot_06/share/navigation_bot_06/../uros/micro-ROS-Agent/micro_ros_agent/include/agent/utils/demangle.hpp
-- Up-to-date: /home/jose/microros_ws/install/navigation_bot_06/share/navigation_bot_06/../uros/micro-ROS-Agent/micro_ros_agent/cmake
-- Up-to-date: /home/jose/microros_ws/install/navigation_bot_06/share/navigation_bot_06/../uros/micro-ROS-Agent/micro_ros_agent/cmake/SuperBuild.cmake
-- Up-to-date: /home/jose/microros_ws/install/navigation_bot_06/share/navigation_bot_06/../uros/micro-ROS-Agent/micro_ros_agent/CMakeLists.txt
-- Up-to-date: /home/jose/microros_ws/install/navigation_bot_06/share/navigation_bot_06/../uros/micro-ROS-Agent/micro_ros_agent/bin
-- Up-to-date: /home/jose/microros_ws/install/navigation_bot_06/share/navigation_bot_06/../uros/micro-ROS-Agent/micro_ros_agent/bin/Xml_read_default_profiles.py
-- Up-to-date: /home/jose/microros_ws/install/navigation_bot_06/share/navigation_bot_06/../uros/micro-ROS-Agent/micro_ros_agent/bin/Xml_interface_gen.py
-- Up-to-date: /home/jose/microros_ws/install/navigation_bot_06/share/navigation_bot_06/../uros/micro-ROS-Agent/micro_ros_agent/resource
-- Up-to-date: /home/jose/microros_ws/install/navigation_bot_06/share/navigation_bot_06/../uros/micro-ROS-Agent/micro_ros_agent/resource/rclcpp.xml
-- Up-to-date: /home/jose/microros_ws/install/navigation_bot_06/share/navigation_bot_06/../uros/micro-ROS-Agent/micro_ros_agent/resource/StaticValues.xml
-- Up-to-date: /home/jose/microros_ws/install/navigation_bot_06/share/navigation_bot_06/../uros/micro-ROS-Agent/micro_ros_agent/utils
-- Up-to-date: /home/jose/microros_ws/install/navigation_bot_06/share/navigation_bot_06/../uros/micro-ROS-Agent/micro_ros_agent/utils/__init__.py
-- Up-to-date: /home/jose/microros_ws/install/navigation_bot_06/share/navigation_bot_06/../uros/micro-ROS-Agent/micro_ros_agent/README.md
-- Up-to-date: /home/jose/microros_ws/install/navigation_bot_06/share/navigation_bot_06/../uros/micro-ROS-Agent/micro_ros_agent/launch
-- Up-to-date: /home/jose/microros_ws/install/navigation_bot_06/share/navigation_bot_06/../uros/micro-ROS-Agent/micro_ros_agent/launch/micro_ros_agent_launch.py
-- Up-to-date: /home/jose/microros_ws/install/navigation_bot_06/share/navigation_bot_06/../uros/micro-ROS-Agent/micro_ros_agent/CHANGELOG.rst
-- Up-to-date: /home/jose/microros_ws/install/navigation_bot_06/share/navigation_bot_06/../uros/micro-ROS-Agent/micro_ros_agent/src
-- Up-to-date: /home/jose/microros_ws/install/navigation_bot_06/share/navigation_bot_06/../uros/micro-ROS-Agent/micro_ros_agent/src/agent
-- Up-to-date: /home/jose/microros_ws/install/navigation_bot_06/share/navigation_bot_06/../uros/micro-ROS-Agent/micro_ros_agent/src/agent/graph_manager
-- Up-to-date: /home/jose/microros_ws/install/navigation_bot_06/share/navigation_bot_06/../uros/micro-ROS-Agent/micro_ros_agent/src/agent/graph_manager/graph_typesupport.cpp
-- Up-to-date: /home/jose/microros_ws/install/navigation_bot_06/share/navigation_bot_06/../uros/micro-ROS-Agent/micro_ros_agent/src/agent/graph_manager/graph_manager.cpp
-- Up-to-date: /home/jose/microros_ws/install/navigation_bot_06/share/navigation_bot_06/../uros/micro-ROS-Agent/micro_ros_agent/src/agent/utils
-- Up-to-date: /home/jose/microros_ws/install/navigation_bot_06/share/navigation_bot_06/../uros/micro-ROS-Agent/micro_ros_agent/src/agent/utils/demangle.cpp
-- Up-to-date: /home/jose/microros_ws/install/navigation_bot_06/share/navigation_bot_06/../uros/micro-ROS-Agent/micro_ros_agent/src/agent/Agent.cpp
-- Up-to-date: /home/jose/microros_ws/install/navigation_bot_06/share/navigation_bot_06/../uros/micro-ROS-Agent/micro_ros_agent/src/main.cpp
-- Up-to-date: /home/jose/microros_ws/install/navigation_bot_06/share/navigation_bot_06/../uros/micro-ROS-Agent/micro_ros_agent/package.xml
-- Up-to-date: /home/jose/microros_ws/install/navigation_bot_06/share/navigation_bot_06/../uros/micro-ROS-Agent/README.md
-- Up-to-date: /home/jose/microros_ws/install/navigation_bot_06/share/navigation_bot_06/../uros/micro-ROS-Agent/.gitignore
-- Up-to-date: /home/jose/microros_ws/install/navigation_bot_06/share/navigation_bot_06/../uros/micro_ros_msgs
-- Up-to-date: /home/jose/microros_ws/install/navigation_bot_06/share/navigation_bot_06/../uros/micro_ros_msgs/.github
-- Up-to-date: /home/jose/microros_ws/install/navigation_bot_06/share/navigation_bot_06/../uros/micro_ros_msgs/.github/ISSUE_TEMPLATE
-- Up-to-date: /home/jose/microros_ws/install/navigation_bot_06/share/navigation_bot_06/../uros/micro_ros_msgs/.github/ISSUE_TEMPLATE/general-issue.md
-- Up-to-date: /home/jose/microros_ws/install/navigation_bot_06/share/navigation_bot_06/../uros/micro_ros_msgs/CMakeLists.txt
-- Up-to-date: /home/jose/microros_ws/install/navigation_bot_06/share/navigation_bot_06/../uros/micro_ros_msgs/.git
-- Up-to-date: /home/jose/microros_ws/install/navigation_bot_06/share/navigation_bot_06/../uros/micro_ros_msgs/.git/description
-- Up-to-date: /home/jose/microros_ws/install/navigation_bot_06/share/navigation_bot_06/../uros/micro_ros_msgs/.git/logs
-- Up-to-date: /home/jose/microros_ws/install/navigation_bot_06/share/navigation_bot_06/../uros/micro_ros_msgs/.git/logs/refs
-- Up-to-date: /home/jose/microros_ws/install/navigation_bot_06/share/navigation_bot_06/../uros/micro_ros_msgs/.git/logs/refs/heads
-- Up-to-date: /home/jose/microros_ws/install/navigation_bot_06/share/navigation_bot_06/../uros/micro_ros_msgs/.git/logs/refs/heads/humble
-- Up-to-date: /home/jose/microros_ws/install/navigation_bot_06/share/navigation_bot_06/../uros/micro_ros_msgs/.git/logs/refs/remotes
-- Up-to-date: /home/jose/microros_ws/install/navigation_bot_06/share/navigation_bot_06/../uros/micro_ros_msgs/.git/logs/refs/remotes/origin
-- Up-to-date: /home/jose/microros_ws/install/navigation_bot_06/share/navigation_bot_06/../uros/micro_ros_msgs/.git/logs/refs/remotes/origin/HEAD
-- Up-to-date: /home/jose/microros_ws/install/navigation_bot_06/share/navigation_bot_06/../uros/micro_ros_msgs/.git/logs/HEAD
-- Up-to-date: /home/jose/microros_ws/install/navigation_bot_06/share/navigation_bot_06/../uros/micro_ros_msgs/.git/config
-- Up-to-date: /home/jose/microros_ws/install/navigation_bot_06/share/navigation_bot_06/../uros/micro_ros_msgs/.git/refs
-- Up-to-date: /home/jose/microros_ws/install/navigation_bot_06/share/navigation_bot_06/../uros/micro_ros_msgs/.git/refs/tags
-- Up-to-date: /home/jose/microros_ws/install/navigation_bot_06/share/navigation_bot_06/../uros/micro_ros_msgs/.git/refs/heads
-- Up-to-date: /home/jose/microros_ws/install/navigation_bot_06/share/navigation_bot_06/../uros/micro_ros_msgs/.git/refs/heads/humble
-- Up-to-date: /home/jose/microros_ws/install/navigation_bot_06/share/navigation_bot_06/../uros/micro_ros_msgs/.git/refs/remotes
-- Up-to-date: /home/jose/microros_ws/install/navigation_bot_06/share/navigation_bot_06/../uros/micro_ros_msgs/.git/refs/remotes/origin
-- Up-to-date: /home/jose/microros_ws/install/navigation_bot_06/share/navigation_bot_06/../uros/micro_ros_msgs/.git/refs/remotes/origin/HEAD
-- Up-to-date: /home/jose/microros_ws/install/navigation_bot_06/share/navigation_bot_06/../uros/micro_ros_msgs/.git/branches
-- Up-to-date: /home/jose/microros_ws/install/navigation_bot_06/share/navigation_bot_06/../uros/micro_ros_msgs/.git/objects
-- Up-to-date: /home/jose/microros_ws/install/navigation_bot_06/share/navigation_bot_06/../uros/micro_ros_msgs/.git/objects/pack
-- Up-to-date: /home/jose/microros_ws/install/navigation_bot_06/share/navigation_bot_06/../uros/micro_ros_msgs/.git/objects/pack/pack-ea92f76aeb073444a767e7581e2fc4c9a0120dd1.pack
-- Up-to-date: /home/jose/microros_ws/install/navigation_bot_06/share/navigation_bot_06/../uros/micro_ros_msgs/.git/objects/pack/pack-ea92f76aeb073444a767e7581e2fc4c9a0120dd1.idx
-- Up-to-date: /home/jose/microros_ws/install/navigation_bot_06/share/navigation_bot_06/../uros/micro_ros_msgs/.git/objects/info
-- Up-to-date: /home/jose/microros_ws/install/navigation_bot_06/share/navigation_bot_06/../uros/micro_ros_msgs/.git/packed-refs
-- Up-to-date: /home/jose/microros_ws/install/navigation_bot_06/share/navigation_bot_06/../uros/micro_ros_msgs/.git/info
-- Up-to-date: /home/jose/microros_ws/install/navigation_bot_06/share/navigation_bot_06/../uros/micro_ros_msgs/.git/info/exclude
-- Up-to-date: /home/jose/microros_ws/install/navigation_bot_06/share/navigation_bot_06/../uros/micro_ros_msgs/.git/hooks
-- Up-to-date: /home/jose/microros_ws/install/navigation_bot_06/share/navigation_bot_06/../uros/micro_ros_msgs/.git/hooks/prepare-commit-msg.sample
-- Up-to-date: /home/jose/microros_ws/install/navigation_bot_06/share/navigation_bot_06/../uros/micro_ros_msgs/.git/hooks/pre-push.sample
-- Up-to-date: /home/jose/microros_ws/install/navigation_bot_06/share/navigation_bot_06/../uros/micro_ros_msgs/.git/hooks/pre-receive.sample
-- Up-to-date: /home/jose/microros_ws/install/navigation_bot_06/share/navigation_bot_06/../uros/micro_ros_msgs/.git/hooks/pre-merge-commit.sample
-- Up-to-date: /home/jose/microros_ws/install/navigation_bot_06/share/navigation_bot_06/../uros/micro_ros_msgs/.git/hooks/fsmonitor-watchman.sample
-- Up-to-date: /home/jose/microros_ws/install/navigation_bot_06/share/navigation_bot_06/../uros/micro_ros_msgs/.git/hooks/applypatch-msg.sample
-- Up-to-date: /home/jose/microros_ws/install/navigation_bot_06/share/navigation_bot_06/../uros/micro_ros_msgs/.git/hooks/pre-commit.sample
-- Up-to-date: /home/jose/microros_ws/install/navigation_bot_06/share/navigation_bot_06/../uros/micro_ros_msgs/.git/hooks/update.sample
-- Up-to-date: /home/jose/microros_ws/install/navigation_bot_06/share/navigation_bot_06/../uros/micro_ros_msgs/.git/hooks/commit-msg.sample
-- Up-to-date: /home/jose/microros_ws/install/navigation_bot_06/share/navigation_bot_06/../uros/micro_ros_msgs/.git/hooks/push-to-checkout.sample
-- Up-to-date: /home/jose/microros_ws/install/navigation_bot_06/share/navigation_bot_06/../uros/micro_ros_msgs/.git/hooks/pre-rebase.sample
-- Up-to-date: /home/jose/microros_ws/install/navigation_bot_06/share/navigation_bot_06/../uros/micro_ros_msgs/.git/hooks/post-update.sample
-- Up-to-date: /home/jose/microros_ws/install/navigation_bot_06/share/navigation_bot_06/../uros/micro_ros_msgs/.git/hooks/pre-applypatch.sample
-- Up-to-date: /home/jose/microros_ws/install/navigation_bot_06/share/navigation_bot_06/../uros/micro_ros_msgs/.git/HEAD
-- Up-to-date: /home/jose/microros_ws/install/navigation_bot_06/share/navigation_bot_06/../uros/micro_ros_msgs/.git/index
-- Up-to-date: /home/jose/microros_ws/install/navigation_bot_06/share/navigation_bot_06/../uros/micro_ros_msgs/LICENSE
-- Up-to-date: /home/jose/microros_ws/install/navigation_bot_06/share/navigation_bot_06/../uros/micro_ros_msgs/CONTRIBUTING.md
-- Up-to-date: /home/jose/microros_ws/install/navigation_bot_06/share/navigation_bot_06/../uros/micro_ros_msgs/msg
-- Up-to-date: /home/jose/microros_ws/install/navigation_bot_06/share/navigation_bot_06/../uros/micro_ros_msgs/msg/Graph.msg
-- Up-to-date: /home/jose/microros_ws/install/navigation_bot_06/share/navigation_bot_06/../uros/micro_ros_msgs/msg/Entity.msg
-- Up-to-date: /home/jose/microros_ws/install/navigation_bot_06/share/navigation_bot_06/../uros/micro_ros_msgs/msg/Node.msg
-- Up-to-date: /home/jose/microros_ws/install/navigation_bot_06/share/navigation_bot_06/../uros/micro_ros_msgs/README.md
-- Up-to-date: /home/jose/microros_ws/install/navigation_bot_06/share/navigation_bot_06/../uros/micro_ros_msgs/CHANGELOG.rst
-- Up-to-date: /home/jose/microros_ws/install/navigation_bot_06/share/navigation_bot_06/../uros/micro_ros_msgs/.gitignore
-- Up-to-date: /home/jose/microros_ws/install/navigation_bot_06/share/navigation_bot_06/../uros/micro_ros_msgs/package.xml
-- Up-to-date: /home/jose/microros_ws/install/navigation_bot_06/share/navigation_bot_06/../description
-- Up-to-date: /home/jose/microros_ws/install/navigation_bot_06/share/navigation_bot_06/../description/odin_description.urdf
-- Up-to-date: /home/jose/microros_ws/install/navigation_bot_06/share/navigation_bot_06/../maps
-- Up-to-date: /home/jose/microros_ws/install/navigation_bot_06/share/navigation_bot_06/../maps/maze_01_binary.png
-- Up-to-date: /home/jose/microros_ws/install/navigation_bot_06/share/navigation_bot_06/../maps/maze_01.png
-- Installing: /home/jose/microros_ws/install/navigation_bot_06/share/navigation_bot_06/../maps/maze_01_binary.yaml
-- Installing: /home/jose/microros_ws/install/navigation_bot_06/share/navigation_bot_06/../maps/maze_01_binary.pgm
-- Up-to-date: /home/jose/microros_ws/install/navigation_bot_06/share/navigation_bot_06/../odin_comms
-- Up-to-date: /home/jose/microros_ws/install/navigation_bot_06/share/navigation_bot_06/../odin_comms/setup.py
-- Up-to-date: /home/jose/microros_ws/install/navigation_bot_06/share/navigation_bot_06/../odin_comms/odin_comms
-- Up-to-date: /home/jose/microros_ws/install/navigation_bot_06/share/navigation_bot_06/../odin_comms/odin_comms/data_subscriber.py
-- Up-to-date: /home/jose/microros_ws/install/navigation_bot_06/share/navigation_bot_06/../odin_comms/odin_comms/control_motor1.py
-- Up-to-date: /home/jose/microros_ws/install/navigation_bot_06/share/navigation_bot_06/../odin_comms/odin_comms/control_motor2.py
-- Up-to-date: /home/jose/microros_ws/install/navigation_bot_06/share/navigation_bot_06/../odin_comms/odin_comms/__init__.py
-- Up-to-date: /home/jose/microros_ws/install/navigation_bot_06/share/navigation_bot_06/../odin_comms/odin_comms/control_PID.py
-- Up-to-date: /home/jose/microros_ws/install/navigation_bot_06/share/navigation_bot_06/../odin_comms/odin_comms/control_twist.py
-- Up-to-date: /home/jose/microros_ws/install/navigation_bot_06/share/navigation_bot_06/../odin_comms/test
-- Up-to-date: /home/jose/microros_ws/install/navigation_bot_06/share/navigation_bot_06/../odin_comms/test/test_flake8.py
-- Up-to-date: /home/jose/microros_ws/install/navigation_bot_06/share/navigation_bot_06/../odin_comms/test/test_pep257.py
-- Up-to-date: /home/jose/microros_ws/install/navigation_bot_06/share/navigation_bot_06/../odin_comms/test/test_copyright.py
-- Up-to-date: /home/jose/microros_ws/install/navigation_bot_06/share/navigation_bot_06/../odin_comms/setup.cfg
-- Up-to-date: /home/jose/microros_ws/install/navigation_bot_06/share/navigation_bot_06/../odin_comms/resource
-- Up-to-date: /home/jose/microros_ws/install/navigation_bot_06/share/navigation_bot_06/../odin_comms/resource/odin_comms
-- Up-to-date: /home/jose/microros_ws/install/navigation_bot_06/share/navigation_bot_06/../odin_comms/package.xml
-- Installing: /home/jose/microros_ws/install/navigation_bot_06/share/navigation_bot_06/../example_2
-- Installing: /home/jose/microros_ws/install/navigation_bot_06/share/navigation_bot_06/../example_2/description
-- Installing: /home/jose/microros_ws/install/navigation_bot_06/share/navigation_bot_06/../example_2/description/ros2_control
-- Installing: /home/jose/microros_ws/install/navigation_bot_06/share/navigation_bot_06/../example_2/description/ros2_control/diffbot.ros2_control.xacro
-- Installing: /home/jose/microros_ws/install/navigation_bot_06/share/navigation_bot_06/../example_2/description/urdf
-- Installing: /home/jose/microros_ws/install/navigation_bot_06/share/navigation_bot_06/../example_2/description/urdf/diffbot.urdf.xacro
-- Installing: /home/jose/microros_ws/install/navigation_bot_06/share/navigation_bot_06/../example_2/description/launch
-- Installing: /home/jose/microros_ws/install/navigation_bot_06/share/navigation_bot_06/../example_2/description/launch/view_robot.launch.py
-- Installing: /home/jose/microros_ws/install/navigation_bot_06/share/navigation_bot_06/../example_2/doc
-- Installing: /home/jose/microros_ws/install/navigation_bot_06/share/navigation_bot_06/../example_2/doc/diffbot.png
-- Installing: /home/jose/microros_ws/install/navigation_bot_06/share/navigation_bot_06/../example_2/doc/userdoc.rst
-- Installing: /home/jose/microros_ws/install/navigation_bot_06/share/navigation_bot_06/../example_2/test
-- Installing: /home/jose/microros_ws/install/navigation_bot_06/share/navigation_bot_06/../example_2/test/test_diffbot_launch.py
-- Installing: /home/jose/microros_ws/install/navigation_bot_06/share/navigation_bot_06/../example_2/test/test_view_robot_launch.py
-- Installing: /home/jose/microros_ws/install/navigation_bot_06/share/navigation_bot_06/../example_2/test/test_urdf_xacro.py
-- Installing: /home/jose/microros_ws/install/navigation_bot_06/share/navigation_bot_06/../example_2/CMakeLists.txt
-- Installing: /home/jose/microros_ws/install/navigation_bot_06/share/navigation_bot_06/../example_2/bringup
-- Installing: /home/jose/microros_ws/install/navigation_bot_06/share/navigation_bot_06/../example_2/bringup/config
-- Installing: /home/jose/microros_ws/install/navigation_bot_06/share/navigation_bot_06/../example_2/bringup/config/diffbot_controllers.yaml
-- Installing: /home/jose/microros_ws/install/navigation_bot_06/share/navigation_bot_06/../example_2/bringup/launch
-- Installing: /home/jose/microros_ws/install/navigation_bot_06/share/navigation_bot_06/../example_2/bringup/launch/diffbot.launch.py
-- Installing: /home/jose/microros_ws/install/navigation_bot_06/share/navigation_bot_06/../example_2/README.md
-- Installing: /home/jose/microros_ws/install/navigation_bot_06/share/navigation_bot_06/../example_2/hardware
-- Installing: /home/jose/microros_ws/install/navigation_bot_06/share/navigation_bot_06/../example_2/hardware/include
-- Installing: /home/jose/microros_ws/install/navigation_bot_06/share/navigation_bot_06/../example_2/hardware/include/ros2_control_demo_example_2
-- Installing: /home/jose/microros_ws/install/navigation_bot_06/share/navigation_bot_06/../example_2/hardware/include/ros2_control_demo_example_2/diffbot_system.hpp
-- Installing: /home/jose/microros_ws/install/navigation_bot_06/share/navigation_bot_06/../example_2/hardware/diffbot_system.cpp
-- Installing: /home/jose/microros_ws/install/navigation_bot_06/share/navigation_bot_06/../example_2/ros2_control_demo_example_2.xml
-- Installing: /home/jose/microros_ws/install/navigation_bot_06/share/navigation_bot_06/../example_2/package.xml
-- Up-to-date: /home/jose/microros_ws/install/navigation_bot_06/share/navigation_bot_06/../navigation_bot_06
-- Up-to-date: /home/jose/microros_ws/install/navigation_bot_06/share/navigation_bot_06/../navigation_bot_06/include
-- Up-to-date: /home/jose/microros_ws/install/navigation_bot_06/share/navigation_bot_06/../navigation_bot_06/include/navigation_bot_06
-- Up-to-date: /home/jose/microros_ws/install/navigation_bot_06/share/navigation_bot_06/../navigation_bot_06/description
-- Up-to-date: /home/jose/microros_ws/install/navigation_bot_06/share/navigation_bot_06/../navigation_bot_06/description/colors.xacro
-- Up-to-date: /home/jose/microros_ws/install/navigation_bot_06/share/navigation_bot_06/../navigation_bot_06/description/robot_core.xacro
-- Up-to-date: /home/jose/microros_ws/install/navigation_bot_06/share/navigation_bot_06/../navigation_bot_06/description/robot.urdf.xacro
-- Up-to-date: /home/jose/microros_ws/install/navigation_bot_06/share/navigation_bot_06/../navigation_bot_06/description/gazebo_control.xacro
-- Up-to-date: /home/jose/microros_ws/install/navigation_bot_06/share/navigation_bot_06/../navigation_bot_06/description/camera.xacro
-- Up-to-date: /home/jose/microros_ws/install/navigation_bot_06/share/navigation_bot_06/../navigation_bot_06/description/lidar.xacro
-- Up-to-date: /home/jose/microros_ws/install/navigation_bot_06/share/navigation_bot_06/../navigation_bot_06/description/inertial_macros.xacro
-- Up-to-date: /home/jose/microros_ws/install/navigation_bot_06/share/navigation_bot_06/../navigation_bot_06/description/depth_camera.xacro
-- Up-to-date: /home/jose/microros_ws/install/navigation_bot_06/share/navigation_bot_06/../navigation_bot_06/description/imu_sensor.xacro
-- Up-to-date: /home/jose/microros_ws/install/navigation_bot_06/share/navigation_bot_06/../navigation_bot_06/config
-- Up-to-date: /home/jose/microros_ws/install/navigation_bot_06/share/navigation_bot_06/../navigation_bot_06/config/nav2_params.yaml
-- Up-to-date: /home/jose/microros_ws/install/navigation_bot_06/share/navigation_bot_06/../navigation_bot_06/config/ekf.yaml
-- Up-to-date: /home/jose/microros_ws/install/navigation_bot_06/share/navigation_bot_06/../navigation_bot_06/rviz
-- Up-to-date: /home/jose/microros_ws/install/navigation_bot_06/share/navigation_bot_06/../navigation_bot_06/rviz/robot.rviz
-- Up-to-date: /home/jose/microros_ws/install/navigation_bot_06/share/navigation_bot_06/../navigation_bot_06/rviz/robot_old.rviz
-- Up-to-date: /home/jose/microros_ws/install/navigation_bot_06/share/navigation_bot_06/../navigation_bot_06/rviz/robot_new.rviz
-- Up-to-date: /home/jose/microros_ws/install/navigation_bot_06/share/navigation_bot_06/../navigation_bot_06/CMakeLists.txt
-- Up-to-date: /home/jose/microros_ws/install/navigation_bot_06/share/navigation_bot_06/../navigation_bot_06/scripts
-- Up-to-date: /home/jose/microros_ws/install/navigation_bot_06/share/navigation_bot_06/../navigation_bot_06/scripts/waypoint_follower.py
-- Up-to-date: /home/jose/microros_ws/install/navigation_bot_06/share/navigation_bot_06/../navigation_bot_06/scripts/set_entity_state_request.txt
-- Up-to-date: /home/jose/microros_ws/install/navigation_bot_06/share/navigation_bot_06/../navigation_bot_06/scripts/robot_navigator.py
-- Up-to-date: /home/jose/microros_ws/install/navigation_bot_06/share/navigation_bot_06/../navigation_bot_06/scripts/__pycache__
-- Up-to-date: /home/jose/microros_ws/install/navigation_bot_06/share/navigation_bot_06/../navigation_bot_06/scripts/__pycache__/robot_navigator.cpython-38.pyc
-- Up-to-date: /home/jose/microros_ws/install/navigation_bot_06/share/navigation_bot_06/../navigation_bot_06/launch
-- Installing: /home/jose/microros_ws/install/navigation_bot_06/share/navigation_bot_06/../navigation_bot_06/launch/main_simulation_launch.py
-- Up-to-date: /home/jose/microros_ws/install/navigation_bot_06/share/navigation_bot_06/../navigation_bot_06/launch/globals.py
-- Up-to-date: /home/jose/microros_ws/install/navigation_bot_06/share/navigation_bot_06/../navigation_bot_06/launch/spawn_launch.py
-- Up-to-date: /home/jose/microros_ws/install/navigation_bot_06/share/navigation_bot_06/../navigation_bot_06/launch/slam_launch.py
-- Up-to-date: /home/jose/microros_ws/install/navigation_bot_06/share/navigation_bot_06/../navigation_bot_06/launch/bringup_launch.py
-- Up-to-date: /home/jose/microros_ws/install/navigation_bot_06/share/navigation_bot_06/../navigation_bot_06/launch/multi_tb3_simulation_launch.py
-- Up-to-date: /home/jose/microros_ws/install/navigation_bot_06/share/navigation_bot_06/../navigation_bot_06/launch/localization_launch.py
-- Up-to-date: /home/jose/microros_ws/install/navigation_bot_06/share/navigation_bot_06/../navigation_bot_06/launch/navigation_launch.py
-- Up-to-date: /home/jose/microros_ws/install/navigation_bot_06/share/navigation_bot_06/../navigation_bot_06/launch/rviz_launch.py
-- Up-to-date: /home/jose/microros_ws/install/navigation_bot_06/share/navigation_bot_06/../navigation_bot_06/launch/__pycache__
-- Up-to-date: /home/jose/microros_ws/install/navigation_bot_06/share/navigation_bot_06/../navigation_bot_06/launch/__pycache__/globals.cpython-38.pyc
-- Up-to-date: /home/jose/microros_ws/install/navigation_bot_06/share/navigation_bot_06/../navigation_bot_06/src
-- Up-to-date: /home/jose/microros_ws/install/navigation_bot_06/share/navigation_bot_06/../navigation_bot_06/package.xml
-- Up-to-date: /home/jose/microros_ws/install/navigation_bot_06/share/navigation_bot_06/../utils
-- Up-to-date: /home/jose/microros_ws/install/navigation_bot_06/share/navigation_bot_06/../utils/convert_png_to_binary.py
-- Installing: /home/jose/microros_ws/install/navigation_bot_06/share/navigation_bot_06/../utils/convert_png_to_map.py
-- Up-to-date: /home/jose/microros_ws/install/navigation_bot_06/share/navigation_bot_06/../micro_ros_setup
-- Up-to-date: /home/jose/microros_ws/install/navigation_bot_06/share/navigation_bot_06/../micro_ros_setup/3rd-party-licenses.txt
-- Up-to-date: /home/jose/microros_ws/install/navigation_bot_06/share/navigation_bot_06/../micro_ros_setup/.github
-- Up-to-date: /home/jose/microros_ws/install/navigation_bot_06/share/navigation_bot_06/../micro_ros_setup/.github/ISSUE_TEMPLATE
-- Up-to-date: /home/jose/microros_ws/install/navigation_bot_06/share/navigation_bot_06/../micro_ros_setup/.github/ISSUE_TEMPLATE/general-issue.md
-- Up-to-date: /home/jose/microros_ws/install/navigation_bot_06/share/navigation_bot_06/../micro_ros_setup/.github/workflows
-- Up-to-date: /home/jose/microros_ws/install/navigation_bot_06/share/navigation_bot_06/../micro_ros_setup/.github/workflows/ci.yml
-- Up-to-date: /home/jose/microros_ws/install/navigation_bot_06/share/navigation_bot_06/../micro_ros_setup/.github/workflows/pr.yml
-- Up-to-date: /home/jose/microros_ws/install/navigation_bot_06/share/navigation_bot_06/../micro_ros_setup/.github/workflows/nightly.yml
-- Up-to-date: /home/jose/microros_ws/install/navigation_bot_06/share/navigation_bot_06/../micro_ros_setup/.github/CODEOWNERS
-- Up-to-date: /home/jose/microros_ws/install/navigation_bot_06/share/navigation_bot_06/../micro_ros_setup/NOTICE
-- Up-to-date: /home/jose/microros_ws/install/navigation_bot_06/share/navigation_bot_06/../micro_ros_setup/config
-- Up-to-date: /home/jose/microros_ws/install/navigation_bot_06/share/navigation_bot_06/../micro_ros_setup/config/utils.sh
-- Up-to-date: /home/jose/microros_ws/install/navigation_bot_06/share/navigation_bot_06/../micro_ros_setup/config/client_ros2_packages.txt
-- Up-to-date: /home/jose/microros_ws/install/navigation_bot_06/share/navigation_bot_06/../micro_ros_setup/config/raspbian
-- Up-to-date: /home/jose/microros_ws/install/navigation_bot_06/share/navigation_bot_06/../micro_ros_setup/config/raspbian/dev_uros_packages.repos
-- Up-to-date: /home/jose/microros_ws/install/navigation_bot_06/share/navigation_bot_06/../micro_ros_setup/config/raspbian/dev_ros2_packages.txt
-- Up-to-date: /home/jose/microros_ws/install/navigation_bot_06/share/navigation_bot_06/../micro_ros_setup/config/raspbian/generic
-- Up-to-date: /home/jose/microros_ws/install/navigation_bot_06/share/navigation_bot_06/../micro_ros_setup/config/raspbian/generic/client_uros_packages.repos
-- Up-to-date: /home/jose/microros_ws/install/navigation_bot_06/share/navigation_bot_06/../micro_ros_setup/config/raspbian/generic/supported_platforms
-- Up-to-date: /home/jose/microros_ws/install/navigation_bot_06/share/navigation_bot_06/../micro_ros_setup/config/raspbian/generic/flash.sh
-- Up-to-date: /home/jose/microros_ws/install/navigation_bot_06/share/navigation_bot_06/../micro_ros_setup/config/raspbian/generic/create.sh
-- Up-to-date: /home/jose/microros_ws/install/navigation_bot_06/share/navigation_bot_06/../micro_ros_setup/config/raspbian/generic/client-colcon.meta
-- Up-to-date: /home/jose/microros_ws/install/navigation_bot_06/share/navigation_bot_06/../micro_ros_setup/config/raspbian/generic/build.sh
-- Up-to-date: /home/jose/microros_ws/install/navigation_bot_06/share/navigation_bot_06/../micro_ros_setup/config/raspbian/generic/configure.sh
-- Up-to-date: /home/jose/microros_ws/install/navigation_bot_06/share/navigation_bot_06/../micro_ros_setup/config/agent_uros_packages.repos
-- Up-to-date: /home/jose/microros_ws/install/navigation_bot_06/share/navigation_bot_06/../micro_ros_setup/config/client_uros_packages.repos
-- Up-to-date: /home/jose/microros_ws/install/navigation_bot_06/share/navigation_bot_06/../micro_ros_setup/config/android
-- Up-to-date: /home/jose/microros_ws/install/navigation_bot_06/share/navigation_bot_06/../micro_ros_setup/config/android/dev_uros_packages.repos
-- Up-to-date: /home/jose/microros_ws/install/navigation_bot_06/share/navigation_bot_06/../micro_ros_setup/config/android/dev_ros2_packages.txt
-- Up-to-date: /home/jose/microros_ws/install/navigation_bot_06/share/navigation_bot_06/../micro_ros_setup/config/android/generic
-- Up-to-date: /home/jose/microros_ws/install/navigation_bot_06/share/navigation_bot_06/../micro_ros_setup/config/android/generic/client_uros_packages.repos
-- Up-to-date: /home/jose/microros_ws/install/navigation_bot_06/share/navigation_bot_06/../micro_ros_setup/config/android/generic/flash.sh
-- Up-to-date: /home/jose/microros_ws/install/navigation_bot_06/share/navigation_bot_06/../micro_ros_setup/config/android/generic/create.sh
-- Up-to-date: /home/jose/microros_ws/install/navigation_bot_06/share/navigation_bot_06/../micro_ros_setup/config/android/generic/client-colcon.meta
-- Up-to-date: /home/jose/microros_ws/install/navigation_bot_06/share/navigation_bot_06/../micro_ros_setup/config/android/generic/build.sh
-- Up-to-date: /home/jose/microros_ws/install/navigation_bot_06/share/navigation_bot_06/../micro_ros_setup/config/android/generic/package.xml
-- Up-to-date: /home/jose/microros_ws/install/navigation_bot_06/share/navigation_bot_06/../micro_ros_setup/config/zephyr
-- Up-to-date: /home/jose/microros_ws/install/navigation_bot_06/share/navigation_bot_06/../micro_ros_setup/config/zephyr/dev_uros_packages.repos
-- Up-to-date: /home/jose/microros_ws/install/navigation_bot_06/share/navigation_bot_06/../micro_ros_setup/config/zephyr/list_apps.sh
-- Up-to-date: /home/jose/microros_ws/install/navigation_bot_06/share/navigation_bot_06/../micro_ros_setup/config/zephyr/dev_ros2_packages.txt
-- Up-to-date: /home/jose/microros_ws/install/navigation_bot_06/share/navigation_bot_06/../micro_ros_setup/config/zephyr/generic
-- Up-to-date: /home/jose/microros_ws/install/navigation_bot_06/share/navigation_bot_06/../micro_ros_setup/config/zephyr/generic/board.repos
-- Up-to-date: /home/jose/microros_ws/install/navigation_bot_06/share/navigation_bot_06/../micro_ros_setup/config/zephyr/generic/client_uros_packages.repos
-- Up-to-date: /home/jose/microros_ws/install/navigation_bot_06/share/navigation_bot_06/../micro_ros_setup/config/zephyr/generic/supported_platforms
-- Up-to-date: /home/jose/microros_ws/install/navigation_bot_06/share/navigation_bot_06/../micro_ros_setup/config/zephyr/generic/flash.sh
-- Up-to-date: /home/jose/microros_ws/install/navigation_bot_06/share/navigation_bot_06/../micro_ros_setup/config/zephyr/generic/create.sh
-- Up-to-date: /home/jose/microros_ws/install/navigation_bot_06/share/navigation_bot_06/../micro_ros_setup/config/zephyr/generic/client-colcon.meta
-- Up-to-date: /home/jose/microros_ws/install/navigation_bot_06/share/navigation_bot_06/../micro_ros_setup/config/zephyr/generic/build.sh
-- Up-to-date: /home/jose/microros_ws/install/navigation_bot_06/share/navigation_bot_06/../micro_ros_setup/config/zephyr/generic/package.xml
-- Up-to-date: /home/jose/microros_ws/install/navigation_bot_06/share/navigation_bot_06/../micro_ros_setup/config/zephyr/generic/configure.sh
-- Up-to-date: /home/jose/microros_ws/install/navigation_bot_06/share/navigation_bot_06/../micro_ros_setup/config/freertos
-- Up-to-date: /home/jose/microros_ws/install/navigation_bot_06/share/navigation_bot_06/../micro_ros_setup/config/freertos/nucleo_f446ze
-- Up-to-date: /home/jose/microros_ws/install/navigation_bot_06/share/navigation_bot_06/../micro_ros_setup/config/freertos/nucleo_f446ze/board.repos
-- Up-to-date: /home/jose/microros_ws/install/navigation_bot_06/share/navigation_bot_06/../micro_ros_setup/config/freertos/nucleo_f446ze/client_uros_packages.repos
-- Up-to-date: /home/jose/microros_ws/install/navigation_bot_06/share/navigation_bot_06/../micro_ros_setup/config/freertos/nucleo_f446ze/flash.sh
-- Up-to-date: /home/jose/microros_ws/install/navigation_bot_06/share/navigation_bot_06/../micro_ros_setup/config/freertos/nucleo_f446ze/create.sh
-- Up-to-date: /home/jose/microros_ws/install/navigation_bot_06/share/navigation_bot_06/../micro_ros_setup/config/freertos/nucleo_f446ze/client-colcon.meta
-- Up-to-date: /home/jose/microros_ws/install/navigation_bot_06/share/navigation_bot_06/../micro_ros_setup/config/freertos/nucleo_f446ze/build.sh
-- Up-to-date: /home/jose/microros_ws/install/navigation_bot_06/share/navigation_bot_06/../micro_ros_setup/config/freertos/nucleo_f446ze/package.xml
-- Up-to-date: /home/jose/microros_ws/install/navigation_bot_06/share/navigation_bot_06/../micro_ros_setup/config/freertos/nucleo_f446ze/configure.sh
-- Up-to-date: /home/jose/microros_ws/install/navigation_bot_06/share/navigation_bot_06/../micro_ros_setup/config/freertos/crazyflie21
-- Up-to-date: /home/jose/microros_ws/install/navigation_bot_06/share/navigation_bot_06/../micro_ros_setup/config/freertos/crazyflie21/board.repos
-- Up-to-date: /home/jose/microros_ws/install/navigation_bot_06/share/navigation_bot_06/../micro_ros_setup/config/freertos/crazyflie21/client_uros_packages.repos
-- Up-to-date: /home/jose/microros_ws/install/navigation_bot_06/share/navigation_bot_06/../micro_ros_setup/config/freertos/crazyflie21/flash.sh
-- Up-to-date: /home/jose/microros_ws/install/navigation_bot_06/share/navigation_bot_06/../micro_ros_setup/config/freertos/crazyflie21/create.sh
-- Up-to-date: /home/jose/microros_ws/install/navigation_bot_06/share/navigation_bot_06/../micro_ros_setup/config/freertos/crazyflie21/client-colcon.meta
-- Up-to-date: /home/jose/microros_ws/install/navigation_bot_06/share/navigation_bot_06/../micro_ros_setup/config/freertos/crazyflie21/build.sh
-- Up-to-date: /home/jose/microros_ws/install/navigation_bot_06/share/navigation_bot_06/../micro_ros_setup/config/freertos/crazyflie21/package.xml
-- Up-to-date: /home/jose/microros_ws/install/navigation_bot_06/share/navigation_bot_06/../micro_ros_setup/config/freertos/crazyflie21/configure.sh
-- Up-to-date: /home/jose/microros_ws/install/navigation_bot_06/share/navigation_bot_06/../micro_ros_setup/config/freertos/dev_uros_packages.repos
-- Up-to-date: /home/jose/microros_ws/install/navigation_bot_06/share/navigation_bot_06/../micro_ros_setup/config/freertos/nucleo_f746zg
-- Up-to-date: /home/jose/microros_ws/install/navigation_bot_06/share/navigation_bot_06/../micro_ros_setup/config/freertos/nucleo_f746zg/board.repos
-- Up-to-date: /home/jose/microros_ws/install/navigation_bot_06/share/navigation_bot_06/../micro_ros_setup/config/freertos/nucleo_f746zg/client_uros_packages.repos
-- Up-to-date: /home/jose/microros_ws/install/navigation_bot_06/share/navigation_bot_06/../micro_ros_setup/config/freertos/nucleo_f746zg/flash.sh
-- Up-to-date: /home/jose/microros_ws/install/navigation_bot_06/share/navigation_bot_06/../micro_ros_setup/config/freertos/nucleo_f746zg/create.sh
-- Up-to-date: /home/jose/microros_ws/install/navigation_bot_06/share/navigation_bot_06/../micro_ros_setup/config/freertos/nucleo_f746zg/client-colcon.meta
-- Up-to-date: /home/jose/microros_ws/install/navigation_bot_06/share/navigation_bot_06/../micro_ros_setup/config/freertos/nucleo_f746zg/build.sh
-- Up-to-date: /home/jose/microros_ws/install/navigation_bot_06/share/navigation_bot_06/../micro_ros_setup/config/freertos/nucleo_f746zg/package.xml
-- Up-to-date: /home/jose/microros_ws/install/navigation_bot_06/share/navigation_bot_06/../micro_ros_setup/config/freertos/nucleo_f746zg/configure.sh
-- Up-to-date: /home/jose/microros_ws/install/navigation_bot_06/share/navigation_bot_06/../micro_ros_setup/config/freertos/list_apps.sh
-- Up-to-date: /home/jose/microros_ws/install/navigation_bot_06/share/navigation_bot_06/../micro_ros_setup/config/freertos/olimex-stm32-e407
-- Up-to-date: /home/jose/microros_ws/install/navigation_bot_06/share/navigation_bot_06/../micro_ros_setup/config/freertos/olimex-stm32-e407/board.repos
-- Up-to-date: /home/jose/microros_ws/install/navigation_bot_06/share/navigation_bot_06/../micro_ros_setup/config/freertos/olimex-stm32-e407/client_uros_packages.repos
-- Up-to-date: /home/jose/microros_ws/install/navigation_bot_06/share/navigation_bot_06/../micro_ros_setup/config/freertos/olimex-stm32-e407/flash.sh
-- Up-to-date: /home/jose/microros_ws/install/navigation_bot_06/share/navigation_bot_06/../micro_ros_setup/config/freertos/olimex-stm32-e407/create.sh
-- Up-to-date: /home/jose/microros_ws/install/navigation_bot_06/share/navigation_bot_06/../micro_ros_setup/config/freertos/olimex-stm32-e407/client-colcon.meta
-- Up-to-date: /home/jose/microros_ws/install/navigation_bot_06/share/navigation_bot_06/../micro_ros_setup/config/freertos/olimex-stm32-e407/build.sh
-- Up-to-date: /home/jose/microros_ws/install/navigation_bot_06/share/navigation_bot_06/../micro_ros_setup/config/freertos/olimex-stm32-e407/package.xml
-- Up-to-date: /home/jose/microros_ws/install/navigation_bot_06/share/navigation_bot_06/../micro_ros_setup/config/freertos/olimex-stm32-e407/configure.sh
-- Up-to-date: /home/jose/microros_ws/install/navigation_bot_06/share/navigation_bot_06/../micro_ros_setup/config/freertos/nucleo_f446re
-- Up-to-date: /home/jose/microros_ws/install/navigation_bot_06/share/navigation_bot_06/../micro_ros_setup/config/freertos/nucleo_f446re/board.repos
-- Up-to-date: /home/jose/microros_ws/install/navigation_bot_06/share/navigation_bot_06/../micro_ros_setup/config/freertos/nucleo_f446re/client_uros_packages.repos
-- Up-to-date: /home/jose/microros_ws/install/navigation_bot_06/share/navigation_bot_06/../micro_ros_setup/config/freertos/nucleo_f446re/flash.sh
-- Up-to-date: /home/jose/microros_ws/install/navigation_bot_06/share/navigation_bot_06/../micro_ros_setup/config/freertos/nucleo_f446re/create.sh
-- Up-to-date: /home/jose/microros_ws/install/navigation_bot_06/share/navigation_bot_06/../micro_ros_setup/config/freertos/nucleo_f446re/client-colcon.meta
-- Up-to-date: /home/jose/microros_ws/install/navigation_bot_06/share/navigation_bot_06/../micro_ros_setup/config/freertos/nucleo_f446re/build.sh
-- Up-to-date: /home/jose/microros_ws/install/navigation_bot_06/share/navigation_bot_06/../micro_ros_setup/config/freertos/nucleo_f446re/package.xml
-- Up-to-date: /home/jose/microros_ws/install/navigation_bot_06/share/navigation_bot_06/../micro_ros_setup/config/freertos/nucleo_f446re/configure.sh
-- Up-to-date: /home/jose/microros_ws/install/navigation_bot_06/share/navigation_bot_06/../micro_ros_setup/config/freertos/dev_ros2_packages.txt
-- Up-to-date: /home/jose/microros_ws/install/navigation_bot_06/share/navigation_bot_06/../micro_ros_setup/config/freertos/esp32
-- Up-to-date: /home/jose/microros_ws/install/navigation_bot_06/share/navigation_bot_06/../micro_ros_setup/config/freertos/esp32/board.repos
-- Up-to-date: /home/jose/microros_ws/install/navigation_bot_06/share/navigation_bot_06/../micro_ros_setup/config/freertos/esp32/client_uros_packages.repos
-- Up-to-date: /home/jose/microros_ws/install/navigation_bot_06/share/navigation_bot_06/../micro_ros_setup/config/freertos/esp32/flash.sh
-- Up-to-date: /home/jose/microros_ws/install/navigation_bot_06/share/navigation_bot_06/../micro_ros_setup/config/freertos/esp32/create.sh
-- Up-to-date: /home/jose/microros_ws/install/navigation_bot_06/share/navigation_bot_06/../micro_ros_setup/config/freertos/esp32/README.md
-- Up-to-date: /home/jose/microros_ws/install/navigation_bot_06/share/navigation_bot_06/../micro_ros_setup/config/freertos/esp32/client-colcon.meta
-- Up-to-date: /home/jose/microros_ws/install/navigation_bot_06/share/navigation_bot_06/../micro_ros_setup/config/freertos/esp32/build.sh
-- Up-to-date: /home/jose/microros_ws/install/navigation_bot_06/share/navigation_bot_06/../micro_ros_setup/config/freertos/esp32/package.xml
-- Up-to-date: /home/jose/microros_ws/install/navigation_bot_06/share/navigation_bot_06/../micro_ros_setup/config/freertos/esp32/configure.sh
-- Up-to-date: /home/jose/microros_ws/install/navigation_bot_06/share/navigation_bot_06/../micro_ros_setup/config/freertos/nucleo_f767zi
-- Up-to-date: /home/jose/microros_ws/install/navigation_bot_06/share/navigation_bot_06/../micro_ros_setup/config/freertos/nucleo_f767zi/board.repos
-- Up-to-date: /home/jose/microros_ws/install/navigation_bot_06/share/navigation_bot_06/../micro_ros_setup/config/freertos/nucleo_f767zi/client_uros_packages.repos
-- Up-to-date: /home/jose/microros_ws/install/navigation_bot_06/share/navigation_bot_06/../micro_ros_setup/config/freertos/nucleo_f767zi/flash.sh
-- Up-to-date: /home/jose/microros_ws/install/navigation_bot_06/share/navigation_bot_06/../micro_ros_setup/config/freertos/nucleo_f767zi/create.sh
-- Up-to-date: /home/jose/microros_ws/install/navigation_bot_06/share/navigation_bot_06/../micro_ros_setup/config/freertos/nucleo_f767zi/client-colcon.meta
-- Up-to-date: /home/jose/microros_ws/install/navigation_bot_06/share/navigation_bot_06/../micro_ros_setup/config/freertos/nucleo_f767zi/build.sh
-- Up-to-date: /home/jose/microros_ws/install/navigation_bot_06/share/navigation_bot_06/../micro_ros_setup/config/freertos/nucleo_f767zi/package.xml
-- Up-to-date: /home/jose/microros_ws/install/navigation_bot_06/share/navigation_bot_06/../micro_ros_setup/config/freertos/nucleo_f767zi/configure.sh
-- Up-to-date: /home/jose/microros_ws/install/navigation_bot_06/share/navigation_bot_06/../micro_ros_setup/config/mbed
-- Up-to-date: /home/jose/microros_ws/install/navigation_bot_06/share/navigation_bot_06/../micro_ros_setup/config/mbed/dev_uros_packages.repos
-- Up-to-date: /home/jose/microros_ws/install/navigation_bot_06/share/navigation_bot_06/../micro_ros_setup/config/mbed/list_apps.sh
-- Up-to-date: /home/jose/microros_ws/install/navigation_bot_06/share/navigation_bot_06/../micro_ros_setup/config/mbed/dev_ros2_packages.txt
-- Up-to-date: /home/jose/microros_ws/install/navigation_bot_06/share/navigation_bot_06/../micro_ros_setup/config/mbed/generic
-- Up-to-date: /home/jose/microros_ws/install/navigation_bot_06/share/navigation_bot_06/../micro_ros_setup/config/mbed/generic/board.repos
-- Up-to-date: /home/jose/microros_ws/install/navigation_bot_06/share/navigation_bot_06/../micro_ros_setup/config/mbed/generic/client_uros_packages.repos
-- Up-to-date: /home/jose/microros_ws/install/navigation_bot_06/share/navigation_bot_06/../micro_ros_setup/config/mbed/generic/supported_platforms
-- Up-to-date: /home/jose/microros_ws/install/navigation_bot_06/share/navigation_bot_06/../micro_ros_setup/config/mbed/generic/flash.sh
-- Up-to-date: /home/jose/microros_ws/install/navigation_bot_06/share/navigation_bot_06/../micro_ros_setup/config/mbed/generic/create.sh
-- Up-to-date: /home/jose/microros_ws/install/navigation_bot_06/share/navigation_bot_06/../micro_ros_setup/config/mbed/generic/build.sh
-- Up-to-date: /home/jose/microros_ws/install/navigation_bot_06/share/navigation_bot_06/../micro_ros_setup/config/mbed/generic/package.xml
-- Up-to-date: /home/jose/microros_ws/install/navigation_bot_06/share/navigation_bot_06/../micro_ros_setup/config/generate_lib
-- Up-to-date: /home/jose/microros_ws/install/navigation_bot_06/share/navigation_bot_06/../micro_ros_setup/config/generate_lib/dev_uros_packages.repos
-- Up-to-date: /home/jose/microros_ws/install/navigation_bot_06/share/navigation_bot_06/../micro_ros_setup/config/generate_lib/dev_ros2_packages.txt
-- Up-to-date: /home/jose/microros_ws/install/navigation_bot_06/share/navigation_bot_06/../micro_ros_setup/config/generate_lib/generic
-- Up-to-date: /home/jose/microros_ws/install/navigation_bot_06/share/navigation_bot_06/../micro_ros_setup/config/generate_lib/generic/client_uros_packages.repos
-- Up-to-date: /home/jose/microros_ws/install/navigation_bot_06/share/navigation_bot_06/../micro_ros_setup/config/generate_lib/generic/demo_toolchain.cmake
-- Up-to-date: /home/jose/microros_ws/install/navigation_bot_06/share/navigation_bot_06/../micro_ros_setup/config/generate_lib/generic/flash.sh
-- Up-to-date: /home/jose/microros_ws/install/navigation_bot_06/share/navigation_bot_06/../micro_ros_setup/config/generate_lib/generic/create.sh
-- Up-to-date: /home/jose/microros_ws/install/navigation_bot_06/share/navigation_bot_06/../micro_ros_setup/config/generate_lib/generic/client-colcon.meta
-- Up-to-date: /home/jose/microros_ws/install/navigation_bot_06/share/navigation_bot_06/../micro_ros_setup/config/generate_lib/generic/build.sh
-- Up-to-date: /home/jose/microros_ws/install/navigation_bot_06/share/navigation_bot_06/../micro_ros_setup/config/generate_lib/generic/package.xml
-- Up-to-date: /home/jose/microros_ws/install/navigation_bot_06/share/navigation_bot_06/../micro_ros_setup/config/host
-- Up-to-date: /home/jose/microros_ws/install/navigation_bot_06/share/navigation_bot_06/../micro_ros_setup/config/host/dev_uros_packages.repos
-- Up-to-date: /home/jose/microros_ws/install/navigation_bot_06/share/navigation_bot_06/../micro_ros_setup/config/host/client_ros2_packages.txt
-- Up-to-date: /home/jose/microros_ws/install/navigation_bot_06/share/navigation_bot_06/../micro_ros_setup/config/host/dev_ros2_packages.txt
-- Up-to-date: /home/jose/microros_ws/install/navigation_bot_06/share/navigation_bot_06/../micro_ros_setup/config/host/generic
-- Up-to-date: /home/jose/microros_ws/install/navigation_bot_06/share/navigation_bot_06/../micro_ros_setup/config/host/generic/client_host_packages.repos
-- Up-to-date: /home/jose/microros_ws/install/navigation_bot_06/share/navigation_bot_06/../micro_ros_setup/config/host/generic/client-host-colcon.meta
-- Up-to-date: /home/jose/microros_ws/install/navigation_bot_06/share/navigation_bot_06/../micro_ros_setup/config/host/generic/flash.sh
-- Up-to-date: /home/jose/microros_ws/install/navigation_bot_06/share/navigation_bot_06/../micro_ros_setup/config/host/generic/create.sh
-- Up-to-date: /home/jose/microros_ws/install/navigation_bot_06/share/navigation_bot_06/../micro_ros_setup/config/host/generic/build.sh
-- Up-to-date: /home/jose/microros_ws/install/navigation_bot_06/share/navigation_bot_06/../micro_ros_setup/config/host/generic/package.xml
-- Up-to-date: /home/jose/microros_ws/install/navigation_bot_06/share/navigation_bot_06/../micro_ros_setup/config/renesas_ra
-- Up-to-date: /home/jose/microros_ws/install/navigation_bot_06/share/navigation_bot_06/../micro_ros_setup/config/renesas_ra/dev_uros_packages.repos
-- Up-to-date: /home/jose/microros_ws/install/navigation_bot_06/share/navigation_bot_06/../micro_ros_setup/config/renesas_ra/list_apps.sh
-- Up-to-date: /home/jose/microros_ws/install/navigation_bot_06/share/navigation_bot_06/../micro_ros_setup/config/renesas_ra/ra6m5
-- Up-to-date: /home/jose/microros_ws/install/navigation_bot_06/share/navigation_bot_06/../micro_ros_setup/config/renesas_ra/ra6m5/board.repos
-- Up-to-date: /home/jose/microros_ws/install/navigation_bot_06/share/navigation_bot_06/../micro_ros_setup/config/renesas_ra/ra6m5/client_uros_packages.repos
-- Up-to-date: /home/jose/microros_ws/install/navigation_bot_06/share/navigation_bot_06/../micro_ros_setup/config/renesas_ra/ra6m5/flash.sh
-- Up-to-date: /home/jose/microros_ws/install/navigation_bot_06/share/navigation_bot_06/../micro_ros_setup/config/renesas_ra/ra6m5/create.sh
-- Up-to-date: /home/jose/microros_ws/install/navigation_bot_06/share/navigation_bot_06/../micro_ros_setup/config/renesas_ra/ra6m5/client-colcon.meta
-- Up-to-date: /home/jose/microros_ws/install/navigation_bot_06/share/navigation_bot_06/../micro_ros_setup/config/renesas_ra/ra6m5/build.sh
-- Up-to-date: /home/jose/microros_ws/install/navigation_bot_06/share/navigation_bot_06/../micro_ros_setup/config/renesas_ra/ra6m5/configure.sh
-- Up-to-date: /home/jose/microros_ws/install/navigation_bot_06/share/navigation_bot_06/../micro_ros_setup/config/renesas_ra/dev_ros2_packages.txt
-- Up-to-date: /home/jose/microros_ws/install/navigation_bot_06/share/navigation_bot_06/../micro_ros_setup/config/agent_ros2_packages.txt
-- Up-to-date: /home/jose/microros_ws/install/navigation_bot_06/share/navigation_bot_06/../micro_ros_setup/CMakeLists.txt
-- Up-to-date: /home/jose/microros_ws/install/navigation_bot_06/share/navigation_bot_06/../micro_ros_setup/scripts
-- Up-to-date: /home/jose/microros_ws/install/navigation_bot_06/share/navigation_bot_06/../micro_ros_setup/scripts/component
-- Up-to-date: /home/jose/microros_ws/install/navigation_bot_06/share/navigation_bot_06/../micro_ros_setup/scripts/flash_firmware.sh
-- Up-to-date: /home/jose/microros_ws/install/navigation_bot_06/share/navigation_bot_06/../micro_ros_setup/scripts/create_agent_ws.sh
-- Up-to-date: /home/jose/microros_ws/install/navigation_bot_06/share/navigation_bot_06/../micro_ros_setup/scripts/clean_env.sh
-- Up-to-date: /home/jose/microros_ws/install/navigation_bot_06/share/navigation_bot_06/../micro_ros_setup/scripts/create_ws.sh
-- Up-to-date: /home/jose/microros_ws/install/navigation_bot_06/share/navigation_bot_06/../micro_ros_setup/scripts/create_firmware_ws.sh
-- Up-to-date: /home/jose/microros_ws/install/navigation_bot_06/share/navigation_bot_06/../micro_ros_setup/scripts/configure_firmware.sh
-- Up-to-date: /home/jose/microros_ws/install/navigation_bot_06/share/navigation_bot_06/../micro_ros_setup/scripts/build_firmware.sh
-- Up-to-date: /home/jose/microros_ws/install/navigation_bot_06/share/navigation_bot_06/../micro_ros_setup/scripts/yaml_filter.py
-- Up-to-date: /home/jose/microros_ws/install/navigation_bot_06/share/navigation_bot_06/../micro_ros_setup/scripts/build_agent.sh
-- Up-to-date: /home/jose/microros_ws/install/navigation_bot_06/share/navigation_bot_06/../micro_ros_setup/.git
-- Up-to-date: /home/jose/microros_ws/install/navigation_bot_06/share/navigation_bot_06/../micro_ros_setup/.git/description
-- Up-to-date: /home/jose/microros_ws/install/navigation_bot_06/share/navigation_bot_06/../micro_ros_setup/.git/logs
-- Up-to-date: /home/jose/microros_ws/install/navigation_bot_06/share/navigation_bot_06/../micro_ros_setup/.git/logs/refs
-- Up-to-date: /home/jose/microros_ws/install/navigation_bot_06/share/navigation_bot_06/../micro_ros_setup/.git/logs/refs/heads
-- Up-to-date: /home/jose/microros_ws/install/navigation_bot_06/share/navigation_bot_06/../micro_ros_setup/.git/logs/refs/heads/humble
-- Up-to-date: /home/jose/microros_ws/install/navigation_bot_06/share/navigation_bot_06/../micro_ros_setup/.git/logs/refs/remotes
-- Up-to-date: /home/jose/microros_ws/install/navigation_bot_06/share/navigation_bot_06/../micro_ros_setup/.git/logs/refs/remotes/origin
-- Up-to-date: /home/jose/microros_ws/install/navigation_bot_06/share/navigation_bot_06/../micro_ros_setup/.git/logs/refs/remotes/origin/HEAD
-- Up-to-date: /home/jose/microros_ws/install/navigation_bot_06/share/navigation_bot_06/../micro_ros_setup/.git/logs/HEAD
-- Up-to-date: /home/jose/microros_ws/install/navigation_bot_06/share/navigation_bot_06/../micro_ros_setup/.git/config
-- Up-to-date: /home/jose/microros_ws/install/navigation_bot_06/share/navigation_bot_06/../micro_ros_setup/.git/refs
-- Up-to-date: /home/jose/microros_ws/install/navigation_bot_06/share/navigation_bot_06/../micro_ros_setup/.git/refs/tags
-- Up-to-date: /home/jose/microros_ws/install/navigation_bot_06/share/navigation_bot_06/../micro_ros_setup/.git/refs/heads
-- Up-to-date: /home/jose/microros_ws/install/navigation_bot_06/share/navigation_bot_06/../micro_ros_setup/.git/refs/heads/humble
-- Up-to-date: /home/jose/microros_ws/install/navigation_bot_06/share/navigation_bot_06/../micro_ros_setup/.git/refs/remotes
-- Up-to-date: /home/jose/microros_ws/install/navigation_bot_06/share/navigation_bot_06/../micro_ros_setup/.git/refs/remotes/origin
-- Up-to-date: /home/jose/microros_ws/install/navigation_bot_06/share/navigation_bot_06/../micro_ros_setup/.git/refs/remotes/origin/HEAD
-- Up-to-date: /home/jose/microros_ws/install/navigation_bot_06/share/navigation_bot_06/../micro_ros_setup/.git/branches
-- Up-to-date: /home/jose/microros_ws/install/navigation_bot_06/share/navigation_bot_06/../micro_ros_setup/.git/objects
-- Up-to-date: /home/jose/microros_ws/install/navigation_bot_06/share/navigation_bot_06/../micro_ros_setup/.git/objects/pack
-- Up-to-date: /home/jose/microros_ws/install/navigation_bot_06/share/navigation_bot_06/../micro_ros_setup/.git/objects/pack/pack-70177c6f9e165dca3b55c3b466526cf025d6aab4.pack
-- Up-to-date: /home/jose/microros_ws/install/navigation_bot_06/share/navigation_bot_06/../micro_ros_setup/.git/objects/pack/pack-70177c6f9e165dca3b55c3b466526cf025d6aab4.idx
-- Up-to-date: /home/jose/microros_ws/install/navigation_bot_06/share/navigation_bot_06/../micro_ros_setup/.git/objects/info
-- Up-to-date: /home/jose/microros_ws/install/navigation_bot_06/share/navigation_bot_06/../micro_ros_setup/.git/packed-refs
-- Up-to-date: /home/jose/microros_ws/install/navigation_bot_06/share/navigation_bot_06/../micro_ros_setup/.git/info
-- Up-to-date: /home/jose/microros_ws/install/navigation_bot_06/share/navigation_bot_06/../micro_ros_setup/.git/info/exclude
-- Up-to-date: /home/jose/microros_ws/install/navigation_bot_06/share/navigation_bot_06/../micro_ros_setup/.git/hooks
-- Up-to-date: /home/jose/microros_ws/install/navigation_bot_06/share/navigation_bot_06/../micro_ros_setup/.git/hooks/prepare-commit-msg.sample
-- Up-to-date: /home/jose/microros_ws/install/navigation_bot_06/share/navigation_bot_06/../micro_ros_setup/.git/hooks/pre-push.sample
-- Up-to-date: /home/jose/microros_ws/install/navigation_bot_06/share/navigation_bot_06/../micro_ros_setup/.git/hooks/pre-receive.sample
-- Up-to-date: /home/jose/microros_ws/install/navigation_bot_06/share/navigation_bot_06/../micro_ros_setup/.git/hooks/pre-merge-commit.sample
-- Up-to-date: /home/jose/microros_ws/install/navigation_bot_06/share/navigation_bot_06/../micro_ros_setup/.git/hooks/fsmonitor-watchman.sample
-- Up-to-date: /home/jose/microros_ws/install/navigation_bot_06/share/navigation_bot_06/../micro_ros_setup/.git/hooks/applypatch-msg.sample
-- Up-to-date: /home/jose/microros_ws/install/navigation_bot_06/share/navigation_bot_06/../micro_ros_setup/.git/hooks/pre-commit.sample
-- Up-to-date: /home/jose/microros_ws/install/navigation_bot_06/share/navigation_bot_06/../micro_ros_setup/.git/hooks/update.sample
-- Up-to-date: /home/jose/microros_ws/install/navigation_bot_06/share/navigation_bot_06/../micro_ros_setup/.git/hooks/commit-msg.sample
-- Up-to-date: /home/jose/microros_ws/install/navigation_bot_06/share/navigation_bot_06/../micro_ros_setup/.git/hooks/push-to-checkout.sample
-- Up-to-date: /home/jose/microros_ws/install/navigation_bot_06/share/navigation_bot_06/../micro_ros_setup/.git/hooks/pre-rebase.sample
-- Up-to-date: /home/jose/microros_ws/install/navigation_bot_06/share/navigation_bot_06/../micro_ros_setup/.git/hooks/post-update.sample
-- Up-to-date: /home/jose/microros_ws/install/navigation_bot_06/share/navigation_bot_06/../micro_ros_setup/.git/hooks/pre-applypatch.sample
-- Up-to-date: /home/jose/microros_ws/install/navigation_bot_06/share/navigation_bot_06/../micro_ros_setup/.git/HEAD
-- Up-to-date: /home/jose/microros_ws/install/navigation_bot_06/share/navigation_bot_06/../micro_ros_setup/.git/index
-- Up-to-date: /home/jose/microros_ws/install/navigation_bot_06/share/navigation_bot_06/../micro_ros_setup/.images
-- Up-to-date: /home/jose/microros_ws/install/navigation_bot_06/share/navigation_bot_06/../micro_ros_setup/.images/microros_logo.png
-- Up-to-date: /home/jose/microros_ws/install/navigation_bot_06/share/navigation_bot_06/../micro_ros_setup/LICENSE
-- Up-to-date: /home/jose/microros_ws/install/navigation_bot_06/share/navigation_bot_06/../micro_ros_setup/CONTRIBUTING.md
-- Up-to-date: /home/jose/microros_ws/install/navigation_bot_06/share/navigation_bot_06/../micro_ros_setup/README.md
-- Up-to-date: /home/jose/microros_ws/install/navigation_bot_06/share/navigation_bot_06/../micro_ros_setup/CHANGELOG.rst
-- Up-to-date: /home/jose/microros_ws/install/navigation_bot_06/share/navigation_bot_06/../micro_ros_setup/.gitignore
-- Up-to-date: /home/jose/microros_ws/install/navigation_bot_06/share/navigation_bot_06/../micro_ros_setup/package.xml
-- Up-to-date: /home/jose/microros_ws/install/navigation_bot_06/share/navigation_bot_06/../ros2.repos
-- Up-to-date: /home/jose/microros_ws/install/navigation_bot_06/share/navigation_bot_06/../worlds
-- Up-to-date: /home/jose/microros_ws/install/navigation_bot_06/share/navigation_bot_06/../worlds/maze_with_charger_and_obstacle.sdf
-- Up-to-date: /home/jose/microros_ws/install/navigation_bot_06/share/navigation_bot_06/../worlds/perfect_world.sdf
-- Up-to-date: /home/jose/microros_ws/install/navigation_bot_06/share/navigation_bot_06/../worlds/slip.sdf
-- Up-to-date: /home/jose/microros_ws/install/navigation_bot_06/share/navigation_bot_06/../worlds/gripper_bench.sdf
-- Up-to-date: /home/jose/microros_ws/install/navigation_bot_06/share/navigation_bot_06/../worlds/empty.world
-- Up-to-date: /home/jose/microros_ws/install/navigation_bot_06/share/navigation_bot_06/../worlds/maze.sdf
-- Up-to-date: /home/jose/microros_ws/install/navigation_bot_06/share/navigation_bot_06/../worlds/world_01.sdf
-- Up-to-date: /home/jose/microros_ws/install/navigation_bot_06/share/navigation_bot_06/../worlds/world_25d_05.sdf
-- Up-to-date: /home/jose/microros_ws/install/navigation_bot_06/share/navigation_bot_06/../worlds/shapes.sdf
-- Up-to-date: /home/jose/microros_ws/install/navigation_bot_06/share/navigation_bot_06/../worlds/empty.sdf
-- Up-to-date: /home/jose/microros_ws/install/navigation_bot_06/share/navigation_bot_06/../worlds/world_25d.sdf
-- Up-to-date: /home/jose/microros_ws/install/navigation_bot_06/share/navigation_bot_06/../worlds/maze_with_charger.sdf
-- Up-to-date: /home/jose/microros_ws/install/navigation_bot_06/share/navigation_bot_06/launch
-- Up-to-date: /home/jose/microros_ws/install/navigation_bot_06/share/navigation_bot_06/launch/main_simulation_launch.py
-- Up-to-date: /home/jose/microros_ws/install/navigation_bot_06/share/navigation_bot_06/launch/globals.py
-- Up-to-date: /home/jose/microros_ws/install/navigation_bot_06/share/navigation_bot_06/launch/spawn_launch.py
-- Up-to-date: /home/jose/microros_ws/install/navigation_bot_06/share/navigation_bot_06/launch/slam_launch.py
-- Up-to-date: /home/jose/microros_ws/install/navigation_bot_06/share/navigation_bot_06/launch/bringup_launch.py
-- Up-to-date: /home/jose/microros_ws/install/navigation_bot_06/share/navigation_bot_06/launch/multi_tb3_simulation_launch.py
-- Up-to-date: /home/jose/microros_ws/install/navigation_bot_06/share/navigation_bot_06/launch/localization_launch.py
-- Up-to-date: /home/jose/microros_ws/install/navigation_bot_06/share/navigation_bot_06/launch/navigation_launch.py
-- Up-to-date: /home/jose/microros_ws/install/navigation_bot_06/share/navigation_bot_06/launch/rviz_launch.py
-- Up-to-date: /home/jose/microros_ws/install/navigation_bot_06/share/navigation_bot_06/launch/__pycache__
-- Up-to-date: /home/jose/microros_ws/install/navigation_bot_06/share/navigation_bot_06/launch/__pycache__/globals.cpython-38.pyc
-- Up-to-date: /home/jose/microros_ws/install/navigation_bot_06/share/navigation_bot_06/rviz
-- Up-to-date: /home/jose/microros_ws/install/navigation_bot_06/share/navigation_bot_06/rviz/robot.rviz
-- Up-to-date: /home/jose/microros_ws/install/navigation_bot_06/share/navigation_bot_06/rviz/robot_old.rviz
-- Up-to-date: /home/jose/microros_ws/install/navigation_bot_06/share/navigation_bot_06/rviz/robot_new.rviz
-- Up-to-date: /home/jose/microros_ws/install/navigation_bot_06/share/navigation_bot_06/config
-- Up-to-date: /home/jose/microros_ws/install/navigation_bot_06/share/navigation_bot_06/config/nav2_params.yaml
-- Up-to-date: /home/jose/microros_ws/install/navigation_bot_06/share/navigation_bot_06/config/ekf.yaml
-- Up-to-date: /home/jose/microros_ws/install/navigation_bot_06/share/navigation_bot_06/description
-- Up-to-date: /home/jose/microros_ws/install/navigation_bot_06/share/navigation_bot_06/description/colors.xacro
-- Up-to-date: /home/jose/microros_ws/install/navigation_bot_06/share/navigation_bot_06/description/robot_core.xacro
-- Up-to-date: /home/jose/microros_ws/install/navigation_bot_06/share/navigation_bot_06/description/robot.urdf.xacro
-- Up-to-date: /home/jose/microros_ws/install/navigation_bot_06/share/navigation_bot_06/description/gazebo_control.xacro
-- Up-to-date: /home/jose/microros_ws/install/navigation_bot_06/share/navigation_bot_06/description/camera.xacro
-- Up-to-date: /home/jose/microros_ws/install/navigation_bot_06/share/navigation_bot_06/description/lidar.xacro
-- Up-to-date: /home/jose/microros_ws/install/navigation_bot_06/share/navigation_bot_06/description/inertial_macros.xacro
-- Up-to-date: /home/jose/microros_ws/install/navigation_bot_06/share/navigation_bot_06/description/depth_camera.xacro
-- Up-to-date: /home/jose/microros_ws/install/navigation_bot_06/share/navigation_bot_06/description/imu_sensor.xacro
-- Up-to-date: /home/jose/microros_ws/install/navigation_bot_06/share/navigation_bot_06/scripts
-- Up-to-date: /home/jose/microros_ws/install/navigation_bot_06/share/navigation_bot_06/scripts/waypoint_follower.py
-- Up-to-date: /home/jose/microros_ws/install/navigation_bot_06/share/navigation_bot_06/scripts/set_entity_state_request.txt
-- Up-to-date: /home/jose/microros_ws/install/navigation_bot_06/share/navigation_bot_06/scripts/robot_navigator.py
-- Up-to-date: /home/jose/microros_ws/install/navigation_bot_06/share/navigation_bot_06/scripts/__pycache__
-- Up-to-date: /home/jose/microros_ws/install/navigation_bot_06/share/navigation_bot_06/scripts/__pycache__/robot_navigator.cpython-38.pyc
-- Up-to-date: /home/jose/microros_ws/install/navigation_bot_06/lib/navigation_bot_06/robot_navigator.py
-- Up-to-date: /home/jose/microros_ws/install/navigation_bot_06/lib/navigation_bot_06/waypoint_follower.py
-- Up-to-date: /home/jose/microros_ws/install/navigation_bot_06/share/ament_index/resource_index/package_run_dependencies/navigation_bot_06
-- Up-to-date: /home/jose/microros_ws/install/navigation_bot_06/share/ament_index/resource_index/parent_prefix_path/navigation_bot_06
-- Up-to-date: /home/jose/microros_ws/install/navigation_bot_06/share/navigation_bot_06/environment/ament_prefix_path.sh
-- Up-to-date: /home/jose/microros_ws/install/navigation_bot_06/share/navigation_bot_06/environment/ament_prefix_path.dsv
-- Up-to-date: /home/jose/microros_ws/install/navigation_bot_06/share/navigation_bot_06/environment/path.sh
-- Up-to-date: /home/jose/microros_ws/install/navigation_bot_06/share/navigation_bot_06/environment/path.dsv
-- Up-to-date: /home/jose/microros_ws/install/navigation_bot_06/share/navigation_bot_06/local_setup.bash
-- Up-to-date: /home/jose/microros_ws/install/navigation_bot_06/share/navigation_bot_06/local_setup.sh
-- Up-to-date: /home/jose/microros_ws/install/navigation_bot_06/share/navigation_bot_06/local_setup.zsh
-- Up-to-date: /home/jose/microros_ws/install/navigation_bot_06/share/navigation_bot_06/local_setup.dsv
-- Up-to-date: /home/jose/microros_ws/install/navigation_bot_06/share/navigation_bot_06/package.dsv
-- Up-to-date: /home/jose/microros_ws/install/navigation_bot_06/share/ament_index/resource_index/packages/navigation_bot_06
-- Up-to-date: /home/jose/microros_ws/install/navigation_bot_06/share/navigation_bot_06/cmake/navigation_bot_06Config.cmake
-- Up-to-date: /home/jose/microros_ws/install/navigation_bot_06/share/navigation_bot_06/cmake/navigation_bot_06Config-version.cmake
-- Up-to-date: /home/jose/microros_ws/install/navigation_bot_06/share/navigation_bot_06/package.xml
