[2.146s] Invoking command in '/home/jose/microros_ws/src/odin_nav': PYTHONPATH=/home/jose/microros_ws/build/odin_nav/prefix_override:/usr/lib/python3/dist-packages/colcon_core/task/python/colcon_distutils_commands:/home/jose/microros_ws/install/odin_nav/lib/python3.10/site-packages:${PYTHONPATH} /usr/bin/python3 -W ignore:setup.py install is deprecated setup.py egg_info --egg-base ../../build/odin_nav build --build-base /home/jose/microros_ws/build/odin_nav/build install --record /home/jose/microros_ws/build/odin_nav/install.log --single-version-externally-managed install_data
[2.785s] running egg_info
[2.785s] writing ../../build/odin_nav/odin_nav.egg-info/PKG-INFO
[2.785s] writing dependency_links to ../../build/odin_nav/odin_nav.egg-info/dependency_links.txt
[2.785s] writing entry points to ../../build/odin_nav/odin_nav.egg-info/entry_points.txt
[2.785s] writing requirements to ../../build/odin_nav/odin_nav.egg-info/requires.txt
[2.785s] writing top-level names to ../../build/odin_nav/odin_nav.egg-info/top_level.txt
[2.785s] reading manifest file '../../build/odin_nav/odin_nav.egg-info/SOURCES.txt'
[2.785s] writing manifest file '../../build/odin_nav/odin_nav.egg-info/SOURCES.txt'
[2.785s] running build
[2.785s] running build_py
[2.785s] running install
[2.786s] running install_lib
[2.786s] running install_data
[2.786s] copying config/nav2_params.yaml -> /home/jose/microros_ws/install/odin_nav/share/odin_nav/config
[2.786s] copying config/ekf.yaml -> /home/jose/microros_ws/install/odin_nav/share/odin_nav/config
[2.786s] copying launch/display.launch.py -> /home/jose/microros_ws/install/odin_nav/share/odin_nav/launch
[2.786s] running install_egg_info
[2.786s] removing '/home/jose/microros_ws/install/odin_nav/lib/python3.10/site-packages/odin_nav-0.0.0-py3.10.egg-info' (and everything under it)
[2.786s] Copying ../../build/odin_nav/odin_nav.egg-info to /home/jose/microros_ws/install/odin_nav/lib/python3.10/site-packages/odin_nav-0.0.0-py3.10.egg-info
[2.786s] running install_scripts
[2.786s] Installing map_pub script to /home/jose/microros_ws/install/odin_nav/lib/odin_nav
[2.786s] writing list of installed files to '/home/jose/microros_ws/build/odin_nav/install.log'
[3.205s] Invoked command in '/home/jose/microros_ws/src/odin_nav' returned '0': PYTHONPATH=/home/jose/microros_ws/build/odin_nav/prefix_override:/usr/lib/python3/dist-packages/colcon_core/task/python/colcon_distutils_commands:/home/jose/microros_ws/install/odin_nav/lib/python3.10/site-packages:${PYTHONPATH} /usr/bin/python3 -W ignore:setup.py install is deprecated setup.py egg_info --egg-base ../../build/odin_nav build --build-base /home/jose/microros_ws/build/odin_nav/build install --record /home/jose/microros_ws/build/odin_nav/install.log --single-version-externally-managed install_data
