/home/jose/microros_ws/install/odin_nav/lib/python3.10/site-packages/odin_nav/odom_node.py
/home/jose/microros_ws/install/odin_nav/lib/python3.10/site-packages/odin_nav/__init__.py
/home/jose/microros_ws/install/odin_nav/lib/python3.10/site-packages/odin_nav/convert_to_map.py
/home/jose/microros_ws/install/odin_nav/lib/python3.10/site-packages/odin_nav/map_pub.py
/home/jose/microros_ws/install/odin_nav/lib/python3.10/site-packages/odin_nav/goal_pub.py
/home/jose/microros_ws/install/odin_nav/lib/python3.10/site-packages/odin_nav/__pycache__/odom_node.cpython-310.pyc
/home/jose/microros_ws/install/odin_nav/lib/python3.10/site-packages/odin_nav/__pycache__/__init__.cpython-310.pyc
/home/jose/microros_ws/install/odin_nav/lib/python3.10/site-packages/odin_nav/__pycache__/convert_to_map.cpython-310.pyc
/home/jose/microros_ws/install/odin_nav/lib/python3.10/site-packages/odin_nav/__pycache__/map_pub.cpython-310.pyc
/home/jose/microros_ws/install/odin_nav/lib/python3.10/site-packages/odin_nav/__pycache__/goal_pub.cpython-310.pyc
/home/jose/microros_ws/install/odin_nav/share/odin_nav/config/nav2_params.yaml
/home/jose/microros_ws/install/odin_nav/share/odin_nav/config/ekf.yaml
/home/jose/microros_ws/install/odin_nav/share/odin_nav/launch/display.launch.py
/home/jose/microros_ws/install/odin_nav/share/odin_nav/rviz/urdf_config.rviz
/home/jose/microros_ws/install/odin_nav/share/ament_index/resource_index/packages/odin_nav
/home/jose/microros_ws/install/odin_nav/share/odin_nav/package.xml
/home/jose/microros_ws/install/odin_nav/lib/python3.10/site-packages/odin_nav-0.0.0-py3.10.egg-info/dependency_links.txt
/home/jose/microros_ws/install/odin_nav/lib/python3.10/site-packages/odin_nav-0.0.0-py3.10.egg-info/top_level.txt
/home/jose/microros_ws/install/odin_nav/lib/python3.10/site-packages/odin_nav-0.0.0-py3.10.egg-info/SOURCES.txt
/home/jose/microros_ws/install/odin_nav/lib/python3.10/site-packages/odin_nav-0.0.0-py3.10.egg-info/entry_points.txt
/home/jose/microros_ws/install/odin_nav/lib/python3.10/site-packages/odin_nav-0.0.0-py3.10.egg-info/requires.txt
/home/jose/microros_ws/install/odin_nav/lib/python3.10/site-packages/odin_nav-0.0.0-py3.10.egg-info/zip-safe
/home/jose/microros_ws/install/odin_nav/lib/python3.10/site-packages/odin_nav-0.0.0-py3.10.egg-info/PKG-INFO
/home/jose/microros_ws/install/odin_nav/lib/odin_nav/goal_pub
/home/jose/microros_ws/install/odin_nav/lib/odin_nav/map_gen
/home/jose/microros_ws/install/odin_nav/lib/odin_nav/map_pub
/home/jose/microros_ws/install/odin_nav/lib/odin_nav/odom_node
