[0.685s] Invoking command in '/home/jose/microros_ws/src/odin_nav': PYTHONPATH=/home/jose/microros_ws/build/odin_nav/prefix_override:/usr/lib/python3/dist-packages/colcon_core/task/python/colcon_distutils_commands:/home/jose/microros_ws/install/odin_nav/lib/python3.10/site-packages:${PYTHONPATH} /usr/bin/python3 -W ignore:setup.py install is deprecated setup.py egg_info --egg-base ../../build/odin_nav build --build-base /home/jose/microros_ws/build/odin_nav/build install --record /home/jose/microros_ws/build/odin_nav/install.log --single-version-externally-managed install_data
[0.872s] running egg_info
[0.872s] writing ../../build/odin_nav/odin_nav.egg-info/PKG-INFO
[0.872s] writing dependency_links to ../../build/odin_nav/odin_nav.egg-info/dependency_links.txt
[0.873s] writing entry points to ../../build/odin_nav/odin_nav.egg-info/entry_points.txt
[0.873s] writing requirements to ../../build/odin_nav/odin_nav.egg-info/requires.txt
[0.873s] writing top-level names to ../../build/odin_nav/odin_nav.egg-info/top_level.txt
[0.874s] reading manifest file '../../build/odin_nav/odin_nav.egg-info/SOURCES.txt'
[0.875s] writing manifest file '../../build/odin_nav/odin_nav.egg-info/SOURCES.txt'
[0.875s] running build
[0.875s] running build_py
[0.875s] running install
[0.875s] running install_lib
[0.876s] running install_data
[0.877s] copying config/ekf.yaml -> /home/jose/microros_ws/install/odin_nav/share/odin_nav/config
[0.877s] copying launch/display.launch.py -> /home/jose/microros_ws/install/odin_nav/share/odin_nav/launch
[0.877s] running install_egg_info
[0.879s] removing '/home/jose/microros_ws/install/odin_nav/lib/python3.10/site-packages/odin_nav-0.0.0-py3.10.egg-info' (and everything under it)
[0.879s] Copying ../../build/odin_nav/odin_nav.egg-info to /home/jose/microros_ws/install/odin_nav/lib/python3.10/site-packages/odin_nav-0.0.0-py3.10.egg-info
[0.880s] running install_scripts
[0.897s] Installing goal_pub script to /home/jose/microros_ws/install/odin_nav/lib/odin_nav
[0.897s] Installing map_gen script to /home/jose/microros_ws/install/odin_nav/lib/odin_nav
[0.897s] Installing map_pub script to /home/jose/microros_ws/install/odin_nav/lib/odin_nav
[0.897s] Installing odom_node script to /home/jose/microros_ws/install/odin_nav/lib/odin_nav
[0.898s] writing list of installed files to '/home/jose/microros_ws/build/odin_nav/install.log'
[0.920s] Invoked command in '/home/jose/microros_ws/src/odin_nav' returned '0': PYTHONPATH=/home/jose/microros_ws/build/odin_nav/prefix_override:/usr/lib/python3/dist-packages/colcon_core/task/python/colcon_distutils_commands:/home/jose/microros_ws/install/odin_nav/lib/python3.10/site-packages:${PYTHONPATH} /usr/bin/python3 -W ignore:setup.py install is deprecated setup.py egg_info --egg-base ../../build/odin_nav build --build-base /home/jose/microros_ws/build/odin_nav/build install --record /home/jose/microros_ws/build/odin_nav/install.log --single-version-externally-managed install_data
