[1.429s] Invoking command in '/home/jose/microros_ws/src/odin_comms': PYTHONPATH=/home/jose/microros_ws/build/odin_comms/prefix_override:/usr/lib/python3/dist-packages/colcon_core/task/python/colcon_distutils_commands:/home/jose/microros_ws/install/odin_comms/lib/python3.10/site-packages:${PYTHONPATH} /usr/bin/python3 -W ignore:setup.py install is deprecated setup.py egg_info --egg-base ../../build/odin_comms build --build-base /home/jose/microros_ws/build/odin_comms/build install --record /home/jose/microros_ws/build/odin_comms/install.log --single-version-externally-managed install_data
[1.988s] running egg_info
[1.990s] writing ../../build/odin_comms/odin_comms.egg-info/PKG-INFO
[1.991s] writing dependency_links to ../../build/odin_comms/odin_comms.egg-info/dependency_links.txt
[1.991s] writing entry points to ../../build/odin_comms/odin_comms.egg-info/entry_points.txt
[1.992s] writing requirements to ../../build/odin_comms/odin_comms.egg-info/requires.txt
[1.992s] writing top-level names to ../../build/odin_comms/odin_comms.egg-info/top_level.txt
[1.995s] reading manifest file '../../build/odin_comms/odin_comms.egg-info/SOURCES.txt'
[1.998s] writing manifest file '../../build/odin_comms/odin_comms.egg-info/SOURCES.txt'
[1.998s] running build
[1.998s] running build_py
[2.001s] running install
[2.001s] running install_lib
[2.001s] running install_data
[2.002s] running install_egg_info
[2.006s] removing '/home/jose/microros_ws/install/odin_comms/lib/python3.10/site-packages/odin_comms-0.0.0-py3.10.egg-info' (and everything under it)
[2.007s] Copying ../../build/odin_comms/odin_comms.egg-info to /home/jose/microros_ws/install/odin_comms/lib/python3.10/site-packages/odin_comms-0.0.0-py3.10.egg-info
[2.007s] running install_scripts
[2.051s] Installing control_ml script to /home/jose/microros_ws/install/odin_comms/lib/odin_comms
[2.052s] Installing control_mr script to /home/jose/microros_ws/install/odin_comms/lib/odin_comms
[2.052s] Installing data_subscriber script to /home/jose/microros_ws/install/odin_comms/lib/odin_comms
[2.054s] writing list of installed files to '/home/jose/microros_ws/build/odin_comms/install.log'
[2.104s] Invoked command in '/home/jose/microros_ws/src/odin_comms' returned '0': PYTHONPATH=/home/jose/microros_ws/build/odin_comms/prefix_override:/usr/lib/python3/dist-packages/colcon_core/task/python/colcon_distutils_commands:/home/jose/microros_ws/install/odin_comms/lib/python3.10/site-packages:${PYTHONPATH} /usr/bin/python3 -W ignore:setup.py install is deprecated setup.py egg_info --egg-base ../../build/odin_comms build --build-base /home/jose/microros_ws/build/odin_comms/build install --record /home/jose/microros_ws/build/odin_comms/install.log --single-version-externally-managed install_data
