running egg_info
writing ../../build/odin_nav/odin_nav.egg-info/PKG-INFO
writing dependency_links to ../../build/odin_nav/odin_nav.egg-info/dependency_links.txt
writing entry points to ../../build/odin_nav/odin_nav.egg-info/entry_points.txt
writing requirements to ../../build/odin_nav/odin_nav.egg-info/requires.txt
writing top-level names to ../../build/odin_nav/odin_nav.egg-info/top_level.txt
reading manifest file '../../build/odin_nav/odin_nav.egg-info/SOURCES.txt'
writing manifest file '../../build/odin_nav/odin_nav.egg-info/SOURCES.txt'
running build
running build_py
running install
running install_lib
running install_data
copying config/ekf.yaml -> /home/jose/microros_ws/install/odin_nav/share/odin_nav/config
copying launch/display.launch.py -> /home/jose/microros_ws/install/odin_nav/share/odin_nav/launch
running install_egg_info
removing '/home/jose/microros_ws/install/odin_nav/lib/python3.10/site-packages/odin_nav-0.0.0-py3.10.egg-info' (and everything under it)
Copying ../../build/odin_nav/odin_nav.egg-info to /home/jose/microros_ws/install/odin_nav/lib/python3.10/site-packages/odin_nav-0.0.0-py3.10.egg-info
running install_scripts
Installing map_pub script to /home/jose/microros_ws/install/odin_nav/lib/odin_nav
writing list of installed files to '/home/jose/microros_ws/build/odin_nav/install.log'
