[1.408s] Invoking command in '/home/jose/microros_ws/src/odin_comms': PYTHONPATH=/home/jose/microros_ws/build/odin_comms/prefix_override:/usr/lib/python3/dist-packages/colcon_core/task/python/colcon_distutils_commands:/home/jose/microros_ws/install/odin_comms/lib/python3.10/site-packages:${PYTHONPATH} /usr/bin/python3 -W ignore:setup.py install is deprecated setup.py egg_info --egg-base ../../build/odin_comms build --build-base /home/jose/microros_ws/build/odin_comms/build install --record /home/jose/microros_ws/build/odin_comms/install.log --single-version-externally-managed install_data
[1.991s] running egg_info
[1.993s] writing ../../build/odin_comms/odin_comms.egg-info/PKG-INFO
[1.994s] writing dependency_links to ../../build/odin_comms/odin_comms.egg-info/dependency_links.txt
[1.995s] writing entry points to ../../build/odin_comms/odin_comms.egg-info/entry_points.txt
[1.995s] writing requirements to ../../build/odin_comms/odin_comms.egg-info/requires.txt
[1.996s] writing top-level names to ../../build/odin_comms/odin_comms.egg-info/top_level.txt
[2.006s] reading manifest file '../../build/odin_comms/odin_comms.egg-info/SOURCES.txt'
[2.007s] writing manifest file '../../build/odin_comms/odin_comms.egg-info/SOURCES.txt'
[2.007s] running build
[2.007s] running build_py
[2.007s] copying odin_comms/data_subscriber.py -> /home/jose/microros_ws/build/odin_comms/build/lib/odin_comms
[2.007s] running install
[2.007s] running install_lib
[2.008s] copying /home/jose/microros_ws/build/odin_comms/build/lib/odin_comms/data_subscriber.py -> /home/jose/microros_ws/install/odin_comms/lib/python3.10/site-packages/odin_comms
[2.011s] byte-compiling /home/jose/microros_ws/install/odin_comms/lib/python3.10/site-packages/odin_comms/data_subscriber.py to data_subscriber.cpython-310.pyc
[2.011s] running install_data
[2.011s] running install_egg_info
[2.015s] removing '/home/jose/microros_ws/install/odin_comms/lib/python3.10/site-packages/odin_comms-0.0.0-py3.10.egg-info' (and everything under it)
[2.015s] Copying ../../build/odin_comms/odin_comms.egg-info to /home/jose/microros_ws/install/odin_comms/lib/python3.10/site-packages/odin_comms-0.0.0-py3.10.egg-info
[2.017s] running install_scripts
[2.061s] Installing control_ml script to /home/jose/microros_ws/install/odin_comms/lib/odin_comms
[2.061s] Installing control_mr script to /home/jose/microros_ws/install/odin_comms/lib/odin_comms
[2.061s] Installing data_subscriber script to /home/jose/microros_ws/install/odin_comms/lib/odin_comms
[2.062s] writing list of installed files to '/home/jose/microros_ws/build/odin_comms/install.log'
[2.123s] Invoked command in '/home/jose/microros_ws/src/odin_comms' returned '0': PYTHONPATH=/home/jose/microros_ws/build/odin_comms/prefix_override:/usr/lib/python3/dist-packages/colcon_core/task/python/colcon_distutils_commands:/home/jose/microros_ws/install/odin_comms/lib/python3.10/site-packages:${PYTHONPATH} /usr/bin/python3 -W ignore:setup.py install is deprecated setup.py egg_info --egg-base ../../build/odin_comms build --build-base /home/jose/microros_ws/build/odin_comms/build install --record /home/jose/microros_ws/build/odin_comms/install.log --single-version-externally-managed install_data
