[1.532s] Invoking command in '/home/jose/microros_ws/src/odin_comms': PYTHONPATH=/home/jose/microros_ws/build/odin_comms/prefix_override:/usr/lib/python3/dist-packages/colcon_core/task/python/colcon_distutils_commands:/home/jose/microros_ws/install/odin_comms/lib/python3.10/site-packages:${PYTHONPATH} /usr/bin/python3 -W ignore:setup.py install is deprecated setup.py egg_info --egg-base ../../build/odin_comms build --build-base /home/jose/microros_ws/build/odin_comms/build install --record /home/jose/microros_ws/build/odin_comms/install.log --single-version-externally-managed install_data
[2.000s] running egg_info
[2.001s] writing ../../build/odin_comms/odin_comms.egg-info/PKG-INFO
[2.001s] writing dependency_links to ../../build/odin_comms/odin_comms.egg-info/dependency_links.txt
[2.001s] writing entry points to ../../build/odin_comms/odin_comms.egg-info/entry_points.txt
[2.001s] writing requirements to ../../build/odin_comms/odin_comms.egg-info/requires.txt
[2.002s] writing top-level names to ../../build/odin_comms/odin_comms.egg-info/top_level.txt
[2.004s] reading manifest file '../../build/odin_comms/odin_comms.egg-info/SOURCES.txt'
[2.009s] writing manifest file '../../build/odin_comms/odin_comms.egg-info/SOURCES.txt'
[2.009s] running build
[2.010s] running build_py
[2.010s] copying odin_comms/data_subscriber.py -> /home/jose/microros_ws/build/odin_comms/build/lib/odin_comms
[2.010s] copying odin_comms/control_motor1.py -> /home/jose/microros_ws/build/odin_comms/build/lib/odin_comms
[2.010s] copying odin_comms/control_motor2.py -> /home/jose/microros_ws/build/odin_comms/build/lib/odin_comms
[2.010s] running install
[2.010s] running install_lib
[2.011s] copying /home/jose/microros_ws/build/odin_comms/build/lib/odin_comms/data_subscriber.py -> /home/jose/microros_ws/install/odin_comms/lib/python3.10/site-packages/odin_comms
[2.011s] copying /home/jose/microros_ws/build/odin_comms/build/lib/odin_comms/control_motor1.py -> /home/jose/microros_ws/install/odin_comms/lib/python3.10/site-packages/odin_comms
[2.011s] copying /home/jose/microros_ws/build/odin_comms/build/lib/odin_comms/control_motor2.py -> /home/jose/microros_ws/install/odin_comms/lib/python3.10/site-packages/odin_comms
[2.011s] byte-compiling /home/jose/microros_ws/install/odin_comms/lib/python3.10/site-packages/odin_comms/data_subscriber.py to data_subscriber.cpython-310.pyc
[2.012s] byte-compiling /home/jose/microros_ws/install/odin_comms/lib/python3.10/site-packages/odin_comms/control_motor1.py to control_motor1.cpython-310.pyc
[2.013s] byte-compiling /home/jose/microros_ws/install/odin_comms/lib/python3.10/site-packages/odin_comms/control_motor2.py to control_motor2.cpython-310.pyc
[2.014s] running install_data
[2.014s] running install_egg_info
[2.018s] removing '/home/jose/microros_ws/install/odin_comms/lib/python3.10/site-packages/odin_comms-0.0.0-py3.10.egg-info' (and everything under it)
[2.018s] Copying ../../build/odin_comms/odin_comms.egg-info to /home/jose/microros_ws/install/odin_comms/lib/python3.10/site-packages/odin_comms-0.0.0-py3.10.egg-info
[2.020s] running install_scripts
[2.064s] Installing control_ml script to /home/jose/microros_ws/install/odin_comms/lib/odin_comms
[2.066s] Installing control_mr script to /home/jose/microros_ws/install/odin_comms/lib/odin_comms
[2.066s] Installing data_subscriber script to /home/jose/microros_ws/install/odin_comms/lib/odin_comms
[2.066s] writing list of installed files to '/home/jose/microros_ws/build/odin_comms/install.log'
[2.104s] Invoked command in '/home/jose/microros_ws/src/odin_comms' returned '0': PYTHONPATH=/home/jose/microros_ws/build/odin_comms/prefix_override:/usr/lib/python3/dist-packages/colcon_core/task/python/colcon_distutils_commands:/home/jose/microros_ws/install/odin_comms/lib/python3.10/site-packages:${PYTHONPATH} /usr/bin/python3 -W ignore:setup.py install is deprecated setup.py egg_info --egg-base ../../build/odin_comms build --build-base /home/jose/microros_ws/build/odin_comms/build install --record /home/jose/microros_ws/build/odin_comms/install.log --single-version-externally-managed install_data
