running egg_info
creating ../../build/odin_nav2/odin_nav2.egg-info
writing ../../build/odin_nav2/odin_nav2.egg-info/PKG-INFO
writing dependency_links to ../../build/odin_nav2/odin_nav2.egg-info/dependency_links.txt
writing entry points to ../../build/odin_nav2/odin_nav2.egg-info/entry_points.txt
writing requirements to ../../build/odin_nav2/odin_nav2.egg-info/requires.txt
writing top-level names to ../../build/odin_nav2/odin_nav2.egg-info/top_level.txt
writing manifest file '../../build/odin_nav2/odin_nav2.egg-info/SOURCES.txt'
reading manifest file '../../build/odin_nav2/odin_nav2.egg-info/SOURCES.txt'
writing manifest file '../../build/odin_nav2/odin_nav2.egg-info/SOURCES.txt'
running build
running build_py
creating /home/jose/microros_ws/build/odin_nav2/build
creating /home/jose/microros_ws/build/odin_nav2/build/lib
creating /home/jose/microros_ws/build/odin_nav2/build/lib/odin_nav2
copying odin_nav2/__init__.py -> /home/jose/microros_ws/build/odin_nav2/build/lib/odin_nav2
running install
running install_lib
creating /home/jose/microros_ws/install/odin_nav2/lib/python3.10/site-packages/odin_nav2
copying /home/jose/microros_ws/build/odin_nav2/build/lib/odin_nav2/__init__.py -> /home/jose/microros_ws/install/odin_nav2/lib/python3.10/site-packages/odin_nav2
byte-compiling /home/jose/microros_ws/install/odin_nav2/lib/python3.10/site-packages/odin_nav2/__init__.py to __init__.cpython-310.pyc
running install_data
creating /home/jose/microros_ws/install/odin_nav2/share/ament_index
creating /home/jose/microros_ws/install/odin_nav2/share/ament_index/resource_index
creating /home/jose/microros_ws/install/odin_nav2/share/ament_index/resource_index/packages
copying resource/odin_nav2 -> /home/jose/microros_ws/install/odin_nav2/share/ament_index/resource_index/packages
copying package.xml -> /home/jose/microros_ws/install/odin_nav2/share/odin_nav2
running install_egg_info
Copying ../../build/odin_nav2/odin_nav2.egg-info to /home/jose/microros_ws/install/odin_nav2/lib/python3.10/site-packages/odin_nav2-0.0.0-py3.10.egg-info
running install_scripts
writing list of installed files to '/home/jose/microros_ws/build/odin_nav2/install.log'
