running egg_info
creating ../../build/odin_nav/odin_nav.egg-info
writing ../../build/odin_nav/odin_nav.egg-info/PKG-INFO
writing dependency_links to ../../build/odin_nav/odin_nav.egg-info/dependency_links.txt
writing entry points to ../../build/odin_nav/odin_nav.egg-info/entry_points.txt
writing requirements to ../../build/odin_nav/odin_nav.egg-info/requires.txt
writing top-level names to ../../build/odin_nav/odin_nav.egg-info/top_level.txt
writing manifest file '../../build/odin_nav/odin_nav.egg-info/SOURCES.txt'
reading manifest file '../../build/odin_nav/odin_nav.egg-info/SOURCES.txt'
writing manifest file '../../build/odin_nav/odin_nav.egg-info/SOURCES.txt'
running build
running build_py
creating /home/jose/microros_ws/build/odin_nav/build
creating /home/jose/microros_ws/build/odin_nav/build/lib
creating /home/jose/microros_ws/build/odin_nav/build/lib/odin_nav
copying odin_nav/__init__.py -> /home/jose/microros_ws/build/odin_nav/build/lib/odin_nav
running install
running install_lib
creating /home/jose/microros_ws/install/odin_nav/lib/python3.10/site-packages/odin_nav
copying /home/jose/microros_ws/build/odin_nav/build/lib/odin_nav/__init__.py -> /home/jose/microros_ws/install/odin_nav/lib/python3.10/site-packages/odin_nav
byte-compiling /home/jose/microros_ws/install/odin_nav/lib/python3.10/site-packages/odin_nav/__init__.py to __init__.cpython-310.pyc
running install_data
creating /home/jose/microros_ws/install/odin_nav/share/ament_index
creating /home/jose/microros_ws/install/odin_nav/share/ament_index/resource_index
creating /home/jose/microros_ws/install/odin_nav/share/ament_index/resource_index/packages
copying resource/odin_nav -> /home/jose/microros_ws/install/odin_nav/share/ament_index/resource_index/packages
copying package.xml -> /home/jose/microros_ws/install/odin_nav/share/odin_nav
running install_egg_info
Copying ../../build/odin_nav/odin_nav.egg-info to /home/jose/microros_ws/install/odin_nav/lib/python3.10/site-packages/odin_nav-0.0.0-py3.10.egg-info
running install_scripts
writing list of installed files to '/home/jose/microros_ws/build/odin_nav/install.log'
