[1.009s] Invoking command in '/home/jose/microros_ws/src/odin_nav': PYTHONPATH=/home/jose/microros_ws/build/odin_nav/prefix_override:/usr/lib/python3/dist-packages/colcon_core/task/python/colcon_distutils_commands:/home/jose/microros_ws/install/odin_nav/lib/python3.10/site-packages:${PYTHONPATH} /usr/bin/python3 -W ignore:setup.py install is deprecated setup.py egg_info --egg-base ../../build/odin_nav build --build-base /home/jose/microros_ws/build/odin_nav/build install --record /home/jose/microros_ws/build/odin_nav/install.log --single-version-externally-managed install_data
[1.181s] running egg_info
[1.181s] creating ../../build/odin_nav/odin_nav.egg-info
[1.181s] writing ../../build/odin_nav/odin_nav.egg-info/PKG-INFO
[1.182s] writing dependency_links to ../../build/odin_nav/odin_nav.egg-info/dependency_links.txt
[1.182s] writing entry points to ../../build/odin_nav/odin_nav.egg-info/entry_points.txt
[1.182s] writing requirements to ../../build/odin_nav/odin_nav.egg-info/requires.txt
[1.182s] writing top-level names to ../../build/odin_nav/odin_nav.egg-info/top_level.txt
[1.182s] writing manifest file '../../build/odin_nav/odin_nav.egg-info/SOURCES.txt'
[1.183s] reading manifest file '../../build/odin_nav/odin_nav.egg-info/SOURCES.txt'
[1.183s] writing manifest file '../../build/odin_nav/odin_nav.egg-info/SOURCES.txt'
[1.183s] running build
[1.183s] running build_py
[1.184s] creating /home/jose/microros_ws/build/odin_nav/build
[1.184s] creating /home/jose/microros_ws/build/odin_nav/build/lib
[1.184s] creating /home/jose/microros_ws/build/odin_nav/build/lib/odin_nav
[1.184s] copying odin_nav/__init__.py -> /home/jose/microros_ws/build/odin_nav/build/lib/odin_nav
[1.184s] running install
[1.184s] running install_lib
[1.185s] creating /home/jose/microros_ws/install/odin_nav/lib/python3.10/site-packages/odin_nav
[1.185s] copying /home/jose/microros_ws/build/odin_nav/build/lib/odin_nav/__init__.py -> /home/jose/microros_ws/install/odin_nav/lib/python3.10/site-packages/odin_nav
[1.185s] byte-compiling /home/jose/microros_ws/install/odin_nav/lib/python3.10/site-packages/odin_nav/__init__.py to __init__.cpython-310.pyc
[1.185s] running install_data
[1.185s] creating /home/jose/microros_ws/install/odin_nav/share/ament_index
[1.185s] creating /home/jose/microros_ws/install/odin_nav/share/ament_index/resource_index
[1.185s] creating /home/jose/microros_ws/install/odin_nav/share/ament_index/resource_index/packages
[1.186s] copying resource/odin_nav -> /home/jose/microros_ws/install/odin_nav/share/ament_index/resource_index/packages
[1.186s] copying package.xml -> /home/jose/microros_ws/install/odin_nav/share/odin_nav
[1.186s] running install_egg_info
[1.188s] Copying ../../build/odin_nav/odin_nav.egg-info to /home/jose/microros_ws/install/odin_nav/lib/python3.10/site-packages/odin_nav-0.0.0-py3.10.egg-info
[1.188s] running install_scripts
[1.203s] writing list of installed files to '/home/jose/microros_ws/build/odin_nav/install.log'
[1.226s] Invoked command in '/home/jose/microros_ws/src/odin_nav' returned '0': PYTHONPATH=/home/jose/microros_ws/build/odin_nav/prefix_override:/usr/lib/python3/dist-packages/colcon_core/task/python/colcon_distutils_commands:/home/jose/microros_ws/install/odin_nav/lib/python3.10/site-packages:${PYTHONPATH} /usr/bin/python3 -W ignore:setup.py install is deprecated setup.py egg_info --egg-base ../../build/odin_nav build --build-base /home/jose/microros_ws/build/odin_nav/build install --record /home/jose/microros_ws/build/odin_nav/install.log --single-version-externally-managed install_data
