[0.806s] Invoking command in '/home/jose/microros_ws/build/navigation_bot_06': CMAKE_PREFIX_PATH=${CMAKE_PREFIX_PATH}:/home/jose/microros_ws/install/odin_nav:/home/jose/microros_ws/install/odin_comms:/opt/ros/humble /usr/bin/cmake --build /home/jose/microros_ws/build/navigation_bot_06 -- -j16 -l16
[1.430s] Invoked command in '/home/jose/microros_ws/build/navigation_bot_06' returned '0': CMAKE_PREFIX_PATH=${CMAKE_PREFIX_PATH}:/home/jose/microros_ws/install/odin_nav:/home/jose/microros_ws/install/odin_comms:/opt/ros/humble /usr/bin/cmake --build /home/jose/microros_ws/build/navigation_bot_06 -- -j16 -l16
[1.702s] Invoking command in '/home/jose/microros_ws/build/navigation_bot_06': CMAKE_PREFIX_PATH=${CMAKE_PREFIX_PATH}:/home/jose/microros_ws/install/odin_nav:/home/jose/microros_ws/install/odin_comms:/opt/ros/humble /usr/bin/cmake --install /home/jose/microros_ws/build/navigation_bot_06
[1.709s] -- Install configuration: ""
[1.709s] -- Up-to-date: /home/jose/microros_ws/install/navigation_bot_06/share/navigation_bot_06/..
[1.710s] -- Up-to-date: /home/jose/microros_ws/install/navigation_bot_06/share/navigation_bot_06/../odin_nav
[1.710s] -- Up-to-date: /home/jose/microros_ws/install/navigation_bot_06/share/navigation_bot_06/../odin_nav/odin_nav
[1.710s] -- Up-to-date: /home/jose/microros_ws/install/navigation_bot_06/share/navigation_bot_06/../odin_nav/odin_nav/__init__.py
[1.710s] -- Up-to-date: /home/jose/microros_ws/install/navigation_bot_06/share/navigation_bot_06/../odin_nav/odin_nav/map_pub.py
[1.710s] -- Up-to-date: /home/jose/microros_ws/install/navigation_bot_06/share/navigation_bot_06/../odin_nav/setup.py
[1.710s] -- Installing: /home/jose/microros_ws/install/navigation_bot_06/share/navigation_bot_06/../odin_nav/config
[1.710s] -- Installing: /home/jose/microros_ws/install/navigation_bot_06/share/navigation_bot_06/../odin_nav/config/nav2_params.yaml
[1.710s] -- Installing: /home/jose/microros_ws/install/navigation_bot_06/share/navigation_bot_06/../odin_nav/config/ekf.yaml
[1.710s] -- Up-to-date: /home/jose/microros_ws/install/navigation_bot_06/share/navigation_bot_06/../odin_nav/rviz
[1.710s] -- Up-to-date: /home/jose/microros_ws/install/navigation_bot_06/share/navigation_bot_06/../odin_nav/rviz/urdf_config.rviz
[1.710s] -- Up-to-date: /home/jose/microros_ws/install/navigation_bot_06/share/navigation_bot_06/../odin_nav/test
[1.710s] -- Up-to-date: /home/jose/microros_ws/install/navigation_bot_06/share/navigation_bot_06/../odin_nav/test/test_flake8.py
[1.710s] -- Up-to-date: /home/jose/microros_ws/install/navigation_bot_06/share/navigation_bot_06/../odin_nav/test/test_pep257.py
[1.711s] -- Up-to-date: /home/jose/microros_ws/install/navigation_bot_06/share/navigation_bot_06/../odin_nav/test/test_copyright.py
[1.711s] -- Up-to-date: /home/jose/microros_ws/install/navigation_bot_06/share/navigation_bot_06/../odin_nav/share
[1.711s] -- Up-to-date: /home/jose/microros_ws/install/navigation_bot_06/share/navigation_bot_06/../odin_nav/setup.cfg
[1.711s] -- Up-to-date: /home/jose/microros_ws/install/navigation_bot_06/share/navigation_bot_06/../odin_nav/resource
[1.711s] -- Up-to-date: /home/jose/microros_ws/install/navigation_bot_06/share/navigation_bot_06/../odin_nav/resource/odin_nav
[1.711s] -- Up-to-date: /home/jose/microros_ws/install/navigation_bot_06/share/navigation_bot_06/../odin_nav/launch
[1.711s] -- Installing: /home/jose/microros_ws/install/navigation_bot_06/share/navigation_bot_06/../odin_nav/launch/display.launch.py
[1.711s] -- Up-to-date: /home/jose/microros_ws/install/navigation_bot_06/share/navigation_bot_06/../odin_nav/package.xml
[1.712s] -- Up-to-date: /home/jose/microros_ws/install/navigation_bot_06/share/navigation_bot_06/../uros
[1.712s] -- Up-to-date: /home/jose/microros_ws/install/navigation_bot_06/share/navigation_bot_06/../uros/micro-ROS-Agent
[1.712s] -- Up-to-date: /home/jose/microros_ws/install/navigation_bot_06/share/navigation_bot_06/../uros/micro-ROS-Agent/3rd-party-licenses.txt
[1.712s] -- Up-to-date: /home/jose/microros_ws/install/navigation_bot_06/share/navigation_bot_06/../uros/micro-ROS-Agent/.github
[1.712s] -- Up-to-date: /home/jose/microros_ws/install/navigation_bot_06/share/navigation_bot_06/../uros/micro-ROS-Agent/.github/ISSUE_TEMPLATE
[1.712s] -- Up-to-date: /home/jose/microros_ws/install/navigation_bot_06/share/navigation_bot_06/../uros/micro-ROS-Agent/.github/ISSUE_TEMPLATE/bug_report.md
[1.712s] -- Up-to-date: /home/jose/microros_ws/install/navigation_bot_06/share/navigation_bot_06/../uros/micro-ROS-Agent/.github/ISSUE_TEMPLATE/general-issue.md
[1.712s] -- Up-to-date: /home/jose/microros_ws/install/navigation_bot_06/share/navigation_bot_06/../uros/micro-ROS-Agent/.github/workflows
[1.712s] -- Up-to-date: /home/jose/microros_ws/install/navigation_bot_06/share/navigation_bot_06/../uros/micro-ROS-Agent/.github/workflows/ci.yml
[1.712s] -- Up-to-date: /home/jose/microros_ws/install/navigation_bot_06/share/navigation_bot_06/../uros/micro-ROS-Agent/NOTICE
[1.712s] -- Up-to-date: /home/jose/microros_ws/install/navigation_bot_06/share/navigation_bot_06/../uros/micro-ROS-Agent/snap
[1.712s] -- Up-to-date: /home/jose/microros_ws/install/navigation_bot_06/share/navigation_bot_06/../uros/micro-ROS-Agent/snap/snapcraft.yaml
[1.713s] -- Up-to-date: /home/jose/microros_ws/install/navigation_bot_06/share/navigation_bot_06/../uros/micro-ROS-Agent/snap/local
[1.713s] -- Up-to-date: /home/jose/microros_ws/install/navigation_bot_06/share/navigation_bot_06/../uros/micro-ROS-Agent/snap/local/fastdds_no_shared_memory.xml
[1.713s] -- Up-to-date: /home/jose/microros_ws/install/navigation_bot_06/share/navigation_bot_06/../uros/micro-ROS-Agent/snap/local/micro-ros-agent-daemon
[1.713s] -- Up-to-date: /home/jose/microros_ws/install/navigation_bot_06/share/navigation_bot_06/../uros/micro-ROS-Agent/snap/hooks
[1.713s] -- Up-to-date: /home/jose/microros_ws/install/navigation_bot_06/share/navigation_bot_06/../uros/micro-ROS-Agent/snap/hooks/configure
[1.713s] -- Up-to-date: /home/jose/microros_ws/install/navigation_bot_06/share/navigation_bot_06/../uros/micro-ROS-Agent/snap/hooks/install
[1.713s] -- Up-to-date: /home/jose/microros_ws/install/navigation_bot_06/share/navigation_bot_06/../uros/micro-ROS-Agent/.git
[1.714s] -- Up-to-date: /home/jose/microros_ws/install/navigation_bot_06/share/navigation_bot_06/../uros/micro-ROS-Agent/.git/description
[1.714s] -- Up-to-date: /home/jose/microros_ws/install/navigation_bot_06/share/navigation_bot_06/../uros/micro-ROS-Agent/.git/logs
[1.714s] -- Up-to-date: /home/jose/microros_ws/install/navigation_bot_06/share/navigation_bot_06/../uros/micro-ROS-Agent/.git/logs/refs
[1.714s] -- Up-to-date: /home/jose/microros_ws/install/navigation_bot_06/share/navigation_bot_06/../uros/micro-ROS-Agent/.git/logs/refs/heads
[1.714s] -- Up-to-date: /home/jose/microros_ws/install/navigation_bot_06/share/navigation_bot_06/../uros/micro-ROS-Agent/.git/logs/refs/heads/humble
[1.714s] -- Up-to-date: /home/jose/microros_ws/install/navigation_bot_06/share/navigation_bot_06/../uros/micro-ROS-Agent/.git/logs/refs/remotes
[1.714s] -- Up-to-date: /home/jose/microros_ws/install/navigation_bot_06/share/navigation_bot_06/../uros/micro-ROS-Agent/.git/logs/refs/remotes/origin
[1.714s] -- Up-to-date: /home/jose/microros_ws/install/navigation_bot_06/share/navigation_bot_06/../uros/micro-ROS-Agent/.git/logs/refs/remotes/origin/HEAD
[1.714s] -- Up-to-date: /home/jose/microros_ws/install/navigation_bot_06/share/navigation_bot_06/../uros/micro-ROS-Agent/.git/logs/HEAD
[1.714s] -- Up-to-date: /home/jose/microros_ws/install/navigation_bot_06/share/navigation_bot_06/../uros/micro-ROS-Agent/.git/config
[1.714s] -- Up-to-date: /home/jose/microros_ws/install/navigation_bot_06/share/navigation_bot_06/../uros/micro-ROS-Agent/.git/refs
[1.715s] -- Up-to-date: /home/jose/microros_ws/install/navigation_bot_06/share/navigation_bot_06/../uros/micro-ROS-Agent/.git/refs/tags
[1.715s] -- Up-to-date: /home/jose/microros_ws/install/navigation_bot_06/share/navigation_bot_06/../uros/micro-ROS-Agent/.git/refs/heads
[1.715s] -- Up-to-date: /home/jose/microros_ws/install/navigation_bot_06/share/navigation_bot_06/../uros/micro-ROS-Agent/.git/refs/heads/humble
[1.715s] -- Up-to-date: /home/jose/microros_ws/install/navigation_bot_06/share/navigation_bot_06/../uros/micro-ROS-Agent/.git/refs/remotes
[1.715s] -- Up-to-date: /home/jose/microros_ws/install/navigation_bot_06/share/navigation_bot_06/../uros/micro-ROS-Agent/.git/refs/remotes/origin
[1.715s] -- Up-to-date: /home/jose/microros_ws/install/navigation_bot_06/share/navigation_bot_06/../uros/micro-ROS-Agent/.git/refs/remotes/origin/HEAD
[1.715s] -- Up-to-date: /home/jose/microros_ws/install/navigation_bot_06/share/navigation_bot_06/../uros/micro-ROS-Agent/.git/branches
[1.715s] -- Up-to-date: /home/jose/microros_ws/install/navigation_bot_06/share/navigation_bot_06/../uros/micro-ROS-Agent/.git/objects
[1.716s] -- Up-to-date: /home/jose/microros_ws/install/navigation_bot_06/share/navigation_bot_06/../uros/micro-ROS-Agent/.git/objects/pack
[1.716s] -- Up-to-date: /home/jose/microros_ws/install/navigation_bot_06/share/navigation_bot_06/../uros/micro-ROS-Agent/.git/objects/pack/pack-ee8a8fa19d25baa759ae22fdeb7ad4e178df3e32.pack
[1.716s] -- Up-to-date: /home/jose/microros_ws/install/navigation_bot_06/share/navigation_bot_06/../uros/micro-ROS-Agent/.git/objects/pack/pack-ee8a8fa19d25baa759ae22fdeb7ad4e178df3e32.idx
[1.716s] -- Up-to-date: /home/jose/microros_ws/install/navigation_bot_06/share/navigation_bot_06/../uros/micro-ROS-Agent/.git/objects/info
[1.716s] -- Up-to-date: /home/jose/microros_ws/install/navigation_bot_06/share/navigation_bot_06/../uros/micro-ROS-Agent/.git/packed-refs
[1.716s] -- Up-to-date: /home/jose/microros_ws/install/navigation_bot_06/share/navigation_bot_06/../uros/micro-ROS-Agent/.git/info
[1.716s] -- Up-to-date: /home/jose/microros_ws/install/navigation_bot_06/share/navigation_bot_06/../uros/micro-ROS-Agent/.git/info/exclude
[1.716s] -- Up-to-date: /home/jose/microros_ws/install/navigation_bot_06/share/navigation_bot_06/../uros/micro-ROS-Agent/.git/hooks
[1.716s] -- Up-to-date: /home/jose/microros_ws/install/navigation_bot_06/share/navigation_bot_06/../uros/micro-ROS-Agent/.git/hooks/prepare-commit-msg.sample
[1.716s] -- Up-to-date: /home/jose/microros_ws/install/navigation_bot_06/share/navigation_bot_06/../uros/micro-ROS-Agent/.git/hooks/pre-push.sample
[1.716s] -- Up-to-date: /home/jose/microros_ws/install/navigation_bot_06/share/navigation_bot_06/../uros/micro-ROS-Agent/.git/hooks/pre-receive.sample
[1.716s] -- Up-to-date: /home/jose/microros_ws/install/navigation_bot_06/share/navigation_bot_06/../uros/micro-ROS-Agent/.git/hooks/pre-merge-commit.sample
[1.716s] -- Up-to-date: /home/jose/microros_ws/install/navigation_bot_06/share/navigation_bot_06/../uros/micro-ROS-Agent/.git/hooks/fsmonitor-watchman.sample
[1.717s] -- Up-to-date: /home/jose/microros_ws/install/navigation_bot_06/share/navigation_bot_06/../uros/micro-ROS-Agent/.git/hooks/applypatch-msg.sample
[1.717s] -- Up-to-date: /home/jose/microros_ws/install/navigation_bot_06/share/navigation_bot_06/../uros/micro-ROS-Agent/.git/hooks/pre-commit.sample
[1.717s] -- Up-to-date: /home/jose/microros_ws/install/navigation_bot_06/share/navigation_bot_06/../uros/micro-ROS-Agent/.git/hooks/update.sample
[1.717s] -- Up-to-date: /home/jose/microros_ws/install/navigation_bot_06/share/navigation_bot_06/../uros/micro-ROS-Agent/.git/hooks/commit-msg.sample
[1.717s] -- Up-to-date: /home/jose/microros_ws/install/navigation_bot_06/share/navigation_bot_06/../uros/micro-ROS-Agent/.git/hooks/push-to-checkout.sample
[1.717s] -- Up-to-date: /home/jose/microros_ws/install/navigation_bot_06/share/navigation_bot_06/../uros/micro-ROS-Agent/.git/hooks/pre-rebase.sample
[1.717s] -- Up-to-date: /home/jose/microros_ws/install/navigation_bot_06/share/navigation_bot_06/../uros/micro-ROS-Agent/.git/hooks/post-update.sample
[1.717s] -- Up-to-date: /home/jose/microros_ws/install/navigation_bot_06/share/navigation_bot_06/../uros/micro-ROS-Agent/.git/hooks/pre-applypatch.sample
[1.717s] -- Up-to-date: /home/jose/microros_ws/install/navigation_bot_06/share/navigation_bot_06/../uros/micro-ROS-Agent/.git/HEAD
[1.717s] -- Up-to-date: /home/jose/microros_ws/install/navigation_bot_06/share/navigation_bot_06/../uros/micro-ROS-Agent/.git/index
[1.718s] -- Up-to-date: /home/jose/microros_ws/install/navigation_bot_06/share/navigation_bot_06/../uros/micro-ROS-Agent/LICENSE
[1.718s] -- Up-to-date: /home/jose/microros_ws/install/navigation_bot_06/share/navigation_bot_06/../uros/micro-ROS-Agent/CONTRIBUTING.md
[1.718s] -- Up-to-date: /home/jose/microros_ws/install/navigation_bot_06/share/navigation_bot_06/../uros/micro-ROS-Agent/micro_ros_agent
[1.718s] -- Up-to-date: /home/jose/microros_ws/install/navigation_bot_06/share/navigation_bot_06/../uros/micro-ROS-Agent/micro_ros_agent/include
[1.718s] -- Up-to-date: /home/jose/microros_ws/install/navigation_bot_06/share/navigation_bot_06/../uros/micro-ROS-Agent/micro_ros_agent/include/agent
[1.719s] -- Up-to-date: /home/jose/microros_ws/install/navigation_bot_06/share/navigation_bot_06/../uros/micro-ROS-Agent/micro_ros_agent/include/agent/graph_manager
[1.719s] -- Up-to-date: /home/jose/microros_ws/install/navigation_bot_06/share/navigation_bot_06/../uros/micro-ROS-Agent/micro_ros_agent/include/agent/graph_manager/graph_typesupport.hpp
[1.719s] -- Up-to-date: /home/jose/microros_ws/install/navigation_bot_06/share/navigation_bot_06/../uros/micro-ROS-Agent/micro_ros_agent/include/agent/graph_manager/graph_manager.hpp
[1.719s] -- Up-to-date: /home/jose/microros_ws/install/navigation_bot_06/share/navigation_bot_06/../uros/micro-ROS-Agent/micro_ros_agent/include/agent/Agent.hpp
[1.719s] -- Up-to-date: /home/jose/microros_ws/install/navigation_bot_06/share/navigation_bot_06/../uros/micro-ROS-Agent/micro_ros_agent/include/agent/utils
[1.720s] -- Up-to-date: /home/jose/microros_ws/install/navigation_bot_06/share/navigation_bot_06/../uros/micro-ROS-Agent/micro_ros_agent/include/agent/utils/demangle.hpp
[1.720s] -- Up-to-date: /home/jose/microros_ws/install/navigation_bot_06/share/navigation_bot_06/../uros/micro-ROS-Agent/micro_ros_agent/cmake
[1.720s] -- Up-to-date: /home/jose/microros_ws/install/navigation_bot_06/share/navigation_bot_06/../uros/micro-ROS-Agent/micro_ros_agent/cmake/SuperBuild.cmake
[1.720s] -- Up-to-date: /home/jose/microros_ws/install/navigation_bot_06/share/navigation_bot_06/../uros/micro-ROS-Agent/micro_ros_agent/CMakeLists.txt
[1.720s] -- Up-to-date: /home/jose/microros_ws/install/navigation_bot_06/share/navigation_bot_06/../uros/micro-ROS-Agent/micro_ros_agent/bin
[1.720s] -- Up-to-date: /home/jose/microros_ws/install/navigation_bot_06/share/navigation_bot_06/../uros/micro-ROS-Agent/micro_ros_agent/bin/Xml_read_default_profiles.py
[1.720s] -- Up-to-date: /home/jose/microros_ws/install/navigation_bot_06/share/navigation_bot_06/../uros/micro-ROS-Agent/micro_ros_agent/bin/Xml_interface_gen.py
[1.720s] -- Up-to-date: /home/jose/microros_ws/install/navigation_bot_06/share/navigation_bot_06/../uros/micro-ROS-Agent/micro_ros_agent/resource
[1.721s] -- Up-to-date: /home/jose/microros_ws/install/navigation_bot_06/share/navigation_bot_06/../uros/micro-ROS-Agent/micro_ros_agent/resource/rclcpp.xml
[1.721s] -- Up-to-date: /home/jose/microros_ws/install/navigation_bot_06/share/navigation_bot_06/../uros/micro-ROS-Agent/micro_ros_agent/resource/StaticValues.xml
[1.721s] -- Up-to-date: /home/jose/microros_ws/install/navigation_bot_06/share/navigation_bot_06/../uros/micro-ROS-Agent/micro_ros_agent/utils
[1.721s] -- Up-to-date: /home/jose/microros_ws/install/navigation_bot_06/share/navigation_bot_06/../uros/micro-ROS-Agent/micro_ros_agent/utils/__init__.py
[1.721s] -- Up-to-date: /home/jose/microros_ws/install/navigation_bot_06/share/navigation_bot_06/../uros/micro-ROS-Agent/micro_ros_agent/README.md
[1.721s] -- Up-to-date: /home/jose/microros_ws/install/navigation_bot_06/share/navigation_bot_06/../uros/micro-ROS-Agent/micro_ros_agent/launch
[1.722s] -- Up-to-date: /home/jose/microros_ws/install/navigation_bot_06/share/navigation_bot_06/../uros/micro-ROS-Agent/micro_ros_agent/launch/micro_ros_agent_launch.py
[1.722s] -- Up-to-date: /home/jose/microros_ws/install/navigation_bot_06/share/navigation_bot_06/../uros/micro-ROS-Agent/micro_ros_agent/CHANGELOG.rst
[1.722s] -- Up-to-date: /home/jose/microros_ws/install/navigation_bot_06/share/navigation_bot_06/../uros/micro-ROS-Agent/micro_ros_agent/src
[1.722s] -- Up-to-date: /home/jose/microros_ws/install/navigation_bot_06/share/navigation_bot_06/../uros/micro-ROS-Agent/micro_ros_agent/src/agent
[1.722s] -- Up-to-date: /home/jose/microros_ws/install/navigation_bot_06/share/navigation_bot_06/../uros/micro-ROS-Agent/micro_ros_agent/src/agent/graph_manager
[1.722s] -- Up-to-date: /home/jose/microros_ws/install/navigation_bot_06/share/navigation_bot_06/../uros/micro-ROS-Agent/micro_ros_agent/src/agent/graph_manager/graph_typesupport.cpp
[1.723s] -- Up-to-date: /home/jose/microros_ws/install/navigation_bot_06/share/navigation_bot_06/../uros/micro-ROS-Agent/micro_ros_agent/src/agent/graph_manager/graph_manager.cpp
[1.723s] -- Up-to-date: /home/jose/microros_ws/install/navigation_bot_06/share/navigation_bot_06/../uros/micro-ROS-Agent/micro_ros_agent/src/agent/utils
[1.723s] -- Up-to-date: /home/jose/microros_ws/install/navigation_bot_06/share/navigation_bot_06/../uros/micro-ROS-Agent/micro_ros_agent/src/agent/utils/demangle.cpp
[1.723s] -- Up-to-date: /home/jose/microros_ws/install/navigation_bot_06/share/navigation_bot_06/../uros/micro-ROS-Agent/micro_ros_agent/src/agent/Agent.cpp
[1.723s] -- Up-to-date: /home/jose/microros_ws/install/navigation_bot_06/share/navigation_bot_06/../uros/micro-ROS-Agent/micro_ros_agent/src/main.cpp
[1.724s] -- Up-to-date: /home/jose/microros_ws/install/navigation_bot_06/share/navigation_bot_06/../uros/micro-ROS-Agent/micro_ros_agent/package.xml
[1.724s] -- Up-to-date: /home/jose/microros_ws/install/navigation_bot_06/share/navigation_bot_06/../uros/micro-ROS-Agent/README.md
[1.724s] -- Up-to-date: /home/jose/microros_ws/install/navigation_bot_06/share/navigation_bot_06/../uros/micro-ROS-Agent/.gitignore
[1.724s] -- Up-to-date: /home/jose/microros_ws/install/navigation_bot_06/share/navigation_bot_06/../uros/micro_ros_msgs
[1.724s] -- Up-to-date: /home/jose/microros_ws/install/navigation_bot_06/share/navigation_bot_06/../uros/micro_ros_msgs/.github
[1.724s] -- Up-to-date: /home/jose/microros_ws/install/navigation_bot_06/share/navigation_bot_06/../uros/micro_ros_msgs/.github/ISSUE_TEMPLATE
[1.724s] -- Up-to-date: /home/jose/microros_ws/install/navigation_bot_06/share/navigation_bot_06/../uros/micro_ros_msgs/.github/ISSUE_TEMPLATE/general-issue.md
[1.724s] -- Up-to-date: /home/jose/microros_ws/install/navigation_bot_06/share/navigation_bot_06/../uros/micro_ros_msgs/CMakeLists.txt
[1.725s] -- Up-to-date: /home/jose/microros_ws/install/navigation_bot_06/share/navigation_bot_06/../uros/micro_ros_msgs/.git
[1.725s] -- Up-to-date: /home/jose/microros_ws/install/navigation_bot_06/share/navigation_bot_06/../uros/micro_ros_msgs/.git/description
[1.725s] -- Up-to-date: /home/jose/microros_ws/install/navigation_bot_06/share/navigation_bot_06/../uros/micro_ros_msgs/.git/logs
[1.725s] -- Up-to-date: /home/jose/microros_ws/install/navigation_bot_06/share/navigation_bot_06/../uros/micro_ros_msgs/.git/logs/refs
[1.725s] -- Up-to-date: /home/jose/microros_ws/install/navigation_bot_06/share/navigation_bot_06/../uros/micro_ros_msgs/.git/logs/refs/heads
[1.725s] -- Up-to-date: /home/jose/microros_ws/install/navigation_bot_06/share/navigation_bot_06/../uros/micro_ros_msgs/.git/logs/refs/heads/humble
[1.725s] -- Up-to-date: /home/jose/microros_ws/install/navigation_bot_06/share/navigation_bot_06/../uros/micro_ros_msgs/.git/logs/refs/remotes
[1.725s] -- Up-to-date: /home/jose/microros_ws/install/navigation_bot_06/share/navigation_bot_06/../uros/micro_ros_msgs/.git/logs/refs/remotes/origin
[1.726s] -- Up-to-date: /home/jose/microros_ws/install/navigation_bot_06/share/navigation_bot_06/../uros/micro_ros_msgs/.git/logs/refs/remotes/origin/HEAD
[1.726s] -- Up-to-date: /home/jose/microros_ws/install/navigation_bot_06/share/navigation_bot_06/../uros/micro_ros_msgs/.git/logs/HEAD
[1.726s] -- Up-to-date: /home/jose/microros_ws/install/navigation_bot_06/share/navigation_bot_06/../uros/micro_ros_msgs/.git/config
[1.726s] -- Up-to-date: /home/jose/microros_ws/install/navigation_bot_06/share/navigation_bot_06/../uros/micro_ros_msgs/.git/refs
[1.726s] -- Up-to-date: /home/jose/microros_ws/install/navigation_bot_06/share/navigation_bot_06/../uros/micro_ros_msgs/.git/refs/tags
[1.726s] -- Up-to-date: /home/jose/microros_ws/install/navigation_bot_06/share/navigation_bot_06/../uros/micro_ros_msgs/.git/refs/heads
[1.726s] -- Up-to-date: /home/jose/microros_ws/install/navigation_bot_06/share/navigation_bot_06/../uros/micro_ros_msgs/.git/refs/heads/humble
[1.726s] -- Up-to-date: /home/jose/microros_ws/install/navigation_bot_06/share/navigation_bot_06/../uros/micro_ros_msgs/.git/refs/remotes
[1.726s] -- Up-to-date: /home/jose/microros_ws/install/navigation_bot_06/share/navigation_bot_06/../uros/micro_ros_msgs/.git/refs/remotes/origin
[1.727s] -- Up-to-date: /home/jose/microros_ws/install/navigation_bot_06/share/navigation_bot_06/../uros/micro_ros_msgs/.git/refs/remotes/origin/HEAD
[1.727s] -- Up-to-date: /home/jose/microros_ws/install/navigation_bot_06/share/navigation_bot_06/../uros/micro_ros_msgs/.git/branches
[1.727s] -- Up-to-date: /home/jose/microros_ws/install/navigation_bot_06/share/navigation_bot_06/../uros/micro_ros_msgs/.git/objects
[1.727s] -- Up-to-date: /home/jose/microros_ws/install/navigation_bot_06/share/navigation_bot_06/../uros/micro_ros_msgs/.git/objects/pack
[1.727s] -- Up-to-date: /home/jose/microros_ws/install/navigation_bot_06/share/navigation_bot_06/../uros/micro_ros_msgs/.git/objects/pack/pack-ea92f76aeb073444a767e7581e2fc4c9a0120dd1.pack
[1.727s] -- Up-to-date: /home/jose/microros_ws/install/navigation_bot_06/share/navigation_bot_06/../uros/micro_ros_msgs/.git/objects/pack/pack-ea92f76aeb073444a767e7581e2fc4c9a0120dd1.idx
[1.727s] -- Up-to-date: /home/jose/microros_ws/install/navigation_bot_06/share/navigation_bot_06/../uros/micro_ros_msgs/.git/objects/info
[1.727s] -- Up-to-date: /home/jose/microros_ws/install/navigation_bot_06/share/navigation_bot_06/../uros/micro_ros_msgs/.git/packed-refs
[1.727s] -- Up-to-date: /home/jose/microros_ws/install/navigation_bot_06/share/navigation_bot_06/../uros/micro_ros_msgs/.git/info
[1.728s] -- Up-to-date: /home/jose/microros_ws/install/navigation_bot_06/share/navigation_bot_06/../uros/micro_ros_msgs/.git/info/exclude
[1.728s] -- Up-to-date: /home/jose/microros_ws/install/navigation_bot_06/share/navigation_bot_06/../uros/micro_ros_msgs/.git/hooks
[1.728s] -- Up-to-date: /home/jose/microros_ws/install/navigation_bot_06/share/navigation_bot_06/../uros/micro_ros_msgs/.git/hooks/prepare-commit-msg.sample
[1.728s] -- Up-to-date: /home/jose/microros_ws/install/navigation_bot_06/share/navigation_bot_06/../uros/micro_ros_msgs/.git/hooks/pre-push.sample
[1.729s] -- Up-to-date: /home/jose/microros_ws/install/navigation_bot_06/share/navigation_bot_06/../uros/micro_ros_msgs/.git/hooks/pre-receive.sample
[1.729s] -- Up-to-date: /home/jose/microros_ws/install/navigation_bot_06/share/navigation_bot_06/../uros/micro_ros_msgs/.git/hooks/pre-merge-commit.sample
[1.729s] -- Up-to-date: /home/jose/microros_ws/install/navigation_bot_06/share/navigation_bot_06/../uros/micro_ros_msgs/.git/hooks/fsmonitor-watchman.sample
[1.729s] -- Up-to-date: /home/jose/microros_ws/install/navigation_bot_06/share/navigation_bot_06/../uros/micro_ros_msgs/.git/hooks/applypatch-msg.sample
[1.729s] -- Up-to-date: /home/jose/microros_ws/install/navigation_bot_06/share/navigation_bot_06/../uros/micro_ros_msgs/.git/hooks/pre-commit.sample
[1.729s] -- Up-to-date: /home/jose/microros_ws/install/navigation_bot_06/share/navigation_bot_06/../uros/micro_ros_msgs/.git/hooks/update.sample
[1.729s] -- Up-to-date: /home/jose/microros_ws/install/navigation_bot_06/share/navigation_bot_06/../uros/micro_ros_msgs/.git/hooks/commit-msg.sample
[1.729s] -- Up-to-date: /home/jose/microros_ws/install/navigation_bot_06/share/navigation_bot_06/../uros/micro_ros_msgs/.git/hooks/push-to-checkout.sample
[1.729s] -- Up-to-date: /home/jose/microros_ws/install/navigation_bot_06/share/navigation_bot_06/../uros/micro_ros_msgs/.git/hooks/pre-rebase.sample
[1.730s] -- Up-to-date: /home/jose/microros_ws/install/navigation_bot_06/share/navigation_bot_06/../uros/micro_ros_msgs/.git/hooks/post-update.sample
[1.730s] -- Up-to-date: /home/jose/microros_ws/install/navigation_bot_06/share/navigation_bot_06/../uros/micro_ros_msgs/.git/hooks/pre-applypatch.sample
[1.730s] -- Up-to-date: /home/jose/microros_ws/install/navigation_bot_06/share/navigation_bot_06/../uros/micro_ros_msgs/.git/HEAD
[1.730s] -- Up-to-date: /home/jose/microros_ws/install/navigation_bot_06/share/navigation_bot_06/../uros/micro_ros_msgs/.git/index
[1.730s] -- Up-to-date: /home/jose/microros_ws/install/navigation_bot_06/share/navigation_bot_06/../uros/micro_ros_msgs/LICENSE
[1.731s] -- Up-to-date: /home/jose/microros_ws/install/navigation_bot_06/share/navigation_bot_06/../uros/micro_ros_msgs/CONTRIBUTING.md
[1.731s] -- Up-to-date: /home/jose/microros_ws/install/navigation_bot_06/share/navigation_bot_06/../uros/micro_ros_msgs/msg
[1.731s] -- Up-to-date: /home/jose/microros_ws/install/navigation_bot_06/share/navigation_bot_06/../uros/micro_ros_msgs/msg/Graph.msg
[1.731s] -- Up-to-date: /home/jose/microros_ws/install/navigation_bot_06/share/navigation_bot_06/../uros/micro_ros_msgs/msg/Entity.msg
[1.731s] -- Up-to-date: /home/jose/microros_ws/install/navigation_bot_06/share/navigation_bot_06/../uros/micro_ros_msgs/msg/Node.msg
[1.731s] -- Up-to-date: /home/jose/microros_ws/install/navigation_bot_06/share/navigation_bot_06/../uros/micro_ros_msgs/README.md
[1.731s] -- Up-to-date: /home/jose/microros_ws/install/navigation_bot_06/share/navigation_bot_06/../uros/micro_ros_msgs/CHANGELOG.rst
[1.731s] -- Up-to-date: /home/jose/microros_ws/install/navigation_bot_06/share/navigation_bot_06/../uros/micro_ros_msgs/.gitignore
[1.731s] -- Up-to-date: /home/jose/microros_ws/install/navigation_bot_06/share/navigation_bot_06/../uros/micro_ros_msgs/package.xml
[1.732s] -- Up-to-date: /home/jose/microros_ws/install/navigation_bot_06/share/navigation_bot_06/../description
[1.732s] -- Up-to-date: /home/jose/microros_ws/install/navigation_bot_06/share/navigation_bot_06/../description/odin_description.urdf
[1.732s] -- Up-to-date: /home/jose/microros_ws/install/navigation_bot_06/share/navigation_bot_06/../maps
[1.732s] -- Up-to-date: /home/jose/microros_ws/install/navigation_bot_06/share/navigation_bot_06/../maps/maze_01_binary.png
[1.732s] -- Up-to-date: /home/jose/microros_ws/install/navigation_bot_06/share/navigation_bot_06/../maps/maze_01.png
[1.732s] -- Up-to-date: /home/jose/microros_ws/install/navigation_bot_06/share/navigation_bot_06/../maps/maze_01_binary.yaml
[1.732s] -- Up-to-date: /home/jose/microros_ws/install/navigation_bot_06/share/navigation_bot_06/../maps/maze_01_binary.pgm
[1.732s] -- Up-to-date: /home/jose/microros_ws/install/navigation_bot_06/share/navigation_bot_06/../odin_comms
[1.732s] -- Up-to-date: /home/jose/microros_ws/install/navigation_bot_06/share/navigation_bot_06/../odin_comms/setup.py
[1.733s] -- Up-to-date: /home/jose/microros_ws/install/navigation_bot_06/share/navigation_bot_06/../odin_comms/odin_comms
[1.733s] -- Up-to-date: /home/jose/microros_ws/install/navigation_bot_06/share/navigation_bot_06/../odin_comms/odin_comms/data_subscriber.py
[1.733s] -- Up-to-date: /home/jose/microros_ws/install/navigation_bot_06/share/navigation_bot_06/../odin_comms/odin_comms/control_motor1.py
[1.733s] -- Up-to-date: /home/jose/microros_ws/install/navigation_bot_06/share/navigation_bot_06/../odin_comms/odin_comms/control_motor2.py
[1.733s] -- Up-to-date: /home/jose/microros_ws/install/navigation_bot_06/share/navigation_bot_06/../odin_comms/odin_comms/__init__.py
[1.733s] -- Up-to-date: /home/jose/microros_ws/install/navigation_bot_06/share/navigation_bot_06/../odin_comms/odin_comms/control_PID.py
[1.733s] -- Up-to-date: /home/jose/microros_ws/install/navigation_bot_06/share/navigation_bot_06/../odin_comms/odin_comms/control_twist.py
[1.733s] -- Up-to-date: /home/jose/microros_ws/install/navigation_bot_06/share/navigation_bot_06/../odin_comms/test
[1.734s] -- Up-to-date: /home/jose/microros_ws/install/navigation_bot_06/share/navigation_bot_06/../odin_comms/test/test_flake8.py
[1.734s] -- Up-to-date: /home/jose/microros_ws/install/navigation_bot_06/share/navigation_bot_06/../odin_comms/test/test_pep257.py
[1.734s] -- Up-to-date: /home/jose/microros_ws/install/navigation_bot_06/share/navigation_bot_06/../odin_comms/test/test_copyright.py
[1.734s] -- Up-to-date: /home/jose/microros_ws/install/navigation_bot_06/share/navigation_bot_06/../odin_comms/setup.cfg
[1.734s] -- Up-to-date: /home/jose/microros_ws/install/navigation_bot_06/share/navigation_bot_06/../odin_comms/resource
[1.734s] -- Up-to-date: /home/jose/microros_ws/install/navigation_bot_06/share/navigation_bot_06/../odin_comms/resource/odin_comms
[1.734s] -- Up-to-date: /home/jose/microros_ws/install/navigation_bot_06/share/navigation_bot_06/../odin_comms/package.xml
[1.734s] -- Up-to-date: /home/jose/microros_ws/install/navigation_bot_06/share/navigation_bot_06/../navigation_bot_06
[1.734s] -- Up-to-date: /home/jose/microros_ws/install/navigation_bot_06/share/navigation_bot_06/../navigation_bot_06/description
[1.734s] -- Up-to-date: /home/jose/microros_ws/install/navigation_bot_06/share/navigation_bot_06/../navigation_bot_06/description/colors.xacro
[1.734s] -- Up-to-date: /home/jose/microros_ws/install/navigation_bot_06/share/navigation_bot_06/../navigation_bot_06/description/robot_core.xacro
[1.734s] -- Up-to-date: /home/jose/microros_ws/install/navigation_bot_06/share/navigation_bot_06/../navigation_bot_06/description/robot.urdf.xacro
[1.734s] -- Up-to-date: /home/jose/microros_ws/install/navigation_bot_06/share/navigation_bot_06/../navigation_bot_06/description/gazebo_control.xacro
[1.735s] -- Up-to-date: /home/jose/microros_ws/install/navigation_bot_06/share/navigation_bot_06/../navigation_bot_06/description/camera.xacro
[1.735s] -- Up-to-date: /home/jose/microros_ws/install/navigation_bot_06/share/navigation_bot_06/../navigation_bot_06/description/lidar.xacro
[1.735s] -- Up-to-date: /home/jose/microros_ws/install/navigation_bot_06/share/navigation_bot_06/../navigation_bot_06/description/inertial_macros.xacro
[1.735s] -- Up-to-date: /home/jose/microros_ws/install/navigation_bot_06/share/navigation_bot_06/../navigation_bot_06/description/depth_camera.xacro
[1.735s] -- Up-to-date: /home/jose/microros_ws/install/navigation_bot_06/share/navigation_bot_06/../navigation_bot_06/description/imu_sensor.xacro
[1.735s] -- Up-to-date: /home/jose/microros_ws/install/navigation_bot_06/share/navigation_bot_06/../navigation_bot_06/config
[1.735s] -- Up-to-date: /home/jose/microros_ws/install/navigation_bot_06/share/navigation_bot_06/../navigation_bot_06/config/nav2_params.yaml
[1.735s] -- Up-to-date: /home/jose/microros_ws/install/navigation_bot_06/share/navigation_bot_06/../navigation_bot_06/config/ekf.yaml
[1.735s] -- Up-to-date: /home/jose/microros_ws/install/navigation_bot_06/share/navigation_bot_06/../navigation_bot_06/rviz
[1.735s] -- Up-to-date: /home/jose/microros_ws/install/navigation_bot_06/share/navigation_bot_06/../navigation_bot_06/rviz/robot.rviz
[1.735s] -- Up-to-date: /home/jose/microros_ws/install/navigation_bot_06/share/navigation_bot_06/../navigation_bot_06/rviz/robot_old.rviz
[1.735s] -- Up-to-date: /home/jose/microros_ws/install/navigation_bot_06/share/navigation_bot_06/../navigation_bot_06/rviz/robot_new.rviz
[1.735s] -- Up-to-date: /home/jose/microros_ws/install/navigation_bot_06/share/navigation_bot_06/../navigation_bot_06/CMakeLists.txt
[1.735s] -- Up-to-date: /home/jose/microros_ws/install/navigation_bot_06/share/navigation_bot_06/../navigation_bot_06/scripts
[1.735s] -- Up-to-date: /home/jose/microros_ws/install/navigation_bot_06/share/navigation_bot_06/../navigation_bot_06/scripts/waypoint_follower.py
[1.736s] -- Up-to-date: /home/jose/microros_ws/install/navigation_bot_06/share/navigation_bot_06/../navigation_bot_06/scripts/set_entity_state_request.txt
[1.736s] -- Up-to-date: /home/jose/microros_ws/install/navigation_bot_06/share/navigation_bot_06/../navigation_bot_06/scripts/robot_navigator.py
[1.736s] -- Up-to-date: /home/jose/microros_ws/install/navigation_bot_06/share/navigation_bot_06/../navigation_bot_06/scripts/__pycache__
[1.736s] -- Up-to-date: /home/jose/microros_ws/install/navigation_bot_06/share/navigation_bot_06/../navigation_bot_06/scripts/__pycache__/robot_navigator.cpython-38.pyc
[1.736s] -- Up-to-date: /home/jose/microros_ws/install/navigation_bot_06/share/navigation_bot_06/../navigation_bot_06/launch
[1.736s] -- Up-to-date: /home/jose/microros_ws/install/navigation_bot_06/share/navigation_bot_06/../navigation_bot_06/launch/main_simulation_launch.py
[1.736s] -- Up-to-date: /home/jose/microros_ws/install/navigation_bot_06/share/navigation_bot_06/../navigation_bot_06/launch/globals.py
[1.736s] -- Up-to-date: /home/jose/microros_ws/install/navigation_bot_06/share/navigation_bot_06/../navigation_bot_06/launch/spawn_launch.py
[1.736s] -- Up-to-date: /home/jose/microros_ws/install/navigation_bot_06/share/navigation_bot_06/../navigation_bot_06/launch/slam_launch.py
[1.736s] -- Up-to-date: /home/jose/microros_ws/install/navigation_bot_06/share/navigation_bot_06/../navigation_bot_06/launch/bringup_launch.py
[1.736s] -- Up-to-date: /home/jose/microros_ws/install/navigation_bot_06/share/navigation_bot_06/../navigation_bot_06/launch/multi_tb3_simulation_launch.py
[1.736s] -- Up-to-date: /home/jose/microros_ws/install/navigation_bot_06/share/navigation_bot_06/../navigation_bot_06/launch/localization_launch.py
[1.736s] -- Up-to-date: /home/jose/microros_ws/install/navigation_bot_06/share/navigation_bot_06/../navigation_bot_06/launch/navigation_launch.py
[1.737s] -- Up-to-date: /home/jose/microros_ws/install/navigation_bot_06/share/navigation_bot_06/../navigation_bot_06/launch/rviz_launch.py
[1.737s] -- Up-to-date: /home/jose/microros_ws/install/navigation_bot_06/share/navigation_bot_06/../navigation_bot_06/launch/__pycache__
[1.737s] -- Up-to-date: /home/jose/microros_ws/install/navigation_bot_06/share/navigation_bot_06/../navigation_bot_06/launch/__pycache__/globals.cpython-38.pyc
[1.737s] -- Installing: /home/jose/microros_ws/install/navigation_bot_06/share/navigation_bot_06/../navigation_bot_06/launch/__pycache__/globals.cpython-310.pyc
[1.737s] -- Up-to-date: /home/jose/microros_ws/install/navigation_bot_06/share/navigation_bot_06/../navigation_bot_06/package.xml
[1.737s] -- Up-to-date: /home/jose/microros_ws/install/navigation_bot_06/share/navigation_bot_06/../utils
[1.737s] -- Up-to-date: /home/jose/microros_ws/install/navigation_bot_06/share/navigation_bot_06/../utils/convert_png_to_binary.py
[1.737s] -- Up-to-date: /home/jose/microros_ws/install/navigation_bot_06/share/navigation_bot_06/../utils/convert_png_to_map.py
[1.737s] -- Up-to-date: /home/jose/microros_ws/install/navigation_bot_06/share/navigation_bot_06/../micro_ros_setup
[1.737s] -- Up-to-date: /home/jose/microros_ws/install/navigation_bot_06/share/navigation_bot_06/../micro_ros_setup/3rd-party-licenses.txt
[1.738s] -- Up-to-date: /home/jose/microros_ws/install/navigation_bot_06/share/navigation_bot_06/../micro_ros_setup/.github
[1.738s] -- Up-to-date: /home/jose/microros_ws/install/navigation_bot_06/share/navigation_bot_06/../micro_ros_setup/.github/ISSUE_TEMPLATE
[1.738s] -- Up-to-date: /home/jose/microros_ws/install/navigation_bot_06/share/navigation_bot_06/../micro_ros_setup/.github/ISSUE_TEMPLATE/general-issue.md
[1.738s] -- Up-to-date: /home/jose/microros_ws/install/navigation_bot_06/share/navigation_bot_06/../micro_ros_setup/.github/workflows
[1.738s] -- Up-to-date: /home/jose/microros_ws/install/navigation_bot_06/share/navigation_bot_06/../micro_ros_setup/.github/workflows/ci.yml
[1.738s] -- Up-to-date: /home/jose/microros_ws/install/navigation_bot_06/share/navigation_bot_06/../micro_ros_setup/.github/workflows/pr.yml
[1.738s] -- Up-to-date: /home/jose/microros_ws/install/navigation_bot_06/share/navigation_bot_06/../micro_ros_setup/.github/workflows/nightly.yml
[1.738s] -- Up-to-date: /home/jose/microros_ws/install/navigation_bot_06/share/navigation_bot_06/../micro_ros_setup/.github/CODEOWNERS
[1.738s] -- Up-to-date: /home/jose/microros_ws/install/navigation_bot_06/share/navigation_bot_06/../micro_ros_setup/NOTICE
[1.738s] -- Up-to-date: /home/jose/microros_ws/install/navigation_bot_06/share/navigation_bot_06/../micro_ros_setup/config
[1.738s] -- Up-to-date: /home/jose/microros_ws/install/navigation_bot_06/share/navigation_bot_06/../micro_ros_setup/config/utils.sh
[1.738s] -- Up-to-date: /home/jose/microros_ws/install/navigation_bot_06/share/navigation_bot_06/../micro_ros_setup/config/client_ros2_packages.txt
[1.738s] -- Up-to-date: /home/jose/microros_ws/install/navigation_bot_06/share/navigation_bot_06/../micro_ros_setup/config/raspbian
[1.738s] -- Up-to-date: /home/jose/microros_ws/install/navigation_bot_06/share/navigation_bot_06/../micro_ros_setup/config/raspbian/dev_uros_packages.repos
[1.739s] -- Up-to-date: /home/jose/microros_ws/install/navigation_bot_06/share/navigation_bot_06/../micro_ros_setup/config/raspbian/dev_ros2_packages.txt
[1.739s] -- Up-to-date: /home/jose/microros_ws/install/navigation_bot_06/share/navigation_bot_06/../micro_ros_setup/config/raspbian/generic
[1.739s] -- Up-to-date: /home/jose/microros_ws/install/navigation_bot_06/share/navigation_bot_06/../micro_ros_setup/config/raspbian/generic/client_uros_packages.repos
[1.739s] -- Up-to-date: /home/jose/microros_ws/install/navigation_bot_06/share/navigation_bot_06/../micro_ros_setup/config/raspbian/generic/supported_platforms
[1.739s] -- Up-to-date: /home/jose/microros_ws/install/navigation_bot_06/share/navigation_bot_06/../micro_ros_setup/config/raspbian/generic/flash.sh
[1.739s] -- Up-to-date: /home/jose/microros_ws/install/navigation_bot_06/share/navigation_bot_06/../micro_ros_setup/config/raspbian/generic/create.sh
[1.739s] -- Up-to-date: /home/jose/microros_ws/install/navigation_bot_06/share/navigation_bot_06/../micro_ros_setup/config/raspbian/generic/client-colcon.meta
[1.739s] -- Up-to-date: /home/jose/microros_ws/install/navigation_bot_06/share/navigation_bot_06/../micro_ros_setup/config/raspbian/generic/build.sh
[1.739s] -- Up-to-date: /home/jose/microros_ws/install/navigation_bot_06/share/navigation_bot_06/../micro_ros_setup/config/raspbian/generic/configure.sh
[1.739s] -- Up-to-date: /home/jose/microros_ws/install/navigation_bot_06/share/navigation_bot_06/../micro_ros_setup/config/agent_uros_packages.repos
[1.739s] -- Up-to-date: /home/jose/microros_ws/install/navigation_bot_06/share/navigation_bot_06/../micro_ros_setup/config/client_uros_packages.repos
[1.739s] -- Up-to-date: /home/jose/microros_ws/install/navigation_bot_06/share/navigation_bot_06/../micro_ros_setup/config/android
[1.739s] -- Up-to-date: /home/jose/microros_ws/install/navigation_bot_06/share/navigation_bot_06/../micro_ros_setup/config/android/dev_uros_packages.repos
[1.740s] -- Up-to-date: /home/jose/microros_ws/install/navigation_bot_06/share/navigation_bot_06/../micro_ros_setup/config/android/dev_ros2_packages.txt
[1.740s] -- Up-to-date: /home/jose/microros_ws/install/navigation_bot_06/share/navigation_bot_06/../micro_ros_setup/config/android/generic
[1.740s] -- Up-to-date: /home/jose/microros_ws/install/navigation_bot_06/share/navigation_bot_06/../micro_ros_setup/config/android/generic/client_uros_packages.repos
[1.740s] -- Up-to-date: /home/jose/microros_ws/install/navigation_bot_06/share/navigation_bot_06/../micro_ros_setup/config/android/generic/flash.sh
[1.740s] -- Up-to-date: /home/jose/microros_ws/install/navigation_bot_06/share/navigation_bot_06/../micro_ros_setup/config/android/generic/create.sh
[1.741s] -- Up-to-date: /home/jose/microros_ws/install/navigation_bot_06/share/navigation_bot_06/../micro_ros_setup/config/android/generic/client-colcon.meta
[1.741s] -- Up-to-date: /home/jose/microros_ws/install/navigation_bot_06/share/navigation_bot_06/../micro_ros_setup/config/android/generic/build.sh
[1.741s] -- Up-to-date: /home/jose/microros_ws/install/navigation_bot_06/share/navigation_bot_06/../micro_ros_setup/config/android/generic/package.xml
[1.741s] -- Up-to-date: /home/jose/microros_ws/install/navigation_bot_06/share/navigation_bot_06/../micro_ros_setup/config/zephyr
[1.741s] -- Up-to-date: /home/jose/microros_ws/install/navigation_bot_06/share/navigation_bot_06/../micro_ros_setup/config/zephyr/dev_uros_packages.repos
[1.741s] -- Up-to-date: /home/jose/microros_ws/install/navigation_bot_06/share/navigation_bot_06/../micro_ros_setup/config/zephyr/list_apps.sh
[1.741s] -- Up-to-date: /home/jose/microros_ws/install/navigation_bot_06/share/navigation_bot_06/../micro_ros_setup/config/zephyr/dev_ros2_packages.txt
[1.741s] -- Up-to-date: /home/jose/microros_ws/install/navigation_bot_06/share/navigation_bot_06/../micro_ros_setup/config/zephyr/generic
[1.741s] -- Up-to-date: /home/jose/microros_ws/install/navigation_bot_06/share/navigation_bot_06/../micro_ros_setup/config/zephyr/generic/board.repos
[1.741s] -- Up-to-date: /home/jose/microros_ws/install/navigation_bot_06/share/navigation_bot_06/../micro_ros_setup/config/zephyr/generic/client_uros_packages.repos
[1.741s] -- Up-to-date: /home/jose/microros_ws/install/navigation_bot_06/share/navigation_bot_06/../micro_ros_setup/config/zephyr/generic/supported_platforms
[1.741s] -- Up-to-date: /home/jose/microros_ws/install/navigation_bot_06/share/navigation_bot_06/../micro_ros_setup/config/zephyr/generic/flash.sh
[1.741s] -- Up-to-date: /home/jose/microros_ws/install/navigation_bot_06/share/navigation_bot_06/../micro_ros_setup/config/zephyr/generic/create.sh
[1.742s] -- Up-to-date: /home/jose/microros_ws/install/navigation_bot_06/share/navigation_bot_06/../micro_ros_setup/config/zephyr/generic/client-colcon.meta
[1.742s] -- Up-to-date: /home/jose/microros_ws/install/navigation_bot_06/share/navigation_bot_06/../micro_ros_setup/config/zephyr/generic/build.sh
[1.742s] -- Up-to-date: /home/jose/microros_ws/install/navigation_bot_06/share/navigation_bot_06/../micro_ros_setup/config/zephyr/generic/package.xml
[1.742s] -- Up-to-date: /home/jose/microros_ws/install/navigation_bot_06/share/navigation_bot_06/../micro_ros_setup/config/zephyr/generic/configure.sh
[1.742s] -- Up-to-date: /home/jose/microros_ws/install/navigation_bot_06/share/navigation_bot_06/../micro_ros_setup/config/freertos
[1.742s] -- Up-to-date: /home/jose/microros_ws/install/navigation_bot_06/share/navigation_bot_06/../micro_ros_setup/config/freertos/nucleo_f446ze
[1.742s] -- Up-to-date: /home/jose/microros_ws/install/navigation_bot_06/share/navigation_bot_06/../micro_ros_setup/config/freertos/nucleo_f446ze/board.repos
[1.742s] -- Up-to-date: /home/jose/microros_ws/install/navigation_bot_06/share/navigation_bot_06/../micro_ros_setup/config/freertos/nucleo_f446ze/client_uros_packages.repos
[1.742s] -- Up-to-date: /home/jose/microros_ws/install/navigation_bot_06/share/navigation_bot_06/../micro_ros_setup/config/freertos/nucleo_f446ze/flash.sh
[1.742s] -- Up-to-date: /home/jose/microros_ws/install/navigation_bot_06/share/navigation_bot_06/../micro_ros_setup/config/freertos/nucleo_f446ze/create.sh
[1.743s] -- Up-to-date: /home/jose/microros_ws/install/navigation_bot_06/share/navigation_bot_06/../micro_ros_setup/config/freertos/nucleo_f446ze/client-colcon.meta
[1.743s] -- Up-to-date: /home/jose/microros_ws/install/navigation_bot_06/share/navigation_bot_06/../micro_ros_setup/config/freertos/nucleo_f446ze/build.sh
[1.743s] -- Up-to-date: /home/jose/microros_ws/install/navigation_bot_06/share/navigation_bot_06/../micro_ros_setup/config/freertos/nucleo_f446ze/package.xml
[1.743s] -- Up-to-date: /home/jose/microros_ws/install/navigation_bot_06/share/navigation_bot_06/../micro_ros_setup/config/freertos/nucleo_f446ze/configure.sh
[1.743s] -- Up-to-date: /home/jose/microros_ws/install/navigation_bot_06/share/navigation_bot_06/../micro_ros_setup/config/freertos/crazyflie21
[1.744s] -- Up-to-date: /home/jose/microros_ws/install/navigation_bot_06/share/navigation_bot_06/../micro_ros_setup/config/freertos/crazyflie21/board.repos
[1.744s] -- Up-to-date: /home/jose/microros_ws/install/navigation_bot_06/share/navigation_bot_06/../micro_ros_setup/config/freertos/crazyflie21/client_uros_packages.repos
[1.744s] -- Up-to-date: /home/jose/microros_ws/install/navigation_bot_06/share/navigation_bot_06/../micro_ros_setup/config/freertos/crazyflie21/flash.sh
[1.744s] -- Up-to-date: /home/jose/microros_ws/install/navigation_bot_06/share/navigation_bot_06/../micro_ros_setup/config/freertos/crazyflie21/create.sh
[1.744s] -- Up-to-date: /home/jose/microros_ws/install/navigation_bot_06/share/navigation_bot_06/../micro_ros_setup/config/freertos/crazyflie21/client-colcon.meta
[1.744s] -- Up-to-date: /home/jose/microros_ws/install/navigation_bot_06/share/navigation_bot_06/../micro_ros_setup/config/freertos/crazyflie21/build.sh
[1.744s] -- Up-to-date: /home/jose/microros_ws/install/navigation_bot_06/share/navigation_bot_06/../micro_ros_setup/config/freertos/crazyflie21/package.xml
[1.744s] -- Up-to-date: /home/jose/microros_ws/install/navigation_bot_06/share/navigation_bot_06/../micro_ros_setup/config/freertos/crazyflie21/configure.sh
[1.744s] -- Up-to-date: /home/jose/microros_ws/install/navigation_bot_06/share/navigation_bot_06/../micro_ros_setup/config/freertos/dev_uros_packages.repos
[1.744s] -- Up-to-date: /home/jose/microros_ws/install/navigation_bot_06/share/navigation_bot_06/../micro_ros_setup/config/freertos/nucleo_f746zg
[1.744s] -- Up-to-date: /home/jose/microros_ws/install/navigation_bot_06/share/navigation_bot_06/../micro_ros_setup/config/freertos/nucleo_f746zg/board.repos
[1.744s] -- Up-to-date: /home/jose/microros_ws/install/navigation_bot_06/share/navigation_bot_06/../micro_ros_setup/config/freertos/nucleo_f746zg/client_uros_packages.repos
[1.745s] -- Up-to-date: /home/jose/microros_ws/install/navigation_bot_06/share/navigation_bot_06/../micro_ros_setup/config/freertos/nucleo_f746zg/flash.sh
[1.745s] -- Up-to-date: /home/jose/microros_ws/install/navigation_bot_06/share/navigation_bot_06/../micro_ros_setup/config/freertos/nucleo_f746zg/create.sh
[1.745s] -- Up-to-date: /home/jose/microros_ws/install/navigation_bot_06/share/navigation_bot_06/../micro_ros_setup/config/freertos/nucleo_f746zg/client-colcon.meta
[1.745s] -- Up-to-date: /home/jose/microros_ws/install/navigation_bot_06/share/navigation_bot_06/../micro_ros_setup/config/freertos/nucleo_f746zg/build.sh
[1.745s] -- Up-to-date: /home/jose/microros_ws/install/navigation_bot_06/share/navigation_bot_06/../micro_ros_setup/config/freertos/nucleo_f746zg/package.xml
[1.745s] -- Up-to-date: /home/jose/microros_ws/install/navigation_bot_06/share/navigation_bot_06/../micro_ros_setup/config/freertos/nucleo_f746zg/configure.sh
[1.745s] -- Up-to-date: /home/jose/microros_ws/install/navigation_bot_06/share/navigation_bot_06/../micro_ros_setup/config/freertos/list_apps.sh
[1.745s] -- Up-to-date: /home/jose/microros_ws/install/navigation_bot_06/share/navigation_bot_06/../micro_ros_setup/config/freertos/olimex-stm32-e407
[1.745s] -- Up-to-date: /home/jose/microros_ws/install/navigation_bot_06/share/navigation_bot_06/../micro_ros_setup/config/freertos/olimex-stm32-e407/board.repos
[1.745s] -- Up-to-date: /home/jose/microros_ws/install/navigation_bot_06/share/navigation_bot_06/../micro_ros_setup/config/freertos/olimex-stm32-e407/client_uros_packages.repos
[1.745s] -- Up-to-date: /home/jose/microros_ws/install/navigation_bot_06/share/navigation_bot_06/../micro_ros_setup/config/freertos/olimex-stm32-e407/flash.sh
[1.745s] -- Up-to-date: /home/jose/microros_ws/install/navigation_bot_06/share/navigation_bot_06/../micro_ros_setup/config/freertos/olimex-stm32-e407/create.sh
[1.745s] -- Up-to-date: /home/jose/microros_ws/install/navigation_bot_06/share/navigation_bot_06/../micro_ros_setup/config/freertos/olimex-stm32-e407/client-colcon.meta
[1.745s] -- Up-to-date: /home/jose/microros_ws/install/navigation_bot_06/share/navigation_bot_06/../micro_ros_setup/config/freertos/olimex-stm32-e407/build.sh
[1.745s] -- Up-to-date: /home/jose/microros_ws/install/navigation_bot_06/share/navigation_bot_06/../micro_ros_setup/config/freertos/olimex-stm32-e407/package.xml
[1.745s] -- Up-to-date: /home/jose/microros_ws/install/navigation_bot_06/share/navigation_bot_06/../micro_ros_setup/config/freertos/olimex-stm32-e407/configure.sh
[1.746s] -- Up-to-date: /home/jose/microros_ws/install/navigation_bot_06/share/navigation_bot_06/../micro_ros_setup/config/freertos/nucleo_f446re
[1.746s] -- Up-to-date: /home/jose/microros_ws/install/navigation_bot_06/share/navigation_bot_06/../micro_ros_setup/config/freertos/nucleo_f446re/board.repos
[1.746s] -- Up-to-date: /home/jose/microros_ws/install/navigation_bot_06/share/navigation_bot_06/../micro_ros_setup/config/freertos/nucleo_f446re/client_uros_packages.repos
[1.746s] -- Up-to-date: /home/jose/microros_ws/install/navigation_bot_06/share/navigation_bot_06/../micro_ros_setup/config/freertos/nucleo_f446re/flash.sh
[1.746s] -- Up-to-date: /home/jose/microros_ws/install/navigation_bot_06/share/navigation_bot_06/../micro_ros_setup/config/freertos/nucleo_f446re/create.sh
[1.746s] -- Up-to-date: /home/jose/microros_ws/install/navigation_bot_06/share/navigation_bot_06/../micro_ros_setup/config/freertos/nucleo_f446re/client-colcon.meta
[1.746s] -- Up-to-date: /home/jose/microros_ws/install/navigation_bot_06/share/navigation_bot_06/../micro_ros_setup/config/freertos/nucleo_f446re/build.sh
[1.746s] -- Up-to-date: /home/jose/microros_ws/install/navigation_bot_06/share/navigation_bot_06/../micro_ros_setup/config/freertos/nucleo_f446re/package.xml
[1.746s] -- Up-to-date: /home/jose/microros_ws/install/navigation_bot_06/share/navigation_bot_06/../micro_ros_setup/config/freertos/nucleo_f446re/configure.sh
[1.746s] -- Up-to-date: /home/jose/microros_ws/install/navigation_bot_06/share/navigation_bot_06/../micro_ros_setup/config/freertos/dev_ros2_packages.txt
[1.746s] -- Up-to-date: /home/jose/microros_ws/install/navigation_bot_06/share/navigation_bot_06/../micro_ros_setup/config/freertos/esp32
[1.746s] -- Up-to-date: /home/jose/microros_ws/install/navigation_bot_06/share/navigation_bot_06/../micro_ros_setup/config/freertos/esp32/board.repos
[1.747s] -- Up-to-date: /home/jose/microros_ws/install/navigation_bot_06/share/navigation_bot_06/../micro_ros_setup/config/freertos/esp32/client_uros_packages.repos
[1.747s] -- Up-to-date: /home/jose/microros_ws/install/navigation_bot_06/share/navigation_bot_06/../micro_ros_setup/config/freertos/esp32/flash.sh
[1.747s] -- Up-to-date: /home/jose/microros_ws/install/navigation_bot_06/share/navigation_bot_06/../micro_ros_setup/config/freertos/esp32/create.sh
[1.747s] -- Up-to-date: /home/jose/microros_ws/install/navigation_bot_06/share/navigation_bot_06/../micro_ros_setup/config/freertos/esp32/README.md
[1.747s] -- Up-to-date: /home/jose/microros_ws/install/navigation_bot_06/share/navigation_bot_06/../micro_ros_setup/config/freertos/esp32/client-colcon.meta
[1.747s] -- Up-to-date: /home/jose/microros_ws/install/navigation_bot_06/share/navigation_bot_06/../micro_ros_setup/config/freertos/esp32/build.sh
[1.747s] -- Up-to-date: /home/jose/microros_ws/install/navigation_bot_06/share/navigation_bot_06/../micro_ros_setup/config/freertos/esp32/package.xml
[1.747s] -- Up-to-date: /home/jose/microros_ws/install/navigation_bot_06/share/navigation_bot_06/../micro_ros_setup/config/freertos/esp32/configure.sh
[1.747s] -- Up-to-date: /home/jose/microros_ws/install/navigation_bot_06/share/navigation_bot_06/../micro_ros_setup/config/freertos/nucleo_f767zi
[1.747s] -- Up-to-date: /home/jose/microros_ws/install/navigation_bot_06/share/navigation_bot_06/../micro_ros_setup/config/freertos/nucleo_f767zi/board.repos
[1.747s] -- Up-to-date: /home/jose/microros_ws/install/navigation_bot_06/share/navigation_bot_06/../micro_ros_setup/config/freertos/nucleo_f767zi/client_uros_packages.repos
[1.747s] -- Up-to-date: /home/jose/microros_ws/install/navigation_bot_06/share/navigation_bot_06/../micro_ros_setup/config/freertos/nucleo_f767zi/flash.sh
[1.747s] -- Up-to-date: /home/jose/microros_ws/install/navigation_bot_06/share/navigation_bot_06/../micro_ros_setup/config/freertos/nucleo_f767zi/create.sh
[1.747s] -- Up-to-date: /home/jose/microros_ws/install/navigation_bot_06/share/navigation_bot_06/../micro_ros_setup/config/freertos/nucleo_f767zi/client-colcon.meta
[1.747s] -- Up-to-date: /home/jose/microros_ws/install/navigation_bot_06/share/navigation_bot_06/../micro_ros_setup/config/freertos/nucleo_f767zi/build.sh
[1.747s] -- Up-to-date: /home/jose/microros_ws/install/navigation_bot_06/share/navigation_bot_06/../micro_ros_setup/config/freertos/nucleo_f767zi/package.xml
[1.748s] -- Up-to-date: /home/jose/microros_ws/install/navigation_bot_06/share/navigation_bot_06/../micro_ros_setup/config/freertos/nucleo_f767zi/configure.sh
[1.748s] -- Up-to-date: /home/jose/microros_ws/install/navigation_bot_06/share/navigation_bot_06/../micro_ros_setup/config/mbed
[1.748s] -- Up-to-date: /home/jose/microros_ws/install/navigation_bot_06/share/navigation_bot_06/../micro_ros_setup/config/mbed/dev_uros_packages.repos
[1.748s] -- Up-to-date: /home/jose/microros_ws/install/navigation_bot_06/share/navigation_bot_06/../micro_ros_setup/config/mbed/list_apps.sh
[1.748s] -- Up-to-date: /home/jose/microros_ws/install/navigation_bot_06/share/navigation_bot_06/../micro_ros_setup/config/mbed/dev_ros2_packages.txt
[1.748s] -- Up-to-date: /home/jose/microros_ws/install/navigation_bot_06/share/navigation_bot_06/../micro_ros_setup/config/mbed/generic
[1.748s] -- Up-to-date: /home/jose/microros_ws/install/navigation_bot_06/share/navigation_bot_06/../micro_ros_setup/config/mbed/generic/board.repos
[1.748s] -- Up-to-date: /home/jose/microros_ws/install/navigation_bot_06/share/navigation_bot_06/../micro_ros_setup/config/mbed/generic/client_uros_packages.repos
[1.748s] -- Up-to-date: /home/jose/microros_ws/install/navigation_bot_06/share/navigation_bot_06/../micro_ros_setup/config/mbed/generic/supported_platforms
[1.748s] -- Up-to-date: /home/jose/microros_ws/install/navigation_bot_06/share/navigation_bot_06/../micro_ros_setup/config/mbed/generic/flash.sh
[1.748s] -- Up-to-date: /home/jose/microros_ws/install/navigation_bot_06/share/navigation_bot_06/../micro_ros_setup/config/mbed/generic/create.sh
[1.748s] -- Up-to-date: /home/jose/microros_ws/install/navigation_bot_06/share/navigation_bot_06/../micro_ros_setup/config/mbed/generic/build.sh
[1.748s] -- Up-to-date: /home/jose/microros_ws/install/navigation_bot_06/share/navigation_bot_06/../micro_ros_setup/config/mbed/generic/package.xml
[1.749s] -- Up-to-date: /home/jose/microros_ws/install/navigation_bot_06/share/navigation_bot_06/../micro_ros_setup/config/generate_lib
[1.749s] -- Up-to-date: /home/jose/microros_ws/install/navigation_bot_06/share/navigation_bot_06/../micro_ros_setup/config/generate_lib/dev_uros_packages.repos
[1.749s] -- Up-to-date: /home/jose/microros_ws/install/navigation_bot_06/share/navigation_bot_06/../micro_ros_setup/config/generate_lib/dev_ros2_packages.txt
[1.749s] -- Up-to-date: /home/jose/microros_ws/install/navigation_bot_06/share/navigation_bot_06/../micro_ros_setup/config/generate_lib/generic
[1.749s] -- Up-to-date: /home/jose/microros_ws/install/navigation_bot_06/share/navigation_bot_06/../micro_ros_setup/config/generate_lib/generic/client_uros_packages.repos
[1.749s] -- Up-to-date: /home/jose/microros_ws/install/navigation_bot_06/share/navigation_bot_06/../micro_ros_setup/config/generate_lib/generic/demo_toolchain.cmake
[1.749s] -- Up-to-date: /home/jose/microros_ws/install/navigation_bot_06/share/navigation_bot_06/../micro_ros_setup/config/generate_lib/generic/flash.sh
[1.749s] -- Up-to-date: /home/jose/microros_ws/install/navigation_bot_06/share/navigation_bot_06/../micro_ros_setup/config/generate_lib/generic/create.sh
[1.749s] -- Up-to-date: /home/jose/microros_ws/install/navigation_bot_06/share/navigation_bot_06/../micro_ros_setup/config/generate_lib/generic/client-colcon.meta
[1.749s] -- Up-to-date: /home/jose/microros_ws/install/navigation_bot_06/share/navigation_bot_06/../micro_ros_setup/config/generate_lib/generic/build.sh
[1.749s] -- Up-to-date: /home/jose/microros_ws/install/navigation_bot_06/share/navigation_bot_06/../micro_ros_setup/config/generate_lib/generic/package.xml
[1.749s] -- Up-to-date: /home/jose/microros_ws/install/navigation_bot_06/share/navigation_bot_06/../micro_ros_setup/config/host
[1.749s] -- Up-to-date: /home/jose/microros_ws/install/navigation_bot_06/share/navigation_bot_06/../micro_ros_setup/config/host/dev_uros_packages.repos
[1.749s] -- Up-to-date: /home/jose/microros_ws/install/navigation_bot_06/share/navigation_bot_06/../micro_ros_setup/config/host/client_ros2_packages.txt
[1.750s] -- Up-to-date: /home/jose/microros_ws/install/navigation_bot_06/share/navigation_bot_06/../micro_ros_setup/config/host/dev_ros2_packages.txt
[1.750s] -- Up-to-date: /home/jose/microros_ws/install/navigation_bot_06/share/navigation_bot_06/../micro_ros_setup/config/host/generic
[1.750s] -- Up-to-date: /home/jose/microros_ws/install/navigation_bot_06/share/navigation_bot_06/../micro_ros_setup/config/host/generic/client_host_packages.repos
[1.750s] -- Up-to-date: /home/jose/microros_ws/install/navigation_bot_06/share/navigation_bot_06/../micro_ros_setup/config/host/generic/client-host-colcon.meta
[1.750s] -- Up-to-date: /home/jose/microros_ws/install/navigation_bot_06/share/navigation_bot_06/../micro_ros_setup/config/host/generic/flash.sh
[1.750s] -- Up-to-date: /home/jose/microros_ws/install/navigation_bot_06/share/navigation_bot_06/../micro_ros_setup/config/host/generic/create.sh
[1.750s] -- Up-to-date: /home/jose/microros_ws/install/navigation_bot_06/share/navigation_bot_06/../micro_ros_setup/config/host/generic/build.sh
[1.750s] -- Up-to-date: /home/jose/microros_ws/install/navigation_bot_06/share/navigation_bot_06/../micro_ros_setup/config/host/generic/package.xml
[1.750s] -- Up-to-date: /home/jose/microros_ws/install/navigation_bot_06/share/navigation_bot_06/../micro_ros_setup/config/renesas_ra
[1.750s] -- Up-to-date: /home/jose/microros_ws/install/navigation_bot_06/share/navigation_bot_06/../micro_ros_setup/config/renesas_ra/dev_uros_packages.repos
[1.750s] -- Up-to-date: /home/jose/microros_ws/install/navigation_bot_06/share/navigation_bot_06/../micro_ros_setup/config/renesas_ra/list_apps.sh
[1.750s] -- Up-to-date: /home/jose/microros_ws/install/navigation_bot_06/share/navigation_bot_06/../micro_ros_setup/config/renesas_ra/ra6m5
[1.750s] -- Up-to-date: /home/jose/microros_ws/install/navigation_bot_06/share/navigation_bot_06/../micro_ros_setup/config/renesas_ra/ra6m5/board.repos
[1.751s] -- Up-to-date: /home/jose/microros_ws/install/navigation_bot_06/share/navigation_bot_06/../micro_ros_setup/config/renesas_ra/ra6m5/client_uros_packages.repos
[1.751s] -- Up-to-date: /home/jose/microros_ws/install/navigation_bot_06/share/navigation_bot_06/../micro_ros_setup/config/renesas_ra/ra6m5/flash.sh
[1.751s] -- Up-to-date: /home/jose/microros_ws/install/navigation_bot_06/share/navigation_bot_06/../micro_ros_setup/config/renesas_ra/ra6m5/create.sh
[1.751s] -- Up-to-date: /home/jose/microros_ws/install/navigation_bot_06/share/navigation_bot_06/../micro_ros_setup/config/renesas_ra/ra6m5/client-colcon.meta
[1.751s] -- Up-to-date: /home/jose/microros_ws/install/navigation_bot_06/share/navigation_bot_06/../micro_ros_setup/config/renesas_ra/ra6m5/build.sh
[1.751s] -- Up-to-date: /home/jose/microros_ws/install/navigation_bot_06/share/navigation_bot_06/../micro_ros_setup/config/renesas_ra/ra6m5/configure.sh
[1.751s] -- Up-to-date: /home/jose/microros_ws/install/navigation_bot_06/share/navigation_bot_06/../micro_ros_setup/config/renesas_ra/dev_ros2_packages.txt
[1.751s] -- Up-to-date: /home/jose/microros_ws/install/navigation_bot_06/share/navigation_bot_06/../micro_ros_setup/config/agent_ros2_packages.txt
[1.751s] -- Up-to-date: /home/jose/microros_ws/install/navigation_bot_06/share/navigation_bot_06/../micro_ros_setup/CMakeLists.txt
[1.751s] -- Up-to-date: /home/jose/microros_ws/install/navigation_bot_06/share/navigation_bot_06/../micro_ros_setup/scripts
[1.751s] -- Up-to-date: /home/jose/microros_ws/install/navigation_bot_06/share/navigation_bot_06/../micro_ros_setup/scripts/component
[1.751s] -- Up-to-date: /home/jose/microros_ws/install/navigation_bot_06/share/navigation_bot_06/../micro_ros_setup/scripts/flash_firmware.sh
[1.751s] -- Up-to-date: /home/jose/microros_ws/install/navigation_bot_06/share/navigation_bot_06/../micro_ros_setup/scripts/create_agent_ws.sh
[1.751s] -- Up-to-date: /home/jose/microros_ws/install/navigation_bot_06/share/navigation_bot_06/../micro_ros_setup/scripts/clean_env.sh
[1.751s] -- Up-to-date: /home/jose/microros_ws/install/navigation_bot_06/share/navigation_bot_06/../micro_ros_setup/scripts/create_ws.sh
[1.752s] -- Up-to-date: /home/jose/microros_ws/install/navigation_bot_06/share/navigation_bot_06/../micro_ros_setup/scripts/create_firmware_ws.sh
[1.752s] -- Up-to-date: /home/jose/microros_ws/install/navigation_bot_06/share/navigation_bot_06/../micro_ros_setup/scripts/configure_firmware.sh
[1.752s] -- Up-to-date: /home/jose/microros_ws/install/navigation_bot_06/share/navigation_bot_06/../micro_ros_setup/scripts/build_firmware.sh
[1.752s] -- Up-to-date: /home/jose/microros_ws/install/navigation_bot_06/share/navigation_bot_06/../micro_ros_setup/scripts/yaml_filter.py
[1.752s] -- Up-to-date: /home/jose/microros_ws/install/navigation_bot_06/share/navigation_bot_06/../micro_ros_setup/scripts/build_agent.sh
[1.752s] -- Up-to-date: /home/jose/microros_ws/install/navigation_bot_06/share/navigation_bot_06/../micro_ros_setup/.git
[1.752s] -- Up-to-date: /home/jose/microros_ws/install/navigation_bot_06/share/navigation_bot_06/../micro_ros_setup/.git/description
[1.752s] -- Up-to-date: /home/jose/microros_ws/install/navigation_bot_06/share/navigation_bot_06/../micro_ros_setup/.git/logs
[1.753s] -- Up-to-date: /home/jose/microros_ws/install/navigation_bot_06/share/navigation_bot_06/../micro_ros_setup/.git/logs/refs
[1.753s] -- Up-to-date: /home/jose/microros_ws/install/navigation_bot_06/share/navigation_bot_06/../micro_ros_setup/.git/logs/refs/heads
[1.753s] -- Up-to-date: /home/jose/microros_ws/install/navigation_bot_06/share/navigation_bot_06/../micro_ros_setup/.git/logs/refs/heads/humble
[1.753s] -- Up-to-date: /home/jose/microros_ws/install/navigation_bot_06/share/navigation_bot_06/../micro_ros_setup/.git/logs/refs/remotes
[1.753s] -- Up-to-date: /home/jose/microros_ws/install/navigation_bot_06/share/navigation_bot_06/../micro_ros_setup/.git/logs/refs/remotes/origin
[1.753s] -- Up-to-date: /home/jose/microros_ws/install/navigation_bot_06/share/navigation_bot_06/../micro_ros_setup/.git/logs/refs/remotes/origin/HEAD
[1.753s] -- Up-to-date: /home/jose/microros_ws/install/navigation_bot_06/share/navigation_bot_06/../micro_ros_setup/.git/logs/HEAD
[1.753s] -- Up-to-date: /home/jose/microros_ws/install/navigation_bot_06/share/navigation_bot_06/../micro_ros_setup/.git/config
[1.753s] -- Up-to-date: /home/jose/microros_ws/install/navigation_bot_06/share/navigation_bot_06/../micro_ros_setup/.git/refs
[1.753s] -- Up-to-date: /home/jose/microros_ws/install/navigation_bot_06/share/navigation_bot_06/../micro_ros_setup/.git/refs/tags
[1.753s] -- Up-to-date: /home/jose/microros_ws/install/navigation_bot_06/share/navigation_bot_06/../micro_ros_setup/.git/refs/heads
[1.753s] -- Up-to-date: /home/jose/microros_ws/install/navigation_bot_06/share/navigation_bot_06/../micro_ros_setup/.git/refs/heads/humble
[1.753s] -- Up-to-date: /home/jose/microros_ws/install/navigation_bot_06/share/navigation_bot_06/../micro_ros_setup/.git/refs/remotes
[1.753s] -- Up-to-date: /home/jose/microros_ws/install/navigation_bot_06/share/navigation_bot_06/../micro_ros_setup/.git/refs/remotes/origin
[1.753s] -- Up-to-date: /home/jose/microros_ws/install/navigation_bot_06/share/navigation_bot_06/../micro_ros_setup/.git/refs/remotes/origin/HEAD
[1.753s] -- Up-to-date: /home/jose/microros_ws/install/navigation_bot_06/share/navigation_bot_06/../micro_ros_setup/.git/branches
[1.753s] -- Up-to-date: /home/jose/microros_ws/install/navigation_bot_06/share/navigation_bot_06/../micro_ros_setup/.git/objects
[1.753s] -- Up-to-date: /home/jose/microros_ws/install/navigation_bot_06/share/navigation_bot_06/../micro_ros_setup/.git/objects/pack
[1.753s] -- Up-to-date: /home/jose/microros_ws/install/navigation_bot_06/share/navigation_bot_06/../micro_ros_setup/.git/objects/pack/pack-70177c6f9e165dca3b55c3b466526cf025d6aab4.pack
[1.754s] -- Up-to-date: /home/jose/microros_ws/install/navigation_bot_06/share/navigation_bot_06/../micro_ros_setup/.git/objects/pack/pack-70177c6f9e165dca3b55c3b466526cf025d6aab4.idx
[1.754s] -- Up-to-date: /home/jose/microros_ws/install/navigation_bot_06/share/navigation_bot_06/../micro_ros_setup/.git/objects/info
[1.754s] -- Up-to-date: /home/jose/microros_ws/install/navigation_bot_06/share/navigation_bot_06/../micro_ros_setup/.git/packed-refs
[1.754s] -- Up-to-date: /home/jose/microros_ws/install/navigation_bot_06/share/navigation_bot_06/../micro_ros_setup/.git/info
[1.754s] -- Up-to-date: /home/jose/microros_ws/install/navigation_bot_06/share/navigation_bot_06/../micro_ros_setup/.git/info/exclude
[1.754s] -- Up-to-date: /home/jose/microros_ws/install/navigation_bot_06/share/navigation_bot_06/../micro_ros_setup/.git/hooks
[1.754s] -- Up-to-date: /home/jose/microros_ws/install/navigation_bot_06/share/navigation_bot_06/../micro_ros_setup/.git/hooks/prepare-commit-msg.sample
[1.754s] -- Up-to-date: /home/jose/microros_ws/install/navigation_bot_06/share/navigation_bot_06/../micro_ros_setup/.git/hooks/pre-push.sample
[1.754s] -- Up-to-date: /home/jose/microros_ws/install/navigation_bot_06/share/navigation_bot_06/../micro_ros_setup/.git/hooks/pre-receive.sample
[1.754s] -- Up-to-date: /home/jose/microros_ws/install/navigation_bot_06/share/navigation_bot_06/../micro_ros_setup/.git/hooks/pre-merge-commit.sample
[1.754s] -- Up-to-date: /home/jose/microros_ws/install/navigation_bot_06/share/navigation_bot_06/../micro_ros_setup/.git/hooks/fsmonitor-watchman.sample
[1.754s] -- Up-to-date: /home/jose/microros_ws/install/navigation_bot_06/share/navigation_bot_06/../micro_ros_setup/.git/hooks/applypatch-msg.sample
[1.754s] -- Up-to-date: /home/jose/microros_ws/install/navigation_bot_06/share/navigation_bot_06/../micro_ros_setup/.git/hooks/pre-commit.sample
[1.754s] -- Up-to-date: /home/jose/microros_ws/install/navigation_bot_06/share/navigation_bot_06/../micro_ros_setup/.git/hooks/update.sample
[1.755s] -- Up-to-date: /home/jose/microros_ws/install/navigation_bot_06/share/navigation_bot_06/../micro_ros_setup/.git/hooks/commit-msg.sample
[1.755s] -- Up-to-date: /home/jose/microros_ws/install/navigation_bot_06/share/navigation_bot_06/../micro_ros_setup/.git/hooks/push-to-checkout.sample
[1.755s] -- Up-to-date: /home/jose/microros_ws/install/navigation_bot_06/share/navigation_bot_06/../micro_ros_setup/.git/hooks/pre-rebase.sample
[1.755s] -- Up-to-date: /home/jose/microros_ws/install/navigation_bot_06/share/navigation_bot_06/../micro_ros_setup/.git/hooks/post-update.sample
[1.755s] -- Up-to-date: /home/jose/microros_ws/install/navigation_bot_06/share/navigation_bot_06/../micro_ros_setup/.git/hooks/pre-applypatch.sample
[1.755s] -- Up-to-date: /home/jose/microros_ws/install/navigation_bot_06/share/navigation_bot_06/../micro_ros_setup/.git/HEAD
[1.755s] -- Up-to-date: /home/jose/microros_ws/install/navigation_bot_06/share/navigation_bot_06/../micro_ros_setup/.git/index
[1.755s] -- Up-to-date: /home/jose/microros_ws/install/navigation_bot_06/share/navigation_bot_06/../micro_ros_setup/.images
[1.755s] -- Up-to-date: /home/jose/microros_ws/install/navigation_bot_06/share/navigation_bot_06/../micro_ros_setup/.images/microros_logo.png
[1.755s] -- Up-to-date: /home/jose/microros_ws/install/navigation_bot_06/share/navigation_bot_06/../micro_ros_setup/LICENSE
[1.755s] -- Up-to-date: /home/jose/microros_ws/install/navigation_bot_06/share/navigation_bot_06/../micro_ros_setup/CONTRIBUTING.md
[1.755s] -- Up-to-date: /home/jose/microros_ws/install/navigation_bot_06/share/navigation_bot_06/../micro_ros_setup/README.md
[1.755s] -- Up-to-date: /home/jose/microros_ws/install/navigation_bot_06/share/navigation_bot_06/../micro_ros_setup/CHANGELOG.rst
[1.756s] -- Up-to-date: /home/jose/microros_ws/install/navigation_bot_06/share/navigation_bot_06/../micro_ros_setup/.gitignore
[1.756s] -- Up-to-date: /home/jose/microros_ws/install/navigation_bot_06/share/navigation_bot_06/../micro_ros_setup/package.xml
[1.756s] -- Up-to-date: /home/jose/microros_ws/install/navigation_bot_06/share/navigation_bot_06/../ros2.repos
[1.756s] -- Up-to-date: /home/jose/microros_ws/install/navigation_bot_06/share/navigation_bot_06/../worlds
[1.756s] -- Up-to-date: /home/jose/microros_ws/install/navigation_bot_06/share/navigation_bot_06/../worlds/maze_with_charger_and_obstacle.sdf
[1.756s] -- Up-to-date: /home/jose/microros_ws/install/navigation_bot_06/share/navigation_bot_06/../worlds/perfect_world.sdf
[1.756s] -- Up-to-date: /home/jose/microros_ws/install/navigation_bot_06/share/navigation_bot_06/../worlds/slip.sdf
[1.756s] -- Up-to-date: /home/jose/microros_ws/install/navigation_bot_06/share/navigation_bot_06/../worlds/gripper_bench.sdf
[1.756s] -- Up-to-date: /home/jose/microros_ws/install/navigation_bot_06/share/navigation_bot_06/../worlds/empty.world
[1.756s] -- Up-to-date: /home/jose/microros_ws/install/navigation_bot_06/share/navigation_bot_06/../worlds/maze.sdf
[1.756s] -- Up-to-date: /home/jose/microros_ws/install/navigation_bot_06/share/navigation_bot_06/../worlds/world_01.sdf
[1.756s] -- Up-to-date: /home/jose/microros_ws/install/navigation_bot_06/share/navigation_bot_06/../worlds/world_25d_05.sdf
[1.756s] -- Up-to-date: /home/jose/microros_ws/install/navigation_bot_06/share/navigation_bot_06/../worlds/shapes.sdf
[1.756s] -- Up-to-date: /home/jose/microros_ws/install/navigation_bot_06/share/navigation_bot_06/../worlds/empty.sdf
[1.756s] -- Up-to-date: /home/jose/microros_ws/install/navigation_bot_06/share/navigation_bot_06/../worlds/world_25d.sdf
[1.757s] -- Up-to-date: /home/jose/microros_ws/install/navigation_bot_06/share/navigation_bot_06/../worlds/maze_with_charger.sdf
[1.757s] -- Up-to-date: /home/jose/microros_ws/install/navigation_bot_06/share/navigation_bot_06/launch
[1.757s] -- Up-to-date: /home/jose/microros_ws/install/navigation_bot_06/share/navigation_bot_06/launch/main_simulation_launch.py
[1.757s] -- Up-to-date: /home/jose/microros_ws/install/navigation_bot_06/share/navigation_bot_06/launch/globals.py
[1.757s] -- Up-to-date: /home/jose/microros_ws/install/navigation_bot_06/share/navigation_bot_06/launch/spawn_launch.py
[1.757s] -- Up-to-date: /home/jose/microros_ws/install/navigation_bot_06/share/navigation_bot_06/launch/slam_launch.py
[1.757s] -- Up-to-date: /home/jose/microros_ws/install/navigation_bot_06/share/navigation_bot_06/launch/bringup_launch.py
[1.757s] -- Up-to-date: /home/jose/microros_ws/install/navigation_bot_06/share/navigation_bot_06/launch/multi_tb3_simulation_launch.py
[1.757s] -- Up-to-date: /home/jose/microros_ws/install/navigation_bot_06/share/navigation_bot_06/launch/localization_launch.py
[1.757s] -- Up-to-date: /home/jose/microros_ws/install/navigation_bot_06/share/navigation_bot_06/launch/navigation_launch.py
[1.757s] -- Up-to-date: /home/jose/microros_ws/install/navigation_bot_06/share/navigation_bot_06/launch/rviz_launch.py
[1.757s] -- Up-to-date: /home/jose/microros_ws/install/navigation_bot_06/share/navigation_bot_06/launch/__pycache__
[1.757s] -- Up-to-date: /home/jose/microros_ws/install/navigation_bot_06/share/navigation_bot_06/launch/__pycache__/globals.cpython-38.pyc
[1.757s] -- Up-to-date: /home/jose/microros_ws/install/navigation_bot_06/share/navigation_bot_06/launch/__pycache__/globals.cpython-310.pyc
[1.757s] -- Up-to-date: /home/jose/microros_ws/install/navigation_bot_06/share/navigation_bot_06/rviz
[1.758s] -- Up-to-date: /home/jose/microros_ws/install/navigation_bot_06/share/navigation_bot_06/rviz/robot.rviz
[1.758s] -- Up-to-date: /home/jose/microros_ws/install/navigation_bot_06/share/navigation_bot_06/rviz/robot_old.rviz
[1.758s] -- Up-to-date: /home/jose/microros_ws/install/navigation_bot_06/share/navigation_bot_06/rviz/robot_new.rviz
[1.758s] -- Up-to-date: /home/jose/microros_ws/install/navigation_bot_06/share/navigation_bot_06/config
[1.758s] -- Up-to-date: /home/jose/microros_ws/install/navigation_bot_06/share/navigation_bot_06/config/nav2_params.yaml
[1.758s] -- Up-to-date: /home/jose/microros_ws/install/navigation_bot_06/share/navigation_bot_06/config/ekf.yaml
[1.758s] -- Up-to-date: /home/jose/microros_ws/install/navigation_bot_06/share/navigation_bot_06/description
[1.758s] -- Up-to-date: /home/jose/microros_ws/install/navigation_bot_06/share/navigation_bot_06/description/colors.xacro
[1.758s] -- Up-to-date: /home/jose/microros_ws/install/navigation_bot_06/share/navigation_bot_06/description/robot_core.xacro
[1.758s] -- Up-to-date: /home/jose/microros_ws/install/navigation_bot_06/share/navigation_bot_06/description/robot.urdf.xacro
[1.758s] -- Up-to-date: /home/jose/microros_ws/install/navigation_bot_06/share/navigation_bot_06/description/gazebo_control.xacro
[1.758s] -- Up-to-date: /home/jose/microros_ws/install/navigation_bot_06/share/navigation_bot_06/description/camera.xacro
[1.758s] -- Up-to-date: /home/jose/microros_ws/install/navigation_bot_06/share/navigation_bot_06/description/lidar.xacro
[1.759s] -- Up-to-date: /home/jose/microros_ws/install/navigation_bot_06/share/navigation_bot_06/description/inertial_macros.xacro
[1.759s] -- Up-to-date: /home/jose/microros_ws/install/navigation_bot_06/share/navigation_bot_06/description/depth_camera.xacro
[1.759s] -- Up-to-date: /home/jose/microros_ws/install/navigation_bot_06/share/navigation_bot_06/description/imu_sensor.xacro
[1.759s] -- Up-to-date: /home/jose/microros_ws/install/navigation_bot_06/share/navigation_bot_06/scripts
[1.759s] -- Up-to-date: /home/jose/microros_ws/install/navigation_bot_06/share/navigation_bot_06/scripts/waypoint_follower.py
[1.759s] -- Up-to-date: /home/jose/microros_ws/install/navigation_bot_06/share/navigation_bot_06/scripts/set_entity_state_request.txt
[1.759s] -- Up-to-date: /home/jose/microros_ws/install/navigation_bot_06/share/navigation_bot_06/scripts/robot_navigator.py
[1.759s] -- Up-to-date: /home/jose/microros_ws/install/navigation_bot_06/share/navigation_bot_06/scripts/__pycache__
[1.759s] -- Up-to-date: /home/jose/microros_ws/install/navigation_bot_06/share/navigation_bot_06/scripts/__pycache__/robot_navigator.cpython-38.pyc
[1.759s] -- Up-to-date: /home/jose/microros_ws/install/navigation_bot_06/lib/navigation_bot_06/robot_navigator.py
[1.759s] -- Up-to-date: /home/jose/microros_ws/install/navigation_bot_06/lib/navigation_bot_06/waypoint_follower.py
[1.759s] -- Up-to-date: /home/jose/microros_ws/install/navigation_bot_06/share/ament_index/resource_index/package_run_dependencies/navigation_bot_06
[1.759s] -- Up-to-date: /home/jose/microros_ws/install/navigation_bot_06/share/ament_index/resource_index/parent_prefix_path/navigation_bot_06
[1.759s] -- Up-to-date: /home/jose/microros_ws/install/navigation_bot_06/share/navigation_bot_06/environment/ament_prefix_path.sh
[1.760s] -- Up-to-date: /home/jose/microros_ws/install/navigation_bot_06/share/navigation_bot_06/environment/ament_prefix_path.dsv
[1.760s] -- Up-to-date: /home/jose/microros_ws/install/navigation_bot_06/share/navigation_bot_06/environment/path.sh
[1.760s] -- Up-to-date: /home/jose/microros_ws/install/navigation_bot_06/share/navigation_bot_06/environment/path.dsv
[1.760s] -- Up-to-date: /home/jose/microros_ws/install/navigation_bot_06/share/navigation_bot_06/local_setup.bash
[1.760s] -- Up-to-date: /home/jose/microros_ws/install/navigation_bot_06/share/navigation_bot_06/local_setup.sh
[1.760s] -- Up-to-date: /home/jose/microros_ws/install/navigation_bot_06/share/navigation_bot_06/local_setup.zsh
[1.760s] -- Up-to-date: /home/jose/microros_ws/install/navigation_bot_06/share/navigation_bot_06/local_setup.dsv
[1.760s] -- Up-to-date: /home/jose/microros_ws/install/navigation_bot_06/share/navigation_bot_06/package.dsv
[1.760s] -- Up-to-date: /home/jose/microros_ws/install/navigation_bot_06/share/ament_index/resource_index/packages/navigation_bot_06
[1.760s] -- Up-to-date: /home/jose/microros_ws/install/navigation_bot_06/share/navigation_bot_06/cmake/navigation_bot_06Config.cmake
[1.761s] -- Up-to-date: /home/jose/microros_ws/install/navigation_bot_06/share/navigation_bot_06/cmake/navigation_bot_06Config-version.cmake
[1.761s] -- Up-to-date: /home/jose/microros_ws/install/navigation_bot_06/share/navigation_bot_06/package.xml
[1.771s] Invoked command in '/home/jose/microros_ws/build/navigation_bot_06' returned '0': CMAKE_PREFIX_PATH=${CMAKE_PREFIX_PATH}:/home/jose/microros_ws/install/odin_nav:/home/jose/microros_ws/install/odin_comms:/opt/ros/humble /usr/bin/cmake --install /home/jose/microros_ws/build/navigation_bot_06
