[1.150s] Invoking command in '/home/jose/microros_ws/src/odin_comms': PYTHONPATH=/home/jose/microros_ws/build/odin_comms/prefix_override:/usr/lib/python3/dist-packages/colcon_core/task/python/colcon_distutils_commands:/home/jose/microros_ws/install/odin_comms/lib/python3.10/site-packages:${PYTHONPATH} /usr/bin/python3 -W ignore:setup.py install is deprecated setup.py egg_info --egg-base ../../build/odin_comms build --build-base /home/jose/microros_ws/build/odin_comms/build install --record /home/jose/microros_ws/build/odin_comms/install.log --single-version-externally-managed install_data
[1.483s] running egg_info
[1.485s] writing ../../build/odin_comms/odin_comms.egg-info/PKG-INFO
[1.485s] writing dependency_links to ../../build/odin_comms/odin_comms.egg-info/dependency_links.txt
[1.485s] writing entry points to ../../build/odin_comms/odin_comms.egg-info/entry_points.txt
[1.486s] writing requirements to ../../build/odin_comms/odin_comms.egg-info/requires.txt
[1.486s] writing top-level names to ../../build/odin_comms/odin_comms.egg-info/top_level.txt
[1.488s] reading manifest file '../../build/odin_comms/odin_comms.egg-info/SOURCES.txt'
[1.489s] writing manifest file '../../build/odin_comms/odin_comms.egg-info/SOURCES.txt'
[1.489s] running build
[1.489s] running build_py
[1.490s] copying odin_comms/control_twist.py -> /home/jose/microros_ws/build/odin_comms/build/lib/odin_comms
[1.490s] running install
[1.490s] running install_lib
[1.492s] copying /home/jose/microros_ws/build/odin_comms/build/lib/odin_comms/control_twist.py -> /home/jose/microros_ws/install/odin_comms/lib/python3.10/site-packages/odin_comms
[1.492s] byte-compiling /home/jose/microros_ws/install/odin_comms/lib/python3.10/site-packages/odin_comms/control_twist.py to control_twist.cpython-310.pyc
[1.494s] running install_data
[1.494s] running install_egg_info
[1.496s] removing '/home/jose/microros_ws/install/odin_comms/lib/python3.10/site-packages/odin_comms-0.0.0-py3.10.egg-info' (and everything under it)
[1.497s] Copying ../../build/odin_comms/odin_comms.egg-info to /home/jose/microros_ws/install/odin_comms/lib/python3.10/site-packages/odin_comms-0.0.0-py3.10.egg-info
[1.498s] running install_scripts
[1.527s] Installing control_PID script to /home/jose/microros_ws/install/odin_comms/lib/odin_comms
[1.528s] Installing control_ml script to /home/jose/microros_ws/install/odin_comms/lib/odin_comms
[1.528s] Installing control_mr script to /home/jose/microros_ws/install/odin_comms/lib/odin_comms
[1.528s] Installing control_twist script to /home/jose/microros_ws/install/odin_comms/lib/odin_comms
[1.528s] Installing data_subscriber script to /home/jose/microros_ws/install/odin_comms/lib/odin_comms
[1.529s] writing list of installed files to '/home/jose/microros_ws/build/odin_comms/install.log'
[1.566s] Invoked command in '/home/jose/microros_ws/src/odin_comms' returned '0': PYTHONPATH=/home/jose/microros_ws/build/odin_comms/prefix_override:/usr/lib/python3/dist-packages/colcon_core/task/python/colcon_distutils_commands:/home/jose/microros_ws/install/odin_comms/lib/python3.10/site-packages:${PYTHONPATH} /usr/bin/python3 -W ignore:setup.py install is deprecated setup.py egg_info --egg-base ../../build/odin_comms build --build-base /home/jose/microros_ws/build/odin_comms/build install --record /home/jose/microros_ws/build/odin_comms/install.log --single-version-externally-managed install_data
