[0.030s] Invoking command in '/home/jose/microros_ws/build/micro_ros_msgs': CMAKE_PREFIX_PATH=${CMAKE_PREFIX_PATH}:/home/jose/microros_ws/install/odin_comms:/opt/ros/humble /usr/bin/cmake --build /home/jose/microros_ws/build/micro_ros_msgs -- -j4 -l4
[0.120s] [  2%] Built target micro_ros_msgs__cpp
[0.126s] [ 12%] Built target micro_ros_msgs__rosidl_generator_c
[0.141s] [ 12%] Built target ament_cmake_python_symlink_micro_ros_msgs
[0.173s] [ 25%] Built target micro_ros_msgs__rosidl_typesupport_fastrtps_cpp
[0.176s] [ 34%] Built target micro_ros_msgs__rosidl_typesupport_cpp
[0.198s] [ 44%] Built target micro_ros_msgs__rosidl_typesupport_introspection_cpp
[0.218s] [ 55%] Built target micro_ros_msgs__rosidl_typesupport_fastrtps_c
[0.222s] [ 65%] Built target micro_ros_msgs__rosidl_typesupport_introspection_c
[0.235s] [ 76%] Built target micro_ros_msgs__rosidl_typesupport_c
[0.276s] [ 76%] Built target micro_ros_msgs
[0.318s] [ 78%] Built target micro_ros_msgs__py
[0.370s] [ 87%] Built target micro_ros_msgs__rosidl_generator_py
[0.439s] [ 91%] Built target micro_ros_msgs__rosidl_typesupport_introspection_c__pyext
[0.439s] [ 95%] Built target micro_ros_msgs__rosidl_typesupport_c__pyext
[0.442s] [100%] Built target micro_ros_msgs__rosidl_typesupport_fastrtps_c__pyext
[0.690s] running egg_info
[0.693s] writing micro_ros_msgs.egg-info/PKG-INFO
[0.694s] writing dependency_links to micro_ros_msgs.egg-info/dependency_links.txt
[0.694s] writing top-level names to micro_ros_msgs.egg-info/top_level.txt
[0.700s] reading manifest file 'micro_ros_msgs.egg-info/SOURCES.txt'
[0.700s] writing manifest file 'micro_ros_msgs.egg-info/SOURCES.txt'
[0.849s] [100%] Built target ament_cmake_python_build_micro_ros_msgs_egg
[0.884s] Invoked command in '/home/jose/microros_ws/build/micro_ros_msgs' returned '0': CMAKE_PREFIX_PATH=${CMAKE_PREFIX_PATH}:/home/jose/microros_ws/install/odin_comms:/opt/ros/humble /usr/bin/cmake --build /home/jose/microros_ws/build/micro_ros_msgs -- -j4 -l4
[1.119s] Invoking command in '/home/jose/microros_ws/build/micro_ros_msgs': CMAKE_PREFIX_PATH=${CMAKE_PREFIX_PATH}:/home/jose/microros_ws/install/odin_comms:/opt/ros/humble /usr/bin/cmake --install /home/jose/microros_ws/build/micro_ros_msgs
[1.135s] -- Install configuration: ""
[1.136s] -- Execute custom install script
[1.137s] -- Up-to-date symlink: /home/jose/microros_ws/install/micro_ros_msgs/share/ament_index/resource_index/rosidl_interfaces/micro_ros_msgs
[1.137s] -- Up-to-date symlink: /home/jose/microros_ws/install/micro_ros_msgs/include/micro_ros_msgs/micro_ros_msgs/msg/detail/entity__functions.h
[1.139s] -- Up-to-date symlink: /home/jose/microros_ws/install/micro_ros_msgs/include/micro_ros_msgs/micro_ros_msgs/msg/detail/entity__struct.h
[1.141s] -- Up-to-date symlink: /home/jose/microros_ws/install/micro_ros_msgs/include/micro_ros_msgs/micro_ros_msgs/msg/detail/entity__type_support.h
[1.141s] -- Up-to-date symlink: /home/jose/microros_ws/install/micro_ros_msgs/include/micro_ros_msgs/micro_ros_msgs/msg/detail/graph__functions.h
[1.141s] -- Up-to-date symlink: /home/jose/microros_ws/install/micro_ros_msgs/include/micro_ros_msgs/micro_ros_msgs/msg/detail/graph__struct.h
[1.142s] -- Up-to-date symlink: /home/jose/microros_ws/install/micro_ros_msgs/include/micro_ros_msgs/micro_ros_msgs/msg/detail/graph__type_support.h
[1.142s] -- Up-to-date symlink: /home/jose/microros_ws/install/micro_ros_msgs/include/micro_ros_msgs/micro_ros_msgs/msg/detail/node__functions.h
[1.142s] -- Up-to-date symlink: /home/jose/microros_ws/install/micro_ros_msgs/include/micro_ros_msgs/micro_ros_msgs/msg/detail/node__struct.h
[1.142s] -- Up-to-date symlink: /home/jose/microros_ws/install/micro_ros_msgs/include/micro_ros_msgs/micro_ros_msgs/msg/detail/node__type_support.h
[1.142s] -- Up-to-date symlink: /home/jose/microros_ws/install/micro_ros_msgs/include/micro_ros_msgs/micro_ros_msgs/msg/entity.h
[1.143s] -- Up-to-date symlink: /home/jose/microros_ws/install/micro_ros_msgs/include/micro_ros_msgs/micro_ros_msgs/msg/graph.h
[1.143s] -- Up-to-date symlink: /home/jose/microros_ws/install/micro_ros_msgs/include/micro_ros_msgs/micro_ros_msgs/msg/node.h
[1.145s] -- Up-to-date symlink: /home/jose/microros_ws/install/micro_ros_msgs/include/micro_ros_msgs/micro_ros_msgs/msg/rosidl_generator_c__visibility_control.h
[1.145s] -- Up-to-date symlink: /home/jose/microros_ws/install/micro_ros_msgs/share/micro_ros_msgs/environment/library_path.sh
[1.147s] -- Up-to-date symlink: /home/jose/microros_ws/install/micro_ros_msgs/share/micro_ros_msgs/environment/library_path.dsv
[1.147s] -- Up-to-date symlink: /home/jose/microros_ws/install/micro_ros_msgs/include/micro_ros_msgs/micro_ros_msgs/msg/detail/entity__rosidl_typesupport_fastrtps_c.h
[1.147s] -- Up-to-date symlink: /home/jose/microros_ws/install/micro_ros_msgs/include/micro_ros_msgs/micro_ros_msgs/msg/detail/graph__rosidl_typesupport_fastrtps_c.h
[1.148s] -- Up-to-date symlink: /home/jose/microros_ws/install/micro_ros_msgs/include/micro_ros_msgs/micro_ros_msgs/msg/detail/node__rosidl_typesupport_fastrtps_c.h
[1.148s] -- Up-to-date symlink: /home/jose/microros_ws/install/micro_ros_msgs/include/micro_ros_msgs/micro_ros_msgs/msg/rosidl_typesupport_fastrtps_c__visibility_control.h
[1.148s] -- Up-to-date symlink: /home/jose/microros_ws/install/micro_ros_msgs/include/micro_ros_msgs/micro_ros_msgs/msg/detail/entity__rosidl_typesupport_introspection_c.h
[1.149s] -- Up-to-date symlink: /home/jose/microros_ws/install/micro_ros_msgs/include/micro_ros_msgs/micro_ros_msgs/msg/detail/graph__rosidl_typesupport_introspection_c.h
[1.150s] -- Up-to-date symlink: /home/jose/microros_ws/install/micro_ros_msgs/include/micro_ros_msgs/micro_ros_msgs/msg/detail/node__rosidl_typesupport_introspection_c.h
[1.150s] -- Up-to-date symlink: /home/jose/microros_ws/install/micro_ros_msgs/include/micro_ros_msgs/micro_ros_msgs/msg/rosidl_typesupport_introspection_c__visibility_control.h
[1.150s] -- Up-to-date symlink: /home/jose/microros_ws/install/micro_ros_msgs/include/micro_ros_msgs/micro_ros_msgs/msg/detail/entity__builder.hpp
[1.151s] -- Up-to-date symlink: /home/jose/microros_ws/install/micro_ros_msgs/include/micro_ros_msgs/micro_ros_msgs/msg/detail/entity__struct.hpp
[1.151s] -- Up-to-date symlink: /home/jose/microros_ws/install/micro_ros_msgs/include/micro_ros_msgs/micro_ros_msgs/msg/detail/entity__traits.hpp
[1.151s] -- Up-to-date symlink: /home/jose/microros_ws/install/micro_ros_msgs/include/micro_ros_msgs/micro_ros_msgs/msg/detail/graph__builder.hpp
[1.151s] -- Up-to-date symlink: /home/jose/microros_ws/install/micro_ros_msgs/include/micro_ros_msgs/micro_ros_msgs/msg/detail/graph__struct.hpp
[1.151s] -- Up-to-date symlink: /home/jose/microros_ws/install/micro_ros_msgs/include/micro_ros_msgs/micro_ros_msgs/msg/detail/graph__traits.hpp
[1.152s] -- Up-to-date symlink: /home/jose/microros_ws/install/micro_ros_msgs/include/micro_ros_msgs/micro_ros_msgs/msg/detail/node__builder.hpp
[1.152s] -- Up-to-date symlink: /home/jose/microros_ws/install/micro_ros_msgs/include/micro_ros_msgs/micro_ros_msgs/msg/detail/node__struct.hpp
[1.153s] -- Up-to-date symlink: /home/jose/microros_ws/install/micro_ros_msgs/include/micro_ros_msgs/micro_ros_msgs/msg/detail/node__traits.hpp
[1.153s] -- Up-to-date symlink: /home/jose/microros_ws/install/micro_ros_msgs/include/micro_ros_msgs/micro_ros_msgs/msg/entity.hpp
[1.153s] -- Up-to-date symlink: /home/jose/microros_ws/install/micro_ros_msgs/include/micro_ros_msgs/micro_ros_msgs/msg/graph.hpp
[1.153s] -- Up-to-date symlink: /home/jose/microros_ws/install/micro_ros_msgs/include/micro_ros_msgs/micro_ros_msgs/msg/node.hpp
[1.154s] -- Up-to-date symlink: /home/jose/microros_ws/install/micro_ros_msgs/include/micro_ros_msgs/micro_ros_msgs/msg/detail/entity__rosidl_typesupport_fastrtps_cpp.hpp
[1.154s] -- Up-to-date symlink: /home/jose/microros_ws/install/micro_ros_msgs/include/micro_ros_msgs/micro_ros_msgs/msg/detail/graph__rosidl_typesupport_fastrtps_cpp.hpp
[1.154s] -- Up-to-date symlink: /home/jose/microros_ws/install/micro_ros_msgs/include/micro_ros_msgs/micro_ros_msgs/msg/detail/node__rosidl_typesupport_fastrtps_cpp.hpp
[1.155s] -- Up-to-date symlink: /home/jose/microros_ws/install/micro_ros_msgs/include/micro_ros_msgs/micro_ros_msgs/msg/rosidl_typesupport_fastrtps_cpp__visibility_control.h
[1.155s] -- Up-to-date symlink: /home/jose/microros_ws/install/micro_ros_msgs/include/micro_ros_msgs/micro_ros_msgs/msg/detail/entity__rosidl_typesupport_introspection_cpp.hpp
[1.155s] -- Up-to-date symlink: /home/jose/microros_ws/install/micro_ros_msgs/include/micro_ros_msgs/micro_ros_msgs/msg/detail/graph__rosidl_typesupport_introspection_cpp.hpp
[1.155s] -- Up-to-date symlink: /home/jose/microros_ws/install/micro_ros_msgs/include/micro_ros_msgs/micro_ros_msgs/msg/detail/node__rosidl_typesupport_introspection_cpp.hpp
[1.155s] -- Up-to-date symlink: /home/jose/microros_ws/install/micro_ros_msgs/share/micro_ros_msgs/environment/pythonpath.sh
[1.159s] -- Up-to-date symlink: /home/jose/microros_ws/install/micro_ros_msgs/share/micro_ros_msgs/environment/pythonpath.dsv
[1.160s] -- Up-to-date symlink: /home/jose/microros_ws/install/micro_ros_msgs/local/lib/python3.10/dist-packages/micro_ros_msgs-3.0.1-py3.10.egg-info/PKG-INFO
[1.160s] -- Up-to-date symlink: /home/jose/microros_ws/install/micro_ros_msgs/local/lib/python3.10/dist-packages/micro_ros_msgs-3.0.1-py3.10.egg-info/SOURCES.txt
[1.161s] -- Up-to-date symlink: /home/jose/microros_ws/install/micro_ros_msgs/local/lib/python3.10/dist-packages/micro_ros_msgs-3.0.1-py3.10.egg-info/dependency_links.txt
[1.161s] -- Up-to-date symlink: /home/jose/microros_ws/install/micro_ros_msgs/local/lib/python3.10/dist-packages/micro_ros_msgs-3.0.1-py3.10.egg-info/top_level.txt
[1.161s] -- Up-to-date symlink: /home/jose/microros_ws/install/micro_ros_msgs/local/lib/python3.10/dist-packages/micro_ros_msgs/__init__.py
[1.161s] -- Up-to-date symlink: /home/jose/microros_ws/install/micro_ros_msgs/local/lib/python3.10/dist-packages/micro_ros_msgs/_micro_ros_msgs_s.ep.rosidl_typesupport_c.c
[1.162s] -- Up-to-date symlink: /home/jose/microros_ws/install/micro_ros_msgs/local/lib/python3.10/dist-packages/micro_ros_msgs/_micro_ros_msgs_s.ep.rosidl_typesupport_fastrtps_c.c
[1.162s] -- Up-to-date symlink: /home/jose/microros_ws/install/micro_ros_msgs/local/lib/python3.10/dist-packages/micro_ros_msgs/_micro_ros_msgs_s.ep.rosidl_typesupport_introspection_c.c
[1.162s] -- Up-to-date symlink: /home/jose/microros_ws/install/micro_ros_msgs/local/lib/python3.10/dist-packages/micro_ros_msgs/libmicro_ros_msgs__rosidl_generator_py.so
[1.162s] -- Up-to-date symlink: /home/jose/microros_ws/install/micro_ros_msgs/local/lib/python3.10/dist-packages/micro_ros_msgs/micro_ros_msgs_s__rosidl_typesupport_c.cpython-310-x86_64-linux-gnu.so
[1.163s] -- Up-to-date symlink: /home/jose/microros_ws/install/micro_ros_msgs/local/lib/python3.10/dist-packages/micro_ros_msgs/micro_ros_msgs_s__rosidl_typesupport_fastrtps_c.cpython-310-x86_64-linux-gnu.so
[1.163s] -- Up-to-date symlink: /home/jose/microros_ws/install/micro_ros_msgs/local/lib/python3.10/dist-packages/micro_ros_msgs/micro_ros_msgs_s__rosidl_typesupport_introspection_c.cpython-310-x86_64-linux-gnu.so
[1.163s] -- Up-to-date symlink: /home/jose/microros_ws/install/micro_ros_msgs/local/lib/python3.10/dist-packages/micro_ros_msgs/msg/__init__.py
[1.163s] -- Up-to-date symlink: /home/jose/microros_ws/install/micro_ros_msgs/local/lib/python3.10/dist-packages/micro_ros_msgs/msg/_entity.py
[1.163s] -- Up-to-date symlink: /home/jose/microros_ws/install/micro_ros_msgs/local/lib/python3.10/dist-packages/micro_ros_msgs/msg/_entity_s.c
[1.163s] -- Up-to-date symlink: /home/jose/microros_ws/install/micro_ros_msgs/local/lib/python3.10/dist-packages/micro_ros_msgs/msg/_graph.py
[1.164s] -- Up-to-date symlink: /home/jose/microros_ws/install/micro_ros_msgs/local/lib/python3.10/dist-packages/micro_ros_msgs/msg/_graph_s.c
[1.164s] -- Up-to-date symlink: /home/jose/microros_ws/install/micro_ros_msgs/local/lib/python3.10/dist-packages/micro_ros_msgs/msg/_node.py
[1.164s] -- Up-to-date symlink: /home/jose/microros_ws/install/micro_ros_msgs/local/lib/python3.10/dist-packages/micro_ros_msgs/msg/_node_s.c
[1.164s] -- Up-to-date symlink: /home/jose/microros_ws/install/micro_ros_msgs/local/lib/python3.10/dist-packages/micro_ros_msgs/micro_ros_msgs_s__rosidl_typesupport_fastrtps_c.cpython-310-x86_64-linux-gnu.so
[1.164s] -- Up-to-date symlink: /home/jose/microros_ws/install/micro_ros_msgs/local/lib/python3.10/dist-packages/micro_ros_msgs/micro_ros_msgs_s__rosidl_typesupport_introspection_c.cpython-310-x86_64-linux-gnu.so
[1.165s] -- Up-to-date symlink: /home/jose/microros_ws/install/micro_ros_msgs/local/lib/python3.10/dist-packages/micro_ros_msgs/micro_ros_msgs_s__rosidl_typesupport_c.cpython-310-x86_64-linux-gnu.so
[1.165s] -- Up-to-date symlink: /home/jose/microros_ws/install/micro_ros_msgs/share/micro_ros_msgs/msg/Graph.idl
[1.165s] -- Up-to-date symlink: /home/jose/microros_ws/install/micro_ros_msgs/share/micro_ros_msgs/msg/Node.idl
[1.165s] -- Up-to-date symlink: /home/jose/microros_ws/install/micro_ros_msgs/share/micro_ros_msgs/msg/Entity.idl
[1.165s] -- Up-to-date symlink: /home/jose/microros_ws/install/micro_ros_msgs/share/micro_ros_msgs/msg/Graph.msg
[1.166s] -- Up-to-date symlink: /home/jose/microros_ws/install/micro_ros_msgs/share/micro_ros_msgs/msg/Node.msg
[1.166s] -- Up-to-date symlink: /home/jose/microros_ws/install/micro_ros_msgs/share/micro_ros_msgs/msg/Entity.msg
[1.166s] -- Up-to-date symlink: /home/jose/microros_ws/install/micro_ros_msgs/share/ament_index/resource_index/package_run_dependencies/micro_ros_msgs
[1.166s] -- Up-to-date symlink: /home/jose/microros_ws/install/micro_ros_msgs/share/ament_index/resource_index/parent_prefix_path/micro_ros_msgs
[1.166s] -- Up-to-date symlink: /home/jose/microros_ws/install/micro_ros_msgs/share/micro_ros_msgs/environment/ament_prefix_path.sh
[1.167s] -- Up-to-date symlink: /home/jose/microros_ws/install/micro_ros_msgs/share/micro_ros_msgs/environment/ament_prefix_path.dsv
[1.167s] -- Up-to-date symlink: /home/jose/microros_ws/install/micro_ros_msgs/share/micro_ros_msgs/environment/path.sh
[1.167s] -- Up-to-date symlink: /home/jose/microros_ws/install/micro_ros_msgs/share/micro_ros_msgs/environment/path.dsv
[1.167s] -- Up-to-date symlink: /home/jose/microros_ws/install/micro_ros_msgs/share/micro_ros_msgs/local_setup.bash
[1.167s] -- Up-to-date symlink: /home/jose/microros_ws/install/micro_ros_msgs/share/micro_ros_msgs/local_setup.sh
[1.168s] -- Up-to-date symlink: /home/jose/microros_ws/install/micro_ros_msgs/share/micro_ros_msgs/local_setup.zsh
[1.168s] -- Up-to-date symlink: /home/jose/microros_ws/install/micro_ros_msgs/share/micro_ros_msgs/local_setup.dsv
[1.168s] -- Symlinking: /home/jose/microros_ws/install/micro_ros_msgs/share/micro_ros_msgs/package.dsv
[1.185s] -- Up-to-date symlink: /home/jose/microros_ws/install/micro_ros_msgs/share/ament_index/resource_index/packages/micro_ros_msgs
[1.185s] -- Up-to-date symlink: /home/jose/microros_ws/install/micro_ros_msgs/share/micro_ros_msgs/cmake/rosidl_cmake-extras.cmake
[1.185s] -- Up-to-date symlink: /home/jose/microros_ws/install/micro_ros_msgs/share/micro_ros_msgs/cmake/ament_cmake_export_include_directories-extras.cmake
[1.185s] -- Up-to-date symlink: /home/jose/microros_ws/install/micro_ros_msgs/share/micro_ros_msgs/cmake/ament_cmake_export_libraries-extras.cmake
[1.186s] -- Up-to-date symlink: /home/jose/microros_ws/install/micro_ros_msgs/share/micro_ros_msgs/cmake/ament_cmake_export_targets-extras.cmake
[1.186s] -- Up-to-date symlink: /home/jose/microros_ws/install/micro_ros_msgs/share/micro_ros_msgs/cmake/rosidl_cmake_export_typesupport_targets-extras.cmake
[1.186s] -- Up-to-date symlink: /home/jose/microros_ws/install/micro_ros_msgs/share/micro_ros_msgs/cmake/ament_cmake_export_dependencies-extras.cmake
[1.187s] -- Up-to-date symlink: /home/jose/microros_ws/install/micro_ros_msgs/share/micro_ros_msgs/cmake/rosidl_cmake_export_typesupport_libraries-extras.cmake
[1.187s] -- Up-to-date symlink: /home/jose/microros_ws/install/micro_ros_msgs/share/micro_ros_msgs/cmake/micro_ros_msgsConfig.cmake
[1.187s] -- Up-to-date symlink: /home/jose/microros_ws/install/micro_ros_msgs/share/micro_ros_msgs/cmake/micro_ros_msgsConfig-version.cmake
[1.187s] -- Up-to-date symlink: /home/jose/microros_ws/install/micro_ros_msgs/share/micro_ros_msgs/package.xml
[1.188s] -- Up-to-date: /home/jose/microros_ws/install/micro_ros_msgs/lib/libmicro_ros_msgs__rosidl_generator_c.so
[1.189s] -- Up-to-date: /home/jose/microros_ws/install/micro_ros_msgs/lib/libmicro_ros_msgs__rosidl_typesupport_fastrtps_c.so
[1.189s] -- Up-to-date: /home/jose/microros_ws/install/micro_ros_msgs/lib/libmicro_ros_msgs__rosidl_typesupport_introspection_c.so
[1.190s] -- Up-to-date: /home/jose/microros_ws/install/micro_ros_msgs/lib/libmicro_ros_msgs__rosidl_typesupport_c.so
[1.191s] -- Up-to-date: /home/jose/microros_ws/install/micro_ros_msgs/lib/libmicro_ros_msgs__rosidl_typesupport_fastrtps_cpp.so
[1.192s] -- Up-to-date: /home/jose/microros_ws/install/micro_ros_msgs/lib/libmicro_ros_msgs__rosidl_typesupport_introspection_cpp.so
[1.193s] -- Up-to-date: /home/jose/microros_ws/install/micro_ros_msgs/lib/libmicro_ros_msgs__rosidl_typesupport_cpp.so
[1.256s] Listing '/home/jose/microros_ws/install/micro_ros_msgs/local/lib/python3.10/dist-packages/micro_ros_msgs'...
[1.256s] Listing '/home/jose/microros_ws/install/micro_ros_msgs/local/lib/python3.10/dist-packages/micro_ros_msgs/msg'...
[1.267s] -- Up-to-date: /home/jose/microros_ws/install/micro_ros_msgs/lib/libmicro_ros_msgs__rosidl_generator_py.so
[1.269s] -- Up-to-date: /home/jose/microros_ws/install/micro_ros_msgs/share/micro_ros_msgs/cmake/export_micro_ros_msgs__rosidl_generator_cExport.cmake
[1.269s] -- Up-to-date: /home/jose/microros_ws/install/micro_ros_msgs/share/micro_ros_msgs/cmake/export_micro_ros_msgs__rosidl_generator_cExport-noconfig.cmake
[1.269s] -- Up-to-date: /home/jose/microros_ws/install/micro_ros_msgs/share/micro_ros_msgs/cmake/export_micro_ros_msgs__rosidl_typesupport_fastrtps_cExport.cmake
[1.269s] -- Up-to-date: /home/jose/microros_ws/install/micro_ros_msgs/share/micro_ros_msgs/cmake/export_micro_ros_msgs__rosidl_typesupport_fastrtps_cExport-noconfig.cmake
[1.270s] -- Up-to-date: /home/jose/microros_ws/install/micro_ros_msgs/share/micro_ros_msgs/cmake/micro_ros_msgs__rosidl_typesupport_introspection_cExport.cmake
[1.270s] -- Up-to-date: /home/jose/microros_ws/install/micro_ros_msgs/share/micro_ros_msgs/cmake/micro_ros_msgs__rosidl_typesupport_introspection_cExport-noconfig.cmake
[1.271s] -- Up-to-date: /home/jose/microros_ws/install/micro_ros_msgs/share/micro_ros_msgs/cmake/micro_ros_msgs__rosidl_typesupport_cExport.cmake
[1.272s] -- Up-to-date: /home/jose/microros_ws/install/micro_ros_msgs/share/micro_ros_msgs/cmake/micro_ros_msgs__rosidl_typesupport_cExport-noconfig.cmake
[1.272s] -- Up-to-date: /home/jose/microros_ws/install/micro_ros_msgs/share/micro_ros_msgs/cmake/export_micro_ros_msgs__rosidl_generator_cppExport.cmake
[1.272s] -- Up-to-date: /home/jose/microros_ws/install/micro_ros_msgs/share/micro_ros_msgs/cmake/export_micro_ros_msgs__rosidl_typesupport_fastrtps_cppExport.cmake
[1.272s] -- Up-to-date: /home/jose/microros_ws/install/micro_ros_msgs/share/micro_ros_msgs/cmake/export_micro_ros_msgs__rosidl_typesupport_fastrtps_cppExport-noconfig.cmake
[1.272s] -- Up-to-date: /home/jose/microros_ws/install/micro_ros_msgs/share/micro_ros_msgs/cmake/micro_ros_msgs__rosidl_typesupport_introspection_cppExport.cmake
[1.272s] -- Up-to-date: /home/jose/microros_ws/install/micro_ros_msgs/share/micro_ros_msgs/cmake/micro_ros_msgs__rosidl_typesupport_introspection_cppExport-noconfig.cmake
[1.273s] -- Up-to-date: /home/jose/microros_ws/install/micro_ros_msgs/share/micro_ros_msgs/cmake/micro_ros_msgs__rosidl_typesupport_cppExport.cmake
[1.273s] -- Up-to-date: /home/jose/microros_ws/install/micro_ros_msgs/share/micro_ros_msgs/cmake/micro_ros_msgs__rosidl_typesupport_cppExport-noconfig.cmake
[1.274s] -- Up-to-date: /home/jose/microros_ws/install/micro_ros_msgs/share/micro_ros_msgs/cmake/export_micro_ros_msgs__rosidl_generator_pyExport.cmake
[1.274s] -- Up-to-date: /home/jose/microros_ws/install/micro_ros_msgs/share/micro_ros_msgs/cmake/export_micro_ros_msgs__rosidl_generator_pyExport-noconfig.cmake
[1.283s] Invoked command in '/home/jose/microros_ws/build/micro_ros_msgs' returned '0': CMAKE_PREFIX_PATH=${CMAKE_PREFIX_PATH}:/home/jose/microros_ws/install/odin_comms:/opt/ros/humble /usr/bin/cmake --install /home/jose/microros_ws/build/micro_ros_msgs
