[23.341s] Invoking command in '/home/jose/microros_ws/src/odin_nav': PYTHONPATH=/home/jose/microros_ws/build/odin_nav/prefix_override:/usr/lib/python3/dist-packages/colcon_core/task/python/colcon_distutils_commands:/home/jose/microros_ws/install/odin_nav/lib/python3.10/site-packages:${PYTHONPATH} /usr/bin/python3 -W ignore:setup.py install is deprecated -W ignore:easy_install command is deprecated setup.py egg_info --egg-base ../../build/odin_nav build --build-base /home/jose/microros_ws/build/odin_nav/build install --record /home/jose/microros_ws/build/odin_nav/install.log --single-version-externally-managed install_data
[23.516s] running egg_info
[23.517s] writing ../../build/odin_nav/odin_nav.egg-info/PKG-INFO
[23.893s] writing dependency_links to ../../build/odin_nav/odin_nav.egg-info/dependency_links.txt
[23.893s] writing entry points to ../../build/odin_nav/odin_nav.egg-info/entry_points.txt
[23.894s] writing requirements to ../../build/odin_nav/odin_nav.egg-info/requires.txt
[23.894s] writing top-level names to ../../build/odin_nav/odin_nav.egg-info/top_level.txt
[23.895s] reading manifest file '../../build/odin_nav/odin_nav.egg-info/SOURCES.txt'
[24.152s] writing manifest file '../../build/odin_nav/odin_nav.egg-info/SOURCES.txt'
[24.202s] running build
[24.202s] running build_py
[24.203s] copying odin_nav/convert_to_map.py -> /home/jose/microros_ws/build/odin_nav/build/lib/odin_nav
[24.203s] copying odin_nav/tf_node.py -> /home/jose/microros_ws/build/odin_nav/build/lib/odin_nav
[24.204s] running install
[24.204s] running install_lib
[24.205s] copying /home/jose/microros_ws/build/odin_nav/build/lib/odin_nav/convert_to_map.py -> /home/jose/microros_ws/install/odin_nav/lib/python3.10/site-packages/odin_nav
[24.205s] copying /home/jose/microros_ws/build/odin_nav/build/lib/odin_nav/tf_node.py -> /home/jose/microros_ws/install/odin_nav/lib/python3.10/site-packages/odin_nav
[24.206s] byte-compiling /home/jose/microros_ws/install/odin_nav/lib/python3.10/site-packages/odin_nav/convert_to_map.py to convert_to_map.cpython-310.pyc
[24.262s] byte-compiling /home/jose/microros_ws/install/odin_nav/lib/python3.10/site-packages/odin_nav/tf_node.py to tf_node.cpython-310.pyc
[24.338s] running install_data
[24.338s] copying config/nav2_params.yaml -> /home/jose/microros_ws/install/odin_nav/share/odin_nav/config
[24.339s] running install_egg_info
[24.341s] removing '/home/jose/microros_ws/install/odin_nav/lib/python3.10/site-packages/odin_nav-0.0.0-py3.10.egg-info' (and everything under it)
[24.341s] Copying ../../build/odin_nav/odin_nav.egg-info to /home/jose/microros_ws/install/odin_nav/lib/python3.10/site-packages/odin_nav-0.0.0-py3.10.egg-info
[24.358s] running install_scripts
[24.373s] Installing goal_pub script to /home/jose/microros_ws/install/odin_nav/lib/odin_nav
[24.443s] Installing map_gen script to /home/jose/microros_ws/install/odin_nav/lib/odin_nav
[24.795s] Installing map_pub script to /home/jose/microros_ws/install/odin_nav/lib/odin_nav
[24.795s] Installing odom_node script to /home/jose/microros_ws/install/odin_nav/lib/odin_nav
[24.795s] Installing tarea2 script to /home/jose/microros_ws/install/odin_nav/lib/odin_nav
[24.795s] Installing tf2_node script to /home/jose/microros_ws/install/odin_nav/lib/odin_nav
[24.796s] writing list of installed files to '/home/jose/microros_ws/build/odin_nav/install.log'
[24.917s] Invoked command in '/home/jose/microros_ws/src/odin_nav' returned '0': PYTHONPATH=/home/jose/microros_ws/build/odin_nav/prefix_override:/usr/lib/python3/dist-packages/colcon_core/task/python/colcon_distutils_commands:/home/jose/microros_ws/install/odin_nav/lib/python3.10/site-packages:${PYTHONPATH} /usr/bin/python3 -W ignore:setup.py install is deprecated -W ignore:easy_install command is deprecated setup.py egg_info --egg-base ../../build/odin_nav build --build-base /home/jose/microros_ws/build/odin_nav/build install --record /home/jose/microros_ws/build/odin_nav/install.log --single-version-externally-managed install_data
