running egg_info
writing ../../build/odin_comms/odin_comms.egg-info/PKG-INFO
writing dependency_links to ../../build/odin_comms/odin_comms.egg-info/dependency_links.txt
writing entry points to ../../build/odin_comms/odin_comms.egg-info/entry_points.txt
writing requirements to ../../build/odin_comms/odin_comms.egg-info/requires.txt
writing top-level names to ../../build/odin_comms/odin_comms.egg-info/top_level.txt
reading manifest file '../../build/odin_comms/odin_comms.egg-info/SOURCES.txt'
writing manifest file '../../build/odin_comms/odin_comms.egg-info/SOURCES.txt'
running build
running build_py
running install
running install_lib
running install_data
running install_egg_info
removing '/home/jose/microros_ws/install/odin_comms/lib/python3.10/site-packages/odin_comms-0.0.0-py3.10.egg-info' (and everything under it)
Copying ../../build/odin_comms/odin_comms.egg-info to /home/jose/microros_ws/install/odin_comms/lib/python3.10/site-packages/odin_comms-0.0.0-py3.10.egg-info
running install_scripts
Installing control_PID script to /home/jose/microros_ws/install/odin_comms/lib/odin_comms
Installing control_ml script to /home/jose/microros_ws/install/odin_comms/lib/odin_comms
Installing control_mr script to /home/jose/microros_ws/install/odin_comms/lib/odin_comms
Installing control_twist script to /home/jose/microros_ws/install/odin_comms/lib/odin_comms
Installing data_subscriber script to /home/jose/microros_ws/install/odin_comms/lib/odin_comms
writing list of installed files to '/home/jose/microros_ws/build/odin_comms/install.log'
